
Initial statistics: 6 variables; iteration 0; function evaluation 0; phase 1
Function value 6.8442141e+06; maximum gradient component mag -5.0492e+07
Var    Value     Gradient |Var    Value     Gradient |Var    Value     Gradient
  1  0.05168 -5.04918e+07 |  2 -0.01278 -2.73168e+06 |  3  0.00000 -5.71161e+00
  4  0.00000  3.68551e-01 |  5  0.00000  0.00000e+00 |  6 -0.76499  3.69330e+03

Intermediate statistics: 6 variables; iteration 20; function evaluation 44; phase 1
Function value 2.8041664e+02; maximum gradient component mag -1.8579e+02
Var    Value     Gradient |Var    Value     Gradient |Var    Value     Gradient
  1  0.11914 -1.72171e+02 |  2 -0.08475  1.34458e+02 |  3 483.9987  1.04267e+00
  4 8662.012  8.80127e+00 |  5  0.00000  0.00000e+00 |  6 -1.27771 -1.85786e+02
6 variables; iteration 40; function evaluation 64; phase 1
Function value 2.7943455e+02; maximum gradient component mag -4.7796e+02
Var    Value     Gradient |Var    Value     Gradient |Var    Value     Gradient
  1  0.11677 -4.77965e+02 |  2 -0.03546  1.35073e+02 |  3 483.9969 -3.02019e-01
  4 8661.997 -2.46503e+00 |  5  0.00000  0.00000e+00 |  6 -1.23059 -1.64498e+02
6 variables; iteration 60; function evaluation 89; phase 1
Function value 2.7467479e+02; maximum gradient component mag -5.7417e+01
Var    Value     Gradient |Var    Value     Gradient |Var    Value     Gradient
  1  0.13207 -5.74170e+01 |  2 -0.02173 -2.73286e+01 |  3 483.9977  2.51429e-02
  4 8662.000  1.62450e-01 |  5  0.00000  0.00000e+00 |  6 -1.19239  3.81751e+01

 - final statistics:
6 variables; iteration 61; function evaluation 90
Function value 2.7467e+02; maximum gradient component mag 3.4699e+00
Exit code = 1;  converg criter 1.0000e+01
Var    Value     Gradient |Var    Value     Gradient |Var    Value     Gradient
  1  0.13214 -3.23804e+00 |  2 -0.02324 -1.95833e+00 |  3 483.9976 -4.11755e-03
  4 8662.000 -2.60240e-02 |  5  0.00000  0.00000e+00 |  6 -1.19352  3.46987e+00

Initial statistics: 60 variables; iteration 0; function evaluation 0; phase 2
Function value 2.7467144e+02; maximum gradient component mag -3.1212e+02
Var    Value     Gradient |Var    Value     Gradient |Var    Value     Gradient
  1  0.13214 -3.23804e+00 |  2 -0.02324 -1.95833e+00 |  3  0.00000  4.73717e+01
  4  0.00000  4.81762e+01 |  5  0.00000  4.51353e+01 |  6  0.00000  3.65371e+01
  7  0.00000  2.42524e+01 |  8  0.00000  2.01649e+01 |  9  0.00000  2.82816e+01
 10  0.00000  5.17970e+01 | 11  0.00000  8.52605e+01 | 12  0.00000  9.76603e+01
 13  0.00000  9.35142e+01 | 14  0.00000  8.71271e+01 | 15  0.00000  5.36645e+01
 16  0.00000  1.02321e+01 | 17  0.00000 -1.29854e+01 | 18  0.00000 -6.17808e+01
 19  0.00000 -1.19142e+02 | 20  0.00000 -1.82705e+02 | 21  0.00000 -2.63275e+02
 22  0.00000 -3.12122e+02 | 23  0.00000 -2.83068e+02 | 24  0.00000 -2.80249e+02
 25  0.00000 -2.81609e+02 | 26  0.00000 -2.71142e+02 | 27  0.00000 -2.40773e+02
 28  0.00000 -1.47463e+02 | 29  0.00000 -3.24262e+01 | 30  0.00000  4.12622e+01
 31  0.00000  8.03326e+01 | 32  0.00000  6.15895e+01 | 33  0.00000  1.45934e+01
 34  0.00000 -1.19836e+00 | 35  0.00000  2.40921e+00 | 36  0.00000  1.65457e+01
 37  0.00000  1.92804e+01 | 38  0.00000  2.17190e+01 | 39  0.00000  7.79626e+01
 40  0.00000  1.35532e+02 | 41  0.00000  1.41461e+02 | 42  0.00000  1.21086e+02
 43  0.00000  9.49965e+01 | 44  0.00000  9.04366e+01 | 45  0.00000  1.17754e+02
 46  0.00000  1.54795e+02 | 47  0.00000  1.39130e+02 | 48  0.00000  9.69606e+01
 49  0.00000  6.06462e+01 | 50  0.00000  7.01366e+01 | 51  0.00000  6.74709e+01
 52  0.00000  6.56587e+01 | 53  0.00000  3.95556e+01 | 54  0.00000  1.96350e+01
 55  0.00000  9.81593e+00 | 56 -0.00237 -4.11755e-03 | 57  0.00001  2.60240e-02
 58  0.00000  0.00000e+00 | 59 -0.80648 -3.46987e+00 | 60  0.09974  1.14335e+02

Intermediate statistics: 60 variables; iteration 20; function evaluation 28; phase 2
Function value 2.3343445e+02; maximum gradient component mag -2.1583e+03
Var    Value     Gradient |Var    Value     Gradient |Var    Value     Gradient
  1  0.09791 -2.15832e+03 |  2  0.05914 -1.00434e+03 |  3 -0.02126 -1.48457e+01
  4 -0.01539 -1.35461e+01 |  5 -0.01724 -1.30630e+01 |  6 -0.01001 -5.24457e+00
  7  0.01200  1.35289e+01 |  8  0.01949  3.01461e+01 |  9  0.02159  4.19877e+01
 10  0.01395  4.05085e+01 | 11 -0.00539  2.81275e+01 | 12 -0.00347  3.03493e+01
 13 -0.00102  3.92750e+01 | 14 -0.01421  4.48066e+01 | 15  0.00334  7.93573e+01
 16  0.03141  1.12954e+02 | 17  0.00751  5.53502e+01 | 18  0.00859  1.17324e+01
 19  0.01376 -1.46084e+01 | 20 -0.02195 -3.17939e+01 | 21  0.02727  1.75440e+01
 22  0.10304  5.11038e+01 | 23 -0.04550 -6.06986e+01 | 24 -0.04029 -8.19337e+01
 25  0.05381 -6.33170e+01 | 26 -0.00342 -3.65890e+01 | 27  0.07778 -5.13922e+00
 28 -0.00571 -3.54379e+01 | 29 -0.03616 -4.93997e+01 | 30  0.00669 -2.65807e+01
 31 -0.01206 -2.34405e+01 | 32 -0.01476 -2.45036e+01 | 33  0.01937 -1.35748e+01
 34  0.01222 -1.96772e+01 | 35  0.00859 -2.95677e+01 | 36 -0.00615 -3.55665e+01
 37 -0.00097 -2.70861e+01 | 38  0.03121 -1.14481e+01 | 39 -0.01092 -2.22693e+01
 40 -0.03537 -3.00820e+01 | 41 -0.02181 -2.09915e+01 | 42 -0.01008 -6.78621e+00
 43  0.00387  1.04245e+01 | 44  0.00774  1.67053e+01 | 45 -0.00796  5.62892e+00
 46 -0.03409 -8.81499e+00 | 47 -0.02459 -3.16710e+00 | 48 -0.00654  1.21022e+01
 49  0.02159  3.09637e+01 | 50 -0.01227  6.09087e+00 | 51 -0.00193 -2.06607e+00
 52 -0.02026 -2.06878e+01 | 53 -0.00655 -2.06229e+01 | 54 -0.01729 -1.99740e+01
 55 -0.02244 -1.41238e+01 | 56 -0.00477 -1.02774e+00 | 57 -0.00009 -3.88864e-02
 58  0.00000  0.00000e+00 | 59 -0.81950 -1.48798e+03 | 60  0.10336  6.16854e+01
60 variables; iteration 40; function evaluation 55; phase 2
Function value 2.2134650e+02; maximum gradient component mag -3.8473e+02
Var    Value     Gradient |Var    Value     Gradient |Var    Value     Gradient
  1  0.10073 -3.84732e+02 |  2  0.03416 -1.69177e+02 |  3 -0.00634  5.66781e+00
  4 -0.00878  4.66339e-01 |  5 -0.01037 -3.48909e+00 |  6 -0.00627 -6.45845e+00
  7 -0.00033 -1.22484e+01 |  8  0.01005 -7.87335e+00 |  9  0.01199 -5.79380e+00
 10  0.00089 -7.24876e+00 | 11 -0.00804  5.11419e-01 | 12 -0.01035  1.89690e+00
 13 -0.00913  6.10565e+00 | 14 -0.00810  2.01244e+01 | 15 -0.00346  1.07670e+01
 16  0.00702 -4.56961e+00 | 17  0.00470  1.19805e+00 | 18  0.00604 -5.17268e+00
 19  0.01609 -6.21494e+00 | 20 -0.00368 -2.07644e+01 | 21  0.02326 -1.87798e+01
 22  0.06989 -1.28330e+01 | 23 -0.00431 -1.69374e+01 | 24  0.02530 -4.72556e+00
 25  0.03627 -8.10202e+00 | 26  0.00273 -3.10886e+01 | 27  0.05458 -2.70398e+01
 28 -0.00662 -2.66836e+01 | 29 -0.00445  3.56128e+00 | 30 -0.00362  1.48766e+01
 31 -0.01463  1.03049e+01 | 32 -0.01426 -5.22889e-01 | 33  0.01091 -6.28539e-02
 34  0.00726  2.97727e-01 | 35  0.00654  3.81091e+00 | 36  0.00030  3.42547e+00
 37  0.00196  1.34646e+00 | 38  0.01427  2.52387e+00 | 39 -0.00681  1.21885e+01
 40 -0.01967  2.13114e+01 | 41 -0.02212  1.07842e+01 | 42 -0.01655  4.71040e+00
 43 -0.00086  1.28666e+01 | 44  0.00101  1.60995e+01 | 45 -0.01070  1.44893e+01
 46 -0.02820  8.95999e+00 | 47 -0.02953 -3.94854e+00 | 48 -0.01504 -4.64825e+00
 49  0.00898  2.10796e+00 | 50 -0.01066  3.18516e+00 | 51 -0.01092 -1.84849e+00
 52 -0.01612  2.17617e+00 | 53 -0.00096  1.36109e+01 | 54 -0.00166  1.31228e+01
 55 -0.00751  3.65437e+00 | 56 -0.00382 -3.88133e-01 | 57 -0.00007 -3.12215e-02
 58  0.00000  0.00000e+00 | 59 -0.80332 -2.77384e+02 | 60  0.10114  2.82054e+01
60 variables; iteration 60; function evaluation 89; phase 2
Function value 2.1940042e+02; maximum gradient component mag -3.7576e+02
Var    Value     Gradient |Var    Value     Gradient |Var    Value     Gradient
  1  0.10100 -3.75764e+02 |  2  0.01732 -1.89783e+02 |  3 -0.01005  2.21570e+00
  4 -0.00984  1.11913e+00 |  5 -0.00738  3.67676e+00 |  6 -0.00601  1.25582e+00
  7  0.00607  1.56434e+00 |  8  0.00932 -4.15144e-01 |  9  0.01048 -8.71034e-01
 10  0.00589  8.96044e-01 | 11 -0.01001  6.55612e-01 | 12 -0.01016  4.55672e-01
 13 -0.00669  8.61103e-01 | 14 -0.01647 -6.01722e-01 | 15 -0.00783 -5.39021e+00
 16  0.01081 -1.05391e+01 | 17  0.00102 -6.38086e+00 | 18  0.00824 -5.34115e+00
 19  0.00932 -4.65486e+00 | 20  0.00699 -1.64414e+00 | 21  0.02850 -2.84687e+00
 22  0.06185 -1.80429e+00 | 23  0.01132 -1.41445e-01 | 24  0.02140  4.57663e-01
 25  0.02665  3.84089e-01 | 26  0.02723  1.17129e+00 | 27  0.04305  9.13139e-01
 28  0.01318  1.29620e+00 | 29 -0.01050  1.43856e+00 | 30 -0.01042  1.37421e+00
 31 -0.01857  1.14963e-01 | 32 -0.01069  1.65182e+00 | 33  0.01052  1.94280e+00
 34  0.00756  1.02324e+00 | 35  0.00493  1.36638e+00 | 36  0.00068  3.19320e+00
 37  0.00278  2.52134e+00 | 38  0.01700  2.25059e+00 | 39 -0.00847  2.00182e+00
 40 -0.02674  2.53852e+00 | 41 -0.02317  1.14600e+00 | 42 -0.01177  2.78332e+00
 43 -0.00451 -1.11618e+00 | 44 -0.00044  1.01772e+00 | 45 -0.01331  1.63814e+00
 46 -0.02914  3.40194e+00 | 47 -0.02835 -2.75698e+00 | 48 -0.00815  2.93347e+00
 49  0.00459 -2.42194e+00 | 50 -0.01147  1.16083e+00 | 51 -0.00815  8.01175e-01
 52 -0.01286  3.50458e+00 | 53 -0.00552  3.00410e+00 | 54 -0.00938  1.14155e-01
 55 -0.01298 -2.47728e+00 | 56 -0.00278  5.17573e-01 | 57  0.00217  1.66298e+00
 58  0.00000  0.00000e+00 | 59 -0.78976 -2.57525e+02 | 60  0.09827 -3.96440e-01
Maximum number of function evaluations exceeded

 - final statistics:
60 variables; iteration 67; function evaluation 100
Function value 2.1919e+02; maximum gradient component mag -2.5051e+02
Exit code = 3;  converg criter 1.0000e+01
Var    Value     Gradient |Var    Value     Gradient |Var    Value     Gradient
  1  0.10082 -2.50514e+02 |  2  0.01167 -1.36258e+02 |  3 -0.01134 -9.90730e-01
  4 -0.00981 -1.34563e+00 |  5 -0.01015 -1.11358e+00 |  6 -0.00446  7.27521e-01
  7  0.00491 -4.93898e-01 |  8  0.01037  2.63231e-01 |  9  0.01235  6.89169e-01
 10  0.00505 -7.41580e-01 | 11 -0.01094 -2.05174e+00 | 12 -0.00883 -6.32516e-01
 13 -0.00710 -1.91769e+00 | 14 -0.01881 -3.72078e+00 | 15 -0.00891 -3.60309e+00
 16  0.01457 -4.74630e-01 | 17 -0.00055 -1.41737e+00 | 18  0.00891  9.07439e-01
 19  0.00990  1.46706e+00 | 20  0.00629  3.55491e+00 | 21  0.03176  6.26748e+00
 22  0.06005  5.46017e+00 | 23  0.01356  5.08871e+00 | 24  0.02100  3.48835e+00
 25  0.02524  3.24101e+00 | 26  0.02969  7.92187e+00 | 27  0.04239  7.13431e+00
 28  0.01506  6.40149e+00 | 29 -0.01125  1.82773e+00 | 30 -0.01125  1.92879e-01
 31 -0.01802 -1.74783e-01 | 32 -0.01065  8.20854e-01 | 33  0.01002  5.81637e-01
 34  0.00812  2.00572e-01 | 35  0.00562 -5.73858e-01 | 36 -0.00164 -2.02323e+00
 37  0.00331  1.61898e-01 | 38  0.01785 -1.55709e-02 | 39 -0.00859 -2.06645e+00
 40 -0.02925 -4.52847e+00 | 41 -0.02240 -2.65134e+00 | 42 -0.01364 -2.61469e+00
 43 -0.00229 -1.95430e+00 | 44 -0.00127 -3.34605e+00 | 45 -0.01411 -3.38925e+00
 46 -0.03107 -1.73384e+00 | 47 -0.02530 -1.57977e+00 | 48 -0.01045  1.97643e-01
 49  0.00721 -2.37797e-01 | 50 -0.01346 -1.12093e+00 | 51 -0.00637  5.63629e-01
 52 -0.01403 -6.42629e-01 | 53 -0.00752 -2.27191e+00 | 54 -0.00951 -1.63834e+00
 55 -0.01001 -1.37100e-01 | 56 -0.00335  1.11971e-01 | 57  0.00029  2.42871e-01
 58  0.00000  0.00000e+00 | 59 -0.78440 -1.81914e+02 | 60  0.09784 -5.44376e+00

Initial statistics: 81 variables; iteration 0; function evaluation 0; phase 3
Function value 2.1918968e+02; maximum gradient component mag -5.0071e+02
Var    Value     Gradient |Var    Value     Gradient |Var    Value     Gradient
  1  0.10082 -2.50514e+02 |  2  0.01167 -1.36258e+02 |  3 -0.01134 -1.10403e+00
  4 -0.00981 -1.45894e+00 |  5 -0.01015 -1.22689e+00 |  6 -0.00446  6.14204e-01
  7  0.00491 -6.07213e-01 |  8  0.01037  1.49927e-01 |  9  0.01234  5.75871e-01
 10  0.00505 -8.54895e-01 | 11 -0.01095 -2.16505e+00 | 12 -0.00883 -7.45824e-01
 13 -0.00710 -2.03100e+00 | 14 -0.01881 -3.83405e+00 | 15 -0.00891 -3.71640e+00
 16  0.01457 -5.87919e-01 | 17 -0.00055 -1.53069e+00 | 18  0.00890  7.94131e-01
 19  0.00990  1.35375e+00 | 20  0.00628  3.44160e+00 | 21  0.03176  6.15430e+00
 22  0.06005  5.34735e+00 | 23  0.01356  4.97542e+00 | 24  0.02100  3.37509e+00
 25  0.02524  3.12778e+00 | 26  0.02969  7.80867e+00 | 27  0.04238  7.02124e+00
 28  0.01506  6.28821e+00 | 29 -0.01125  1.71443e+00 | 30 -0.01125  7.95778e-02
 31 -0.01803 -2.88057e-01 | 32 -0.01065  7.07551e-01 | 33  0.01002  4.68332e-01
 34  0.00812  8.72623e-02 | 35  0.00561 -6.87173e-01 | 36 -0.00164 -2.13655e+00
 37  0.00331  4.85803e-02 | 38  0.01785 -1.28845e-01 | 39 -0.00859 -2.17976e+00
 40 -0.02925 -4.64166e+00 | 41 -0.02240 -2.76459e+00 | 42 -0.01365 -2.72799e+00
 43 -0.00229 -2.06762e+00 | 44 -0.00127 -3.45937e+00 | 45 -0.01411 -3.50254e+00
 46 -0.03108 -1.84702e+00 | 47 -0.02530 -1.69300e+00 | 48 -0.01045  8.43388e-02
 49  0.00720 -3.51109e-01 | 50 -0.01346 -1.23422e+00 | 51 -0.00638  4.50315e-01
 52 -0.01404 -7.55921e-01 | 53 -0.00752 -2.38522e+00 | 54 -0.00951 -1.75165e+00
 55 -0.01002 -2.50405e-01 | 56 -0.00335  1.11971e-01 | 57  0.00029  2.42871e-01
 58  0.00000  0.00000e+00 | 59 -0.78440 -1.81914e+02 | 60  0.20375 -7.22443e+01
 61  0.10430 -7.72050e+00 | 62  0.18961  2.79553e+02 | 63  0.00000 -9.12187e-14
 64  0.06326  4.06708e-01 | 65  0.17418 -3.85735e+02 | 66  0.07530 -5.00715e+02
 67  0.16633  9.98681e+00 | 68  0.00000 -4.99046e-03 | 69 -0.17934 -1.79247e+01
 70  0.14683 -5.01850e+01 | 71  0.07387 -4.82724e+00 | 72  0.12880  1.03442e+02
 73  0.00000 -1.74530e-29 | 74  0.03253 -6.03066e+00 | 75 -0.06289 -8.07727e+01
 76 -0.23700 -1.68420e-03 | 77  0.10401  1.01318e+02 | 78  0.70672 -6.80682e+00
 79 -0.14795 -8.61677e+00 | 80  0.09784 -5.44376e+00 | 81 -0.65136  4.33666e+00

Intermediate statistics: 81 variables; iteration 20; function evaluation 31; phase 3
Function value 2.1690328e+02; maximum gradient component mag 4.1475e+03
Var    Value     Gradient |Var    Value     Gradient |Var    Value     Gradient
  1  0.09341 -5.89882e+00 |  2  0.00647  1.59329e+02 |  3 -0.01336  1.01709e+01
  4 -0.01017  1.02798e+01 |  5 -0.01147  1.20184e+01 |  6 -0.00743  1.45649e+01
  7  0.00297  1.57957e+01 |  8  0.00778  1.39668e+01 |  9  0.01065  1.04238e+01
 10  0.00349  9.70710e+00 | 11 -0.01153  1.11004e+01 | 12 -0.01034  1.17970e+01
 13 -0.00728  9.05435e+00 | 14 -0.01865  6.03009e+00 | 15 -0.00771  7.69316e-01
 16  0.01626 -1.05375e+01 | 17  0.00342 -1.31876e+01 | 18  0.01114 -1.38591e+01
 19  0.01229 -8.58544e+00 | 20  0.00799 -4.20101e+00 | 21  0.03149 -7.87363e+00
 22  0.06537 -1.51735e+01 | 23  0.01190 -3.46540e+00 | 24  0.02300 -4.27156e-01
 25  0.02804  3.97017e+00 | 26  0.02710  7.87523e+00 | 27  0.04455  7.96385e+00
 28  0.01364  7.21405e+00 | 29 -0.00962  5.42546e+00 | 30 -0.00847  1.48073e+00
 31 -0.01576 -1.12236e+00 | 32 -0.00819 -1.91716e+00 | 33  0.01298 -7.36734e-03
 34  0.00777  3.17284e+00 | 35  0.00680 -7.93383e-01 | 36  0.00136 -4.34560e+00
 37  0.00335 -6.09554e+00 | 38  0.01668 -7.58660e+00 | 39 -0.00967 -2.96258e+00
 40 -0.02871 -1.20914e+00 | 41 -0.02380 -2.55245e+00 | 42 -0.01377 -4.17069e+00
 43 -0.00428 -3.31347e+00 | 44 -0.00357 -6.23738e-01 | 45 -0.01576  7.86391e-01
 46 -0.03199  1.14112e+00 | 47 -0.02547  1.23409e+00 | 48 -0.01273  3.29616e+00
 49  0.00477  4.87329e+00 | 50 -0.01431  5.82559e+00 | 51 -0.00820  4.53346e+00
 52 -0.01484  4.87072e+00 | 53 -0.00644  6.11354e+00 | 54 -0.00893  8.42098e+00
 55 -0.00985  8.99481e+00 | 56 -0.00254  9.62135e-02 | 57  0.00001  2.61229e-02
 58  0.00000  0.00000e+00 | 59 -0.76245  1.42725e+02 | 60  0.21505 -8.06005e+01
 61  0.09997 -1.99020e+01 | 62  0.18813  2.29822e+02 | 63 -0.00000 -2.69227e-12
 64  0.06611 -8.30838e+00 | 65  0.17336  3.39563e+03 | 66  0.07561  4.14749e+03
 67  0.15802  4.10066e+01 | 68  0.00327  4.10193e+00 | 69 -0.16125  2.14825e+01
 70  0.15433 -3.39661e+01 | 71  0.06838 -3.53953e+00 | 72  0.12789  6.07276e+01
 73 -0.00000 -1.63714e-29 | 74  0.03402 -1.77271e+01 | 75 -0.05808 -9.63485e+00
 76 -0.23700 -7.14808e-04 | 77  0.10108 -6.85159e+00 | 78  0.70480 -3.44522e+00
 79 -0.14461 -1.10484e+01 | 80  0.10276 -2.86806e+01 | 81 -0.64952  7.69951e+00
81 variables; iteration 40; function evaluation 55; phase 3
Function value 2.1617908e+02; maximum gradient component mag -1.5736e+03
Var    Value     Gradient |Var    Value     Gradient |Var    Value     Gradient
  1  0.09220 -3.38086e+02 |  2 -0.00521 -1.56015e+02 |  3 -0.01582 -2.38290e+00
  4 -0.01102 -2.27489e+00 |  5 -0.01374 -2.80903e+00 |  6 -0.01076 -2.38648e+00
  7  0.00114  2.00614e-02 |  8  0.00633  7.94798e-01 |  9  0.01193  1.41373e+00
 10  0.00275 -1.06436e+00 | 11 -0.01302 -1.85288e+00 | 12 -0.01178 -1.40504e+00
 13 -0.00732  3.01128e-01 | 14 -0.02021 -7.45022e-01 | 15 -0.00939 -2.58238e+00
 16  0.01804 -1.74882e+00 | 17  0.00502  2.99971e-01 | 18  0.01536  2.40893e+00
 19  0.01164 -2.54220e+00 | 20  0.00885 -2.07316e+00 | 21  0.03320 -1.26184e+00
 22  0.06797  1.54778e-03 | 23  0.01345  1.10743e+00 | 24  0.02412 -7.43231e-01
 25  0.02514 -5.27503e+00 | 26  0.02632 -3.50480e+00 | 27  0.04140 -4.45981e+00
 28  0.01410  1.43622e+00 | 29 -0.00945  2.58229e+00 | 30 -0.00712  2.97416e+00
 31 -0.01508  1.19953e+00 | 32 -0.00718  1.14935e+00 | 33  0.01352  7.87989e-01
 34  0.00537 -1.03085e+00 | 35  0.00732 -3.26770e-03 | 36  0.00397  1.40008e+00
 37  0.00636  2.18047e+00 | 38  0.01687  8.49712e-01 | 39 -0.01019  7.84622e-01
 40 -0.02842  1.40938e+00 | 41 -0.02318  1.67008e+00 | 42 -0.01180  2.42614e+00
 43 -0.00444  3.05049e-01 | 44 -0.00537 -1.22581e+00 | 45 -0.01654 -3.86624e-01
 46 -0.03077  1.18159e+00 | 47 -0.02377  1.84484e+00 | 48 -0.01338  6.45264e-01
 49  0.00304 -4.53075e-01 | 50 -0.01492  2.82373e-01 | 51 -0.00817  2.35711e-01
 52 -0.01434  6.07226e-01 | 53 -0.00552  1.20883e+00 | 54 -0.00971  7.78251e-01
 55 -0.01081  1.07048e+00 | 56 -0.00174  7.01104e-01 | 57 -0.00004 -1.44770e-02
 58  0.00000  0.00000e+00 | 59 -0.75081 -1.54129e+02 | 60  0.23431 -2.86348e+01
 61  0.09129  1.07365e+00 | 62  0.19086  1.07365e+02 | 63 -0.00000 -8.39231e-10
 64  0.06445 -6.52166e+00 | 65  0.17254 -1.22238e+03 | 66  0.07623 -1.57361e+03
 67  0.15877 -9.51464e+01 | 68  0.07866 -2.43354e+00 | 69 -0.15860 -1.46870e+01
 70  0.15635  8.34263e+00 | 71  0.06611  6.16610e+00 | 72  0.12673 -1.06872e+01
 73 -0.00000  2.33343e-29 | 74  0.03754 -1.56360e+00 | 75 -0.05976 -1.62145e+01
 76 -0.23689  1.39550e-04 | 77  0.10121  1.98302e+01 | 78  0.73094  2.26971e+00
 79 -0.14624 -1.90547e+00 | 80  0.10879 -9.33582e-01 | 81 -0.64417  1.63445e+00
81 variables; iteration 60; function evaluation 82; phase 3
Function value 2.1597079e+02; maximum gradient component mag -7.4734e+02
Var    Value     Gradient |Var    Value     Gradient |Var    Value     Gradient
  1  0.09155 -1.63645e+02 |  2 -0.00125 -7.13783e+01 |  3 -0.01580 -5.70360e-01
  4 -0.01125 -3.87030e-01 |  5 -0.01323  4.67311e-02 |  6 -0.01026  1.92213e-01
  7  0.00024  8.21517e-01 |  8  0.00512  3.87609e-01 |  9  0.01116  1.25039e+00
 10  0.00242  3.17769e-01 | 11 -0.01283  6.34084e-01 | 12 -0.01128  1.03809e+00
 13 -0.00846  6.37008e-01 | 14 -0.02084  6.03994e-02 | 15 -0.00885 -1.79687e-01
 16  0.01888  7.98070e-01 | 17  0.00614  1.54834e+00 | 18  0.01372  9.26520e-01
 19  0.01376 -2.99551e-01 | 20  0.00923 -1.00630e+00 | 21  0.03293 -1.24813e+00
 22  0.06927 -1.04602e+00 | 23  0.01236 -8.57435e-01 | 24  0.02336 -1.11121e+00
 25  0.02802 -1.25848e+00 | 26  0.02491 -1.73288e+00 | 27  0.04287 -2.73163e+00
 28  0.01306 -9.70518e-01 | 29 -0.01002 -9.83615e-01 | 30 -0.00675 -3.16163e-01
 31 -0.01489 -1.04788e+00 | 32 -0.00626  1.49967e-01 | 33  0.01279 -5.11135e-01
 34  0.00651 -2.05122e-01 | 35  0.00780 -8.24304e-01 | 36  0.00395 -9.69916e-01
 37  0.00669  2.71288e-01 | 38  0.01694 -5.55510e-01 | 39 -0.01005  1.43967e-01
 40 -0.02898 -8.83876e-03 | 41 -0.02279  7.44268e-01 | 42 -0.01234  5.44769e-01
 43 -0.00455  3.56223e-01 | 44 -0.00477  4.64579e-01 | 45 -0.01647 -2.81355e-01
 46 -0.03168 -1.05628e+00 | 47 -0.02411  1.52379e-01 | 48 -0.01310  5.95450e-01
 49  0.00322  1.14376e-01 | 50 -0.01592 -3.33742e-01 | 51 -0.00765  8.30461e-01
 52 -0.01370  8.55463e-01 | 53 -0.00599 -3.24101e-01 | 54 -0.01048 -6.25757e-01
 55 -0.01205 -2.13184e-01 | 56 -0.00049  1.60960e+00 | 57  0.00001  2.03331e-02
 58  0.00000  0.00000e+00 | 59 -0.75279 -7.85454e+01 | 60  0.23943 -8.29455e+00
 61  0.08813  1.95771e+00 | 62  0.19097  3.30027e+01 | 63 -0.00000 -1.18150e-09
 64  0.06714 -3.45005e+00 | 65  0.17263 -5.88019e+02 | 66  0.07615 -7.47338e+02
 67  0.15837 -4.43263e+01 | 68  0.08347 -1.20118e+00 | 69 -0.16117 -6.26360e+00
 70  0.15762  2.19382e+01 | 71  0.06488  1.47707e+01 | 72  0.12681 -1.75873e+01
 73  0.00000  6.79234e-29 | 74  0.03853  1.63083e+00 | 75 -0.05363 -5.50020e+00
 76 -0.23670 -1.04566e-04 | 77  0.10387  9.54092e+00 | 78  0.69503  4.62555e-01
 79 -0.13628 -2.18938e-02 | 80  0.10957  5.56595e-03 | 81 -0.64472 -3.49360e-01
Maximum number of function evaluations exceeded

 - final statistics:
81 variables; iteration 72; function evaluation 100
Function value 2.1593e+02; maximum gradient component mag -1.9911e+02
Exit code = 3;  converg criter 1.0000e+00
Var    Value     Gradient |Var    Value     Gradient |Var    Value     Gradient
  1  0.09134 -9.24103e+01 |  2 -0.00243 -3.84652e+01 |  3 -0.01546  6.00375e-01
  4 -0.01119  4.11125e-01 |  5 -0.01370  2.26373e-01 |  6 -0.01037  5.51516e-01
  7 -0.00027  8.31511e-01 |  8  0.00519  6.61018e-01 |  9  0.01025  6.74447e-01
 10  0.00278  8.87722e-01 | 11 -0.01289  9.92291e-01 | 12 -0.01144  1.04445e+00
 13 -0.00906  1.37198e-01 | 14 -0.02057  6.00407e-01 | 15 -0.00872  6.62318e-02
 16  0.01893 -2.95763e-01 | 17  0.00577 -4.21743e-01 | 18  0.01374 -2.73956e-01
 19  0.01410 -1.97324e-01 | 20  0.00938 -5.52355e-01 | 21  0.03331 -8.21378e-01
 22  0.06942 -1.31234e+00 | 23  0.01253 -9.69164e-01 | 24  0.02345 -9.83576e-01
 25  0.02795 -6.21505e-01 | 26  0.02499 -5.30942e-01 | 27  0.04346 -1.29800e+00
 28  0.01222 -1.30353e+00 | 29 -0.00961 -7.43102e-01 | 30 -0.00695 -7.54750e-01
 31 -0.01427 -8.54414e-01 | 32 -0.00688 -1.01026e+00 | 33  0.01326 -6.44421e-01
 34  0.00611 -4.36855e-01 | 35  0.00787 -5.82641e-01 | 36  0.00477 -1.60040e-01
 37  0.00661  1.72759e-01 | 38  0.01684 -8.67641e-01 | 39 -0.01015  8.84517e-02
 40 -0.02876  2.85016e-01 | 41 -0.02307  2.52818e-01 | 42 -0.01264 -1.90164e-01
 43 -0.00446  3.71610e-01 | 44 -0.00503  7.17047e-01 | 45 -0.01648  4.12734e-01
 46 -0.03109  1.11550e-01 | 47 -0.02388  6.99086e-01 | 48 -0.01396  1.17071e-01
 49  0.00381  9.67223e-01 | 50 -0.01638 -6.39211e-01 | 51 -0.00783  4.95091e-01
 52 -0.01395  6.85799e-01 | 53 -0.00577  2.70717e-01 | 54 -0.01000  3.37576e-01
 55 -0.01182  1.68084e-01 | 56 -0.00297 -3.96022e-01 | 57 -0.00003 -7.33334e-03
 58  0.00000  0.00000e+00 | 59 -0.75098 -4.49787e+01 | 60  0.24139  4.09779e-01
 61  0.08676  2.84433e+00 | 62  0.19100  2.66219e+00 | 63 -0.00000 -1.37681e-09
 64  0.06950 -9.56196e-01 | 65  0.17233 -1.52243e+02 | 66  0.07637 -1.99106e+02
 67  0.15797 -2.84131e+01 | 68  0.11599 -3.71719e-01 | 69 -0.16333 -2.77127e+00
 70  0.15838  1.27449e+01 | 71  0.06398  1.06210e+01 | 72  0.12719 -6.09702e+00
 73  0.00000  4.80548e-29 | 74  0.03871  8.26665e-01 | 75 -0.05284  2.41015e-01
 76 -0.23636 -9.51715e-05 | 77  0.10388  2.40208e-01 | 78  0.69057  3.00651e-01
 79 -0.13515  8.76882e-02 | 80  0.11009 -5.46120e-01 | 81 -0.64416  6.98337e-02

Initial statistics: 91 variables; iteration 0; function evaluation 0; phase 4
Function value 2.1592749e+02; maximum gradient component mag -1.9911e+02
Var    Value     Gradient |Var    Value     Gradient |Var    Value     Gradient
  1  0.09134 -9.24103e+01 |  2 -0.00243 -3.84652e+01 |  3  0.00000  2.10415e+01
  4  0.00000  1.92485e+01 |  5  0.00000  1.20322e+01 |  6  0.00000  1.03759e+01
  7  0.00000  1.01697e+01 |  8  0.00000 -1.12758e+00 |  9  0.00000 -5.74621e+00
 10  0.00000 -5.94487e+00 | 11  0.00000 -2.48219e+00 | 12  0.00000  1.08813e+01
 13 -0.01546  6.50183e-01 | 14 -0.01118  4.60939e-01 | 15 -0.01370  2.76184e-01
 16 -0.01037  6.01332e-01 | 17 -0.00026  8.81333e-01 | 18  0.00519  7.10839e-01
 19  0.01025  7.24263e-01 | 20  0.00278  9.37544e-01 | 21 -0.01289  1.04210e+00
 22 -0.01144  1.09427e+00 | 23 -0.00906  1.87015e-01 | 24 -0.02056  6.50203e-01
 25 -0.00872  1.16049e-01 | 26  0.01893 -2.45963e-01 | 27  0.00577 -3.71923e-01
 28  0.01374 -2.24146e-01 | 29  0.01410 -1.47514e-01 | 30  0.00939 -5.02538e-01
 31  0.03331 -7.71624e-01 | 32  0.06942 -1.26281e+00 | 33  0.01253 -9.19351e-01
 34  0.02345 -9.33787e-01 | 35  0.02795 -5.71731e-01 | 36  0.02499 -4.81158e-01
 37  0.04346 -1.24830e+00 | 38  0.01222 -1.25372e+00 | 39 -0.00961 -6.93285e-01
 40 -0.00695 -7.04931e-01 | 41 -0.01426 -8.04605e-01 | 42 -0.00688 -9.60445e-01
 43  0.01326 -5.94610e-01 | 44  0.00611 -3.87035e-01 | 45  0.00787 -5.32822e-01
 46  0.00478 -1.10219e-01 | 47  0.00661  2.22578e-01 | 48  0.01684 -8.17836e-01
 49 -0.01015  1.38268e-01 | 50 -0.02876  3.34787e-01 | 51 -0.02307  3.02607e-01
 52 -0.01264 -1.40352e-01 | 53 -0.00446  4.21431e-01 | 54 -0.00503  7.66868e-01
 55 -0.01647  4.62540e-01 | 56 -0.03108  1.61313e-01 | 57 -0.02387  7.48873e-01
 58 -0.01396  1.66881e-01 | 59  0.00381  1.01704e+00 | 60 -0.01638 -5.89406e-01
 61 -0.00783  5.44910e-01 | 62 -0.01395  7.35609e-01 | 63 -0.00577  3.20537e-01
 64 -0.01000  3.87392e-01 | 65 -0.01182  2.17898e-01 | 66 -0.00297 -3.96022e-01
 67 -0.00003 -7.33334e-03 | 68  0.00000  0.00000e+00 | 69 -0.75098 -4.49787e+01
 70  0.24139  4.09779e-01 | 71  0.08676  2.84433e+00 | 72  0.19100  2.66219e+00
 73 -0.00000 -1.37681e-09 | 74  0.06950 -9.56196e-01 | 75  0.17233 -1.52243e+02
 76  0.07637 -1.99106e+02 | 77  0.15797 -2.84131e+01 | 78  0.11599 -3.71719e-01
 79 -0.16333 -2.77127e+00 | 80  0.15838  1.27449e+01 | 81  0.06398  1.06210e+01
 82  0.12719 -6.09702e+00 | 83  0.00000  4.80548e-29 | 84  0.03871  8.26665e-01
 85 -0.05284  2.41015e-01 | 86 -0.23636 -9.51715e-05 | 87  0.10388  2.40208e-01
 88  0.69057  3.00651e-01 | 89 -0.13515  8.76882e-02 | 90  0.11009 -5.46120e-01
 91 -0.64416  6.98337e-02 |

Intermediate statistics: 91 variables; iteration 20; function evaluation 30; phase 4
Function value 2.1521955e+02; maximum gradient component mag -1.1406e+02
Var    Value     Gradient |Var    Value     Gradient |Var    Value     Gradient
  1  0.09098 -1.14058e+02 |  2 -0.00852  3.72519e+01 |  3 -0.03004 -5.43563e+00
  4 -0.02695 -4.69351e+00 |  5 -0.01639 -2.13831e+00 |  6 -0.01391 -1.26244e+00
  7 -0.01442 -5.84647e-01 |  8  0.00273  3.36796e+00 |  9  0.01046  4.78856e+00
 10  0.01092  4.84890e+00 | 11  0.00738  3.65592e+00 | 12 -0.01089 -6.69154e-01
 13 -0.01150  5.95187e+00 | 14 -0.00930  6.98826e+00 | 15 -0.01352  8.53706e+00
 16 -0.01072  9.70274e+00 | 17 -0.00002  1.05455e+01 | 18  0.00627  1.03906e+01
 19  0.01153  1.00256e+01 | 20  0.00342  9.03591e+00 | 21 -0.01273  7.40870e+00
 22 -0.01168  6.51577e+00 | 23 -0.00829  5.43900e+00 | 24 -0.02124  3.30709e+00
 25 -0.00892  3.59708e-02 | 26  0.01903 -5.18877e+00 | 27  0.00634 -5.47935e+00
 28  0.01391 -4.97247e+00 | 29  0.01370 -3.86678e+00 | 30  0.00980 -3.36807e+00
 31  0.03380 -5.93633e+00 | 32  0.06916 -1.15389e+01 | 33  0.01301 -4.49265e+00
 34  0.02348 -5.74411e+00 | 35  0.02743 -6.35889e+00 | 36  0.02434 -5.83520e+00
 37  0.04295 -9.55546e+00 | 38  0.01226 -6.61144e+00 | 39 -0.01012 -6.04253e+00
 40 -0.00749 -8.58008e+00 | 41 -0.01439 -8.73539e+00 | 42 -0.00665 -8.81746e+00
 43  0.01271 -8.90782e+00 | 44  0.00570 -5.71150e+00 | 45  0.00820 -5.34161e+00
 46  0.00475 -4.57912e+00 | 47  0.00591 -3.44768e+00 | 48  0.01718 -2.05850e+00
 49 -0.01089  9.23827e-02 | 50 -0.02930  7.56450e-01 | 51 -0.02363  5.09670e-01
 52 -0.01259  4.33154e-01 | 53 -0.00514  1.05985e+00 | 54 -0.00602  2.23915e+00
 55 -0.01694  2.81456e+00 | 56 -0.03095  2.61320e+00 | 57 -0.02460  2.25725e+00
 58 -0.01402  3.16339e+00 | 59  0.00214  3.79427e+00 | 60 -0.01565  4.51804e+00
 61 -0.00860  3.59896e+00 | 62 -0.01468  3.11877e+00 | 63 -0.00588  3.05485e+00
 64 -0.01010  3.42294e+00 | 65 -0.01142  3.95074e+00 | 66 -0.00230  1.39656e-01
 67 -0.00002  3.14656e-03 | 68  0.00000  0.00000e+00 | 69 -0.73832  3.31348e+01
 70  0.24573 -2.25898e+01 | 71  0.08189 -5.19944e+00 | 72  0.19178  6.22897e+01
 73 -0.00000 -1.37678e-09 | 74  0.07452 -2.05973e+00 | 75  0.18311  3.47779e+01
 76  0.06746  4.75850e+01 | 77  0.15927 -1.06776e+01 | 78  0.11774  5.08259e-02
 79 -0.16211  6.63934e+00 | 80  0.16183  4.78552e+01 | 81  0.05970  1.47126e+01
 82  0.12662 -7.04996e+01 | 83 -0.00000  7.30868e-29 | 84  0.04040  5.70755e+00
 85 -0.05232 -1.30041e+00 | 86 -0.23636 -2.63705e-04 | 87  0.10368 -2.60695e+00
 88  0.68963 -5.15076e-01 | 89 -0.13449 -2.99084e+00 | 90  0.11146 -2.16521e+00
 91 -0.64364 -1.58875e-01 |
91 variables; iteration 40; function evaluation 51; phase 4
Function value 2.1514562e+02; maximum gradient component mag -2.1385e+02
Var    Value     Gradient |Var    Value     Gradient |Var    Value     Gradient
  1  0.09080 -2.13846e+02 |  2 -0.01099  1.31380e+01 |  3 -0.02901 -5.22678e+00
  4 -0.02626 -4.91783e+00 |  5 -0.01557 -2.37821e+00 |  6 -0.01262 -1.12227e+00
  7 -0.01396 -1.32447e+00 |  8  0.00119  6.05357e-01 |  9  0.01005  2.81544e+00
 10  0.00993  2.47722e+00 | 11  0.00717  1.54885e+00 | 12 -0.01072 -2.42044e+00
 13 -0.01186  4.44902e+00 | 14 -0.00906  5.88720e+00 | 15 -0.01329  7.30182e+00
 16 -0.01167  7.03815e+00 | 17 -0.00059  7.98479e+00 | 18  0.00642  8.42213e+00
 19  0.01140  7.47207e+00 | 20  0.00303  5.69999e+00 | 21 -0.01328  4.14675e+00
 22 -0.01152  4.27833e+00 | 23 -0.00813  3.85643e+00 | 24 -0.02185  1.29113e+00
 25 -0.00904 -2.40400e+00 | 26  0.01897 -8.01063e+00 | 27  0.00725 -5.88426e+00
 28  0.01389 -5.44846e+00 | 29  0.01323 -5.06206e+00 | 30  0.01111 -3.36574e+00
 31  0.03311 -6.86669e+00 | 32  0.07012 -1.21284e+01 | 33  0.01235 -4.69685e+00
 34  0.02383 -5.10067e+00 | 35  0.02791 -5.67747e+00 | 36  0.02388 -6.10618e+00
 37  0.04279 -1.02663e+01 | 38  0.01199 -6.61553e+00 | 39 -0.00987 -5.00241e+00
 40 -0.00699 -6.75343e+00 | 41 -0.01379 -6.35473e+00 | 42 -0.00659 -6.44140e+00
 43  0.01241 -6.20930e+00 | 44  0.00611 -3.12091e+00 | 45  0.00862 -3.65340e+00
 46  0.00484 -4.41564e+00 | 47  0.00550 -3.97403e+00 | 48  0.01715 -1.39596e+00
 49 -0.01043  2.27224e+00 | 50 -0.02919  2.55988e+00 | 51 -0.02360  1.70375e+00
 52 -0.01280  8.46375e-01 | 53 -0.00527  1.87012e+00 | 54 -0.00620  3.80318e+00
 55 -0.01665  4.99493e+00 | 56 -0.03070  4.33864e+00 | 57 -0.02445  3.50161e+00
 58 -0.01443  3.77099e+00 | 59  0.00197  4.86052e+00 | 60 -0.01570  6.01664e+00
 61 -0.00837  5.58807e+00 | 62 -0.01466  4.60423e+00 | 63 -0.00579  4.28748e+00
 64 -0.01019  4.34110e+00 | 65 -0.01180  4.50950e+00 | 66 -0.00207  3.31086e-01
 67 -0.00000  1.13598e-02 | 68  0.00000  0.00000e+00 | 69 -0.73523  1.46132e+01
 70  0.24972 -4.73880e+01 | 71  0.07839 -3.95749e+01 | 72  0.19224  4.17721e+01
 73 -0.00000 -1.88863e-08 | 74  0.07193 -6.51315e+00 | 75  0.18473  1.02991e+00
 76  0.06609  1.46049e+01 | 77  0.16043  6.01024e+00 | 78  0.16903  9.78577e-02
 79 -0.16572  2.49541e+00 | 80  0.16341  3.10723e+01 | 81  0.05718  4.74523e+00
 82  0.12720 -6.11459e+01 | 83 -0.00000  2.15320e-29 | 84  0.03996  1.66874e+00
 85 -0.05225 -3.22152e+00 | 86 -0.23633 -2.55479e-04 | 87  0.10376  7.09667e-01
 88  0.69102 -4.18462e-01 | 89 -0.13447 -3.23024e+00 | 90  0.11163 -3.44868e+00
 91 -0.64401 -5.68289e-01 |
91 variables; iteration 60; function evaluation 79; phase 4
Function value 2.1500307e+02; maximum gradient component mag 2.3886e+01
Var    Value     Gradient |Var    Value     Gradient |Var    Value     Gradient
  1  0.09070  2.38860e+01 |  2 -0.00898  2.35301e+01 |  3 -0.02390 -8.78210e-01
  4 -0.02148 -8.45047e-01 |  5 -0.01304 -4.24533e-01 |  6 -0.01150 -5.59475e-01
  7 -0.01200 -3.09153e-01 |  8  0.00030 -1.00542e+00 |  9  0.00781  2.05387e-01
 10  0.00711 -3.96331e-01 | 11  0.00611  2.52312e-01 | 12 -0.00821 -4.60273e-01
 13 -0.01233 -4.34698e-01 | 14 -0.00999 -8.34513e-02 | 15 -0.01401  7.05869e-01
 16 -0.01153  4.71460e-01 | 17 -0.00144 -1.94501e-01 | 18  0.00545  3.04523e-02
 19  0.01095  2.60545e-01 | 20  0.00277  1.91456e-01 | 21 -0.01323 -8.84743e-02
 22 -0.01162 -2.64439e-01 | 23 -0.00888 -6.89314e-01 | 24 -0.02189 -5.58319e-01
 25 -0.00945 -8.20583e-01 | 26  0.01997 -9.55952e-01 | 27  0.00664 -1.31035e+00
 28  0.01380 -1.00664e+00 | 29  0.01460  1.25478e-01 | 30  0.00989 -2.15992e-01
 31  0.03542  3.66023e-01 | 32  0.06954 -1.51014e+00 | 33  0.01384 -2.45606e-01
 34  0.02374 -9.72446e-01 | 35  0.02686 -1.53479e+00 | 36  0.02535  1.20273e-02
 37  0.04236 -7.73098e-01 | 38  0.01287  4.69732e-01 | 39 -0.01013 -1.31261e-01
 40 -0.00727 -4.40349e-01 | 41 -0.01364  3.75416e-01 | 42 -0.00582  7.27728e-01
 43  0.01249 -3.68140e-01 | 44  0.00555 -3.01495e-01 | 45  0.00883  3.71674e-01
 46  0.00601  6.15741e-01 | 47  0.00657  3.72699e-02 | 48  0.01692 -3.31943e-02
 49 -0.01088  4.48675e-01 | 50 -0.02908  7.68025e-01 | 51 -0.02337  6.82076e-01
 52 -0.01263  2.32951e-01 | 53 -0.00532  3.64958e-01 | 54 -0.00617  8.20666e-01
 55 -0.01709  6.33600e-01 | 56 -0.03074  4.77755e-01 | 57 -0.02399  5.47633e-01
 58 -0.01428  3.31660e-01 | 59  0.00181  3.22217e-01 | 60 -0.01613  9.58522e-01
 61 -0.00801  1.53361e+00 | 62 -0.01422  6.74538e-01 | 63 -0.00616 -6.46407e-01
 64 -0.01082 -6.70600e-01 | 65 -0.01199  1.28118e-01 | 66 -0.00235  1.23467e-01
 67 -0.00001  8.00980e-03 | 68  0.00000  0.00000e+00 | 69 -0.73707  2.23101e+01
 70  0.25368 -7.19823e+00 | 71  0.07488 -6.62121e+00 | 72  0.19288  3.75687e+00
 73 -0.00000 -2.07191e-09 | 74  0.07483 -9.18033e-01 | 75  0.18505 -1.17889e+00
 76  0.06584  1.76097e+01 | 77  0.16073  1.67197e+01 | 78  0.17274  1.00335e-01
 79 -0.16798  2.47338e+00 | 80  0.16397 -2.85747e+00 | 81  0.05620 -8.24491e-01
 82  0.12862  1.59646e+00 | 83 -0.00000 -4.49756e-30 | 84  0.04011 -4.04629e-01
 85 -0.05123 -1.17142e+00 | 86 -0.23604 -2.15513e-04 | 87  0.10433  7.33358e-01
 88  0.68439 -1.35458e-01 | 89 -0.13219 -1.74628e-01 | 90  0.11245 -5.38238e-01
 91 -0.64276 -3.72067e-01 |
91 variables; iteration 80; function evaluation 112; phase 4
Function value 2.1498365e+02; maximum gradient component mag -1.0389e+02
Var    Value     Gradient |Var    Value     Gradient |Var    Value     Gradient
  1  0.09055 -1.03890e+02 |  2 -0.00782 -4.46971e+01 |  3 -0.02374 -4.25192e-01
  4 -0.02120 -2.38348e-01 |  5 -0.01313 -7.76066e-02 |  6 -0.01137  4.72865e-02
  7 -0.01247 -1.31926e-01 |  8  0.00069 -6.98855e-02 |  9  0.00657 -1.40921e-01
 10  0.00664 -3.07508e-01 | 11  0.00503 -1.62557e-01 | 12 -0.00818 -1.27754e-01
 13 -0.01201  8.14248e-02 | 14 -0.01024 -1.65403e-01 | 15 -0.01478  7.71752e-03
 16 -0.01201  9.69888e-02 | 17 -0.00117  2.36046e-01 | 18  0.00542  1.18675e-01
 19  0.01065  4.65269e-02 | 20  0.00251  5.39209e-02 | 21 -0.01318  8.17300e-02
 22 -0.01169 -5.21748e-02 | 23 -0.00864  1.96562e-01 | 24 -0.02211 -2.65706e-03
 25 -0.00949 -3.07852e-01 | 26  0.02010 -2.73133e-01 | 27  0.00717 -2.44426e-01
 28  0.01395 -2.84091e-01 | 29  0.01428 -1.39522e-01 | 30  0.01055 -2.16441e-01
 31  0.03471 -1.45566e-01 | 32  0.07055 -5.94989e-01 | 33  0.01315 -2.25753e-01
 34  0.02381 -1.96080e-01 | 35  0.02773 -2.32598e-01 | 36  0.02450 -8.11892e-02
 37  0.04297 -4.03913e-01 | 38  0.01203 -2.65960e-01 | 39 -0.00996 -1.83623e-01
 40 -0.00694 -4.86721e-01 | 41 -0.01350 -7.62649e-02 | 42 -0.00608 -3.11153e-02
 43  0.01247 -2.69307e-01 | 44  0.00604  1.48259e-01 | 45  0.00866 -1.65892e-01
 46  0.00609 -1.16570e-02 | 47  0.00669 -2.75653e-01 | 48  0.01732  2.21290e-01
 49 -0.01121 -2.35628e-02 | 50 -0.02922  2.56156e-01 | 51 -0.02346  1.94790e-01
 52 -0.01250  6.61300e-02 | 53 -0.00530  2.05428e-01 | 54 -0.00653  2.16143e-01
 55 -0.01714  2.30491e-01 | 56 -0.03063  2.11920e-01 | 57 -0.02398  3.41696e-01
 58 -0.01434  3.36616e-01 | 59  0.00177  1.82238e-01 | 60 -0.01629  3.16168e-01
 61 -0.00839  4.53473e-01 | 62 -0.01451  1.46581e-01 | 63 -0.00562  1.66268e-01
 64 -0.01017  3.78834e-01 | 65 -0.01185  3.37448e-01 | 66 -0.00247  3.07611e-02
 67  0.00002  3.22757e-02 | 68  0.00000  0.00000e+00 | 69 -0.73705 -4.09848e+01
 70  0.25710 -4.74990e+00 | 71  0.07142 -5.35150e+00 | 72  0.19343 -4.22602e-01
 73 -0.00000 -1.31512e-08 | 74  0.07548 -4.97827e-01 | 75  0.18909  1.50986e+01
 76  0.06244 -7.20191e-01 | 77  0.16202 -3.00264e+01 | 78  0.27046 -1.86056e-02
 79 -0.17168 -4.89819e+00 | 80  0.16573 -5.23196e-01 | 81  0.05327 -6.86848e-01
 82  0.12909 -1.63342e+00 | 83  0.00000 -4.08263e-30 | 84  0.04023 -1.32007e-02
 85 -0.05064  3.19302e-02 | 86 -0.23359 -1.01397e-04 | 87  0.10454 -7.34193e-02
 88  0.68280 -6.70110e-02 | 89 -0.13159 -8.85611e-02 | 90  0.11328 -9.33588e-02
 91 -0.64173  2.40387e-01 |
91 variables; iteration 100; function evaluation 150; phase 4
Function value 2.1496459e+02; maximum gradient component mag -9.2648e+01
Var    Value     Gradient |Var    Value     Gradient |Var    Value     Gradient
  1  0.09051 -9.26477e+01 |  2 -0.00756 -4.37905e+01 |  3 -0.02349  2.47858e-02
  4 -0.02173 -5.10451e-01 |  5 -0.01366 -3.47568e-01 |  6 -0.01205 -3.08486e-01
  7 -0.01164  8.38995e-01 |  8 -0.00064 -8.69769e-01 |  9  0.00682  3.64028e-01
 10  0.00703  4.75057e-01 | 11  0.00546  6.25975e-01 | 12 -0.00852 -2.09556e-01
 13 -0.01278 -5.78295e-01 | 14 -0.00955  5.42440e-01 | 15 -0.01476  3.06531e-01
 16 -0.01203  2.67639e-01 | 17 -0.00179 -1.46284e-01 | 18  0.00581  5.46994e-01
 19  0.01102  6.91037e-01 | 20  0.00194  2.27827e-02 | 21 -0.01332  2.86429e-01
 22 -0.01089  7.81810e-01 | 23 -0.00926 -3.37539e-01 | 24 -0.02209  3.58842e-01
 25 -0.00898  4.65342e-01 | 26  0.01943 -6.59890e-01 | 27  0.00803  6.05925e-01
 28  0.01370 -1.89651e-01 | 29  0.01410  5.15980e-03 | 30  0.01078  2.84982e-01
 31  0.03524  5.79049e-01 | 32  0.07027 -3.59780e-01 | 33  0.01333 -3.36301e-03
 34  0.02401  1.24091e-02 | 35  0.02755 -4.35226e-01 | 36  0.02441 -2.40469e-01
 37  0.04304 -2.03591e-01 | 38  0.01218  8.22362e-02 | 39 -0.01051 -4.79535e-01
 40 -0.00648 -4.98671e-02 | 41 -0.01392 -5.85236e-01 | 42 -0.00559  2.44545e-01
 43  0.01239 -5.55958e-01 | 44  0.00557 -5.93715e-01 | 45  0.00943  3.63496e-01
 46  0.00554 -3.90767e-01 | 47  0.00728 -8.57777e-02 | 48  0.01663 -5.86973e-01
 49 -0.01035  6.19065e-01 | 50 -0.03000 -6.72927e-01 | 51 -0.02304  4.12217e-01
 52 -0.01267 -3.86282e-01 | 53 -0.00537 -1.93181e-01 | 54 -0.00647  8.51093e-02
 55 -0.01731 -1.21499e-01 | 56 -0.03059  5.84955e-02 | 57 -0.02366  3.61862e-01
 58 -0.01473 -4.29350e-01 | 59  0.00170 -1.34092e-01 | 60 -0.01588  6.25885e-01
 61 -0.00875  7.48939e-03 | 62 -0.01437  1.00276e-01 | 63 -0.00539 -3.03464e-02
 64 -0.01086 -6.14981e-01 | 65 -0.01184  2.04749e-01 | 66 -0.00276 -1.82378e-01
 67 -0.00013 -8.47340e-02 | 68  0.00000  0.00000e+00 | 69 -0.73508 -3.99181e+01
 70  0.25618 -3.88214e+00 | 71  0.07235 -3.87782e+00 | 72  0.19319  3.79578e-01
 73  0.00000 -6.31428e-09 | 74  0.07655  1.53494e-01 | 75  0.19524  1.91520e+01
 76  0.05722 -5.96942e-03 | 77  0.16389 -3.16239e+01 | 78  0.35251  1.21393e-03
 79 -0.17449 -5.06967e+00 | 80  0.16663 -1.55486e-01 | 81  0.05139 -9.42284e-01
 82  0.12939 -2.64122e+00 | 83  0.00000 -5.73493e-30 | 84  0.04030  4.03666e-01
 85 -0.05053  1.94943e-01 | 86 -0.22780  1.22472e-04 | 87  0.10456 -5.79706e-01
 88  0.68196 -1.26136e-01 | 89 -0.13133 -5.90347e-02 | 90  0.11327 -3.87801e-02
 91 -0.64199 -1.81797e-01 |
91 variables; iteration 120; function evaluation 172; phase 4
Function value 2.1494231e+02; maximum gradient component mag -5.1844e-01
Var    Value     Gradient |Var    Value     Gradient |Var    Value     Gradient
  1  0.09044  2.60095e-01 |  2 -0.00770  4.89589e-01 |  3 -0.02366  1.19768e-03
  4 -0.02135  1.22544e-03 |  5 -0.01348 -1.14286e-02 |  6 -0.01188  9.81782e-03
  7 -0.01282  1.07174e-02 |  8  0.00024 -3.89320e-03 |  9  0.00620  3.17202e-03
 10  0.00641 -2.99169e-03 | 11  0.00460  2.83296e-03 | 12 -0.00833  4.44584e-03
 13 -0.01210  2.68730e-03 | 14 -0.01017 -7.21472e-03 | 15 -0.01499  2.62945e-02
 16 -0.01228 -4.03780e-05 | 17 -0.00146  1.58187e-03 | 18  0.00567  2.15375e-02
 19  0.01068  1.02576e-02 | 20  0.00207 -7.42173e-03 | 21 -0.01340  1.30146e-02
 22 -0.01129 -4.61718e-03 | 23 -0.00858  9.12262e-03 | 24 -0.02253  9.16947e-04
 25 -0.00958 -1.67863e-02 | 26  0.02040 -3.13509e-02 | 27  0.00761 -1.92982e-02
 28  0.01395 -2.25526e-02 | 29  0.01415 -1.82627e-02 | 30  0.01100 -1.21652e-02
 31  0.03481 -1.41948e-02 | 32  0.07086 -3.52227e-02 | 33  0.01317 -9.42794e-03
 34  0.02377 -8.64382e-03 | 35  0.02787 -1.31752e-02 | 36  0.02442 -6.69020e-03
 37  0.04313 -1.11573e-02 | 38  0.01174 -5.23274e-03 | 39 -0.01029 -1.67316e-02
 40 -0.00667 -7.36990e-03 | 41 -0.01333 -1.82009e-02 | 42 -0.00596 -3.82966e-03
 43  0.01245 -1.09377e-02 | 44  0.00608 -7.72887e-03 | 45  0.00892 -2.41701e-03
 46  0.00601 -4.95662e-03 | 47  0.00714 -9.35923e-03 | 48  0.01710  5.62214e-03
 49 -0.01112  9.86724e-03 | 50 -0.02935  5.56070e-03 | 51 -0.02349  1.68681e-02
 52 -0.01242  1.68497e-04 | 53 -0.00542  2.56389e-02 | 54 -0.00671 -4.90456e-04
 55 -0.01717  2.52087e-02 | 56 -0.03052  6.77475e-03 | 57 -0.02396  2.95873e-02
 58 -0.01448  4.25506e-03 | 59  0.00173  2.71253e-02 | 60 -0.01639  1.34618e-02
 61 -0.00857  2.18529e-02 | 62 -0.01445  1.60978e-02 | 63 -0.00545  9.75265e-03
 64 -0.01031  1.32181e-02 | 65 -0.01211  1.60778e-02 | 66 -0.00254  8.77137e-04
 67 -0.00002 -4.64452e-04 | 68  0.00000  0.00000e+00 | 69 -0.73207  4.22653e-01
 70  0.25729 -4.31941e-01 | 71  0.07134 -5.18437e-01 | 72  0.19332 -3.76563e-02
 73  0.00001  2.51520e-08 | 74  0.07611 -3.86289e-02 | 75  0.20345 -2.10764e-01
 76  0.05043  3.18094e-02 | 77  0.16634  4.10661e-01 | 78  0.33028  4.29948e-03
 79 -0.17316  4.44599e-02 | 80  0.16639 -2.90190e-01 | 81  0.05229 -2.59239e-01
 82  0.12925 -1.60822e-01 | 83  0.00000 -1.95942e-30 | 84  0.04038 -8.26597e-03
 85 -0.05049 -1.17781e-02 | 86 -0.23315 -8.03186e-05 | 87  0.10456  8.58461e-03
 88  0.68271 -4.21889e-03 | 89 -0.13126 -6.51172e-03 | 90  0.11362 -2.09501e-02
 91 -0.64164  1.24051e-02 |
91 variables; iteration 140; function evaluation 192; phase 4
Function value 2.1494198e+02; maximum gradient component mag 2.4484e-02
Var    Value     Gradient |Var    Value     Gradient |Var    Value     Gradient
  1  0.09045  1.25906e-02 |  2 -0.00771  3.91277e-03 |  3 -0.02365  1.95294e-05
  4 -0.02134  1.30170e-05 |  5 -0.01345  7.38868e-05 |  6 -0.01187  1.73827e-05
  7 -0.01280 -5.20377e-06 |  8  0.00027  7.20000e-05 |  9  0.00623 -6.32454e-06
 10  0.00644  2.52477e-05 | 11  0.00461  3.26020e-05 | 12 -0.00833  6.09643e-05
 13 -0.01209 -9.99674e-08 | 14 -0.01014  2.08427e-05 | 15 -0.01499 -7.89731e-05
 16 -0.01226 -2.44424e-05 | 17 -0.00144 -2.31935e-06 | 18  0.00566 -5.23497e-05
 19  0.01069 -4.56705e-05 | 20  0.00208  5.40195e-05 | 21 -0.01341 -2.37578e-05
 22 -0.01128  1.57041e-05 | 23 -0.00858  1.34383e-05 | 24 -0.02252  1.82142e-05
 25 -0.00958  9.42484e-05 | 26  0.02039  2.47551e-04 | 27  0.00759  1.49554e-04
 28  0.01394  1.17902e-04 | 29  0.01414  1.07599e-04 | 30  0.01098  5.10838e-05
 31  0.03479  1.07289e-04 | 32  0.07084  2.46348e-04 | 33  0.01317  1.03379e-04
 34  0.02377  8.00776e-05 | 35  0.02787  6.88969e-05 | 36  0.02443  5.22734e-05
 37  0.04313  8.22698e-05 | 38  0.01174  4.85021e-05 | 39 -0.01028  8.14206e-05
 40 -0.00668  4.72079e-05 | 41 -0.01333  6.14375e-05 | 42 -0.00598 -2.62076e-05
 43  0.01246  1.86118e-05 | 44  0.00608  2.09764e-05 | 45  0.00890 -2.17467e-05
 46  0.00599  2.21395e-05 | 47  0.00714  8.11979e-06 | 48  0.01709 -2.61388e-05
 49 -0.01111 -7.68607e-05 | 50 -0.02934 -5.06445e-05 | 51 -0.02349 -1.12359e-04
 52 -0.01241 -3.99775e-05 | 53 -0.00543 -1.39618e-04 | 54 -0.00669 -6.56353e-05
 55 -0.01717 -1.41271e-04 | 56 -0.03051 -6.51218e-05 | 57 -0.02397 -1.40286e-04
 58 -0.01446 -6.92156e-05 | 59  0.00173 -1.52535e-04 | 60 -0.01638 -1.08835e-04
 61 -0.00857 -1.10287e-04 | 62 -0.01445 -1.20582e-04 | 63 -0.00546 -9.40229e-05
 64 -0.01031 -6.28261e-05 | 65 -0.01211 -1.32528e-04 | 66 -0.00254 -9.95219e-06
 67 -0.00002 -5.22302e-06 | 68  0.00000  0.00000e+00 | 69 -0.73212  3.83942e-03
 70  0.25692  2.93645e-03 | 71  0.07174  2.70872e-03 | 72  0.19325 -2.50791e-05
 73 -0.00002 -1.18598e-07 | 74  0.07610  2.09783e-04 | 75  0.20333  1.82290e-02
 76  0.05100  2.44842e-02 | 77  0.16631  2.06961e-03 | 78  0.01117  5.51402e-05
 79 -0.17315  5.12462e-04 | 80  0.16619 -3.34761e-03 | 81  0.05271 -2.26822e-03
 82  0.12919  3.59572e-04 | 83  0.00000 -6.24892e-31 | 84  0.04038 -5.11170e-06
 85 -0.05051  1.33423e-04 | 86 -0.22926  8.21087e-05 | 87  0.10456 -1.14514e-04
 88  0.68279  2.82224e-05 | 89 -0.13130  4.76384e-05 | 90  0.11359  9.68245e-05
 91 -0.64166 -2.68736e-05 |
91 variables; iteration 160; function evaluation 212; phase 4
Function value 2.1494198e+02; maximum gradient component mag -1.6281e-01
Var    Value     Gradient |Var    Value     Gradient |Var    Value     Gradient
  1  0.09045 -1.62806e-01 |  2 -0.00771 -6.43099e-02 |  3 -0.02365 -2.45657e-04
  4 -0.02134  6.60972e-05 |  5 -0.01345 -1.07077e-03 |  6 -0.01186  5.24572e-04
  7 -0.01280  9.16081e-04 |  8  0.00027  4.83597e-04 |  9  0.00623  4.17987e-04
 10  0.00644 -4.58670e-05 | 11  0.00461  3.57362e-04 | 12 -0.00833  7.69687e-04
 13 -0.01209  6.22863e-04 | 14 -0.01015 -6.04866e-04 | 15 -0.01499  2.19771e-03
 16 -0.01226  3.93261e-04 | 17 -0.00144  4.98529e-04 | 18  0.00567  1.99780e-03
 19  0.01069  1.07343e-03 | 20  0.00208 -1.82937e-04 | 21 -0.01341  1.85812e-03
 22 -0.01128 -9.17129e-05 | 23 -0.00858  1.18901e-03 | 24 -0.02252  8.04778e-04
 25 -0.00958 -8.13531e-04 | 26  0.02039 -1.31626e-03 | 27  0.00759 -8.50841e-04
 28  0.01394 -9.11523e-04 | 29  0.01414 -7.68850e-04 | 30  0.01098 -8.76238e-04
 31  0.03479 -1.18277e-03 | 32  0.07084 -2.53663e-03 | 33  0.01317 -8.07203e-04
 34  0.02377 -7.91066e-04 | 35  0.02787 -1.20396e-03 | 36  0.02443 -6.33326e-04
 37  0.04313 -8.98446e-04 | 38  0.01174 -6.98301e-04 | 39 -0.01028 -1.59367e-03
 40 -0.00668 -5.62998e-04 | 41 -0.01333 -1.34936e-03 | 42 -0.00598 -1.48423e-04
 43  0.01246 -2.74983e-04 | 44  0.00608 -5.89129e-04 | 45  0.00890 -6.07401e-04
 46  0.00599 -6.25315e-04 | 47  0.00714 -9.96730e-04 | 48  0.01709  8.65999e-05
 49 -0.01111  1.96719e-04 | 50 -0.02934  3.20928e-04 | 51 -0.02349  9.03896e-04
 52 -0.01241 -3.64333e-04 | 53 -0.00543  1.61854e-03 | 54 -0.00669 -5.13033e-04
 55 -0.01717  1.67318e-03 | 56 -0.03052 -2.28045e-04 | 57 -0.02397  2.01671e-03
 58 -0.01446 -8.60399e-05 | 59  0.00174  1.70521e-03 | 60 -0.01638  3.84404e-04
 61 -0.00857  1.23228e-03 | 62 -0.01445  7.92758e-04 | 63 -0.00546  2.17585e-04
 64 -0.01031  8.46314e-04 | 65 -0.01211  9.30399e-04 | 66 -0.00254  8.78724e-07
 67 -0.00002 -9.55551e-05 | 68  0.00000  0.00000e+00 | 69 -0.73213 -6.33601e-02
 70  0.25691 -9.45031e-03 | 71  0.07175 -9.27731e-03 | 72  0.19325 -1.57783e-02
 73  0.00336  1.65863e-05 | 74  0.07610 -2.32710e-04 | 75  0.20333  5.26121e-02
 76  0.05098  2.45618e-02 | 77  0.16631 -2.90884e-02 | 78  0.00657  3.24275e-05
 79 -0.17316 -7.77631e-03 | 80  0.16618 -1.10334e-03 | 81  0.05273 -4.39008e-04
 82  0.12919 -4.99281e-03 | 83  0.00000 -6.15490e-31 | 84  0.04038  3.50217e-04
 85 -0.05051 -2.33464e-04 | 86 -0.22804  1.36256e-04 | 87  0.10456 -2.06614e-05
 88  0.68279 -1.56345e-05 | 89 -0.13130 -3.35325e-04 | 90  0.11359 -1.35129e-03
 91 -0.64166  1.37109e-03 |
91 variables; iteration 180; function evaluation 250; phase 4
Function value 2.1492314e+02; maximum gradient component mag -7.8383e+01
Var    Value     Gradient |Var    Value     Gradient |Var    Value     Gradient
  1  0.09044 -7.83832e+01 |  2 -0.00697 -3.90129e+01 |  3 -0.02365  7.06270e-03
  4 -0.02138 -3.67311e-02 |  5 -0.01353 -7.52311e-02 |  6 -0.01187 -2.39420e-03
  7 -0.01284 -1.91457e-02 |  8  0.00014 -1.01667e-01 |  9  0.00616 -4.38914e-02
 10  0.00641 -6.63551e-03 | 11  0.00456 -3.01893e-02 | 12 -0.00840 -8.83551e-02
 13 -0.01212 -7.29532e-02 | 14 -0.01008  2.62041e-02 | 15 -0.01509 -9.98573e-02
 16 -0.01226 -1.96477e-02 | 17 -0.00145 -2.80714e-02 | 18  0.00568 -5.31058e-02
 19  0.01070 -2.56069e-02 | 20  0.00203 -2.60565e-02 | 21 -0.01350 -7.59215e-02
 22 -0.01115  8.84903e-02 | 23 -0.00859 -6.82530e-03 | 24 -0.02258  5.11740e-02
 25 -0.00960  7.84332e-02 | 26  0.02043  1.17961e-01 | 27  0.00766  1.25131e-01
 28  0.01391  1.10637e-01 | 29  0.01411  9.63679e-02 | 30  0.01102  8.33273e-02
 31  0.03485  1.28551e-01 | 32  0.07083  1.37335e-01 | 33  0.01320  8.16343e-02
 34  0.02374  4.05514e-02 | 35  0.02789  5.16650e-02 | 36  0.02446  4.61701e-02
 37  0.04312 -1.73408e-03 | 38  0.01169 -2.28223e-02 | 39 -0.01026  1.13964e-02
 40 -0.00672 -7.88799e-02 | 41 -0.01328 -1.95662e-02 | 42 -0.00595 -1.56436e-02
 43  0.01238 -4.00849e-02 | 44  0.00615 -2.89709e-02 | 45  0.00892 -3.31307e-02
 46  0.00595 -5.71351e-02 | 47  0.00719 -1.56191e-02 | 48  0.01706 -8.75406e-02
 49 -0.01109 -1.44996e-02 | 50 -0.02936 -5.28107e-02 | 51 -0.02350 -5.51813e-02
 52 -0.01239 -4.04720e-02 | 53 -0.00547 -9.27244e-02 | 54 -0.00667 -1.16262e-02
 55 -0.01721 -6.34597e-02 | 56 -0.03049 -7.36291e-03 | 57 -0.02397 -3.14818e-02
 58 -0.01449 -5.81129e-02 | 59  0.00174 -5.63977e-03 | 60 -0.01639 -1.40907e-02
 61 -0.00859 -2.25762e-02 | 62 -0.01444  1.04751e-02 | 63 -0.00546 -2.41433e-02
 64 -0.01030  8.80042e-03 | 65 -0.01211  1.55320e-02 | 66 -0.00257 -1.37632e-02
 67 -0.00002  1.21513e-03 | 68  0.00000  0.00000e+00 | 69 -0.73139 -3.51770e+01
 70  0.25708 -2.74114e-01 | 71  0.07157 -2.22185e-01 | 72  0.19328  2.22767e-01
 73 -0.59201 -4.21179e-03 | 74  0.07610 -3.26826e-02 | 75  0.20714  2.52258e+01
 76  0.02040  9.86497e-01 | 77  0.16745 -2.73662e+01 | 78 -0.14013 -7.02893e-04
 79 -0.17190 -3.84742e+00 | 80  0.16633 -7.81995e-01 | 81  0.05236 -4.32526e-01
 82  0.12924  1.91853e-01 | 83  0.00000 -2.85384e-30 | 84  0.04040 -9.88039e-03
 85 -0.05048  8.79083e-02 | 86 -0.47432 -2.89638e-03 | 87  0.10456 -1.25909e-01
 88  0.68269  1.26753e-03 | 89 -0.13125  1.63040e-02 | 90  0.11362  3.45436e-02
 91 -0.64166 -2.82095e-02 |
91 variables; iteration 200; function evaluation 284; phase 4
Function value 2.1488451e+02; maximum gradient component mag 2.9286e-01
Var    Value     Gradient |Var    Value     Gradient |Var    Value     Gradient
  1  0.09048  2.92860e-01 |  2 -0.00696  1.18467e-01 |  3 -0.02360  4.98710e-04
  4 -0.02128  3.76200e-04 |  5 -0.01338  2.70526e-04 |  6 -0.01179  7.88742e-04
  7 -0.01275  5.95968e-04 |  8  0.00033  2.83130e-04 |  9  0.00629  7.00318e-04
 10  0.00652  1.02083e-03 | 11  0.00463  1.11132e-03 | 12 -0.00836  7.86057e-04
 13 -0.01206 -2.02983e-04 | 14 -0.01011  3.02198e-04 | 15 -0.01493 -3.64700e-04
 16 -0.01220 -6.97690e-05 | 17 -0.00144 -1.13044e-05 | 18  0.00570 -1.41128e-04
 19  0.01076  4.07026e-04 | 20  0.00205  4.42446e-04 | 21 -0.01345 -1.13578e-04
 22 -0.01131  5.37371e-04 | 23 -0.00846  1.64969e-04 | 24 -0.02252  4.37719e-04
 25 -0.00961  1.00871e-03 | 26  0.02033  1.87322e-03 | 27  0.00761  1.36704e-03
 28  0.01392  1.15059e-03 | 29  0.01403  8.62270e-04 | 30  0.01096  6.88326e-04
 31  0.03479  1.38913e-03 | 32  0.07074  2.18204e-03 | 33  0.01317  9.12718e-04
 34  0.02373  7.51023e-04 | 35  0.02787  8.05576e-04 | 36  0.02443  7.05494e-04
 37  0.04316  1.23069e-03 | 38  0.01174  9.10318e-04 | 39 -0.01031  8.42283e-04
 40 -0.00675  2.63691e-04 | 41 -0.01335  1.40901e-04 | 42 -0.00596 -1.76974e-04
 43  0.01240 -3.83727e-04 | 44  0.00616 -3.19449e-04 | 45  0.00891 -2.58297e-04
 46  0.00588 -3.10979e-04 | 47  0.00709 -2.39386e-04 | 48  0.01709 -4.89531e-04
 49 -0.01109 -4.52699e-04 | 50 -0.02934 -8.03681e-04 | 51 -0.02350 -8.44406e-04
 52 -0.01242 -7.88369e-04 | 53 -0.00540 -1.01401e-03 | 54 -0.00665 -7.54231e-04
 55 -0.01716 -1.00871e-03 | 56 -0.03053 -7.97426e-04 | 57 -0.02399 -1.05018e-03
 58 -0.01443 -1.30715e-03 | 59  0.00177 -9.25023e-04 | 60 -0.01634 -1.08194e-03
 61 -0.00855 -9.62133e-04 | 62 -0.01447 -8.90726e-04 | 63 -0.00546 -1.23997e-03
 64 -0.01026 -1.07001e-03 | 65 -0.01208 -8.93303e-04 | 66 -0.00256 -8.28518e-05
 67 -0.00002  3.12116e-05 | 68  0.00000  0.00000e+00 | 69 -0.72910  1.01713e-01
 70  0.25638  1.94073e-02 | 71  0.07215  1.58375e-02 | 72  0.19318 -7.01737e-03
 73  0.09005  5.73790e-05 | 74  0.07597  2.70783e-03 | 75  0.21034  1.50091e-01
 76 -0.01297  1.89524e-02 | 77  0.16814  9.35591e-02 | 78  0.00048  2.36033e-06
 79 -0.16648  1.52116e-02 | 80  0.16599 -1.95137e-03 | 81  0.05303 -2.15223e-03
 82  0.12915 -2.47633e-03 | 83  0.00000 -6.27445e-31 | 84  0.04032  2.54480e-04
 85 -0.05059  1.44579e-03 | 86 -0.23104  8.58822e-06 | 87  0.10454 -1.52010e-03
 88  0.68301  1.01257e-04 | 89 -0.13143  3.83157e-04 | 90  0.11346  7.94278e-05
 91 -0.64175 -8.64097e-05 |
91 variables; iteration 220; function evaluation 311; phase 4
Function value 2.1488450e+02; maximum gradient component mag -1.2719e-01
Var    Value     Gradient |Var    Value     Gradient |Var    Value     Gradient
  1  0.09048  6.54592e-03 |  2 -0.00696 -2.66406e-02 |  3 -0.02360 -1.69244e-04
  4 -0.02129  4.38312e-05 |  5 -0.01338  8.20108e-04 |  6 -0.01180 -2.32193e-04
  7 -0.01275 -1.85108e-05 |  8  0.00033  7.17385e-04 |  9  0.00629  4.17305e-04
 10  0.00651  6.78536e-04 | 11  0.00463  5.04123e-04 | 12 -0.00836  3.54211e-04
 13 -0.01206  1.45874e-05 | 14 -0.01012  1.68125e-04 | 15 -0.01493 -3.12858e-04
 16 -0.01220 -1.41058e-05 | 17 -0.00144 -1.29516e-04 | 18  0.00570 -1.04614e-03
 19  0.01076 -4.72109e-04 | 20  0.00205  1.73068e-04 | 21 -0.01345 -4.13858e-04
 22 -0.01131 -6.83997e-04 | 23 -0.00846 -7.97392e-04 | 24 -0.02252 -9.91452e-04
 25 -0.00961  5.48322e-04 | 26  0.02033  8.16855e-04 | 27  0.00762  6.18318e-05
 28  0.01392  1.32765e-04 | 29  0.01403 -1.29020e-04 | 30  0.01096  9.84809e-05
 31  0.03479  3.18032e-04 | 32  0.07074  8.69816e-04 | 33  0.01317  2.57141e-04
 34  0.02373  4.51049e-04 | 35  0.02787  9.81328e-04 | 36  0.02443  5.13397e-04
 37  0.04316  1.30459e-03 | 38  0.01174  1.19582e-03 | 39 -0.01031  1.04900e-03
 40 -0.00675  1.80341e-03 | 41 -0.01335  9.60230e-04 | 42 -0.00596  6.21270e-04
 43  0.01240  9.45521e-04 | 44  0.00616  5.99943e-04 | 45  0.00891  1.04657e-03
 46  0.00588  4.84845e-04 | 47  0.00709  4.12013e-04 | 48  0.01709  3.49719e-04
 49 -0.01109 -1.33501e-04 | 50 -0.02934 -2.72957e-04 | 51 -0.02350 -2.53347e-04
 52 -0.01242  3.41907e-06 | 53 -0.00540 -3.82728e-04 | 54 -0.00665 -6.70819e-05
 55 -0.01716 -9.37828e-04 | 56 -0.03053 -5.25013e-04 | 57 -0.02399 -1.48331e-03
 58 -0.01443 -2.91890e-04 | 59  0.00177 -1.46291e-03 | 60 -0.01635 -9.81833e-04
 61 -0.00855 -1.47818e-03 | 62 -0.01447 -1.09978e-03 | 63 -0.00546 -3.64454e-04
 64 -0.01026 -1.04749e-03 | 65 -0.01208 -9.84236e-04 | 66 -0.00256  8.18877e-05
 67 -0.00002  5.13537e-05 | 68  0.00000  0.00000e+00 | 69 -0.72908 -1.75912e-02
 70  0.25640 -1.25918e-01 | 71  0.07190 -1.27187e-01 | 72  0.19318 -1.58338e-03
 73  0.05940  8.37041e-04 | 74  0.07597  8.45832e-03 | 75  0.21038 -6.43917e-02
 76 -0.01353 -4.56347e-03 | 77  0.16815 -4.87481e-02 | 78  0.00170  8.38752e-06
 79 -0.16648 -3.12309e-03 | 80  0.16599  1.58553e-03 | 81  0.05303  4.38799e-03
 82  0.12915  1.46845e-02 | 83  0.00000 -5.94069e-31 | 84  0.04032 -2.25023e-03
 85 -0.05058 -1.83850e-03 | 86 -0.23281 -6.35277e-05 | 87  0.10454  2.00190e-03
 88  0.68301 -1.13549e-04 | 89 -0.13143 -4.90007e-04 | 90  0.11346  7.31976e-04
 91 -0.64175 -7.52396e-04 |
91 variables; iteration 240; function evaluation 333; phase 4
Function value 2.1488449e+02; maximum gradient component mag -3.1476e-01
Var    Value     Gradient |Var    Value     Gradient |Var    Value     Gradient
  1  0.09048  8.15472e-02 |  2 -0.00696  9.44235e-03 |  3 -0.02360  1.95782e-04
  4 -0.02129  3.09872e-04 |  5 -0.01338  5.51677e-04 |  6 -0.01180  3.21336e-04
  7 -0.01275  3.70260e-04 |  8  0.00033  6.46252e-04 |  9  0.00629  6.19900e-04
 10  0.00651  6.35352e-04 | 11  0.00463  6.98342e-04 | 12 -0.00836  7.44704e-04
 13 -0.01206 -1.66603e-04 | 14 -0.01012 -1.64641e-04 | 15 -0.01493 -2.79224e-04
 16 -0.01221 -2.99587e-04 | 17 -0.00144 -2.92779e-04 | 18  0.00570 -3.06528e-04
 19  0.01076 -7.97338e-05 | 20  0.00205  1.86518e-04 | 21 -0.01345  4.93130e-05
 22 -0.01131 -5.18984e-05 | 23 -0.00846  5.04743e-05 | 24 -0.02252  1.38297e-05
 25 -0.00961  5.67630e-04 | 26  0.02033  1.38604e-03 | 27  0.00762  9.84082e-04
 28  0.01392  7.44181e-04 | 29  0.01403  5.08464e-04 | 30  0.01096  2.87159e-04
 31  0.03479  4.64260e-04 | 32  0.07074  1.35871e-03 | 33  0.01317  2.77347e-04
 34  0.02373  5.18979e-04 | 35  0.02787  5.55625e-04 | 36  0.02443  4.29224e-04
 37  0.04316  1.07944e-03 | 38  0.01174  6.38395e-04 | 39 -0.01031  4.86012e-04
 40 -0.00675  8.55231e-04 | 41 -0.01335  7.38751e-04 | 42 -0.00596  6.08621e-04
 43  0.01239  7.06349e-04 | 44  0.00616  3.44308e-04 | 45  0.00891  2.62714e-04
 46  0.00588  1.50538e-04 | 47  0.00709  3.21450e-05 | 48  0.01709  6.23166e-05
 49 -0.01109 -3.14792e-04 | 50 -0.02934 -3.84246e-04 | 51 -0.02350 -4.30803e-04
 52 -0.01242 -3.48565e-04 | 53 -0.00540 -5.59247e-04 | 54 -0.00665 -5.64869e-04
 55 -0.01716 -7.22095e-04 | 56 -0.03053 -6.98901e-04 | 57 -0.02399 -8.72737e-04
 58 -0.01443 -7.32522e-04 | 59  0.00177 -1.06592e-03 | 60 -0.01635 -9.56208e-04
 61 -0.00855 -1.02694e-03 | 62 -0.01447 -1.05751e-03 | 63 -0.00546 -9.79962e-04
 64 -0.01026 -1.09047e-03 | 65 -0.01208 -1.11430e-03 | 66 -0.00256  1.65749e-05
 67 -0.00002 -6.69453e-06 | 68  0.00000  0.00000e+00 | 69 -0.72907  9.55015e-03
 70  0.25639 -3.14760e-01 | 71  0.07177 -3.07082e-01 | 72  0.19318 -8.25342e-03
 73  0.01181  6.32614e-04 | 74  0.07597  4.19734e-03 | 75  0.21043  8.16722e-03
 76 -0.01418  1.53928e-03 | 77  0.16817  2.80449e-03 | 78  0.00024  1.16555e-06
 79 -0.16648  1.04961e-03 | 80  0.16599  2.06058e-03 | 81  0.05303  1.09765e-03
 82  0.12915 -2.09555e-04 | 83  0.00000 -6.10786e-31 | 84  0.04032  9.60863e-05
 85 -0.05058  2.24680e-04 | 86 -0.23121  1.70188e-06 | 87  0.10454 -6.02190e-05
 88  0.68301  7.74270e-05 | 89 -0.13143  1.95189e-04 | 90  0.11347  3.74418e-04
 91 -0.64175 -1.90143e-04 |
91 variables; iteration 260; function evaluation 354; phase 4
Function value 2.1488449e+02; maximum gradient component mag 5.7398e-02
Var    Value     Gradient |Var    Value     Gradient |Var    Value     Gradient
  1  0.09048  1.22805e-02 |  2 -0.00696  7.63470e-03 |  3 -0.02360 -2.15206e-05
  4 -0.02129 -5.28607e-05 |  5 -0.01338  7.58846e-05 |  6 -0.01180 -7.43855e-05
  7 -0.01275 -1.25181e-04 |  8  0.00033 -9.28017e-05 |  9  0.00629 -9.92508e-05
 10  0.00651 -6.59430e-05 | 11  0.00462 -1.10020e-04 | 12 -0.00836 -1.25429e-04
 13 -0.01206 -1.69471e-05 | 14 -0.01012  9.47081e-05 | 15 -0.01493 -2.09130e-04
 16 -0.01221  6.92859e-06 | 17 -0.00144  1.99171e-05 | 18  0.00570 -1.61927e-04
 19  0.01076 -8.56115e-05 | 20  0.00205  2.55676e-05 | 21 -0.01345 -1.94754e-04
 22 -0.01131  3.33159e-05 | 23 -0.00846 -1.23346e-04 | 24 -0.02252 -7.67386e-05
 25 -0.00961 -4.86955e-06 | 26  0.02033  1.07133e-06 | 27  0.00762 -3.15186e-05
 28  0.01392  6.53457e-06 | 29  0.01403  3.07946e-05 | 30  0.01096  6.63037e-05
 31  0.03479  9.01585e-05 | 32  0.07074  1.39995e-04 | 33  0.01317  7.34534e-05
 34  0.02373  3.01237e-05 | 35  0.02787  3.64366e-05 | 36  0.02443  1.58069e-05
 37  0.04316 -4.65878e-05 | 38  0.01174 -3.69873e-06 | 39 -0.01031  1.17579e-04
 40 -0.00675 -2.75554e-05 | 41 -0.01334  8.03122e-05 | 42 -0.00596 -8.90209e-05
 43  0.01239 -6.75697e-05 | 44  0.00616 -7.70188e-06 | 45  0.00891  9.93761e-06
 46  0.00588  6.68719e-05 | 47  0.00709  1.08837e-04 | 48  0.01709 -9.81338e-06
 49 -0.01109  1.01337e-05 | 50 -0.02934  2.34014e-05 | 51 -0.02350 -7.93021e-05
 52 -0.01242  8.38026e-05 | 53 -0.00540 -1.38504e-04 | 54 -0.00665  1.32533e-04
 55 -0.01716 -1.04253e-04 | 56 -0.03053  9.56357e-05 | 57 -0.02399 -1.37804e-04
 58 -0.01443  7.96742e-05 | 59  0.00177 -7.06742e-05 | 60 -0.01635  5.80692e-05
 61 -0.00855 -6.94247e-06 | 62 -0.01447  1.62803e-05 | 63 -0.00546  5.01088e-05
 64 -0.01026  3.09407e-05 | 65 -0.01208 -9.91124e-06 | 66 -0.00256 -1.02459e-05
 67 -0.00002 -3.78329e-06 | 68  0.00000  0.00000e+00 | 69 -0.72906  7.21985e-03
 70  0.25640  5.73984e-02 | 71  0.07174  5.57770e-02 | 72  0.19318  2.94926e-03
 73 -0.00135 -9.21692e-05 | 74  0.07597 -4.92642e-04 | 75  0.21045  3.63714e-02
 76 -0.01442  3.14625e-03 | 77  0.16817  4.43628e-03 | 78  0.00038  1.87899e-06
 79 -0.16648  1.56524e-03 | 80  0.16599  6.34967e-04 | 81  0.05303  2.74040e-04
 82  0.12915  2.02258e-04 | 83  0.00000 -6.14977e-31 | 84  0.04032  5.66479e-05
 85 -0.05058  3.26503e-04 | 86 -0.23101  1.00447e-05 | 87  0.10454 -2.01826e-04
 88  0.68300  5.90833e-05 | 89 -0.13143  1.07839e-04 | 90  0.11347  9.08465e-05
 91 -0.64175 -9.39516e-05 |

 - final statistics:
91 variables; iteration 269; function evaluation 363
Function value 2.1488e+02; maximum gradient component mag 9.0457e-05
Exit code = 1;  converg criter 1.0000e-04
Var    Value     Gradient |Var    Value     Gradient |Var    Value     Gradient
  1  0.09048 -1.04257e-06 |  2 -0.00695  4.99687e-06 |  3 -0.02360 -1.58466e-07
  4 -0.02129 -8.71898e-08 |  5 -0.01338  7.37024e-08 |  6 -0.01180 -2.52691e-07
  7 -0.01275 -1.68483e-07 |  8  0.00033  4.01481e-08 |  9  0.00629 -1.53196e-07
 10  0.00651 -2.79367e-07 | 11  0.00462 -3.03482e-07 | 12 -0.00836 -1.47077e-07
 13 -0.01206  8.38883e-08 | 14 -0.01012 -1.10213e-07 | 15 -0.01493  6.48139e-08
 16 -0.01221 -2.12018e-09 | 17 -0.00144 -1.39147e-08 | 18  0.00570  7.20106e-09
 19  0.01076 -1.39115e-07 | 20  0.00205 -6.67161e-08 | 21 -0.01345  5.08152e-08
 22 -0.01131 -1.96526e-07 | 23 -0.00846 -5.54736e-08 | 24 -0.02252 -1.68807e-07
 25 -0.00961 -3.08394e-07 | 26  0.02033 -4.86235e-07 | 27  0.00762 -3.79109e-07
 28  0.01392 -3.20806e-07 | 29  0.01403 -2.50180e-07 | 30  0.01096 -2.24481e-07
 31  0.03479 -4.70453e-07 | 32  0.07074 -5.67670e-07 | 33  0.01317 -3.10337e-07
 34  0.02373 -2.05304e-07 | 35  0.02787 -2.59953e-07 | 36  0.02443 -2.39356e-07
 37  0.04316 -3.29163e-07 | 38  0.01174 -2.54874e-07 | 39 -0.01031 -2.13665e-07
 40 -0.00675  5.80538e-08 | 41 -0.01334  1.13892e-07 | 42 -0.00596  1.24402e-07
 43  0.01239  2.38498e-07 | 44  0.00616  1.64467e-07 | 45  0.00891  1.38250e-07
 46  0.00588  1.97896e-07 | 47  0.00709  1.38724e-07 | 48  0.01709  2.16771e-07
 49 -0.01109  1.11149e-07 | 50 -0.02934  2.55080e-07 | 51 -0.02350  2.27062e-07
 52 -0.01242  2.80589e-07 | 53 -0.00540  2.50401e-07 | 54 -0.00665  2.13842e-07
 55 -0.01716  2.27169e-07 | 56 -0.03053  2.09344e-07 | 57 -0.02399  2.10035e-07
 58 -0.01443  4.06419e-07 | 59  0.00177  1.18615e-07 | 60 -0.01635  2.52546e-07
 61 -0.00855  1.86736e-07 | 62 -0.01447  1.36715e-07 | 63 -0.00546  3.03022e-07
 64 -0.01026  2.16497e-07 | 65 -0.01208  1.18572e-07 | 66 -0.00256  2.59052e-08
 67 -0.00002 -2.26510e-08 | 68  0.00000  0.00000e+00 | 69 -0.72906  6.01046e-06
 70  0.25640  9.04567e-05 | 71  0.07174  8.80221e-05 | 72  0.19318  2.45079e-06
 73 -0.00011 -1.36200e-07 | 74  0.07597 -5.74040e-07 | 75  0.21046  1.93759e-05
 76 -0.01458  1.69839e-06 | 77  0.16818  1.43857e-06 | 78  0.00000  2.96725e-10
 79 -0.16648  5.02626e-07 | 80  0.16599  1.74485e-06 | 81  0.05303  1.30034e-06
 82  0.12915  6.36453e-07 | 83  0.00000 -6.16367e-31 | 84  0.04032  6.60487e-08
 85 -0.05058 -4.85602e-07 | 86 -0.23125 -5.30510e-09 | 87  0.10454  5.61096e-07
 88  0.68300 -1.49713e-08 | 89 -0.13143 -8.83589e-08 | 90  0.11347  8.60796e-08
 91 -0.64175 -1.41434e-08 |
size of file gradfil1.tmp = 0
size of file gradfil2.tmp = 0
size of file varssave.tmp = 0
size of file cmpdiff.tmp = 0
