
Initial statistics: 6 variables; iteration 0; function evaluation 0; phase 1
Function value 2.2499054e+04; maximum gradient component mag 3.1209e+05
Var    Value     Gradient |Var    Value     Gradient |Var    Value     Gradient
  1  0.19397  3.12095e+05 |  2 -0.01278  1.63448e+05 |  3  0.00000  2.79083e-01
  4  0.00000  3.83761e-03 |  5  0.00000  0.00000e+00 |  6 -0.76499  1.66210e+05

Intermediate statistics: 6 variables; iteration 20; function evaluation 37; phase 1
Function value 3.2420546e+02; maximum gradient component mag -2.3964e+03
Var    Value     Gradient |Var    Value     Gradient |Var    Value     Gradient
  1  0.08586 -1.61665e+03 |  2  0.10582 -7.91053e+02 |  3  0.00122  1.62991e+00
  4 -0.03835 -2.89064e+01 |  5  0.00000  0.00000e+00 |  6 -0.89089 -2.39638e+03

 - final statistics:
6 variables; iteration 36; function evaluation 54
Function value 3.0417e+02; maximum gradient component mag 5.7849e-01
Exit code = 1;  converg criter 1.0000e+01
Var    Value     Gradient |Var    Value     Gradient |Var    Value     Gradient
  1  0.07653  5.78495e-01 |  2 -0.02119  8.88773e-02 |  3 -0.00105 -1.15012e-04
  4 -0.00000  5.03778e-03 |  5  0.00000  0.00000e+00 |  6 -0.80177  1.82947e-02

Initial statistics: 60 variables; iteration 0; function evaluation 0; phase 2
Function value 3.0417072e+02; maximum gradient component mag -3.8165e+02
Var    Value     Gradient |Var    Value     Gradient |Var    Value     Gradient
  1  0.07653  5.78495e-01 |  2 -0.02119  8.88773e-02 |  3  0.00000  7.70218e+01
  4  0.00000  7.88988e+01 |  5  0.00000  7.86520e+01 |  6  0.00000  7.40630e+01
  7  0.00000  6.72324e+01 |  8  0.00000  6.63351e+01 |  9  0.00000  7.41201e+01
 10  0.00000  9.50289e+01 | 11  0.00000  1.19284e+02 | 12  0.00000  1.20159e+02
 13  0.00000  1.03430e+02 | 14  0.00000  8.11619e+01 | 15  0.00000  2.92689e+01
 16  0.00000 -3.20221e+01 | 17  0.00000 -7.42414e+01 | 18  0.00000 -1.34848e+02
 19  0.00000 -1.96175e+02 | 20  0.00000 -2.62753e+02 | 21  0.00000 -3.39735e+02
 22  0.00000 -3.81654e+02 | 23  0.00000 -3.52263e+02 | 24  0.00000 -3.45832e+02
 25  0.00000 -3.38314e+02 | 26  0.00000 -3.15794e+02 | 27  0.00000 -2.70340e+02
 28  0.00000 -1.69334e+02 | 29  0.00000 -5.58055e+01 | 30  0.00000  1.37328e+01
 31  0.00000  4.47799e+01 | 32  0.00000  2.31986e+01 | 33  0.00000 -1.20206e+01
 34  0.00000 -9.25810e+00 | 35  0.00000  7.90995e+00 | 36  0.00000  3.14998e+01
 37  0.00000  4.30691e+01 | 38  0.00000  5.66387e+01 | 39  0.00000  1.19103e+02
 40  0.00000  1.73848e+02 | 41  0.00000  1.77200e+02 | 42  0.00000  1.57327e+02
 43  0.00000  1.36910e+02 | 44  0.00000  1.36824e+02 | 45  0.00000  1.64967e+02
 46  0.00000  1.93266e+02 | 47  0.00000  1.73179e+02 | 48  0.00000  1.30689e+02
 49  0.00000  9.68374e+01 | 50  0.00000  1.01279e+02 | 51  0.00000  9.08725e+01
 52  0.00000  7.83736e+01 | 53  0.00000  4.39604e+01 | 54  0.00000  2.00648e+01
 55  0.00000  1.02059e+01 | 56 -0.00105 -1.15012e-04 | 57 -0.00000  5.03778e-03
 58  0.00000  0.00000e+00 | 59 -0.80177  1.82947e-02 | 60  0.09974  1.64246e+02

Intermediate statistics: 60 variables; iteration 20; function evaluation 34; phase 2
Function value 2.4175936e+02; maximum gradient component mag -1.6041e+03
Var    Value     Gradient |Var    Value     Gradient |Var    Value     Gradient
  1  0.05282 -1.39199e+03 |  2  0.03663 -1.14307e+03 |  3 -0.04356 -6.56521e+01
  4 -0.01887 -5.97481e+01 |  5 -0.02462 -6.36673e+01 |  6 -0.01855 -6.09395e+01
  7  0.01028 -4.70462e+01 |  8  0.01529 -3.25123e+01 |  9  0.02091 -1.84527e+01
 10  0.00745 -1.84584e+01 | 11 -0.01025 -2.37297e+01 | 12 -0.00387 -1.72969e+01
 13 -0.00349 -6.36573e+00 | 14 -0.01770  6.71095e+00 | 15  0.00670  4.85000e+01
 16  0.03408  7.14964e+01 | 17  0.00998  1.77144e+01 | 18  0.01903 -2.10597e+01
 19  0.01351 -5.57956e+01 | 20 -0.03456 -7.07201e+01 | 21  0.03619 -1.13892e+01
 22  0.10569  2.67204e+01 | 23 -0.04203 -7.35146e+01 | 24 -0.06170 -9.98258e+01
 25  0.06093 -5.62490e+01 | 26  0.01537 -3.39668e+01 | 27  0.05668  4.04160e+00
 28  0.00394 -7.05881e+00 | 29 -0.01312 -4.26400e+00 | 30  0.00040  1.92932e+01
 31 -0.00795  1.88137e+01 | 32 -0.00337  1.30683e+01 | 33  0.02181  1.07792e+01
 34  0.00755 -1.36632e+01 | 35 -0.00082 -2.04416e+01 | 36 -0.00070 -3.68521e+00
 37  0.01264  2.54169e+01 | 38  0.02235  4.20141e+01 | 39 -0.01321  2.15985e+01
 40 -0.02567  2.52439e+01 | 41 -0.01660  4.22401e+01 | 42 -0.00260  6.51978e+01
 43  0.00836  8.23539e+01 | 44  0.00561  7.80459e+01 | 45 -0.00820  6.58048e+01
 46 -0.01556  6.64053e+01 | 47 -0.01019  6.51317e+01 | 48 -0.00041  5.94017e+01
 49  0.01421  5.37936e+01 | 50 -0.00729  1.96925e+01 | 51 -0.00466 -3.01201e+00
 52 -0.02013 -3.40487e+01 | 53 -0.01418 -5.12889e+01 | 54 -0.03183 -5.75460e+01
 55 -0.03567 -4.76934e+01 | 56 -0.00438 -2.00199e+00 | 57 -0.00003 -1.46959e-02
 58  0.00000  0.00000e+00 | 59 -0.81212 -1.60406e+03 | 60  0.08620 -7.90215e+01
60 variables; iteration 40; function evaluation 64; phase 2
Function value 2.2318573e+02; maximum gradient component mag -3.2884e+02
Var    Value     Gradient |Var    Value     Gradient |Var    Value     Gradient
  1  0.05111 -5.40616e+01 |  2  0.01648 -2.23967e+02 |  3 -0.02522 -3.90600e+00
  4 -0.01367  4.84775e+00 |  5 -0.01079  1.12871e+01 |  6 -0.00495  1.63812e+01
  7  0.00591  1.87040e+01 |  8  0.00505  1.06400e+01 |  9  0.00804  8.84816e+00
 10  0.00047  9.67328e+00 | 11 -0.01107  1.03192e+01 | 12 -0.01076  6.71899e+00
 13 -0.01076 -2.75736e-01 | 14 -0.02173 -5.80960e+00 | 15 -0.00860 -6.32355e+00
 16  0.02304  2.99816e+00 | 17  0.01051  7.24060e+00 | 18  0.01408  1.02417e+01
 19  0.03139  1.46110e+01 | 20  0.00847 -1.59929e+01 | 21 -0.00168 -3.53612e+01
 22  0.09780 -1.79212e+01 | 23 -0.02718 -4.10256e+01 | 24  0.01436 -2.88885e+01
 25  0.04545 -6.08229e+00 | 26  0.01200 -1.48328e+01 | 27  0.06220 -4.69051e-01
 28 -0.01640 -3.00775e+01 | 29 -0.01019 -1.21158e+01 | 30  0.00180 -2.46857e-01
 31 -0.01668 -1.07151e+01 | 32 -0.00778 -6.77971e+00 | 33  0.02173  1.24592e+01
 34  0.00857  1.17193e+01 | 35  0.01183  1.43257e+01 | 36  0.00673  7.71693e+00
 37  0.00098 -4.37053e+00 | 38  0.02037  9.68261e-01 | 39 -0.01242 -1.88772e+00
 40 -0.02978 -8.45954e-01 | 41 -0.02104  7.25364e+00 | 42 -0.00804  1.81818e+01
 43 -0.00077  2.58748e+01 | 44  0.00673  3.36139e+01 | 45 -0.01687  8.50350e+00
 46 -0.03917 -1.09573e+01 | 47 -0.02935 -7.44819e+00 | 48 -0.00843  8.68634e+00
 49  0.01121  2.31430e+01 | 50 -0.01391  1.17542e+01 | 51 -0.00745  7.03822e+00
 52 -0.01410 -1.67169e-01 | 53 -0.00297 -1.43288e+00 | 54 -0.01101 -7.00037e+00
 55 -0.01448 -8.18089e+00 | 56 -0.00257 -3.61019e-01 | 57 -0.00003 -9.48352e-03
 58  0.00000  0.00000e+00 | 59 -0.79139 -3.28841e+02 | 60  0.09712  2.68130e+00
60 variables; iteration 60; function evaluation 95; phase 2
Function value 2.1972304e+02; maximum gradient component mag -1.6665e+02
Var    Value     Gradient |Var    Value     Gradient |Var    Value     Gradient
  1  0.05141 -1.66653e+02 |  2 -0.00407 -1.00945e+02 |  3 -0.01673  1.05142e+01
  4 -0.01826  3.50756e+00 |  5 -0.01291  7.23949e+00 |  6 -0.01278  3.72275e+00
  7 -0.00406  3.79315e+00 |  8  0.00637  7.80802e+00 |  9  0.00325  2.24268e+00
 10 -0.00198  4.92719e+00 | 11 -0.01380  6.31681e+00 | 12 -0.01305  4.48977e+00
 13 -0.01228  1.42637e+00 | 14 -0.01824  1.70352e+00 | 15 -0.01091 -9.68196e+00
 16  0.02175 -1.37890e+01 | 17  0.00950 -1.51723e+01 | 18  0.01043 -1.98384e+01
 19  0.01787 -1.10682e+01 | 20  0.01636 -6.83503e+00 | 21  0.02653 -1.43784e+01
 22  0.07872 -9.75803e+00 | 23  0.00683 -9.57911e+00 | 24  0.02261 -9.85006e+00
 25  0.03441 -5.89939e+00 | 26  0.02183 -9.84878e+00 | 27  0.04543 -4.16291e+00
 28  0.00790 -3.64203e-01 | 29 -0.00884  6.99184e+00 | 30 -0.00684  9.90962e+00
 31 -0.01124  1.07952e+01 | 32 -0.00143  1.02458e+01 | 33  0.01239  3.78943e+00
 34  0.01004  6.54129e+00 | 35  0.00591  4.46322e+00 | 36  0.00574  7.78805e+00
 37  0.00826  7.21844e+00 | 38  0.01667  5.71918e+00 | 39 -0.01072  7.62746e+00
 40 -0.02587  9.37241e+00 | 41 -0.02401  2.12201e+00 | 42 -0.01095 -9.28952e-01
 43 -0.00275 -5.53079e+00 | 44 -0.00831 -9.82322e+00 | 45 -0.01914 -8.88341e-01
 46 -0.02650  9.62017e+00 | 47 -0.02311  5.07808e+00 | 48 -0.01027 -9.69588e-01
 49 -0.00372 -1.20521e+01 | 50 -0.01363 -1.99226e+00 | 51 -0.00717  5.86357e-01
 52 -0.01446  4.70031e-02 | 53 -0.00871 -1.28038e+00 | 54 -0.00552  6.19635e+00
 55 -0.01036  3.54639e+00 | 56 -0.00240 -1.06384e-01 | 57  0.00278  2.10957e+00
 58  0.00000  0.00000e+00 | 59 -0.77309 -1.27959e+02 | 60  0.10078  2.16264e+01
Maximum number of function evaluations exceeded

 - final statistics:
60 variables; iteration 64; function evaluation 100
Function value 2.1955e+02; maximum gradient component mag -1.7436e+02
Exit code = 3;  converg criter 1.0000e+01
Var    Value     Gradient |Var    Value     Gradient |Var    Value     Gradient
  1  0.05139 -1.74361e+02 |  2 -0.00653 -1.13447e+02 |  3 -0.01752  7.66142e+00
  4 -0.01829  1.07137e+00 |  5 -0.01483  3.03768e+00 |  6 -0.01257  1.76327e+00
  7 -0.00304  2.53280e+00 |  8  0.00461  4.33883e+00 |  9  0.00503  1.46875e+00
 10 -0.00344  1.62392e+00 | 11 -0.01402  4.20960e+00 | 12 -0.01208  3.70033e+00
 13 -0.01383 -1.05329e+00 | 14 -0.01757  2.47656e+00 | 15 -0.01134 -8.55705e+00
 16  0.02212 -1.00945e+01 | 17  0.00925 -1.14834e+01 | 18  0.01216 -1.59359e+01
 19  0.01596 -9.74024e+00 | 20  0.01586 -4.25454e+00 | 21  0.03101 -8.88524e+00
 22  0.07639 -4.06159e+00 | 23  0.00889 -5.10048e+00 | 24  0.02489 -3.99633e+00
 25  0.03255 -2.11307e+00 | 26  0.02410 -5.53946e+00 | 27  0.04494 -1.47401e+00
 28  0.00769 -2.91330e-01 | 29 -0.00901  6.08310e+00 | 30 -0.00697  8.27011e+00
 31 -0.01222  8.28557e+00 | 32 -0.00063  9.65325e+00 | 33  0.01156  2.00552e+00
 34  0.01017  5.65575e+00 | 35  0.00676  3.92195e+00 | 36  0.00489  5.41898e+00
 37  0.00763  5.34434e+00 | 38  0.01746  5.75495e+00 | 39 -0.01008  7.41337e+00
 40 -0.02741  6.24165e+00 | 41 -0.02462  2.04799e-01 | 42 -0.01016 -5.13011e-01
 43 -0.00193 -4.92496e+00 | 44 -0.00987 -1.16456e+01 | 45 -0.01831 -8.01400e-01
 46 -0.02587  9.46832e+00 | 47 -0.02393  3.10678e+00 | 48 -0.01113 -2.62563e+00
 49 -0.00256 -1.16181e+01 | 50 -0.01428 -2.86674e+00 | 51 -0.00736 -1.24975e-01
 52 -0.01411 -2.53880e-01 | 53 -0.00881 -2.13773e+00 | 54 -0.00634  4.83545e+00
 55 -0.00958  3.82987e+00 | 56 -0.00305 -6.01465e-01 | 57  0.00074  5.71498e-01
 58  0.00000  0.00000e+00 | 59 -0.77073 -1.34295e+02 | 60  0.10035  1.50368e+01

Initial statistics: 81 variables; iteration 0; function evaluation 0; phase 3
Function value 2.1955414e+02; maximum gradient component mag -6.3092e+02
Var    Value     Gradient |Var    Value     Gradient |Var    Value     Gradient
  1  0.05139 -1.74361e+02 |  2 -0.00653 -1.13447e+02 |  3 -0.01752  7.67568e+00
  4 -0.01829  1.08563e+00 |  5 -0.01483  3.05194e+00 |  6 -0.01257  1.77753e+00
  7 -0.00304  2.54706e+00 |  8  0.00461  4.35309e+00 |  9  0.00504  1.48302e+00
 10 -0.00344  1.63819e+00 | 11 -0.01402  4.22386e+00 | 12 -0.01208  3.71459e+00
 13 -0.01383 -1.03903e+00 | 14 -0.01757  2.49082e+00 | 15 -0.01133 -8.54279e+00
 16  0.02212 -1.00802e+01 | 17  0.00925 -1.14691e+01 | 18  0.01216 -1.59216e+01
 19  0.01596 -9.72598e+00 | 20  0.01586 -4.24027e+00 | 21  0.03101 -8.87100e+00
 22  0.07639 -4.04743e+00 | 23  0.00889 -5.08621e+00 | 24  0.02489 -3.98207e+00
 25  0.03255 -2.09883e+00 | 26  0.02410 -5.52520e+00 | 27  0.04494 -1.45979e+00
 28  0.00769 -2.77067e-01 | 29 -0.00901  6.09736e+00 | 30 -0.00697  8.28437e+00
 31 -0.01222  8.29983e+00 | 32 -0.00063  9.66752e+00 | 33  0.01156  2.01978e+00
 34  0.01017  5.67001e+00 | 35  0.00676  3.93621e+00 | 36  0.00489  5.43324e+00
 37  0.00763  5.35861e+00 | 38  0.01746  5.76921e+00 | 39 -0.01008  7.42764e+00
 40 -0.02741  6.25591e+00 | 41 -0.02462  2.19053e-01 | 42 -0.01016 -4.98748e-01
 43 -0.00193 -4.91070e+00 | 44 -0.00987 -1.16313e+01 | 45 -0.01831 -7.87141e-01
 46 -0.02587  9.48257e+00 | 47 -0.02393  3.12104e+00 | 48 -0.01113 -2.61137e+00
 49 -0.00256 -1.16039e+01 | 50 -0.01428 -2.85248e+00 | 51 -0.00736 -1.10711e-01
 52 -0.01411 -2.39619e-01 | 53 -0.00881 -2.12346e+00 | 54 -0.00634  4.84971e+00
 55 -0.00958  3.84413e+00 | 56 -0.00305 -6.01465e-01 | 57  0.00074  5.71498e-01
 58  0.00000  0.00000e+00 | 59 -0.77073 -1.34295e+02 | 60  0.20375 -2.28569e+02
 61  0.10408 -6.30922e+02 | 62  0.18961 -5.61003e+01 | 63 -0.00007  3.95311e-01
 64  0.06326  5.98236e+00 | 65  0.17418 -1.73342e+02 | 66  0.07530 -2.92095e+02
 67  0.16633 -1.17149e+02 | 68  0.00000 -2.91121e-03 | 69 -0.17934 -1.23439e+01
 70  0.14683  2.92181e+01 | 71  0.07387  5.64473e+00 | 72  0.12880 -4.28898e+01
 73  0.00000  1.81853e-29 | 74  0.03253  1.30099e+01 | 75 -0.06289  4.36256e+00
 76 -0.23700  1.27908e-04 | 77  0.10401 -4.49843e+00 | 78  0.70672  6.47793e-01
 79 -0.14795  1.74653e+00 | 80  0.10035  1.50368e+01 | 81 -0.65136 -4.41170e+00

Intermediate statistics: 81 variables; iteration 20; function evaluation 21; phase 3
Function value 2.1922580e+02; maximum gradient component mag 1.6045e+02
Var    Value     Gradient |Var    Value     Gradient |Var    Value     Gradient
  1  0.05172  1.60451e+02 |  2 -0.01239 -3.37246e+00 |  3 -0.02022 -9.51880e-01
  4 -0.01517 -1.43362e+00 |  5 -0.01470 -1.27643e+00 |  6 -0.01094 -1.09296e+00
  7 -0.00117 -6.66087e-01 |  8  0.00395 -8.50441e-01 |  9  0.00684 -1.39399e+00
 10 -0.00195 -1.63198e+00 | 11 -0.01484 -1.55379e+00 | 12 -0.01254 -1.19363e+00
 13 -0.01082 -1.73672e+00 | 14 -0.02145 -3.63630e+00 | 15 -0.00729 -7.11919e+00
 16  0.02023 -1.19861e+01 | 17  0.00713 -1.26397e+01 | 18  0.01515 -1.22993e+01
 19  0.01467 -9.15862e+00 | 20  0.01142 -6.24077e+00 | 21  0.03816 -4.36042e+00
 22  0.07083 -2.53210e+00 | 23  0.01300 -2.17254e+00 | 24  0.02573 -6.79144e-01
 25  0.02966  1.36483e+00 | 26  0.02830  3.46368e+00 | 27  0.04347  9.66310e+00
 28  0.01038  8.48807e+00 | 29 -0.01027  8.86794e+00 | 30 -0.00713  1.16707e+01
 31 -0.01200  1.20418e+01 | 32 -0.00322  1.32567e+01 | 33  0.01492  1.26088e+01
 34  0.00857  7.94904e+00 | 35  0.00715  4.23266e+00 | 36  0.00339  2.66519e+00
 37  0.00685  3.01313e+00 | 38  0.01853  5.00647e+00 | 39 -0.01087  2.79746e+00
 40 -0.02862 -2.07504e-01 | 41 -0.02290 -3.65237e+00 | 42 -0.01154 -6.93163e+00
 43 -0.00392 -9.11661e+00 | 44 -0.00443 -8.41164e+00 | 45 -0.01852 -5.79657e+00
 46 -0.03129 -4.06920e+00 | 47 -0.02483 -5.27672e+00 | 48 -0.01199 -7.35758e+00
 49  0.00291 -8.79553e+00 | 50 -0.01633 -7.76545e+00 | 51 -0.00891 -7.10326e+00
 52 -0.01440 -6.10300e+00 | 53 -0.00608 -5.49528e+00 | 54 -0.01082 -4.36521e+00
 55 -0.01351 -3.94642e+00 | 56 -0.00238 -9.61877e-02 | 57 -0.00001  2.36888e-04
 58  0.00000  0.00000e+00 | 59 -0.76654 -5.78774e+00 | 60  0.19396  6.48189e+00
 61  0.10794 -8.06218e+00 | 62  0.18758 -3.35209e+01 | 63  0.00008  4.08643e-07
 64  0.05940 -4.72902e-01 | 65  0.17341  8.76486e+01 | 66  0.07608  9.14557e+01
 67  0.16705 -2.25664e+01 | 68 -0.00002 -7.85105e-08 | 69 -0.17944  1.59358e+00
 70  0.14380  4.19648e+01 | 71  0.07682  1.56470e+01 | 72  0.12747 -5.86443e+01
 73  0.00000  3.94877e-29 | 74  0.03177  1.11465e+01 | 75 -0.06346  1.69783e+01
 76 -0.23700  3.38417e-04 | 77  0.10323 -2.18937e+01 | 78  0.70752  1.12197e+00
 79 -0.14980  1.72335e+00 | 80  0.09795  6.25320e+00 | 81 -0.65393 -2.81764e+00
81 variables; iteration 40; function evaluation 47; phase 3
Function value 2.1911309e+02; maximum gradient component mag 1.0945e+02
Var    Value     Gradient |Var    Value     Gradient |Var    Value     Gradient
  1  0.05178  1.09448e+02 |  2 -0.01203  2.49629e+01 |  3 -0.02109 -1.71608e+00
  4 -0.01564 -2.06222e+00 |  5 -0.01529 -2.03618e+00 |  6 -0.01100 -1.39654e+00
  7 -0.00097 -8.41057e-01 |  8  0.00400 -5.35173e-01 |  9  0.00741  7.74229e-02
 10 -0.00139  2.74618e-01 | 11 -0.01444  2.88157e-01 | 12 -0.01301 -4.62719e-01
 13 -0.01112 -7.43081e-01 | 14 -0.02129 -1.10317e+00 | 15 -0.00697 -2.52411e+00
 16  0.02011 -4.82578e+00 | 17  0.00805 -4.06230e+00 | 18  0.01569 -3.81184e+00
 19  0.01526 -3.19053e+00 | 20  0.01114 -2.86487e+00 | 21  0.03834 -1.70761e+00
 22  0.07064 -8.75867e-01 | 23  0.01347 -3.03678e-01 | 24  0.02527 -3.34652e-01
 25  0.03042  7.45932e-01 | 26  0.02721 -3.62365e-02 | 27  0.04391  3.32839e+00
 28  0.01038  2.87930e+00 | 29 -0.01072  2.99634e+00 | 30 -0.00800  3.67347e+00
 31 -0.01246  4.20871e+00 | 32 -0.00360  4.97843e+00 | 33  0.01493  4.07065e+00
 34  0.00784  2.06616e+00 | 35  0.00734  1.69551e+00 | 36  0.00369  1.70587e+00
 37  0.00729  1.71391e+00 | 38  0.01796  8.93297e-01 | 39 -0.01222 -3.82535e-01
 40 -0.02832  7.43195e-01 | 41 -0.02209  3.68654e-02 | 42 -0.01124 -1.95391e+00
 43 -0.00374 -3.39200e+00 | 44 -0.00336 -2.15913e+00 | 45 -0.01791 -1.16886e+00
 46 -0.03185 -1.26904e+00 | 47 -0.02488 -1.54458e+00 | 48 -0.01176 -2.30305e+00
 49  0.00379 -2.46212e+00 | 50 -0.01660 -3.15831e+00 | 51 -0.00840 -2.08551e+00
 52 -0.01461 -2.30976e+00 | 53 -0.00592 -1.69507e+00 | 54 -0.01089 -1.39617e+00
 55 -0.01378 -1.58826e+00 | 56 -0.00227  3.99085e-02 | 57 -0.00012 -7.64577e-02
 58  0.00000  0.00000e+00 | 59 -0.76670  2.37462e+01 | 60  0.19331  4.26152e+00
 61  0.10820  4.22615e+00 | 62  0.18773 -1.18785e+01 | 63  0.01053  5.19562e-05
 64  0.05955 -7.12277e-01 | 65  0.17283  8.09716e+01 | 66  0.07644  1.05990e+02
 67  0.16710  6.50582e+00 | 68 -0.00257  1.02502e-04 | 69 -0.18166  2.41581e+00
 70  0.14456  1.57045e+01 | 71  0.07597  5.89501e+00 | 72  0.12864 -1.78232e+01
 73  0.00000  1.57375e-29 | 74  0.03093  3.84630e+00 | 75 -0.06464  5.49629e+00
 76 -0.23702  1.54853e-04 | 77  0.10313 -8.12632e+00 | 78  0.71110  6.41217e-01
 79 -0.15048  8.25322e-01 | 80  0.09794  2.51823e+00 | 81 -0.65247 -3.03541e-02
81 variables; iteration 60; function evaluation 77; phase 3
Function value 2.1908605e+02; maximum gradient component mag 4.0001e+01
Var    Value     Gradient |Var    Value     Gradient |Var    Value     Gradient
  1  0.05183  3.24254e+01 |  2 -0.01278  1.41689e+01 |  3 -0.02056 -3.92207e-02
  4 -0.01511 -1.48640e-01 |  5 -0.01467 -8.80227e-02 |  6 -0.01082 -7.73387e-02
  7 -0.00111 -1.15436e-01 |  8  0.00407  6.56202e-03 |  9  0.00727  7.13352e-02
 10 -0.00167  4.74572e-02 | 11 -0.01506 -3.35865e-02 | 12 -0.01296 -1.22842e-02
 13 -0.01108  4.94894e-02 | 14 -0.02170 -7.12785e-02 | 15 -0.00723 -1.79188e-01
 16  0.02094 -1.51872e-01 | 17  0.00800 -2.02841e-01 | 18  0.01582 -1.19184e-01
 19  0.01526 -2.19923e-01 | 20  0.01187  6.09234e-03 | 21  0.03800 -1.01230e-01
 22  0.07064 -9.89850e-02 | 23  0.01314  1.24653e-01 | 24  0.02554 -1.40597e-02
 25  0.02965  5.14179e-02 | 26  0.02863 -8.18701e-02 | 27  0.04308  4.83184e-02
 28  0.01060  2.91357e-01 | 29 -0.01091  2.41839e-01 | 30 -0.00798  1.12226e-01
 31 -0.01291 -6.84082e-02 | 32 -0.00426  3.02523e-01 | 33  0.01491  2.05335e-01
 34  0.00813  6.85520e-02 | 35  0.00722 -7.24537e-02 | 36  0.00345  9.94878e-02
 37  0.00685  2.23114e-01 | 38  0.01815  3.92626e-02 | 39 -0.01169 -8.15947e-02
 40 -0.02899  7.58659e-02 | 41 -0.02265 -1.09531e-01 | 42 -0.01110 -1.59082e-01
 43 -0.00274  2.42028e-02 | 44 -0.00331 -1.00201e-01 | 45 -0.01820 -2.06222e-01
 46 -0.03193 -1.63305e-01 | 47 -0.02478  9.58838e-02 | 48 -0.01149 -8.62401e-02
 49  0.00362 -1.71999e-01 | 50 -0.01593 -2.91508e-01 | 51 -0.00867 -5.49395e-02
 52 -0.01432 -1.08635e-01 | 53 -0.00598  4.89138e-02 | 54 -0.01120 -1.32725e-01
 55 -0.01371 -1.05805e-01 | 56 -0.00234  2.02174e-02 | 57 -0.00001  6.04893e-03
 58  0.00000  0.00000e+00 | 59 -0.76630  1.45544e+01 | 60  0.19399  2.21590e+00
 61  0.10794  5.13809e+00 | 62  0.18811 -6.37671e-01 | 63  0.01863  9.19669e-05
 64  0.06031  3.98843e-02 | 65  0.17202  2.78489e+01 | 66  0.07700  4.00014e+01
 67  0.16701  7.57381e+00 | 68 -0.01076  4.01806e-03 | 69 -0.17978  1.53838e+00
 70  0.14285  2.08284e+00 | 71  0.07717  1.86147e+00 | 72  0.12822 -8.10626e-01
 73  0.00000  4.24497e-30 | 74  0.03075  2.09193e-01 | 75 -0.06430  3.09185e-01
 76 -0.23710  4.13397e-05 | 77  0.10364 -3.05949e-01 | 78  0.70948  1.32348e-02
 79 -0.15041 -9.83237e-02 | 80  0.09727  1.03638e-01 | 81 -0.65351 -7.38138e-02
Maximum number of function evaluations exceeded

 - final statistics:
81 variables; iteration 76; function evaluation 100
Function value 2.1908e+02; maximum gradient component mag 2.6305e+01
Exit code = 3;  converg criter 1.0000e+00
Var    Value     Gradient |Var    Value     Gradient |Var    Value     Gradient
  1  0.05184  1.28740e+01 |  2 -0.01287  8.70008e+00 |  3 -0.02060  4.50956e-02
  4 -0.01489  2.19599e-01 |  5 -0.01459  1.83508e-01 |  6 -0.01079  1.11271e-01
  7 -0.00102  5.06804e-02 |  8  0.00399 -2.75083e-02 |  9  0.00728  6.43361e-03
 10 -0.00171 -6.92319e-02 | 11 -0.01512 -9.64712e-02 | 12 -0.01289  7.12044e-02
 13 -0.01119  9.58908e-03 | 14 -0.02174  3.36846e-02 | 15 -0.00711  2.32520e-01
 16  0.02089  3.45011e-01 | 17  0.00811  3.91583e-01 | 18  0.01568  2.38355e-01
 19  0.01553  2.94669e-01 | 20  0.01161  1.13894e-01 | 21  0.03803  2.03571e-01
 22  0.07082  1.34093e-01 | 23  0.01272 -1.14945e-01 | 24  0.02573  3.23050e-02
 25  0.02941 -5.61550e-02 | 26  0.02893  1.47432e-01 | 27  0.04313 -2.15772e-01
 28  0.01038 -3.44648e-01 | 29 -0.01102 -3.11220e-01 | 30 -0.00804 -3.34867e-01
 31 -0.01249 -3.54871e-02 | 32 -0.00464 -5.24603e-01 | 33  0.01489 -4.43611e-01
 34  0.00814 -1.30427e-01 | 35  0.00742 -7.61526e-03 | 36  0.00332 -1.84884e-01
 37  0.00664 -1.92301e-01 | 38  0.01821 -1.07789e-01 | 39 -0.01154  8.32570e-02
 40 -0.02918 -1.51159e-02 | 41 -0.02266  4.76644e-02 | 42 -0.01086  2.76916e-01
 43 -0.00295  3.84479e-02 | 44 -0.00331  1.73820e-01 | 45 -0.01793  3.96354e-01
 46 -0.03188  1.46726e-01 | 47 -0.02505  2.40640e-02 | 48 -0.01143  2.04505e-01
 49  0.00363  2.76367e-01 | 50 -0.01565  3.80005e-01 | 51 -0.00883  1.28875e-01
 52 -0.01421  1.36034e-01 | 53 -0.00624 -6.21658e-02 | 54 -0.01109  1.07739e-01
 55 -0.01358  2.09081e-01 | 56 -0.00235  2.00080e-02 | 57 -0.00002 -5.44299e-03
 58  0.00000  0.00000e+00 | 59 -0.76659  9.17668e+00 | 60  0.19401  2.10894e+00
 61  0.10793  5.85635e+00 | 62  0.18815  9.38277e-01 | 63  0.01979  9.77093e-05
 64  0.06027 -8.07431e-03 | 65  0.17085  1.78000e+01 | 66  0.07794  2.63049e+01
 67  0.16666  5.51560e+00 | 68 -0.02851 -1.18029e-04 | 69 -0.17967  9.97653e-01
 70  0.14257 -8.45483e-01 | 71  0.07698  1.80255e-01 | 72  0.12814  1.50129e+00
 73  0.00000 -5.37493e-31 | 74  0.03077 -3.08866e-01 | 75 -0.06437 -5.31552e-01
 76 -0.23737  8.07170e-06 | 77  0.10365  6.13278e-01 | 78  0.70931 -3.30284e-02
 79 -0.15023  8.05252e-02 | 80  0.09725 -2.03773e-01 | 81 -0.65342  1.45064e-01

Initial statistics: 91 variables; iteration 0; function evaluation 0; phase 4
Function value 2.1908384e+02; maximum gradient component mag 2.6305e+01
Var    Value     Gradient |Var    Value     Gradient |Var    Value     Gradient
  1  0.05184  1.28740e+01 |  2 -0.01287  8.70008e+00 |  3  0.00000  2.43151e+01
  4  0.00000  2.17016e+01 |  5  0.00000  1.47346e+01 |  6  0.00000  1.31031e+01
  7  0.00000  1.20722e+01 |  8  0.00000  2.13529e+00 |  9  0.00000 -2.04055e-01
 10  0.00000 -1.49831e-01 | 11  0.00000  4.14356e+00 | 12  0.00000  1.58278e+01
 13 -0.02060  3.20693e-03 | 14 -0.01489  1.77699e-01 | 15 -0.01459  1.41608e-01
 16 -0.01079  6.93666e-02 | 17 -0.00102  8.76984e-03 | 18  0.00399 -6.94181e-02
 19  0.00728 -3.54743e-02 | 20 -0.00171 -1.11142e-01 | 21 -0.01512 -1.38370e-01
 22 -0.01290  2.93024e-02 | 23 -0.01119 -3.23151e-02 | 24 -0.02174 -8.20162e-03
 25 -0.00711  1.90612e-01 | 26  0.02089  3.03123e-01 | 27  0.00811  3.49676e-01
 28  0.01568  1.96457e-01 | 29  0.01553  2.52771e-01 | 30  0.01161  7.19901e-02
 31  0.03803  1.61735e-01 | 32  0.07081  9.24414e-02 | 33  0.01272 -1.56847e-01
 34  0.02572 -9.57144e-03 | 35  0.02941 -9.80210e-02 | 36  0.02893  1.05565e-01
 37  0.04313 -2.57587e-01 | 38  0.01038 -3.86553e-01 | 39 -0.01102 -3.53124e-01
 40 -0.00804 -3.76774e-01 | 41 -0.01249 -7.73896e-02 | 42 -0.00464 -5.66512e-01
 43  0.01489 -4.85510e-01 | 44  0.00814 -1.72334e-01 | 45  0.00742 -4.95230e-02
 46  0.00332 -2.26794e-01 | 47  0.00663 -2.34209e-01 | 48  0.01820 -1.49682e-01
 49 -0.01154  4.13533e-02 | 50 -0.02918 -5.69825e-02 | 51 -0.02266  5.78031e-03
 52 -0.01086  2.35012e-01 | 53 -0.00295 -3.46232e-03 | 54 -0.00331  1.31910e-01
 55 -0.01793  3.54460e-01 | 56 -0.03188  1.04867e-01 | 57 -0.02505 -1.78142e-02
 58 -0.01143  1.62601e-01 | 59  0.00363  2.34458e-01 | 60 -0.01565  3.38107e-01
 61 -0.00883  8.69685e-02 | 62 -0.01421  9.41338e-02 | 63 -0.00624 -1.04074e-01
 64 -0.01109  6.58347e-02 | 65 -0.01358  1.67180e-01 | 66 -0.00235  2.00080e-02
 67 -0.00002 -5.44299e-03 | 68  0.00000  0.00000e+00 | 69 -0.76659  9.17668e+00
 70  0.19401  2.10894e+00 | 71  0.10793  5.85635e+00 | 72  0.18815  9.38277e-01
 73  0.01979  9.77093e-05 | 74  0.06027 -8.07431e-03 | 75  0.17085  1.78000e+01
 76  0.07794  2.63049e+01 | 77  0.16666  5.51560e+00 | 78 -0.02851 -1.18029e-04
 79 -0.17967  9.97653e-01 | 80  0.14257 -8.45483e-01 | 81  0.07698  1.80255e-01
 82  0.12814  1.50129e+00 | 83  0.00000 -5.37493e-31 | 84  0.03077 -3.08866e-01
 85 -0.06437 -5.31552e-01 | 86 -0.23737  8.07170e-06 | 87  0.10365  6.13278e-01
 88  0.70931 -3.30284e-02 | 89 -0.15023  8.05252e-02 | 90  0.09725 -2.03773e-01
 91 -0.65342  1.45064e-01 |

Intermediate statistics: 91 variables; iteration 20; function evaluation 30; phase 4
Function value 2.1852706e+02; maximum gradient component mag 7.2420e+01
Var    Value     Gradient |Var    Value     Gradient |Var    Value     Gradient
  1  0.05149 -3.58894e+00 |  2 -0.01306  4.11146e+01 |  3 -0.01346  1.29642e+01
  4 -0.01156  1.23166e+01 |  5 -0.00761  9.37662e+00 |  6 -0.00682  8.67279e+00
  7 -0.00700  7.94180e+00 |  8  0.00047  4.63745e+00 |  9  0.00325  4.83812e+00
 10  0.00438  6.47809e+00 | 11  0.00329  1.02290e+01 | 12 -0.00276  1.62792e+01
 13 -0.01617  8.77557e+00 | 14 -0.01385  5.68222e+00 | 15 -0.01644  2.23810e+00
 16 -0.01282  1.49870e+00 | 17 -0.00186  2.76904e+00 | 18  0.00377  3.74868e+00
 19  0.00732  4.38230e+00 | 20 -0.00158  4.26615e+00 | 21 -0.01501  3.50671e+00
 22 -0.01314  2.23501e+00 | 23 -0.01175  3.22380e-01 | 24 -0.02255 -5.38419e-01
 25 -0.00757 -8.12640e-01 | 26  0.02136 -1.25973e+00 | 27  0.00872 -9.57065e-01
 28  0.01597 -1.80165e+00 | 29  0.01537 -1.65103e+00 | 30  0.01220 -5.26824e-01
 31  0.03879 -8.06342e-01 | 32  0.07144 -2.56864e+00 | 33  0.01329 -7.71468e-01
 34  0.02551 -2.36309e+00 | 35  0.02924 -3.50688e+00 | 36  0.02846 -3.83972e+00
 37  0.04271 -6.15162e+00 | 38  0.01032 -3.88120e+00 | 39 -0.01104 -2.60834e+00
 40 -0.00790 -3.11112e+00 | 41 -0.01243 -3.58190e+00 | 42 -0.00427 -5.37794e+00
 43  0.01458 -7.16695e+00 | 44  0.00729 -4.50221e+00 | 45  0.00775 -1.52642e+00
 46  0.00447  5.23178e-01 | 47  0.00749  6.83450e-01 | 48  0.01796 -7.39962e-01
 49 -0.01203 -2.93694e-01 | 50 -0.02945  3.16822e-01 | 51 -0.02281  6.77417e-01
 52 -0.01079  1.11670e+00 | 53 -0.00323  6.32965e-01 | 54 -0.00412  4.02574e-01
 55 -0.01842  1.20125e+00 | 56 -0.03152  1.93265e+00 | 57 -0.02471  1.96786e+00
 58 -0.01185  1.62277e+00 | 59  0.00288  1.25040e+00 | 60 -0.01610  1.76612e+00
 61 -0.00896  1.83322e+00 | 62 -0.01423  2.06777e+00 | 63 -0.00618  2.11699e+00
 64 -0.01097  2.48272e+00 | 65 -0.01285  3.04067e+00 | 66 -0.00232  9.55337e-02
 67 -0.00002  2.10296e-05 | 68  0.00000  0.00000e+00 | 69 -0.76448  4.05570e+01
 70  0.20410  2.62410e+01 | 71  0.10410  7.07237e+01 | 72  0.19059  2.31179e+01
 73  0.02214  3.90006e-04 | 74  0.06862  9.34802e+00 | 75  0.17200  4.81467e+01
 76  0.07696  7.24197e+01 | 77  0.16563  8.00237e-01 | 78 -0.02850  2.35574e-02
 79 -0.17874  4.26000e+00 | 80  0.14636  4.27276e-01 | 81  0.07133 -1.44945e-02
 82  0.12924  2.60026e+00 | 83 -0.00000 -1.10512e-30 | 84  0.03231  3.33715e+00
 85 -0.06358 -4.93069e+00 | 86 -0.23737  1.97775e-05 | 87  0.10420  9.10748e+00
 88  0.70893  4.89992e-01 | 89 -0.14816  1.15745e+00 | 90  0.09978  7.20225e+00
 91 -0.65095 -1.26459e+00 |
91 variables; iteration 40; function evaluation 54; phase 4
Function value 2.1831287e+02; maximum gradient component mag -7.4731e+01
Var    Value     Gradient |Var    Value     Gradient |Var    Value     Gradient
  1  0.05161 -7.47311e+01 |  2 -0.01488  2.59914e+01 |  3 -0.01894  6.16605e+00
  4 -0.01644  5.60623e+00 |  5 -0.01081  3.79883e+00 |  6 -0.00950  3.49060e+00
  7 -0.00958  3.12522e+00 |  8  0.00132  2.56817e+00 |  9  0.00459  2.58763e+00
 10  0.00480  2.01881e+00 | 11  0.00159  1.94490e+00 | 12 -0.00817  3.76522e+00
 13 -0.01670  1.80464e+00 | 14 -0.01437  1.39011e-01 | 15 -0.01619 -6.11599e-01
 16 -0.01220 -3.44140e-01 | 17 -0.00140  1.08449e-01 | 18  0.00419  3.55375e-01
 19  0.00789  3.45528e-01 | 20 -0.00100  2.64052e-01 | 21 -0.01483 -2.98355e-03
 22 -0.01293 -3.40950e-01 | 23 -0.01139 -1.14817e+00 | 24 -0.02249 -1.80541e+00
 25 -0.00716 -2.66597e+00 | 26  0.02134 -5.62828e+00 | 27  0.00870 -5.76996e+00
 28  0.01508 -7.22175e+00 | 29  0.01537 -4.89508e+00 | 30  0.01232 -2.45021e+00
 31  0.03852 -3.20717e+00 | 32  0.07143 -5.69147e+00 | 33  0.01256 -2.38695e+00
 34  0.02612 -2.13124e+00 | 35  0.02872 -2.47901e+00 | 36  0.02955 -1.48051e+00
 37  0.04182 -4.61038e+00 | 38  0.01026 -2.79541e+00 | 39 -0.01129 -1.56278e+00
 40 -0.00786 -8.22776e-01 | 41 -0.01216 -1.92826e-02 | 42 -0.00408 -1.04361e+00
 43  0.01457 -3.03070e+00 | 44  0.00705 -2.38608e+00 | 45  0.00751 -6.82158e-01
 46  0.00433  1.04509e+00 | 47  0.00725  1.57285e+00 | 48  0.01787  1.32433e+00
 49 -0.01240  1.40544e+00 | 50 -0.02974  2.12521e+00 | 51 -0.02283  3.65431e+00
 52 -0.01057  5.19743e+00 | 53 -0.00318  4.74184e+00 | 54 -0.00431  3.77700e+00
 55 -0.01881  3.53972e+00 | 56 -0.03157  4.18329e+00 | 57 -0.02447  4.98055e+00
 58 -0.01164  5.17078e+00 | 59  0.00274  4.35835e+00 | 60 -0.01663  3.15254e+00
 61 -0.00955  3.03366e+00 | 62 -0.01417  3.94878e+00 | 63 -0.00566  4.48167e+00
 64 -0.01069  3.69730e+00 | 65 -0.01267  3.18618e+00 | 66 -0.00240 -8.94456e-03
 67 -0.00002 -3.56852e-04 | 68  0.00000  0.00000e+00 | 69 -0.76350  3.01398e+01
 70  0.20294 -3.37507e+01 | 71  0.10461 -6.82732e+01 | 72  0.19005  3.20504e+01
 73  0.17437  3.35737e-01 | 74  0.06318  2.86515e+00 | 75  0.16995  3.17003e+00
 76  0.07856  1.69036e+01 | 77  0.16478  2.74400e+00 | 78 -0.02102  2.67952e-02
 79 -0.17751  3.10532e+00 | 80  0.14634  2.29711e+00 | 81  0.07019 -1.69616e-02
 82  0.12876 -4.43390e+00 | 83  0.00000 -1.37520e-30 | 84  0.03235  1.25210e+00
 85 -0.06369 -5.90508e+00 | 86 -0.23736 -1.07169e-04 | 87  0.10388  6.67852e+00
 88  0.71037 -5.24115e-01 | 89 -0.14977 -2.24141e+00 | 90  0.10003  5.10079e-01
 91 -0.64965  1.86348e+00 |
91 variables; iteration 60; function evaluation 85; phase 4
Function value 2.1819655e+02; maximum gradient component mag 1.0909e+02
Var    Value     Gradient |Var    Value     Gradient |Var    Value     Gradient
  1  0.05170  1.09088e+02 |  2 -0.01291  5.48650e+01 |  3 -0.02447  5.73434e-01
  4 -0.02139  3.97265e-01 |  5 -0.01412  1.92999e-02 |  6 -0.01268 -7.70652e-02
  7 -0.01210  2.38806e-01 |  8 -0.00017  2.31705e-01 |  9  0.00355  2.90306e-01
 10  0.00457  1.12325e-01 | 11  0.00124 -2.23053e-01 | 12 -0.01147 -3.89227e-01
 13 -0.01609 -5.17532e-01 | 14 -0.01304  1.15059e-01 | 15 -0.01513  2.59106e-01
 16 -0.01184 -2.70214e-01 | 17 -0.00107 -6.38860e-01 | 18  0.00453 -7.99621e-01
 19  0.00810 -5.90425e-01 | 20 -0.00084 -1.98136e-01 | 21 -0.01433  4.17872e-02
 22 -0.01296 -3.92438e-01 | 23 -0.01181 -7.00687e-01 | 24 -0.02211 -1.09954e-01
 25 -0.00737 -6.00413e-02 | 26  0.02133 -1.99339e-01 | 27  0.00841 -4.93648e-01
 28  0.01628 -1.88179e-01 | 29  0.01512 -5.49063e-01 | 30  0.01256 -6.67318e-02
 31  0.03831 -4.97218e-01 | 32  0.07137 -7.52145e-02 | 33  0.01409  6.22659e-01
 34  0.02494 -1.56649e-01 | 35  0.02951  3.82265e-01 | 36  0.02846  2.20390e-01
 37  0.04178 -3.87333e-01 | 38  0.01053  3.31172e-01 | 39 -0.01119  2.16150e-01
 40 -0.00807  3.73266e-01 | 41 -0.01266  4.31745e-01 | 42 -0.00419  3.41131e-01
 43  0.01456 -1.17102e-01 | 44  0.00728 -2.25956e-01 | 45  0.00751 -7.32191e-02
 46  0.00425  1.58415e-01 | 47  0.00733  2.77664e-01 | 48  0.01774  1.33795e-01
 49 -0.01238 -1.27984e-01 | 50 -0.02992 -1.66217e-01 | 51 -0.02271  8.34862e-01
 52 -0.01115  7.33257e-01 | 53 -0.00391  1.55148e-01 | 54 -0.00451  3.85652e-01
 55 -0.01858  6.67089e-01 | 56 -0.03200  1.85480e-01 | 57 -0.02508  2.88623e-01
 58 -0.01204  6.05763e-01 | 59  0.00237  3.73332e-01 | 60 -0.01669  1.77447e-01
 61 -0.00912  4.62330e-01 | 62 -0.01464 -1.57587e-03 | 63 -0.00633 -9.50605e-02
 64 -0.01109 -1.40922e-01 | 65 -0.01332 -3.38903e-01 | 66 -0.00236 -1.00722e-02
 67 -0.00002  1.37838e-04 | 68  0.00000  0.00000e+00 | 69 -0.76571  5.62674e+01
 70  0.20329 -5.90135e-01 | 71  0.10444 -1.55916e-01 | 72  0.18960  2.76534e+00
 73  0.08340 -8.19878e-04 | 74  0.06369  6.18314e-01 | 75  0.17036 -7.17603e+01
 76  0.07830 -6.04924e+01 | 77  0.16507  3.05715e+01 | 78  0.02510  4.84774e-01
 79 -0.17864  5.94180e+00 | 80  0.14705  1.41954e-01 | 81  0.06896 -1.64558e-02
 82  0.12894 -8.25741e-02 | 83  0.00000 -1.51706e-30 | 84  0.03252  7.74271e-02
 85 -0.06311 -5.04867e-01 | 86 -0.23735 -7.89507e-06 | 87  0.10395  6.76001e-01
 88  0.70780  9.63778e-03 | 89 -0.14846 -3.09003e-01 | 90  0.09961 -2.44582e-01
 91 -0.65137  1.83039e-01 |
91 variables; iteration 80; function evaluation 115; phase 4
Function value 2.1818928e+02; maximum gradient component mag -1.0261e+01
Var    Value     Gradient |Var    Value     Gradient |Var    Value     Gradient
  1  0.05170 -1.02614e+01 |  2 -0.01275 -5.46709e+00 |  3 -0.02524 -1.44301e-01
  4 -0.02204 -1.91196e-01 |  5 -0.01419 -4.67591e-03 |  6 -0.01266 -7.61930e-03
  7 -0.01241 -2.21477e-02 |  8 -0.00045 -7.90087e-02 |  9  0.00330 -4.73116e-02
 10  0.00420 -2.48017e-01 | 11  0.00119 -1.64073e-01 | 12 -0.01140 -1.01676e-01
 13 -0.01566  5.90176e-02 | 14 -0.01318  1.50459e-01 | 15 -0.01551  4.36227e-02
 16 -0.01190 -1.05267e-01 | 17 -0.00087 -6.26733e-02 | 18  0.00481 -1.03720e-01
 19  0.00815 -2.09863e-01 | 20 -0.00104 -2.37086e-01 | 21 -0.01435  7.87577e-02
 22 -0.01289 -1.33789e-01 | 23 -0.01150 -7.38558e-02 | 24 -0.02231 -7.89836e-03
 25 -0.00757 -1.36481e-02 | 26  0.02142  1.63881e-01 | 27  0.00870  5.23903e-03
 28  0.01594 -1.19877e-01 | 29  0.01554  2.14239e-02 | 30  0.01207 -1.16793e-01
 31  0.03875  7.82138e-02 | 32  0.07146  8.81387e-02 | 33  0.01322 -8.43787e-02
 34  0.02561  8.30478e-02 | 35  0.02921  1.08998e-01 | 36  0.02815  5.14910e-02
 37  0.04230  1.41281e-02 | 38  0.00994 -6.32530e-02 | 39 -0.01109  1.81465e-01
 40 -0.00799  2.13368e-01 | 41 -0.01271  8.91055e-02 | 42 -0.00431  7.35417e-02
 43  0.01463  1.22967e-01 | 44  0.00725  1.49819e-02 | 45  0.00771  1.68397e-01
 46  0.00412 -9.76399e-02 | 47  0.00735  2.18706e-02 | 48  0.01759 -1.23372e-01
 49 -0.01217  8.74791e-02 | 50 -0.02961  9.49917e-03 | 51 -0.02320 -1.14053e-01
 52 -0.01131  6.54554e-02 | 53 -0.00363  1.16102e-01 | 54 -0.00456  6.19025e-03
 55 -0.01894 -8.68446e-02 | 56 -0.03185 -4.40988e-02 | 57 -0.02504 -8.68784e-02
 58 -0.01229 -4.05298e-02 | 59  0.00239  2.36629e-03 | 60 -0.01660 -3.59178e-02
 61 -0.00937 -9.19092e-02 | 62 -0.01458 -1.48198e-01 | 63 -0.00631 -1.43235e-01
 64 -0.01096 -1.45428e-03 | 65 -0.01284  7.36758e-02 | 66 -0.00233  1.54601e-02
 67 -0.00002 -1.75762e-03 | 68  0.00000  0.00000e+00 | 69 -0.76566 -5.63404e+00
 70  0.20334 -6.28956e-02 | 71  0.10442  5.85892e-03 | 72  0.18954  1.55018e-01
 73  0.09324  2.15126e-03 | 74  0.06310 -6.31230e-02 | 75  0.17187 -4.82992e+00
 76  0.07714 -7.69123e+00 | 77  0.16558 -2.95209e+00 | 78  0.02513 -7.61698e-02
 79 -0.17841 -5.68438e-01 | 80  0.14709 -1.52715e-01 | 81  0.06898 -1.80150e-02
 82  0.12893  3.71009e-01 | 83  0.00000 -1.56601e-30 | 84  0.03255 -3.42213e-02
 85 -0.06292  8.67455e-02 | 86 -0.23730 -1.84005e-05 | 87  0.10400 -2.56155e-01
 88  0.70663 -6.21956e-02 | 89 -0.14806 -1.10487e-01 | 90  0.09962 -7.57463e-03
 91 -0.65151 -6.90093e-02 |
91 variables; iteration 100; function evaluation 154; phase 4
Function value 2.1818774e+02; maximum gradient component mag 9.4148e+00
Var    Value     Gradient |Var    Value     Gradient |Var    Value     Gradient
  1  0.05169  4.29910e+00 |  2 -0.01279  2.78031e+00 |  3 -0.02514  2.47210e-02
  4 -0.02192  9.39203e-04 |  5 -0.01425  1.80150e-02 |  6 -0.01273  3.54766e-03
  7 -0.01247  1.06934e-02 |  8 -0.00050 -2.09258e-02 |  9  0.00319  5.80882e-03
 10  0.00432  2.99072e-02 | 11  0.00120  6.20358e-03 | 12 -0.01137 -2.52643e-02
 13 -0.01577 -5.38442e-03 | 14 -0.01333  1.36234e-02 | 15 -0.01557  2.82307e-02
 16 -0.01185  2.28946e-02 | 17 -0.00095 -1.21558e-02 | 18  0.00481  9.15928e-03
 19  0.00818 -3.56116e-03 | 20 -0.00094  2.23487e-02 | 21 -0.01452  2.69626e-02
 22 -0.01280 -1.12517e-02 | 23 -0.01146  9.59740e-03 | 24 -0.02239 -5.87188e-03
 25 -0.00752  1.00679e-02 | 26  0.02136 -4.63567e-02 | 27  0.00877 -1.93907e-02
 28  0.01605  3.58156e-03 | 29  0.01540 -4.40694e-02 | 30  0.01228 -4.52979e-03
 31  0.03869 -3.11992e-02 | 32  0.07147 -3.97620e-02 | 33  0.01339  8.42989e-03
 34  0.02555 -1.13691e-02 | 35  0.02921 -8.82614e-03 | 36  0.02815 -2.96875e-02
 37  0.04230 -5.27664e-02 | 38  0.01006 -5.65125e-03 | 39 -0.01122 -1.30753e-02
 40 -0.00806 -3.52821e-02 | 41 -0.01261 -9.34347e-03 | 42 -0.00426 -3.47834e-02
 43  0.01458 -4.24850e-02 | 44  0.00736 -4.90010e-02 | 45  0.00758 -1.90982e-02
 46  0.00428 -4.57517e-04 | 47  0.00730  4.05273e-03 | 48  0.01772 -1.03667e-02
 49 -0.01229 -7.81069e-03 | 50 -0.02963  5.05274e-03 | 51 -0.02310  2.23490e-02
 52 -0.01132  4.46892e-02 | 53 -0.00371 -9.61418e-04 | 54 -0.00457  3.02021e-02
 55 -0.01889  3.42651e-02 | 56 -0.03187  1.38438e-02 | 57 -0.02502  1.65558e-02
 58 -0.01224  7.13336e-02 | 59  0.00233  7.56407e-03 | 60 -0.01659  5.03467e-02
 61 -0.00937  3.58074e-02 | 62 -0.01454  3.48081e-02 | 63 -0.00624  2.51722e-02
 64 -0.01103  1.18620e-02 | 65 -0.01297  2.75646e-02 | 66 -0.00235  1.11731e-03
 67 -0.00003 -7.33037e-03 | 68  0.00000  0.00000e+00 | 69 -0.76527  2.83769e+00
 70  0.20356 -8.87031e-02 | 71  0.10434 -7.45755e-02 | 72  0.18958  1.09951e-01
 73  0.09109 -6.60388e-04 | 74  0.06325 -2.44838e-03 | 75  0.17319  6.23557e+00
 76  0.07614  9.41476e+00 | 77  0.16601  1.46279e+00 | 78  0.03229  7.90816e-03
 79 -0.17946  3.16516e-01 | 80  0.14712 -7.63229e-02 | 81  0.06920 -2.16862e-02
 82  0.12892  1.05002e-01 | 83  0.00000 -1.63081e-30 | 84  0.03259 -2.10385e-02
 85 -0.06292 -4.74520e-02 | 86 -0.23718 -7.44428e-06 | 87  0.10400  5.46322e-02
 88  0.70680 -2.59160e-03 | 89 -0.14800 -1.48486e-02 | 90  0.09970 -2.02002e-02
 91 -0.65137  2.72857e-02 |
91 variables; iteration 120; function evaluation 193; phase 4
Function value 2.1818679e+02; maximum gradient component mag 7.9781e-01
Var    Value     Gradient |Var    Value     Gradient |Var    Value     Gradient
  1  0.05168  7.97813e-01 |  2 -0.01278  1.17722e-01 |  3 -0.02520  1.14627e-03
  4 -0.02196  3.94150e-04 |  5 -0.01431  2.29555e-03 |  6 -0.01278  5.85257e-03
  7 -0.01253  2.25202e-03 |  8 -0.00051  6.47335e-03 |  9  0.00314  5.00455e-03
 10  0.00425  5.88365e-03 | 11  0.00115  9.53639e-03 | 12 -0.01137  9.33308e-03
 13 -0.01576  3.10005e-03 | 14 -0.01335  3.41465e-03 | 15 -0.01560  2.08502e-04
 16 -0.01189  6.78635e-04 | 17 -0.00094  2.77113e-03 | 18  0.00481  3.11668e-03
 19  0.00820  6.81933e-03 | 20 -0.00097  4.28916e-03 | 21 -0.01455  1.03651e-04
 22 -0.01276  3.89403e-03 | 23 -0.01147 -3.07894e-03 | 24 -0.02241  1.20454e-03
 25 -0.00756 -5.02349e-03 | 26  0.02142  5.66223e-03 | 27  0.00880  3.13484e-03
 28  0.01602 -2.59652e-03 | 29  0.01543  1.86844e-03 | 30  0.01228 -3.84506e-05
 31  0.03872 -1.52400e-04 | 32  0.07150  9.14350e-03 | 33  0.01337  3.17457e-03
 34  0.02556  6.03012e-03 | 35  0.02920  3.73457e-04 | 36  0.02815  2.56286e-03
 37  0.04232  1.02527e-02 | 38  0.01002  6.39619e-03 | 39 -0.01123  4.69485e-03
 40 -0.00802  1.36745e-02 | 41 -0.01261  7.88674e-03 | 42 -0.00423  8.09083e-03
 43  0.01455  7.19166e-03 | 44  0.00739  6.50563e-03 | 45  0.00758  2.50371e-03
 46  0.00429  1.78486e-03 | 47  0.00731  2.05105e-03 | 48  0.01772  3.42387e-03
 49 -0.01229 -2.45017e-03 | 50 -0.02964 -3.11634e-03 | 51 -0.02310 -5.97457e-03
 52 -0.01133 -3.98076e-03 | 53 -0.00369 -1.20527e-03 | 54 -0.00459 -6.64395e-03
 55 -0.01891 -8.89948e-03 | 56 -0.03185 -7.89395e-03 | 57 -0.02500 -7.56758e-03
 58 -0.01229 -1.25825e-02 | 59  0.00235 -6.15476e-03 | 60 -0.01662 -8.87151e-03
 61 -0.00938 -8.30609e-03 | 62 -0.01454 -1.15852e-02 | 63 -0.00623 -9.03942e-03
 64 -0.01102 -1.08805e-02 | 65 -0.01299 -1.22080e-02 | 66 -0.00235  7.42028e-04
 67 -0.00001  2.52386e-03 | 68  0.00000  0.00000e+00 | 69 -0.76499  1.17108e-01
 70  0.20375  8.97484e-03 | 71  0.10426 -3.64254e-03 | 72  0.18961 -4.31089e-02
 73  0.09172  2.97533e-04 | 74  0.06327  6.52281e-03 | 75  0.17420  5.55477e-01
 76  0.07529  7.07439e-01 | 77  0.16634  7.20329e-02 | 78  0.00698  5.76318e-05
 79 -0.17935  1.79309e-02 | 80  0.14683  6.25032e-02 | 81  0.07386 -3.05471e-03
 82  0.12880 -1.23640e-01 | 83  0.00000 -1.07656e-30 | 84  0.03254  2.54411e-02
 85 -0.06289  4.73497e-03 | 86 -0.23729 -1.19847e-05 | 87  0.10401 -3.14687e-03
 88  0.70672  1.08300e-03 | 89 -0.14795  3.99399e-03 | 90  0.09974  3.75661e-03
 91 -0.65136 -3.65803e-03 |
91 variables; iteration 140; function evaluation 213; phase 4
Function value 2.1818679e+02; maximum gradient component mag 4.2000e-02
Var    Value     Gradient |Var    Value     Gradient |Var    Value     Gradient
  1  0.05168  2.62443e-02 |  2 -0.01278  2.09391e-02 |  3 -0.02519  4.18336e-06
  4 -0.02195 -9.20674e-05 |  5 -0.01431 -8.61901e-05 |  6 -0.01278 -7.28578e-05
  7 -0.01253 -3.54885e-04 |  8 -0.00051  2.89464e-05 |  9  0.00315  5.33619e-05
 10  0.00425  2.24081e-04 | 11  0.00115  1.91172e-04 | 12 -0.01137  1.31055e-04
 13 -0.01577  6.65938e-04 | 14 -0.01335  6.41003e-04 | 15 -0.01560  6.14182e-04
 16 -0.01189  9.54968e-04 | 17 -0.00094  1.04857e-03 | 18  0.00481  1.04315e-03
 19  0.00820  9.82454e-04 | 20 -0.00097  8.13166e-04 | 21 -0.01454  6.27323e-04
 22 -0.01277  6.73744e-04 | 23 -0.01146  2.52966e-04 | 24 -0.02241 -1.87133e-04
 25 -0.00756 -1.06576e-03 | 26  0.02142 -1.55257e-03 | 27  0.00880 -1.04609e-03
 28  0.01602 -1.00863e-03 | 29  0.01543 -8.79934e-04 | 30  0.01228 -8.88073e-04
 31  0.03872 -1.11265e-03 | 32  0.07150 -1.51881e-03 | 33  0.01337 -3.57708e-04
 34  0.02556 -6.27434e-04 | 35  0.02920 -7.52031e-04 | 36  0.02815 -8.69540e-04
 37  0.04232 -9.78328e-04 | 38  0.01002 -5.80467e-04 | 39 -0.01123 -3.91387e-04
 40 -0.00803 -6.87692e-05 | 41 -0.01260 -6.27599e-05 | 42 -0.00423 -3.79136e-05
 43  0.01455 -2.35972e-04 | 44  0.00739 -1.55661e-04 | 45  0.00759  7.84347e-05
 46  0.00429  3.48997e-04 | 47  0.00731  2.52859e-04 | 48  0.01772  4.00076e-04
 49 -0.01229  2.84749e-04 | 50 -0.02964  4.45436e-04 | 51 -0.02310  2.25891e-04
 52 -0.01133  1.00077e-04 | 53 -0.00369  6.73535e-05 | 54 -0.00459  2.61461e-04
 55 -0.01891  3.84897e-04 | 56 -0.03185  3.28490e-04 | 57 -0.02500  3.64385e-04
 58 -0.01229  3.68678e-04 | 59  0.00235  4.86782e-04 | 60 -0.01662  5.45986e-04
 61 -0.00938  4.15096e-04 | 62 -0.01454  2.53985e-04 | 63 -0.00623  2.22276e-04
 64 -0.01102  9.34181e-05 | 65 -0.01299  3.65024e-04 | 66 -0.00235  4.16516e-05
 67 -0.00002  5.27953e-05 | 68  0.00000  0.00000e+00 | 69 -0.76499  2.12570e-02
 70  0.20376 -6.20353e-03 | 71  0.10426 -1.51051e-02 | 72  0.18961  3.74596e-03
 73  0.09160 -3.19164e-05 | 74  0.06327 -4.32578e-05 | 75  0.17419  2.69720e-02
 76  0.07530  4.20004e-02 | 77  0.16633  1.35378e-02 | 78  0.00688  3.53239e-05
 79 -0.17934  2.68122e-03 | 80  0.14683  2.54337e-03 | 81  0.07387 -1.72953e-04
 82  0.12880 -5.28927e-03 | 83  0.00000 -1.06798e-30 | 84  0.03253  1.09904e-03
 85 -0.06289 -6.37544e-04 | 86 -0.23707 -3.01880e-06 | 87  0.10401  8.28366e-04
 88  0.70672 -4.60232e-05 | 89 -0.14795 -1.97092e-05 | 90  0.09974 -4.62068e-04
 91 -0.65136  1.21123e-04 |
91 variables; iteration 160; function evaluation 240; phase 4
Function value 2.1818677e+02; maximum gradient component mag 1.3869e+00
Var    Value     Gradient |Var    Value     Gradient |Var    Value     Gradient
  1  0.05168  1.38688e+00 |  2 -0.01278  4.59589e-01 |  3 -0.02519  4.04993e-03
  4 -0.02196  2.90474e-03 |  5 -0.01431  3.58601e-03 |  6 -0.01278  3.33260e-03
  7 -0.01254  8.13728e-04 |  8 -0.00052  4.97394e-03 |  9  0.00314  6.88237e-03
 10  0.00425  1.04513e-02 | 11  0.00115  9.95123e-03 | 12 -0.01137  9.53923e-03
 13 -0.01577  3.25972e-03 | 14 -0.01335  4.98146e-03 | 15 -0.01561  4.97941e-03
 16 -0.01188  9.19299e-03 | 17 -0.00094  1.01204e-02 | 18  0.00481  1.27242e-02
 19  0.00820  1.39017e-02 | 20 -0.00097  1.32025e-02 | 21 -0.01454  9.91424e-03
 22 -0.01277  8.76255e-03 | 23 -0.01146  6.39564e-03 | 24 -0.02241 -1.07071e-03
 25 -0.00756 -5.80072e-03 | 26  0.02142 -5.78667e-03 | 27  0.00880 -2.25486e-03
 28  0.01602 -1.27472e-03 | 29  0.01543 -4.99983e-03 | 30  0.01228 -6.90432e-03
 31  0.03872 -6.34738e-03 | 32  0.07150 -3.16481e-03 | 33  0.01338 -2.90858e-04
 34  0.02556 -2.46793e-03 | 35  0.02920 -3.01523e-03 | 36  0.02815 -5.16777e-03
 37  0.04231 -1.35170e-03 | 38  0.01002  4.00479e-04 | 39 -0.01123  9.16711e-05
 40 -0.00803  5.24135e-03 | 41 -0.01260  5.52648e-03 | 42 -0.00423  5.81826e-03
 43  0.01455  3.57087e-03 | 44  0.00739 -6.70794e-04 | 45  0.00759  2.63308e-03
 46  0.00430  4.59952e-03 | 47  0.00731  2.77924e-03 | 48  0.01772  5.35079e-03
 49 -0.01229 -3.40595e-04 | 50 -0.02964 -4.57664e-05 | 51 -0.02310 -2.37984e-03
 52 -0.01133 -4.05036e-03 | 53 -0.00370 -7.27445e-03 | 54 -0.00459 -4.03865e-03
 55 -0.01891 -2.34276e-03 | 56 -0.03185 -4.84201e-03 | 57 -0.02500 -4.73319e-03
 58 -0.01229 -3.23323e-03 | 59  0.00235 -5.23535e-03 | 60 -0.01662 -2.91525e-03
 61 -0.00938 -4.70662e-03 | 62 -0.01454 -7.05405e-03 | 63 -0.00623 -8.45536e-03
 64 -0.01102 -1.08468e-02 | 65 -0.01299 -6.21306e-03 | 66 -0.00235  2.87870e-04
 67 -0.00002 -1.98881e-04 | 68  0.00000  0.00000e+00 | 69 -0.76498  4.64747e-01
 70  0.20378  1.56576e-01 | 71  0.10429  3.30612e-01 | 72  0.18962 -1.98355e-02
 73  0.04967  2.48597e-04 | 74  0.06327  2.74328e-02 | 75  0.17421  8.68076e-01
 76  0.07528  1.26400e+00 | 77  0.16634  2.86274e-01 | 78 -0.01344 -6.60632e-05
 79 -0.17933  5.62622e-02 | 80  0.14683  4.68172e-02 | 81  0.07386 -8.94156e-06
 82  0.12880 -9.28117e-02 | 83  0.00000 -1.06664e-30 | 84  0.03254  1.86110e-02
 85 -0.06289  9.11155e-05 | 86 -0.23896 -8.09669e-05 | 87  0.10401  5.69995e-03
 88  0.70672  1.62402e-03 | 89 -0.14795  4.54517e-03 | 90  0.09974 -6.70505e-04
 91 -0.65135  1.68491e-03 |
91 variables; iteration 180; function evaluation 260; phase 4
Function value 2.1818677e+02; maximum gradient component mag 3.4806e-01
Var    Value     Gradient |Var    Value     Gradient |Var    Value     Gradient
  1  0.05168  5.70234e-03 |  2 -0.01278  1.13795e-01 |  3 -0.02519 -4.86239e-04
  4 -0.02196 -1.18720e-03 |  5 -0.01431 -1.15397e-03 |  6 -0.01278 -8.71307e-04
  7 -0.01253 -3.25627e-03 |  8 -0.00051  4.80014e-05 |  9  0.00315 -9.88992e-05
 10  0.00425  9.67923e-04 | 11  0.00115  8.16750e-04 | 12 -0.01137  4.05221e-04
 13 -0.01576  6.99285e-03 | 14 -0.01335  6.64243e-03 | 15 -0.01560  6.33548e-03
 16 -0.01188  9.08221e-03 | 17 -0.00094  1.00476e-02 | 18  0.00481  9.63668e-03
 19  0.00820  9.01731e-03 | 20 -0.00097  7.15311e-03 | 21 -0.01454  5.62520e-03
 22 -0.01277  6.36197e-03 | 23 -0.01146  2.18312e-03 | 24 -0.02241 -1.33683e-03
 25 -0.00756 -9.74951e-03 | 26  0.02142 -1.43706e-02 | 27  0.00880 -1.00662e-02
 28  0.01602 -1.01765e-02 | 29  0.01543 -8.34932e-03 | 30  0.01228 -8.38402e-03
 31  0.03872 -1.08091e-02 | 32  0.07149 -1.55893e-02 | 33  0.01337 -4.03382e-03
 34  0.02556 -6.47045e-03 | 35  0.02920 -7.85693e-03 | 36  0.02815 -8.82938e-03
 37  0.04232 -1.06813e-02 | 38  0.01002 -6.77622e-03 | 39 -0.01123 -4.41913e-03
 40 -0.00803 -1.66775e-03 | 41 -0.01260 -1.63616e-03 | 42 -0.00423 -1.44777e-03
 43  0.01455 -3.16706e-03 | 44  0.00739 -1.56920e-03 | 45  0.00759  1.83906e-04
 46  0.00429  2.54126e-03 | 47  0.00731  1.93383e-03 | 48  0.01772  3.05985e-03
 49 -0.01229  2.82237e-03 | 50 -0.02964  4.39005e-03 | 51 -0.02310  2.46785e-03
 52 -0.01133  1.49748e-03 | 53 -0.00369  1.76119e-03 | 54 -0.00459  3.05653e-03
 55 -0.01891  3.96362e-03 | 56 -0.03185  3.93402e-03 | 57 -0.02500  4.28510e-03
 58 -0.01229  3.90841e-03 | 59  0.00235  5.65736e-03 | 60 -0.01662  5.72588e-03
 61 -0.00938  4.60769e-03 | 62 -0.01454  3.36579e-03 | 63 -0.00623  3.36782e-03
 64 -0.01102  2.56326e-03 | 65 -0.01299  4.60992e-03 | 66 -0.00235  4.08356e-04
 67 -0.00001  6.16952e-04 | 68  0.00000  0.00000e+00 | 69 -0.76499  1.15669e-01
 70  0.20376 -9.87437e-02 | 71  0.10430 -2.30896e-01 | 72  0.18962  4.14414e-02
 73  0.00080  3.93133e-06 | 74  0.06326 -3.75455e-03 | 75  0.17419  2.39915e-01
 76  0.07530  3.48059e-01 | 77  0.16633  8.00864e-02 | 78 -0.01623 -8.00654e-05
 79 -0.17934  1.58313e-02 | 80  0.14683  1.93660e-02 | 81  0.07386 -1.78759e-03
 82  0.12880 -3.97891e-02 | 83  0.00000 -1.07302e-30 | 84  0.03254  9.37633e-03
 85 -0.06289 -6.33278e-03 | 86 -0.23791 -3.84719e-05 | 87  0.10401  7.32048e-03
 88  0.70672 -7.65058e-04 | 89 -0.14795 -9.58080e-04 | 90  0.09974 -3.90474e-03
 91 -0.65136  6.54318e-04 |

 - final statistics:
91 variables; iteration 189; function evaluation 269
Function value 2.1819e+02; maximum gradient component mag 9.5836e-05
Exit code = 1;  converg criter 1.0000e-04
Var    Value     Gradient |Var    Value     Gradient |Var    Value     Gradient
  1  0.05168  6.56452e-05 |  2 -0.01278  3.27501e-05 |  3 -0.02519  1.44699e-07
  4 -0.02195  2.58324e-07 |  5 -0.01431  3.76142e-07 |  6 -0.01278  1.84800e-07
  7 -0.01253  4.92544e-07 |  8 -0.00051  4.25015e-07 |  9  0.00315  7.05331e-07
 10  0.00425  7.52092e-07 | 11  0.00115  5.55183e-07 | 12 -0.01137  5.33180e-07
 13 -0.01577  3.26828e-07 | 14 -0.01335  3.56824e-07 | 15 -0.01560  5.97031e-07
 16 -0.01189  6.09123e-07 | 17 -0.00094  4.55013e-07 | 18  0.00481  6.72529e-07
 19  0.00820  4.68977e-07 | 20 -0.00097  5.50513e-07 | 21 -0.01454  2.79794e-07
 22 -0.01277 -3.08663e-07 | 23 -0.01146 -5.84164e-08 | 24 -0.02241 -9.14031e-07
 25 -0.00756 -7.18464e-07 | 26  0.02142 -1.92895e-06 | 27  0.00880 -1.62758e-06
 28  0.01602 -1.21760e-06 | 29  0.01543 -1.49949e-06 | 30  0.01228 -1.01309e-06
 31  0.03872 -1.01994e-06 | 32  0.07150 -1.45688e-06 | 33  0.01337 -5.81025e-07
 34  0.02556 -7.80756e-07 | 35  0.02920 -2.29088e-07 | 36  0.02815 -2.91068e-07
 37  0.04231 -4.72779e-07 | 38  0.01002 -1.02171e-07 | 39 -0.01123  2.43727e-07
 40 -0.00803 -3.95948e-08 | 41 -0.01260  2.57839e-07 | 42 -0.00423  4.42961e-07
 43  0.01456  2.48786e-07 | 44  0.00739 -2.40566e-07 | 45  0.00759  3.50659e-07
 46  0.00429  3.37592e-07 | 47  0.00731  4.35748e-07 | 48  0.01772  5.68112e-07
 49 -0.01229  4.68074e-07 | 50 -0.02964  3.54817e-07 | 51 -0.02310  5.90809e-07
 52 -0.01133  6.18799e-07 | 53 -0.00369  2.19165e-07 | 54 -0.00459  7.77155e-07
 55 -0.01891  8.37078e-07 | 56 -0.03185  5.19662e-07 | 57 -0.02500  4.07209e-07
 58 -0.01229  9.98805e-07 | 59  0.00235  2.80425e-07 | 60 -0.01662  5.02614e-07
 61 -0.00938  4.05035e-07 | 62 -0.01454  2.75045e-07 | 63 -0.00623  2.71215e-08
 64 -0.01102  4.71148e-09 | 65 -0.01299  4.09846e-07 | 66 -0.00235 -5.33716e-08
 67 -0.00002 -2.71067e-07 | 68  0.00000  0.00000e+00 | 69 -0.76499  3.30293e-05
 70  0.20375 -3.33986e-06 | 71  0.10430 -4.43877e-06 | 72  0.18961  4.67485e-06
 73 -0.00000 -7.47713e-10 | 74  0.06326  5.09711e-07 | 75  0.17418  6.71205e-05
 76  0.07530  9.58362e-05 | 77  0.16633  1.75837e-05 | 78  0.00000  4.78087e-10
 79 -0.17934  3.52689e-06 | 80  0.14683  6.00005e-06 | 81  0.07387 -7.96017e-08
 82  0.12880 -1.05177e-05 | 83  0.00000 -1.06745e-30 | 84  0.03253  2.80330e-06
 85 -0.06289 -1.00784e-06 | 86 -0.23700 -3.12834e-09 | 87  0.10401  1.49048e-06
 88  0.70672 -1.84425e-08 | 89 -0.14795 -2.20448e-07 | 90  0.09974 -5.27758e-07
 91 -0.65136  4.91637e-07 |
Estimating row 1 out of 91 for hessian
Estimating row 2 out of 91 for hessian
Estimating row 3 out of 91 for hessian
Estimating row 4 out of 91 for hessian
Estimating row 5 out of 91 for hessian
Estimating row 6 out of 91 for hessian
Estimating row 7 out of 91 for hessian
Estimating row 8 out of 91 for hessian
Estimating row 9 out of 91 for hessian
Estimating row 10 out of 91 for hessian
Estimating row 11 out of 91 for hessian
Estimating row 12 out of 91 for hessian
Estimating row 13 out of 91 for hessian
Estimating row 14 out of 91 for hessian
Estimating row 15 out of 91 for hessian
Estimating row 16 out of 91 for hessian
Estimating row 17 out of 91 for hessian
Estimating row 18 out of 91 for hessian
Estimating row 19 out of 91 for hessian
Estimating row 20 out of 91 for hessian
Estimating row 21 out of 91 for hessian
Estimating row 22 out of 91 for hessian
Estimating row 23 out of 91 for hessian
Estimating row 24 out of 91 for hessian
Estimating row 25 out of 91 for hessian
Estimating row 26 out of 91 for hessian
Estimating row 27 out of 91 for hessian
Estimating row 28 out of 91 for hessian
Estimating row 29 out of 91 for hessian
Estimating row 30 out of 91 for hessian
Estimating row 31 out of 91 for hessian
Estimating row 32 out of 91 for hessian
Estimating row 33 out of 91 for hessian
Estimating row 34 out of 91 for hessian
Estimating row 35 out of 91 for hessian
Estimating row 36 out of 91 for hessian
Estimating row 37 out of 91 for hessian
Estimating row 38 out of 91 for hessian
Estimating row 39 out of 91 for hessian
Estimating row 40 out of 91 for hessian
Estimating row 41 out of 91 for hessian
Estimating row 42 out of 91 for hessian
Estimating row 43 out of 91 for hessian
Estimating row 44 out of 91 for hessian
Estimating row 45 out of 91 for hessian
Estimating row 46 out of 91 for hessian
Estimating row 47 out of 91 for hessian
Estimating row 48 out of 91 for hessian
Estimating row 49 out of 91 for hessian
Estimating row 50 out of 91 for hessian
Estimating row 51 out of 91 for hessian
Estimating row 52 out of 91 for hessian
Estimating row 53 out of 91 for hessian
Estimating row 54 out of 91 for hessian
Estimating row 55 out of 91 for hessian
Estimating row 56 out of 91 for hessian
Estimating row 57 out of 91 for hessian
Estimating row 58 out of 91 for hessian
Estimating row 59 out of 91 for hessian
Estimating row 60 out of 91 for hessian
Estimating row 61 out of 91 for hessian
Estimating row 62 out of 91 for hessian
Estimating row 63 out of 91 for hessian
Estimating row 64 out of 91 for hessian
Estimating row 65 out of 91 for hessian
Estimating row 66 out of 91 for hessian
Estimating row 67 out of 91 for hessian
Estimating row 68 out of 91 for hessian
Estimating row 69 out of 91 for hessian
Estimating row 70 out of 91 for hessian
Estimating row 71 out of 91 for hessian
Estimating row 72 out of 91 for hessian
Estimating row 73 out of 91 for hessian
Estimating row 74 out of 91 for hessian
Estimating row 75 out of 91 for hessian
Estimating row 76 out of 91 for hessian
Estimating row 77 out of 91 for hessian
Estimating row 78 out of 91 for hessian
Estimating row 79 out of 91 for hessian
Estimating row 80 out of 91 for hessian
Estimating row 81 out of 91 for hessian
Estimating row 82 out of 91 for hessian
Estimating row 83 out of 91 for hessian
Estimating row 84 out of 91 for hessian
Estimating row 85 out of 91 for hessian
Estimating row 86 out of 91 for hessian
Estimating row 87 out of 91 for hessian
Estimating row 88 out of 91 for hessian
Estimating row 89 out of 91 for hessian
Estimating row 90 out of 91 for hessian
Estimating row 91 out of 91 for hessian
size of file gradfil1.tmp = 0
size of file gradfil2.tmp = 0
size of file varssave.tmp = 0
size of file cmpdiff.tmp = 0
