
Initial statistics: 6 variables; iteration 0; function evaluation 0; phase 1
Function value 5.5740027e+02; maximum gradient component mag 1.3941e+04
Var    Value     Gradient |Var    Value     Gradient |Var    Value     Gradient
  1  0.05168  1.27246e+04 |  2 -0.01278  1.39411e+04 |  3  0.00000  1.84049e-01
  4  0.00000  3.74191e-04 |  5  0.00000  0.00000e+00 |  6 -0.76499  1.39313e+04

Intermediate statistics: 6 variables; iteration 20; function evaluation 30; phase 1
Function value 3.1478628e+02; maximum gradient component mag -3.5946e+02
Var    Value     Gradient |Var    Value     Gradient |Var    Value     Gradient
  1  0.07409 -1.53273e+02 |  2 -0.01407 -2.35208e+02 |  3 -0.00046 -2.50341e-01
  4  0.00005  3.47764e-02 |  5  0.00000  0.00000e+00 |  6 -0.82491 -3.59463e+02

 - final statistics:
6 variables; iteration 26; function evaluation 36
Function value 3.1369e+02; maximum gradient component mag 4.1701e+00
Exit code = 1;  converg criter 1.0000e+01
Var    Value     Gradient |Var    Value     Gradient |Var    Value     Gradient
  1  0.06949  4.17006e+00 |  2 -0.02177 -9.38379e-01 |  3 -0.00014  4.65685e-03
  4 -0.00000 -3.41018e-04 |  5  0.00000  0.00000e+00 |  6 -0.81190 -2.32684e+00

Initial statistics: 60 variables; iteration 0; function evaluation 0; phase 2
Function value 3.1369343e+02; maximum gradient component mag -3.8790e+02
Var    Value     Gradient |Var    Value     Gradient |Var    Value     Gradient
  1  0.06949  4.17006e+00 |  2 -0.02177 -9.38379e-01 |  3  0.00000  9.62935e+01
  4  0.00000  9.68927e+01 |  5  0.00000  9.35337e+01 |  6  0.00000  9.06549e+01
  7  0.00000  9.08773e+01 |  8  0.00000  1.00137e+02 |  9  0.00000  1.12305e+02
 10  0.00000  1.28583e+02 | 11  0.00000  1.27558e+02 | 12  0.00000  1.08167e+02
 13  0.00000  8.08877e+01 | 14  0.00000  2.90960e+01 | 15  0.00000 -4.00865e+01
 16  0.00000 -9.72705e+01 | 17  0.00000 -1.55713e+02 | 18  0.00000 -2.21054e+02
 19  0.00000 -2.80445e+02 | 20  0.00000 -3.45139e+02 | 21  0.00000 -3.87898e+02
 22  0.00000 -3.74609e+02 | 23  0.00000 -3.60610e+02 | 24  0.00000 -3.52440e+02
 25  0.00000 -3.20715e+02 | 26  0.00000 -2.76177e+02 | 27  0.00000 -1.83121e+02
 28  0.00000 -8.38545e+01 | 29  0.00000 -1.44941e+01 | 30  0.00000  1.84185e+01
 31  0.00000  1.31996e+01 | 32  0.00000 -6.93819e+00 | 33  0.00000 -9.52059e+00
 34  0.00000  1.25301e+01 | 35  0.00000  4.18605e+01 | 36  0.00000  6.36555e+01
 37  0.00000  7.94960e+01 | 38  0.00000  1.18534e+02 | 39  0.00000  1.73171e+02
 40  0.00000  1.84228e+02 | 41  0.00000  1.71458e+02 | 42  0.00000  1.52361e+02
 43  0.00000  1.50119e+02 | 44  0.00000  1.59791e+02 | 45  0.00000  1.91699e+02
 46  0.00000  1.81448e+02 | 47  0.00000  1.47387e+02 | 48  0.00000  1.12463e+02
 49  0.00000  1.04510e+02 | 50  0.00000  9.51785e+01 | 51  0.00000  7.85195e+01
 52  0.00000  5.24570e+01 | 53  0.00000  2.71380e+01 | 54  0.00000  1.40642e+01
 55  0.00000  1.14121e+01 | 56 -0.00014  4.65685e-03 | 57 -0.00000 -3.41018e-04
 58  0.00000  0.00000e+00 | 59 -0.81190 -2.32684e+00 | 60  0.09974  1.25718e+02

Intermediate statistics: 60 variables; iteration 20; function evaluation 36; phase 2
Function value 2.4425533e+02; maximum gradient component mag -1.5171e+03
Var    Value     Gradient |Var    Value     Gradient |Var    Value     Gradient
  1  0.04851 -1.10539e+03 |  2  0.01706 -1.08980e+03 |  3 -0.04836 -5.81426e+01
  4 -0.03134 -5.20516e+01 |  5 -0.01274 -4.49092e+01 |  6  0.00607 -3.38512e+01
  7  0.01938 -2.03723e+01 |  8  0.01159 -1.04568e+01 |  9  0.00922 -3.64218e-01
 10 -0.00470  8.51057e-01 | 11 -0.00613  3.83194e+00 | 12 -0.00651  7.14870e+00
 13 -0.01748  9.86055e+00 | 14 -0.00195  3.33549e+01 | 15  0.03249  6.07188e+01
 16  0.02200  2.73291e+01 | 17  0.01560 -6.49490e+00 | 18  0.02063 -3.57321e+01
 19 -0.02275 -6.04848e+01 | 20  0.01541 -4.14267e+01 | 21  0.10294 -4.62102e+01
 22 -0.02319 -6.82540e+01 | 23 -0.06290 -9.01711e+01 | 24  0.06292 -5.00250e+01
 25  0.00995 -3.65385e+01 | 26  0.06491 -1.08828e+01 | 27  0.01096 -2.08818e+01
 28 -0.02292 -3.65786e+01 | 29 -0.01365 -2.64079e+01 | 30 -0.01236 -1.91950e+01
 31 -0.00172 -9.25827e+00 | 32  0.01990  1.37794e+00 | 33  0.02429 -7.13561e+00
 34 -0.00377 -2.88067e+01 | 35 -0.01472 -2.70065e+01 | 36  0.00231  4.81216e+00
 37  0.02195  4.31299e+01 | 38  0.00263  4.48608e+01 | 39 -0.02337  3.79335e+01
 40 -0.01688  5.36972e+01 | 41 -0.00308  7.50923e+01 | 42  0.01134  9.46990e+01
 43  0.00787  8.92464e+01 | 44 -0.00180  7.33097e+01 | 45 -0.01870  6.29957e+01
 46 -0.01425  6.23087e+01 | 47 -0.00375  5.84421e+01 | 48  0.01190  5.47149e+01
 49  0.00279  3.38570e+01 | 50 -0.00503  8.70168e+00 | 51 -0.01229 -1.78706e+01
 52 -0.01728 -3.95758e+01 | 53 -0.02508 -5.01170e+01 | 54 -0.03390 -4.91106e+01
 55 -0.02808 -3.96727e+01 | 56 -0.00052 -2.29628e-01 | 57  0.00000  5.68575e-04
 58  0.00000  0.00000e+00 | 59 -0.81143 -1.51711e+03 | 60  0.08295 -1.32161e+02
60 variables; iteration 40; function evaluation 64; phase 2
Function value 2.2430999e+02; maximum gradient component mag -4.1955e+02
Var    Value     Gradient |Var    Value     Gradient |Var    Value     Gradient
  1  0.04402 -4.07009e+02 |  2  0.01055 -2.68657e+02 |  3 -0.02153  1.25903e+01
  4 -0.01609  1.46532e+01 |  5 -0.00875  1.59205e+01 |  6 -0.00165  1.53984e+01
  7  0.00465  1.45451e+01 |  8  0.00222  1.50158e+01 |  9 -0.00068  1.88247e+01
 10 -0.00835  2.41763e+01 | 11 -0.01062  2.12262e+01 | 12 -0.01404  1.13661e+01
 13 -0.02330  5.61503e+00 | 14 -0.01008  9.59717e+00 | 15  0.02429  1.12085e+01
 16  0.00874 -4.76336e+00 | 17  0.02154  3.54770e+00 | 18  0.02100  6.12908e-01
 19  0.01604  3.56263e+00 | 20 -0.00160 -1.25892e+01 | 21  0.09544  1.62306e+01
 22 -0.01217 -1.92790e+01 | 23  0.01483 -3.01042e+00 | 24  0.05304  1.12709e+01
 25 -0.00930 -1.68365e+01 | 26  0.06900  1.36211e+01 | 27  0.00062 -9.20318e+00
 28 -0.02768 -1.93283e+01 | 29  0.00399  1.03467e+01 | 30 -0.00701  2.19685e+00
 31  0.00371 -1.37080e+00 | 32  0.00797 -1.37075e+01 | 33  0.01653 -1.07488e+01
 34  0.00864 -7.46031e+00 | 35 -0.00239 -1.00758e+01 | 36  0.00063 -1.11929e+01
 37  0.01447 -1.31443e+01 | 38 -0.00232 -1.33189e+01 | 39 -0.03169 -1.03220e+01
 40 -0.01834  3.60615e+00 | 41 -0.00722  2.20328e+00 | 42  0.00292 -9.80533e+00
 43 -0.01214 -2.18114e+01 | 44 -0.01197 -1.48543e+01 | 45 -0.02660  2.69163e+00
 46 -0.02453  1.85771e+00 | 47 -0.01683 -6.36234e+00 | 48  0.00057 -1.12812e+01
 49 -0.00617 -4.72191e+00 | 50 -0.00708 -2.02257e-01 | 51 -0.00826 -1.14714e+00
 52 -0.00955 -5.02185e+00 | 53 -0.00996 -4.67861e+00 | 54 -0.01174 -1.79591e+00
 55 -0.01063 -1.80716e+00 | 56 -0.00024  4.07574e-02 | 57 -0.00000 -1.08919e-04
 58  0.00000  0.00000e+00 | 59 -0.79750 -4.19555e+02 | 60  0.10515  2.90160e+01
60 variables; iteration 60; function evaluation 98; phase 2
Function value 2.2186951e+02; maximum gradient component mag -4.5870e+02
Var    Value     Gradient |Var    Value     Gradient |Var    Value     Gradient
  1  0.04433 -4.58701e+02 |  2 -0.01142 -1.66941e+02 |  3 -0.02200  9.85552e+00
  4 -0.01719  1.04433e+01 |  5 -0.01115  9.68092e+00 |  6 -0.00304  9.05334e+00
  7  0.00270  5.74579e+00 |  8  0.00284  5.24888e+00 |  9 -0.00087  4.83427e+00
 10 -0.01595  3.41311e+00 | 11 -0.01521  5.51399e+00 | 12 -0.01094  6.98790e+00
 13 -0.01685  6.43559e+00 | 14 -0.01579 -3.92822e+00 | 15  0.01770 -8.92885e+00
 16  0.02113 -9.00456e+00 | 17  0.01284 -1.02998e+01 | 18  0.02793 -8.81526e+00
 19  0.00747 -1.29277e+01 | 20  0.00513 -1.90228e+01 | 21  0.09046 -1.81260e+01
 22  0.00069 -2.18959e+01 | 23  0.00966 -2.13004e+01 | 24  0.04482 -1.93660e+01
 25  0.01038 -2.08121e+01 | 26  0.05571 -2.03581e+01 | 27  0.00344 -1.62135e+01
 28 -0.00635 -6.66211e+00 | 29 -0.01028 -5.70728e+00 | 30 -0.00537 -1.32234e+00
 31 -0.00247 -5.69743e+00 | 32  0.01501 -3.25440e+00 | 33  0.01403 -9.04758e-01
 34  0.00721  4.80108e+00 | 35 -0.00038  6.01930e+00 | 36  0.00300  7.65660e+00
 37  0.01379  7.48958e+00 | 38 -0.00310  5.76275e+00 | 39 -0.02046  1.44073e+01
 40 -0.02545  5.41295e+00 | 41 -0.01672  1.48595e+00 | 42  0.00229  5.93671e+00
 43 -0.00404  6.31204e+00 | 44 -0.00953  7.30212e+00 | 45 -0.03423  6.64365e+00
 46 -0.03023  5.46896e+00 | 47 -0.01483  6.69287e+00 | 48  0.00350  5.11805e+00
 49 -0.00991  5.36852e+00 | 50 -0.00739  1.18124e+01 | 51 -0.00984  9.72534e+00
 52 -0.00909  7.82494e+00 | 53 -0.00429  1.11532e+01 | 54 -0.00688  9.72949e+00
 55 -0.01162  2.65044e+00 | 56  0.00055  6.40978e-01 | 57 -0.00000 -2.57464e-03
 58  0.00000  0.00000e+00 | 59 -0.77820 -1.92267e+02 | 60  0.10423  7.13100e+00
Maximum number of function evaluations exceeded

 - final statistics:
60 variables; iteration 62; function evaluation 100
Function value 2.2187e+02; maximum gradient component mag -4.6034e+02
Exit code = 3;  converg criter 1.0000e+01
Var    Value     Gradient |Var    Value     Gradient |Var    Value     Gradient
  1  0.04432 -4.60339e+02 |  2 -0.01156 -1.67909e+02 |  3 -0.02223  9.53497e+00
  4 -0.01707  1.04962e+01 |  5 -0.01129  9.55209e+00 |  6 -0.00242  9.51532e+00
  7  0.00221  5.27443e+00 |  8  0.00283  5.09441e+00 |  9 -0.00056  4.96288e+00
 10 -0.01655  2.86757e+00 | 11 -0.01404  6.43154e+00 | 12 -0.01215  5.74426e+00
 13 -0.01633  6.71299e+00 | 14 -0.01557 -3.91059e+00 | 15  0.01757 -9.30936e+00
 16  0.02084 -9.38708e+00 | 17  0.01325 -1.01189e+01 | 18  0.02789 -8.83112e+00
 19  0.00733 -1.30738e+01 | 20  0.00516 -1.90656e+01 | 21  0.09051 -1.81475e+01
 22  0.00072 -2.19385e+01 | 23  0.00974 -2.13922e+01 | 24  0.04466 -1.95602e+01
 25  0.01044 -2.07940e+01 | 26  0.05558 -2.00119e+01 | 27  0.00389 -1.56479e+01
 28 -0.00612 -6.31650e+00 | 29 -0.01057 -5.97835e+00 | 30 -0.00575 -1.74647e+00
 31 -0.00222 -5.52917e+00 | 32  0.01530 -3.00061e+00 | 33  0.01364 -1.16240e+00
 34  0.00704  4.75082e+00 | 35  0.00041  6.79756e+00 | 36  0.00269  7.48421e+00
 37  0.01337  7.23378e+00 | 38 -0.00235  6.46580e+00 | 39 -0.02092  1.39645e+01
 40 -0.02558  5.30071e+00 | 41 -0.01643  1.83088e+00 | 42  0.00239  6.03261e+00
 43 -0.00464  5.83123e+00 | 44 -0.00892  7.95053e+00 | 45 -0.03445  6.52094e+00
 46 -0.03052  5.28686e+00 | 47 -0.01418  7.34721e+00 | 48  0.00312  4.85950e+00
 49 -0.01020  5.21799e+00 | 50 -0.00672  1.26395e+01 | 51 -0.00993  9.79407e+00
 52 -0.00930  7.59790e+00 | 53 -0.00437  1.09833e+01 | 54 -0.00694  9.62407e+00
 55 -0.01195  2.36702e+00 | 56  0.00146  1.32982e+00 | 57 -0.00001 -5.23761e-03
 58  0.00000  0.00000e+00 | 59 -0.77806 -1.92632e+02 | 60  0.10422  7.03267e+00

Initial statistics: 81 variables; iteration 0; function evaluation 0; phase 3
Function value 2.2186505e+02; maximum gradient component mag -4.6034e+02
Var    Value     Gradient |Var    Value     Gradient |Var    Value     Gradient
  1  0.04432 -4.60339e+02 |  2 -0.01156 -1.67909e+02 |  3 -0.02223  9.59417e+00
  4 -0.01706  1.05555e+01 |  5 -0.01129  9.61132e+00 |  6 -0.00242  9.57456e+00
  7  0.00221  5.33366e+00 |  8  0.00283  5.15364e+00 |  9 -0.00056  5.02212e+00
 10 -0.01655  2.92678e+00 | 11 -0.01403  6.49077e+00 | 12 -0.01214  5.80349e+00
 13 -0.01633  6.77221e+00 | 14 -0.01557 -3.85137e+00 | 15  0.01757 -9.25014e+00
 16  0.02084 -9.32787e+00 | 17  0.01325 -1.00597e+01 | 18  0.02789 -8.77193e+00
 19  0.00733 -1.30145e+01 | 20  0.00516 -1.90064e+01 | 21  0.09051 -1.80889e+01
 22  0.00072 -2.18793e+01 | 23  0.00974 -2.13330e+01 | 24  0.04466 -1.95011e+01
 25  0.01045 -2.07347e+01 | 26  0.05558 -1.99529e+01 | 27  0.00389 -1.55887e+01
 28 -0.00612 -6.25726e+00 | 29 -0.01057 -5.91912e+00 | 30 -0.00575 -1.68724e+00
 31 -0.00222 -5.46993e+00 | 32  0.01530 -2.94139e+00 | 33  0.01364 -1.10318e+00
 34  0.00704  4.81005e+00 | 35  0.00041  6.85680e+00 | 36  0.00269  7.54345e+00
 37  0.01337  7.29301e+00 | 38 -0.00235  6.52503e+00 | 39 -0.02092  1.40237e+01
 40 -0.02558  5.35990e+00 | 41 -0.01643  1.89010e+00 | 42  0.00239  6.09185e+00
 43 -0.00463  5.89046e+00 | 44 -0.00892  8.00976e+00 | 45 -0.03445  6.58009e+00
 46 -0.03052  5.34603e+00 | 47 -0.01418  7.40644e+00 | 48  0.00312  4.91873e+00
 49 -0.01020  5.27722e+00 | 50 -0.00672  1.26987e+01 | 51 -0.00992  9.85330e+00
 52 -0.00930  7.65713e+00 | 53 -0.00437  1.10425e+01 | 54 -0.00694  9.68331e+00
 55 -0.01195  2.42624e+00 | 56  0.00146  1.32982e+00 | 57 -0.00001 -5.23761e-03
 58  0.00000  0.00000e+00 | 59 -0.77806 -1.92632e+02 | 60  0.20375 -2.53795e+01
 61  0.10430 -1.37975e+02 | 62  0.18961 -1.59436e+02 | 63  0.00000 -1.63008e-12
 64  0.06326 -1.18988e+01 | 65  0.17418 -2.69027e+02 | 66  0.07530 -4.50645e+02
 67  0.16633 -2.02852e+02 | 68  0.00000 -4.49143e-03 | 69 -0.17934 -1.71289e+01
 70  0.14683  2.22105e+01 | 71  0.07387 -1.11018e+00 | 72  0.12880 -6.47470e+01
 73  0.00000 -5.03467e-30 | 74  0.03253 -1.49909e+01 | 75 -0.06289  5.87050e+01
 76 -0.23700  1.14657e-03 | 77  0.10401 -6.99412e+01 | 78  0.70672  3.98640e+00
 79 -0.14795 -1.44821e+00 | 80  0.10422  7.03267e+00 | 81 -0.65136 -1.08850e+01

Intermediate statistics: 81 variables; iteration 20; function evaluation 25; phase 3
Function value 2.2090687e+02; maximum gradient component mag 7.5711e+02
Var    Value     Gradient |Var    Value     Gradient |Var    Value     Gradient
  1  0.04608  6.73343e+02 |  2 -0.01105  1.96915e+02 |  3 -0.02255 -1.32129e+00
  4 -0.01758 -6.04926e-01 |  5 -0.01050 -3.22500e-01 |  6 -0.00203  1.25004e-01
  7  0.00504 -5.64476e-01 |  8  0.00291 -6.30655e-01 |  9 -0.00085  1.43828e-01
 10 -0.01419 -5.61784e-01 | 11 -0.01434 -6.72369e-03 | 12 -0.01230 -1.59038e+00
 13 -0.01968 -3.20478e+00 | 14 -0.01303 -5.87188e+00 | 15  0.01699 -6.38951e+00
 16  0.01756 -8.69222e+00 | 17  0.01459 -1.07917e+01 | 18  0.02009 -1.16453e+01
 19  0.00910 -1.24358e+01 | 20  0.02270 -1.36884e+01 | 21  0.07225 -1.45481e+01
 22  0.01907 -1.44810e+01 | 23  0.01562 -1.45410e+01 | 24  0.03384 -1.35172e+01
 25  0.02315 -1.10752e+01 | 26  0.04846 -5.54736e+00 | 27  0.01041 -4.29306e+00
 28 -0.00766 -1.76428e+00 | 29 -0.01046 -1.25618e+00 | 30 -0.00889 -1.88720e+00
 31 -0.00224 -6.36224e+00 | 32  0.01138 -8.92859e+00 | 33  0.01396 -8.31863e+00
 34  0.00581 -4.31677e+00 | 35 -0.00149 -2.13374e+00 | 36  0.00098 -3.26890e-01
 37  0.01278  1.20600e+00 | 38 -0.00098  1.92241e-01 | 39 -0.02491  8.25289e-01
 40 -0.02527 -2.92759e+00 | 41 -0.01529 -4.35100e+00 | 42  0.00053 -2.91959e+00
 43 -0.00382 -4.06491e+00 | 44 -0.00905 -4.08711e+00 | 45 -0.03461 -5.29524e+00
 46 -0.03064 -5.52392e+00 | 47 -0.01591 -4.57449e+00 | 48  0.00412 -4.67522e+00
 49 -0.00847 -4.89244e+00 | 50 -0.00995 -2.62856e+00 | 51 -0.01054 -3.44496e+00
 52 -0.00870 -4.73500e+00 | 53 -0.00802 -5.50562e+00 | 54 -0.01192 -7.31706e+00
 55 -0.01106 -8.96268e+00 | 56 -0.00008  2.17883e-01 | 57 -0.00000 -1.00844e-03
 58  0.00000  0.00000e+00 | 59 -0.78133  1.98658e+02 | 60  0.20318  3.30691e+02
 61  0.10431  7.57111e+02 | 62  0.19180 -1.35005e+02 | 63 -0.00344 -6.18144e-01
 64  0.06134 -7.91720e+00 | 65  0.17876  5.66798e+02 | 66  0.07129  6.21867e+02
 67  0.16874 -3.81844e+01 | 68  0.00727  4.16663e-04 | 69 -0.17358  2.69989e+01
 70  0.14550  9.89967e+00 | 71  0.06702 -5.65395e-05 | 72  0.13089 -2.11157e+01
 73 -0.00000 -3.98032e-31 | 74  0.03404  1.95436e+00 | 75 -0.06593  2.67125e+01
 76 -0.23700  6.88351e-04 | 77  0.10512 -2.52065e+01 | 78  0.70644  3.08749e+00
 79 -0.14753  3.81453e+00 | 80  0.10375  1.42355e+01 | 81 -0.64754 -6.96662e+00
81 variables; iteration 40; function evaluation 47; phase 3
Function value 2.2065214e+02; maximum gradient component mag 5.2938e+02
Var    Value     Gradient |Var    Value     Gradient |Var    Value     Gradient
  1  0.04617  5.29376e+02 |  2 -0.01033  1.45070e+02 |  3 -0.02243 -2.57857e+00
  4 -0.01833 -3.01011e+00 |  5 -0.01106 -2.79655e+00 |  6 -0.00143 -1.33536e+00
  7  0.00599 -1.32473e+00 |  8  0.00379 -6.64514e-01 |  9 -0.00070 -2.98230e-01
 10 -0.01435 -1.08194e+00 | 11 -0.01376  6.98747e-01 | 12 -0.01154  1.16104e-01
 13 -0.02025 -2.18565e+00 | 14 -0.01327 -4.15822e+00 | 15  0.01788 -2.51388e+00
 16  0.01534 -4.97274e+00 | 17  0.01800 -1.79277e+00 | 18  0.01741 -6.11905e+00
 19  0.01344 -4.06220e+00 | 20  0.01952 -1.01872e+01 | 21  0.07427 -7.31637e+00
 22  0.01609 -1.18931e+01 | 23  0.01865 -8.73339e+00 | 24  0.03192 -9.84024e+00
 25  0.02513 -6.37654e+00 | 26  0.04908 -2.46730e+00 | 27  0.00845 -4.85375e+00
 28 -0.00723 -7.99995e-01 | 29 -0.01117 -3.11956e-01 | 30 -0.00793  2.40673e+00
 31 -0.00127 -2.42639e-01 | 32  0.01102 -3.52103e+00 | 33  0.01431 -5.12264e+00
 34  0.00597 -3.99060e+00 | 35 -0.00089 -2.64179e+00 | 36 -0.00018 -3.12560e+00
 37  0.01180 -1.69415e+00 | 38 -0.00054 -1.70280e-01 | 39 -0.02450  1.90247e+00
 40 -0.02407 -5.50620e-01 | 41 -0.01550 -3.26504e+00 | 42  0.00023 -1.62184e+00
 43 -0.00244 -1.20043e+00 | 44 -0.00725 -1.64470e+00 | 45 -0.03509 -6.17557e+00
 46 -0.03201 -8.13164e+00 | 47 -0.01677 -7.17586e+00 | 48  0.00483 -6.43374e+00
 49 -0.00786 -6.44082e+00 | 50 -0.01076 -6.02764e+00 | 51 -0.01101 -7.10264e+00
 52 -0.00986 -8.61829e+00 | 53 -0.01009 -8.48063e+00 | 54 -0.01277 -7.28872e+00
 55 -0.01114 -7.66861e+00 | 56  0.00007  3.55718e-01 | 57 -0.00000 -1.31609e-03
 58  0.00000  0.00000e+00 | 59 -0.78319  1.43693e+02 | 60  0.20057  9.22610e+00
 61  0.10532 -3.53236e+01 | 62  0.19197 -9.07501e+01 | 63  0.00524  2.27235e-02
 64  0.06633  7.10660e-02 | 65  0.17902  2.83244e+02 | 66  0.07116  3.16440e+02
 67  0.17052 -1.78797e+01 | 68  0.07972  8.91892e-01 | 69 -0.17502  1.96981e+01
 70  0.14370  7.54108e-01 | 71  0.06996 -2.39899e-03 | 72  0.13067 -4.45105e+00
 73  0.00000 -7.64031e-31 | 74  0.03389  4.78008e-02 | 75 -0.06627  1.87418e+01
 76 -0.23698  5.54251e-04 | 77  0.10558 -1.39903e+01 | 78  0.70616  2.48091e+00
 79 -0.14784  3.10134e+00 | 80  0.10221  9.79283e+00 | 81 -0.64975 -7.10628e+00
81 variables; iteration 60; function evaluation 75; phase 3
Function value 2.2029714e+02; maximum gradient component mag 2.6242e+02
Var    Value     Gradient |Var    Value     Gradient |Var    Value     Gradient
  1  0.04591  7.42513e+01 |  2 -0.01363 -1.26270e+00 |  3 -0.02271 -7.94501e-01
  4 -0.01819 -1.08098e+00 |  5 -0.01084 -1.29288e+00 |  6 -0.00202 -1.12260e+00
  7  0.00611 -1.27392e+00 |  8  0.00292 -1.40047e+00 |  9 -0.00050 -7.04724e-01
 10 -0.01358 -8.19376e-01 | 11 -0.01451 -2.93669e-01 | 12 -0.01278 -1.54157e-01
 13 -0.02148 -3.68406e-01 | 14 -0.01177  7.10515e-01 | 15  0.01758  1.07441e+00
 16  0.01739  8.38398e-01 | 17  0.01517  1.12263e+00 | 18  0.01968  9.63742e-01
 19  0.01071  1.24583e+00 | 20  0.02505  1.22077e+00 | 21  0.07165  2.70481e+00
 22  0.01990 -8.27399e-01 | 23  0.01758  3.37384e-01 | 24  0.03547  1.56085e+00
 25  0.02394  1.77836e-01 | 26  0.04743  1.77783e+00 | 27  0.01178  1.40694e+00
 28 -0.00787  1.53886e+00 | 29 -0.01043  1.91720e+00 | 30 -0.00932  2.48171e+00
 31 -0.00233  1.41228e+00 | 32  0.01160  1.21603e+00 | 33  0.01480  6.90644e-02
 34  0.00724  6.62402e-01 | 35 -0.00182 -4.64626e-01 | 36  0.00035 -7.36517e-01
 37  0.01249 -5.08944e-01 | 38  0.00000  2.24877e-01 | 39 -0.02720 -1.53233e-01
 40 -0.02494 -2.16223e-01 | 41 -0.01423 -2.06228e-01 | 42  0.00076  3.06586e-01
 43 -0.00323 -4.97093e-01 | 44 -0.00863 -6.13164e-01 | 45 -0.03466 -1.16140e+00
 46 -0.02995 -3.88809e-01 | 47 -0.01630 -7.37014e-01 | 48  0.00479 -1.25102e+00
 49 -0.00839 -2.28351e+00 | 50 -0.01162 -2.16155e+00 | 51 -0.01052 -1.47679e+00
 52 -0.00888 -1.80517e+00 | 53 -0.01016 -2.06214e+00 | 54 -0.01392 -1.72017e+00
 55 -0.01153 -1.77009e+00 | 56 -0.00058 -1.08328e-01 | 57  0.00000  5.32626e-04
 58  0.00000  0.00000e+00 | 59 -0.78055 -1.26373e+00 | 60  0.20176  1.01934e+02
 61  0.10484  2.62421e+02 | 62  0.19280 -1.87960e+01 | 63 -0.05555 -8.56713e-02
 64  0.07023  3.23003e-01 | 65  0.17793  5.61897e+01 | 66  0.07200  5.41105e+01
 67  0.17237 -8.40621e+00 | 68  0.02740  2.82695e-02 | 69 -0.17769  1.16762e+00
 70  0.14588  3.95452e-01 | 71  0.06699 -2.12732e-03 | 72  0.13139 -9.58422e-01
 73  0.00000 -7.15805e-31 | 74  0.03394 -9.91048e-01 | 75 -0.06747  3.78808e+00
 76 -0.23682  1.03515e-04 | 77  0.10509 -1.94241e+00 | 78  0.70825  9.13287e-01
 79 -0.14719  9.93390e-01 | 80  0.10315  1.00393e+00 | 81 -0.64622 -1.12183e+00
Maximum number of function evaluations exceeded

 - final statistics:
81 variables; iteration 76; function evaluation 100
Function value 2.2027e+02; maximum gradient component mag 3.3966e+02
Exit code = 3;  converg criter 1.0000e+00
Var    Value     Gradient |Var    Value     Gradient |Var    Value     Gradient
  1  0.04580 -4.08508e+01 |  2 -0.01368 -1.61447e+01 |  3 -0.02294  4.38213e-01
  4 -0.01843  1.52832e-01 |  5 -0.01078  2.54338e-01 |  6 -0.00230  2.83980e-01
  7  0.00592  2.27889e-01 |  8  0.00314  1.94207e-01 |  9 -0.00079  1.95397e-01
 10 -0.01343  2.32490e-01 | 11 -0.01459  3.66169e-01 | 12 -0.01330 -1.28523e-01
 13 -0.02117  2.09287e-01 | 14 -0.01210  2.27548e-01 | 15  0.01758 -1.47672e-01
 16  0.01756 -1.25722e-01 | 17  0.01492  3.61751e-02 | 18  0.02016  4.14130e-02
 19  0.01024 -4.05887e-02 | 20  0.02520 -1.89964e-02 | 21  0.07075  1.53182e-01
 22  0.02215  2.28112e-01 | 23  0.01767  1.28647e-01 | 24  0.03394 -2.58519e-01
 25  0.02516  6.46670e-02 | 26  0.04745 -1.35313e-01 | 27  0.01177 -1.28388e-01
 28 -0.00806 -6.27124e-02 | 29 -0.01026  2.25474e-01 | 30 -0.01003 -1.50469e-02
 31 -0.00218 -2.12229e-01 | 32  0.01132 -2.57906e-01 | 33  0.01564 -4.02040e-02
 34  0.00647 -1.55015e-01 | 35 -0.00180 -3.27392e-01 | 36  0.00108  1.43314e-01
 37  0.01256 -3.35011e-01 | 38 -0.00022  9.50746e-02 | 39 -0.02739  4.02800e-02
 40 -0.02495  1.48053e-01 | 41 -0.01408  1.70724e-01 | 42  0.00028  9.28981e-02
 43 -0.00315  1.78753e-01 | 44 -0.00869  3.39528e-01 | 45 -0.03440  3.21656e-01
 46 -0.03024  4.51748e-01 | 47 -0.01671  6.76351e-02 | 48  0.00462  1.07314e-01
 49 -0.00787  6.62711e-02 | 50 -0.01137  4.93472e-02 | 51 -0.01102  1.78261e-03
 52 -0.00871  2.34721e-01 | 53 -0.00979  2.30576e-01 | 54 -0.01365  4.09459e-01
 55 -0.01091  4.80859e-01 | 56 -0.00034  8.04289e-02 | 57 -0.00000 -1.22170e-04
 58  0.00000  0.00000e+00 | 59 -0.78015 -1.68765e+01 | 60  0.20335  1.28754e+02
 61  0.10421  3.39665e+02 | 62  0.19325 -1.76067e-01 | 63 -0.07494 -8.24338e-02
 64  0.07044 -2.45653e-01 | 65  0.17721 -2.88566e+01 | 66  0.07255 -3.98229e+01
 67  0.17221 -7.13161e+00 | 68 -0.01375 -6.62627e-03 | 69 -0.17877 -1.86857e+00
 70  0.14614  4.41041e-03 | 71  0.06615 -2.54301e-03 | 72  0.13139 -3.45480e-01
 73  0.00000 -6.94550e-31 | 74  0.03422 -4.81599e-01 | 75 -0.06732 -3.21303e-01
 76 -0.23653 -1.07011e-04 | 77  0.10511  2.10517e-01 | 78  0.70593 -6.78569e-02
 79 -0.14623 -6.32619e-03 | 80  0.10360 -5.68694e-01 | 81 -0.64521  1.82876e-01

Initial statistics: 91 variables; iteration 0; function evaluation 0; phase 4
Function value 2.2027324e+02; maximum gradient component mag 3.3966e+02
Var    Value     Gradient |Var    Value     Gradient |Var    Value     Gradient
  1  0.04580 -4.08508e+01 |  2 -0.01368 -1.61447e+01 |  3  0.00000  2.35140e+01
  4  0.00000  1.69474e+01 |  5  0.00000  1.26014e+01 |  6  0.00000  1.05811e+01
  7  0.00000  3.97219e+00 |  8  0.00000 -3.76296e-01 |  9  0.00000  2.04238e+00
 10  0.00000  4.66236e+00 | 11  0.00000  1.64824e+01 | 12  0.00000  2.14690e+01
 13 -0.02294  3.45761e-01 | 14 -0.01843  6.03582e-02 | 15 -0.01079  1.61839e-01
 16 -0.00230  1.91469e-01 | 17  0.00591  1.35381e-01 | 18  0.00314  1.01697e-01
 19 -0.00079  1.02885e-01 | 20 -0.01343  1.39999e-01 | 21 -0.01459  2.73681e-01
 22 -0.01330 -2.21014e-01 | 23 -0.02118  1.16826e-01 | 24 -0.01210  1.35052e-01
 25  0.01757 -2.40149e-01 | 26  0.01756 -2.18199e-01 | 27  0.01492 -5.63115e-02
 28  0.02016 -5.10527e-02 | 29  0.01024 -1.33089e-01 | 30  0.02520 -1.11436e-01
 31  0.07075  6.12406e-02 | 32  0.02214  1.35656e-01 | 33  0.01767  3.61711e-02
 34  0.03393 -3.50900e-01 | 35  0.02516 -2.77728e-02 | 36  0.04744 -2.27568e-01
 37  0.01177 -2.20884e-01 | 38 -0.00807 -1.55217e-01 | 39 -0.01027  1.32974e-01
 40 -0.01003 -1.07547e-01 | 41 -0.00218 -3.04740e-01 | 42  0.01132 -3.50404e-01
 43  0.01564 -1.32688e-01 | 44  0.00647 -2.47522e-01 | 45 -0.00180 -4.19903e-01
 46  0.00107  5.08020e-02 | 47  0.01256 -4.27505e-01 | 48 -0.00023  2.56260e-03
 49 -0.02739 -5.21464e-02 | 50 -0.02495  5.56119e-02 | 51 -0.01408  7.82349e-02
 52  0.00028  3.86066e-04 | 53 -0.00316  8.62422e-02 | 54 -0.00869  2.47025e-01
 55 -0.03440  2.29279e-01 | 56 -0.03025  3.59341e-01 | 57 -0.01671 -2.48451e-02
 58  0.00462  1.48040e-02 | 59 -0.00787 -2.62338e-02 | 60 -0.01137 -4.31501e-02
 61 -0.01102 -9.07155e-02 | 62 -0.00872  1.42217e-01 | 63 -0.00979  1.38075e-01
 64 -0.01365  3.16968e-01 | 65 -0.01091  3.88361e-01 | 66 -0.00034  8.04289e-02
 67 -0.00000 -1.22170e-04 | 68  0.00000  0.00000e+00 | 69 -0.78015 -1.68765e+01
 70  0.20335  1.28754e+02 | 71  0.10421  3.39665e+02 | 72  0.19325 -1.76067e-01
 73 -0.07494 -8.24338e-02 | 74  0.07044 -2.45653e-01 | 75  0.17721 -2.88566e+01
 76  0.07255 -3.98229e+01 | 77  0.17221 -7.13161e+00 | 78 -0.01375 -6.62627e-03
 79 -0.17877 -1.86857e+00 | 80  0.14614  4.41041e-03 | 81  0.06615 -2.54301e-03
 82  0.13139 -3.45480e-01 | 83  0.00000 -6.94550e-31 | 84  0.03422 -4.81599e-01
 85 -0.06732 -3.21303e-01 | 86 -0.23653 -1.07011e-04 | 87  0.10511  2.10517e-01
 88  0.70593 -6.78569e-02 | 89 -0.14623 -6.32619e-03 | 90  0.10360 -5.68694e-01
 91 -0.64521  1.82876e-01 |

Intermediate statistics: 91 variables; iteration 20; function evaluation 28; phase 4
Function value 2.1976166e+02; maximum gradient component mag 1.8937e+02
Var    Value     Gradient |Var    Value     Gradient |Var    Value     Gradient
  1  0.04567  1.89374e+02 |  2 -0.01382  4.12593e+00 |  3 -0.01762  9.43938e+00
  4 -0.01216  8.84214e+00 |  5 -0.00845  8.60207e+00 |  6 -0.00743  8.53988e+00
  7 -0.00155  8.17627e+00 |  8  0.00387  8.95398e+00 |  9  0.00301  1.15663e+01
 10  0.00376  1.52703e+01 | 11 -0.00385  2.03135e+01 | 12 -0.00743  2.24086e+01
 13 -0.01663  1.29873e+01 | 14 -0.01584  1.15070e+01 | 15 -0.01082  1.11507e+01
 16 -0.00245  1.24273e+01 | 17  0.00671  1.45002e+01 | 18  0.00464  1.47513e+01
 19  0.00088  1.43634e+01 | 20 -0.01232  1.13884e+01 | 21 -0.01427  8.50705e+00
 22 -0.01348  4.23438e+00 | 23 -0.02218  2.39273e-01 | 24 -0.01332 -1.11220e+00
 25  0.01698 -9.47654e-01 | 26  0.01781 -1.16162e+00 | 27  0.01532 -2.09748e+00
 28  0.01953 -3.65703e+00 | 29  0.00930 -4.42740e+00 | 30  0.02476 -4.59449e+00
 31  0.06986 -4.77048e+00 | 32  0.02258 -2.34986e+00 | 33  0.01766 -2.03268e+00
 34  0.03353 -2.49651e+00 | 35  0.02446 -2.39843e+00 | 36  0.04614 -1.68967e+00
 37  0.01156 -8.03311e-02 | 38 -0.00804  1.20777e+00 | 39 -0.01033  2.53617e+00
 40 -0.00962  2.78678e+00 | 41 -0.00128  2.24648e+00 | 42  0.01205  1.12748e+00
 43  0.01472 -4.60973e-01 | 44  0.00546 -1.10704e+00 | 45 -0.00156 -1.00745e+00
 46  0.00093 -1.08832e+00 | 47  0.01256 -2.27869e+00 | 48 -0.00098 -3.59499e+00
 49 -0.02777 -4.19942e+00 | 50 -0.02532 -5.28678e+00 | 51 -0.01430 -6.82482e+00
 52 -0.00033 -9.17459e+00 | 53 -0.00454 -1.00322e+01 | 54 -0.01031 -9.80336e+00
 55 -0.03503 -7.26524e+00 | 56 -0.03066 -7.01865e+00 | 57 -0.01719 -8.31365e+00
 58  0.00326 -1.05997e+01 | 59 -0.00887 -9.21580e+00 | 60 -0.01215 -7.91834e+00
 61 -0.01129 -6.19666e+00 | 62 -0.00870 -4.30930e+00 | 63 -0.00927 -2.75055e+00
 64 -0.01271 -1.63246e+00 | 65 -0.00962 -1.04756e+00 | 66 -0.00042  1.05121e-02
 67 -0.00000 -1.51242e-05 | 68  0.00000  0.00000e+00 | 69 -0.77864 -2.43753e+00
 70  0.21313  2.56511e+01 | 71  0.10037  2.76663e+01 | 72  0.19492 -4.83681e+01
 73 -0.07500 -3.71838e-04 | 74  0.07223  3.98185e+00 | 75  0.17855  6.29492e+01
 76  0.07128  4.28263e+01 | 77  0.17022 -5.93435e+01 | 78 -0.01311  2.47558e-02
 79 -0.17420  2.54625e+00 | 80  0.15098  1.26931e+01 | 81  0.06609  5.62944e-02
 82  0.13270 -1.77775e+01 | 83  0.00000  1.19924e-30 | 84  0.03644  1.16338e+01
 85 -0.06610  8.84158e+00 | 86 -0.23653  3.19588e-04 | 87  0.10557 -4.63471e+00
 88  0.70567  2.30808e+00 | 89 -0.14410  4.80093e+00 | 90  0.10632  1.27042e+01
 91 -0.64280 -2.99137e+00 |
91 variables; iteration 40; function evaluation 52; phase 4
Function value 2.1949370e+02; maximum gradient component mag 2.4628e+02
Var    Value     Gradient |Var    Value     Gradient |Var    Value     Gradient
  1  0.04522  2.46277e+02 |  2 -0.01380  7.85242e+01 |  3 -0.02264  1.24771e+00
  4 -0.01576  1.29520e+00 |  5 -0.01118  1.28322e+00 |  6 -0.01016  1.04327e+00
  7 -0.00296  1.13367e+00 |  8  0.00339  1.50895e+00 |  9  0.00221  2.49921e+00
 10  0.00296  3.70766e+00 | 11 -0.00753  4.74098e+00 | 12 -0.01241  4.99904e+00
 13 -0.01715  1.29558e+00 | 14 -0.01708  2.86670e-01 | 15 -0.01165  4.69874e-01
 16 -0.00244  1.38111e+00 | 17  0.00704  1.86429e+00 | 18  0.00468  1.40465e+00
 19  0.00042  5.82122e-01 | 20 -0.01265 -2.10363e-01 | 21 -0.01401 -9.18850e-01
 22 -0.01336 -2.78378e+00 | 23 -0.02280 -4.18355e+00 | 24 -0.01378 -3.99728e+00
 25  0.01793 -2.62320e+00 | 26  0.01923 -1.72415e+00 | 27  0.01542 -3.09751e+00
 28  0.01954 -3.88057e+00 | 29  0.00976 -2.79042e+00 | 30  0.02343 -2.02562e+00
 31  0.07292  1.86595e+00 | 32  0.02061 -9.62335e-01 | 33  0.01731 -5.01751e-01
 34  0.03377  3.62845e-01 | 35  0.02361  7.95747e-01 | 36  0.04743  4.30559e+00
 37  0.01134  3.03110e+00 | 38 -0.00848  2.57403e+00 | 39 -0.01074  3.42480e+00
 40 -0.00930  4.88868e+00 | 41 -0.00054  5.70918e+00 | 42  0.01231  4.54256e+00
 43  0.01401  1.85301e+00 | 44  0.00506  1.19057e+00 | 45 -0.00123  2.35239e+00
 46  0.00191  3.52130e+00 | 47  0.01314  2.94362e+00 | 48 -0.00126  4.27678e-01
 49 -0.02844 -1.37310e+00 | 50 -0.02548 -1.06243e+00 | 51 -0.01395 -4.11798e-01
 52  0.00026 -6.61480e-01 | 53 -0.00473 -2.37935e+00 | 54 -0.01059 -3.13214e+00
 55 -0.03521 -2.58360e+00 | 56 -0.03038 -1.88335e+00 | 57 -0.01693 -2.09299e+00
 58  0.00360 -2.72491e+00 | 59 -0.00886 -2.96057e+00 | 60 -0.01193 -2.63858e+00
 61 -0.01106 -2.21252e+00 | 62 -0.00856 -1.75000e+00 | 63 -0.00929 -1.40082e+00
 64 -0.01279 -1.16096e+00 | 65 -0.01009 -1.36749e+00 | 66 -0.00043  1.44961e-02
 67 -0.00000 -2.46182e-05 | 68  0.00000  0.00000e+00 | 69 -0.77788  8.28829e+01
 70  0.21756  9.79886e+00 | 71  0.09862  2.53690e+01 | 72  0.19570 -1.19574e+00
 73 -0.08834 -4.38769e-04 | 74  0.07304  1.70818e+00 | 75  0.17967 -1.40535e+01
 76  0.07031  1.31306e+01 | 77  0.17107  2.86284e+01 | 78  0.04641  8.54167e-01
 79 -0.17574  9.93886e+00 | 80  0.15168  3.50684e-01 | 81  0.04837 -1.31167e-01
 82  0.13261  2.79444e+00 | 83  0.00000 -3.42601e-31 | 84  0.03656  4.22910e+00
 85 -0.06552  4.13111e+00 | 86 -0.23644  8.26713e-05 | 87  0.10560 -2.20077e+00
 88  0.70412  1.08779e+00 | 89 -0.14362  2.16469e+00 | 90  0.10695  3.38511e+00
 91 -0.64234 -4.19827e-01 |
91 variables; iteration 60; function evaluation 81; phase 4
Function value 2.1944667e+02; maximum gradient component mag 4.5222e+01
Var    Value     Gradient |Var    Value     Gradient |Var    Value     Gradient
  1  0.04511  4.52219e+01 |  2 -0.01357  2.66919e+01 |  3 -0.02329  5.42382e-02
  4 -0.01639  1.70412e-03 |  5 -0.01159  1.23068e-01 |  6 -0.01085 -3.27631e-01
  7 -0.00319  8.28683e-02 |  8  0.00311  1.46243e-01 |  9  0.00171  4.54334e-01
 10  0.00195  4.65685e-01 | 11 -0.00911  5.75139e-01 | 12 -0.01404  7.85202e-01
 13 -0.01738  3.73926e-01 | 14 -0.01666  4.78232e-01 | 15 -0.01162  3.65193e-01
 16 -0.00305  2.87611e-01 | 17  0.00661  3.51556e-01 | 18  0.00440 -1.43209e-02
 19  0.00069 -4.97899e-02 | 20 -0.01286 -3.66052e-01 | 21 -0.01439 -3.63046e-01
 22 -0.01316 -6.34599e-01 | 23 -0.02219 -1.13428e+00 | 24 -0.01304 -1.27394e+00
 25  0.01760 -1.79579e+00 | 26  0.01868 -1.21722e+00 | 27  0.01619 -9.03717e-01
 28  0.01958 -1.49429e+00 | 29  0.01023 -5.36227e-01 | 30  0.02499 -7.13999e-01
 31  0.07063 -7.32423e-01 | 32  0.02264 -2.97481e-01 | 33  0.01782 -1.76428e-01
 34  0.03304 -5.60523e-01 | 35  0.02446  9.99601e-02 | 36  0.04666  5.11005e-01
 37  0.01112 -9.11417e-03 | 38 -0.00827  1.40262e-01 | 39 -0.01058  3.50179e-01
 40 -0.00949  9.63531e-01 | 41 -0.00118  1.12794e+00 | 42  0.01206  9.94454e-01
 43  0.01423  3.29193e-01 | 44  0.00562  4.57003e-01 | 45 -0.00142  4.82213e-01
 46  0.00100  4.83429e-01 | 47  0.01250  3.49343e-01 | 48 -0.00096  4.53766e-01
 49 -0.02764  5.61654e-01 | 50 -0.02540  2.93433e-01 | 51 -0.01446  1.28407e-01
 52 -0.00021  2.89516e-01 | 53 -0.00435  2.44432e-01 | 54 -0.01026 -6.19406e-02
 55 -0.03537 -3.99400e-01 | 56 -0.03076 -1.59119e-01 | 57 -0.01706 -7.68175e-03
 58  0.00364 -1.21057e-01 | 59 -0.00884 -3.96227e-01 | 60 -0.01214 -3.37656e-01
 61 -0.01100  1.44481e-01 | 62 -0.00837  4.89315e-01 | 63 -0.00940  3.42829e-01
 64 -0.01291  3.71742e-01 | 65 -0.00986  3.27767e-01 | 66 -0.00043  1.23003e-02
 67 -0.00000 -6.90170e-05 | 68  0.00000  0.00000e+00 | 69 -0.77797  2.80884e+01
 70  0.22091  4.83590e+00 | 71  0.09730  1.79163e+01 | 72  0.19624  4.93686e+00
 73 -0.07245 -3.59097e-04 | 74  0.07187  6.05566e-02 | 75  0.17922 -6.56452e+00
 76  0.07070  5.14772e+00 | 77  0.17099  1.49096e+01 | 78  0.03314  2.40419e-01
 79 -0.17611  3.48680e+00 | 80  0.15160 -2.90062e+00 | 81  0.04604 -6.62319e-01
 82  0.13223  3.84107e+00 | 83  0.00000 -5.07968e-31 | 84  0.03653  8.54870e-01
 85 -0.06538  5.25310e-02 | 86 -0.23626 -1.12680e-04 | 87  0.10558  8.61903e-02
 88  0.70235  2.19578e-01 | 89 -0.14276  9.23303e-01 | 90  0.10694 -2.34584e-03
 91 -0.64278 -1.08068e-01 |
91 variables; iteration 80; function evaluation 113; phase 4
Function value 2.1943949e+02; maximum gradient component mag 1.0367e+01
Var    Value     Gradient |Var    Value     Gradient |Var    Value     Gradient
  1  0.04496 -3.86893e+00 |  2 -0.01375 -3.56220e-01 |  3 -0.02355 -8.27469e-02
  4 -0.01660 -6.82919e-02 |  5 -0.01207 -1.36232e-01 |  6 -0.01068  4.33084e-03
  7 -0.00369 -1.34976e-01 |  8  0.00269 -9.32926e-02 |  9  0.00112 -9.51597e-02
 10  0.00146 -2.49193e-01 | 11 -0.00938 -1.30059e-01 | 12 -0.01463 -2.29751e-01
 13 -0.01736 -1.91120e-02 | 14 -0.01699 -5.88046e-02 | 15 -0.01182 -2.49460e-02
 16 -0.00324 -1.36546e-01 | 17  0.00638 -1.15246e-01 | 18  0.00468 -2.34994e-02
 19  0.00057 -1.23149e-01 | 20 -0.01266  1.48132e-02 | 21 -0.01445 -1.72751e-02
 22 -0.01316  9.99619e-02 | 23 -0.02209  3.36366e-03 | 24 -0.01303  7.28443e-02
 25  0.01803  1.41801e-01 | 26  0.01876  9.01298e-02 | 27  0.01605  5.98594e-02
 28  0.02031  9.22632e-02 | 29  0.00984  7.51942e-02 | 30  0.02517  5.44175e-02
 31  0.07067 -3.06145e-02 | 32  0.02268  2.48706e-02 | 33  0.01768  7.25581e-02
 34  0.03360  3.74261e-02 | 35  0.02427 -6.65808e-02 | 36  0.04613 -1.50563e-01
 37  0.01151 -5.32326e-02 | 38 -0.00809 -2.93703e-02 | 39 -0.01033 -3.95809e-02
 40 -0.00962 -1.13677e-01 | 41 -0.00120 -1.60003e-01 | 42  0.01203 -1.32300e-01
 43  0.01449 -6.06891e-02 | 44  0.00540 -7.80209e-02 | 45 -0.00129  9.34639e-02
 46  0.00088 -1.27224e-01 | 47  0.01280  1.25215e-02 | 48 -0.00111 -1.24083e-01
 49 -0.02775  1.36710e-01 | 50 -0.02546 -2.70574e-02 | 51 -0.01429  4.68485e-02
 52 -0.00016  1.37496e-01 | 53 -0.00469 -2.09778e-02 | 54 -0.01033  1.30527e-01
 55 -0.03500  2.47154e-01 | 56 -0.03083 -5.15813e-02 | 57 -0.01707  1.73711e-01
 58  0.00347  8.98303e-02 | 59 -0.00862  1.62042e-01 | 60 -0.01198  6.24657e-02
 61 -0.01105  7.41417e-02 | 62 -0.00846  1.14535e-01 | 63 -0.00957 -8.80211e-02
 64 -0.01320 -1.30079e-02 | 65 -0.01031 -7.23579e-02 | 66 -0.00046 -4.73913e-03
 67 -0.00000 -2.70616e-05 | 68  0.00000  0.00000e+00 | 69 -0.77725 -2.40768e-01
 70  0.22463  3.62294e+00 | 71  0.09584  1.03667e+01 | 72  0.19692  6.88682e-01
 73 -0.06236 -3.08751e-04 | 74  0.07120 -1.69435e-01 | 75  0.17960 -9.57815e-01
 76  0.07037 -1.16021e-01 | 77  0.17087  1.60279e-01 | 78  0.03786 -1.04760e-03
 79 -0.17772 -1.00129e-01 | 80  0.15215 -4.57579e-01 | 81  0.04799 -1.50570e-01
 82  0.13217  1.35121e-01 | 83  0.00000 -4.96695e-31 | 84  0.03653 -2.00833e-01
 85 -0.06495 -1.15232e-01 | 86 -0.23554 -1.13149e-04 | 87  0.10573  1.08326e-01
 88  0.70170 -2.80691e-02 | 89 -0.14269 -9.96402e-02 | 90  0.10744 -1.19884e-01
 91 -0.64236  5.14907e-03 |
91 variables; iteration 100; function evaluation 147; phase 4
Function value 2.1943860e+02; maximum gradient component mag 7.3801e+00
Var    Value     Gradient |Var    Value     Gradient |Var    Value     Gradient
  1  0.04490  6.10629e+00 |  2 -0.01379  2.60797e+00 |  3 -0.02363 -2.18283e-02
  4 -0.01671 -2.77703e-03 |  5 -0.01211  1.16764e-02 |  6 -0.01093 -5.55615e-03
  7 -0.00374  4.35808e-02 |  8  0.00248 -2.89318e-02 |  9  0.00083 -9.26195e-02
 10  0.00159  5.50266e-02 | 11 -0.00951 -7.62394e-02 | 12 -0.01450 -7.09957e-03
 13 -0.01748 -3.24439e-02 | 14 -0.01716 -1.01881e-01 | 15 -0.01192  1.77035e-03
 16 -0.00321  3.58715e-03 | 17  0.00633 -6.67794e-02 | 18  0.00454 -7.68491e-02
 19  0.00070  2.31521e-02 | 20 -0.01275 -3.70697e-02 | 21 -0.01440 -8.41237e-03
 22 -0.01329 -5.64519e-02 | 23 -0.02206  2.60747e-02 | 24 -0.01304  4.53006e-02
 25  0.01804  3.12139e-02 | 26  0.01881 -2.35008e-02 | 27  0.01616  2.61341e-02
 28  0.02037  6.08569e-02 | 29  0.00979 -1.08870e-02 | 30  0.02509 -6.23515e-03
 31  0.07083  5.06289e-02 | 32  0.02271  3.36586e-02 | 33  0.01762  1.09599e-03
 34  0.03355  1.13691e-02 | 35  0.02430  3.67134e-02 | 36  0.04618  4.15004e-02
 37  0.01143 -4.78155e-04 | 38 -0.00806  5.15519e-02 | 39 -0.01037 -3.13113e-02
 40 -0.00949  4.68055e-02 | 41 -0.00111 -2.52900e-02 | 42  0.01206 -1.22337e-02
 43  0.01445  2.73028e-02 | 44  0.00545 -2.15663e-03 | 45 -0.00140  1.32773e-02
 46  0.00106  6.57765e-03 | 47  0.01271 -1.15979e-02 | 48 -0.00096  3.08018e-02
 49 -0.02792 -3.09319e-02 | 50 -0.02540 -8.43769e-03 | 51 -0.01424  1.29234e-02
 52 -0.00028 -3.50387e-02 | 53 -0.00457  4.42864e-02 | 54 -0.01045 -3.48256e-02
 55 -0.03519 -3.62884e-02 | 56 -0.03058  8.90240e-02 | 57 -0.01727 -9.69201e-02
 58  0.00355  3.67705e-02 | 59 -0.00876 -3.08079e-02 | 60 -0.01188  6.39908e-02
 61 -0.01108 -5.99492e-02 | 62 -0.00854 -5.05673e-02 | 63 -0.00939  2.45838e-02
 64 -0.01314  3.65823e-02 | 65 -0.01016  4.51145e-02 | 66 -0.00043  2.12914e-02
 67 -0.00001 -1.06029e-02 | 68  0.00000  0.00000e+00 | 69 -0.77692  2.80158e+00
 70  0.22640  3.03857e+00 | 71  0.09514  7.38012e+00 | 72  0.19727 -1.36151e-01
 73 -0.07629 -3.78312e-04 | 74  0.07121  1.56889e-02 | 75  0.18028  4.91770e+00
 76  0.06973  6.63224e+00 | 77  0.17101  1.25219e+00 | 78  0.03975  2.25705e-02
 79 -0.17783  2.73509e-01 | 80  0.15246 -8.12556e-02 | 81  0.05002 -4.92149e-02
 82  0.13222 -6.90897e-02 | 83  0.00000 -5.20346e-31 | 84  0.03663 -5.44039e-02
 85 -0.06482  2.00143e-02 | 86 -0.23452 -7.17611e-05 | 87  0.10576 -2.56512e-02
 88  0.70142 -4.18370e-04 | 89 -0.14245 -1.13758e-02 | 90  0.10768  1.64380e-02
 91 -0.64214  3.41621e-02 |
91 variables; iteration 120; function evaluation 182; phase 4
Function value 2.1943650e+02; maximum gradient component mag 8.6268e+00
Var    Value     Gradient |Var    Value     Gradient |Var    Value     Gradient
  1  0.04489 -1.38937e-01 |  2 -0.01377 -6.77357e-02 |  3 -0.02363 -1.72579e-03
  4 -0.01673 -1.20988e-03 |  5 -0.01214 -1.87058e-03 |  6 -0.01095 -1.71185e-03
  7 -0.00382 -2.55792e-03 |  8  0.00249  1.50286e-03 |  9  0.00091  3.58448e-03
 10  0.00145 -3.06900e-03 | 11 -0.00945  3.27218e-03 | 12 -0.01452 -1.13908e-03
 13 -0.01748  1.28717e-03 | 14 -0.01709  1.13112e-03 | 15 -0.01198 -6.52700e-04
 16 -0.00327 -4.26636e-03 | 17  0.00640 -5.44412e-04 | 18  0.00462  9.23618e-04
 19  0.00059 -4.57493e-03 | 20 -0.01275 -4.74817e-03 | 21 -0.01439 -3.30519e-03
 22 -0.01319 -2.54594e-03 | 23 -0.02211 -5.44277e-03 | 24 -0.01311 -6.21045e-03
 25  0.01805 -7.10128e-03 | 26  0.01892 -2.59830e-03 | 27  0.01615 -3.84297e-03
 28  0.02029 -5.55469e-03 | 29  0.00983 -1.82477e-03 | 30  0.02515 -4.03521e-04
 31  0.07081 -2.25230e-03 | 32  0.02268 -9.27269e-04 | 33  0.01764  7.98727e-04
 34  0.03357  1.02163e-03 | 35  0.02429 -1.64245e-03 | 36  0.04619 -3.89018e-04
 37  0.01143  1.34672e-03 | 38 -0.00814  1.88069e-05 | 39 -0.01032  3.56509e-03
 40 -0.00950 -5.36160e-06 | 41 -0.00104  3.57095e-03 | 42  0.01206  3.44852e-03
 43  0.01441 -2.33328e-04 | 44  0.00552  4.80609e-04 | 45 -0.00143  8.41386e-04
 46  0.00105  2.60073e-03 | 47  0.01275  4.61672e-03 | 48 -0.00099  6.43839e-04
 49 -0.02790  3.03034e-03 | 50 -0.02540  2.02304e-03 | 51 -0.01426  3.26057e-03
 52 -0.00024  6.56969e-03 | 53 -0.00464  1.45251e-03 | 54 -0.01042  3.59969e-03
 55 -0.03516  2.33394e-03 | 56 -0.03068 -3.53868e-03 | 57 -0.01716  7.02151e-03
 58  0.00350 -3.27458e-04 | 59 -0.00871  3.65220e-03 | 60 -0.01196 -3.21630e-03
 61 -0.01103  4.44725e-03 | 62 -0.00850  3.79929e-03 | 63 -0.00943 -2.20470e-03
 64 -0.01321 -1.59578e-03 | 65 -0.01025 -1.29030e-03 | 66 -0.00046  3.51728e-04
 67  0.00000  2.06259e-04 | 68  0.00000  0.00000e+00 | 69 -0.77638 -6.65251e-02
 70  0.22609  3.38591e+00 | 71  0.09521  8.62681e+00 | 72  0.19718  1.63875e-02
 73 -0.29092 -1.54472e-03 | 74  0.07134 -4.43771e-03 | 75  0.18240 -8.06625e-02
 76  0.06751 -4.31130e-02 | 77  0.17169 -2.39200e-02 | 78 -0.01301 -6.42794e-05
 79 -0.17750 -4.33326e-03 | 80  0.15212  2.16450e-02 | 81  0.06908  1.39944e-02
 82  0.13210  1.79144e-02 | 83  0.00000 -6.93944e-31 | 84  0.03656  9.07774e-04
 85 -0.06481 -1.68067e-03 | 86 -0.22988  1.23665e-04 | 87  0.10576  3.81673e-03
 88  0.70139  1.87637e-04 | 89 -0.14242  1.42360e-03 | 90  0.10767 -4.96750e-03
 91 -0.64217  6.25836e-04 |
91 variables; iteration 140; function evaluation 202; phase 4
Function value 2.1943627e+02; maximum gradient component mag 1.2342e+01
Var    Value     Gradient |Var    Value     Gradient |Var    Value     Gradient
  1  0.04493 -5.29555e+00 |  2 -0.01372 -1.47305e+00 |  3 -0.02358 -1.16775e-02
  4 -0.01666 -1.38390e-02 |  5 -0.01208 -2.08432e-02 |  6 -0.01086 -9.41395e-03
  7 -0.00372 -1.46777e-02 |  8  0.00258 -1.99543e-02 |  9  0.00099 -1.08091e-02
 10  0.00149 -2.69872e-02 | 11 -0.00945 -2.41247e-02 | 12 -0.01453 -3.69024e-02
 13 -0.01745  1.34963e-02 | 14 -0.01704  2.16886e-02 | 15 -0.01192  2.88088e-02
 16 -0.00322  1.34680e-02 | 17  0.00643  1.11886e-02 | 18  0.00462  1.51354e-02
 19  0.00058  1.40895e-02 | 20 -0.01275  1.58680e-02 | 21 -0.01437  1.90858e-02
 22 -0.01318  1.06441e-02 | 23 -0.02209  1.43891e-02 | 24 -0.01310  7.89311e-03
 25  0.01803 -5.70152e-03 | 26  0.01889 -1.46404e-02 | 27  0.01609 -2.19277e-02
 28  0.02025 -1.78211e-02 | 29  0.00985  4.14529e-03 | 30  0.02517 -6.37702e-03
 31  0.07076 -5.30442e-02 | 32  0.02266 -3.17434e-02 | 33  0.01763 -2.99898e-02
 34  0.03357 -4.25283e-02 | 35  0.02431 -3.29754e-02 | 36  0.04619 -6.25046e-02
 37  0.01142 -3.81820e-02 | 38 -0.00817 -3.63150e-02 | 39 -0.01034 -3.31506e-02
 40 -0.00952 -3.80159e-02 | 41 -0.00108 -3.82782e-02 | 42  0.01203 -3.56055e-02
 43  0.01442 -2.99341e-02 | 44  0.00553 -2.25519e-02 | 45 -0.00146 -1.75828e-02
 46  0.00103 -1.49948e-02 | 47  0.01273 -1.22683e-02 | 48 -0.00099  3.49138e-03
 49 -0.02789  1.77363e-02 | 50 -0.02540  1.63727e-02 | 51 -0.01427  8.97732e-03
 52 -0.00024  1.07150e-02 | 53 -0.00462  5.86848e-03 | 54 -0.01039  1.98261e-02
 55 -0.03515  2.74815e-02 | 56 -0.03068  2.45326e-02 | 57 -0.01715  3.88517e-02
 58  0.00351  2.90528e-02 | 59 -0.00870  3.89226e-02 | 60 -0.01196  2.73851e-02
 61 -0.01104  4.20545e-02 | 62 -0.00852  4.01053e-02 | 63 -0.00943  3.38034e-02
 64 -0.01319  3.53434e-02 | 65 -0.01023  2.82486e-02 | 66 -0.00045  2.12874e-03
 67  0.00000  1.69174e-03 | 68  0.00000  0.00000e+00 | 69 -0.77642 -1.60053e+00
 70  0.22493  4.67243e+00 | 71  0.09558  1.23416e+01 | 72  0.19694  3.31632e-01
 73 -0.51451 -3.28822e-03 | 74  0.07152 -4.60321e-02 | 75  0.18282  2.53705e-02
 76  0.06706 -7.02163e-01 | 77  0.17188 -7.39593e-01 | 78 -0.02296 -1.13380e-04
 79 -0.17774 -1.75724e-01 | 80  0.15189 -2.74220e-01 | 81  0.06932 -2.34242e-02
 82  0.13205  3.44244e-01 | 83  0.00000 -8.43438e-31 | 84  0.03649 -1.59344e-01
 85 -0.06489 -3.95584e-02 | 86 -0.20042  2.16779e-03 | 87  0.10574  3.94456e-02
 88  0.70154 -5.53645e-03 | 89 -0.14255 -2.13617e-02 | 90  0.10756 -2.35111e-02
 91 -0.64225  9.76550e-03 |
91 variables; iteration 160; function evaluation 223; phase 4
Function value 2.1942867e+02; maximum gradient component mag -9.9682e+00
Var    Value     Gradient |Var    Value     Gradient |Var    Value     Gradient
  1  0.04498 -9.96819e+00 |  2 -0.01374 -4.26811e+00 |  3 -0.02347 -1.13598e-02
  4 -0.01655 -1.79382e-02 |  5 -0.01192 -7.34504e-03 |  6 -0.01072 -2.75689e-02
  7 -0.00355 -2.23577e-02 |  8  0.00274 -3.52173e-02 |  9  0.00113 -4.20344e-02
 10  0.00164 -2.90602e-02 | 11 -0.00941 -4.91637e-02 | 12 -0.01451 -2.93880e-02
 13 -0.01740 -6.80402e-03 | 14 -0.01696 -1.03055e-02 | 15 -0.01182 -9.10133e-03
 16 -0.00312  9.44797e-03 | 17  0.00639 -1.35962e-02 | 18  0.00456 -3.71571e-02
 19  0.00071 -1.44047e-02 | 20 -0.01268 -2.62049e-03 | 21 -0.01447 -1.45226e-02
 22 -0.01328 -9.45716e-03 | 23 -0.02199 -1.84824e-03 | 24 -0.01297  2.23641e-04
 25  0.01794 -1.67271e-02 | 26  0.01867 -1.64908e-02 | 27  0.01606 -8.85377e-03
 28  0.02032 -1.42935e-02 | 29  0.00981 -1.77379e-02 | 30  0.02509 -2.38380e-02
 31  0.07070 -3.07109e-02 | 32  0.02268 -7.80517e-03 | 33  0.01763 -8.65824e-03
 34  0.03354 -1.79314e-02 | 35  0.02430 -1.03772e-02 | 36  0.04617 -1.77508e-02
 37  0.01151 -7.28736e-03 | 38 -0.00808  3.99669e-03 | 39 -0.01037  3.60730e-03
 40 -0.00966  1.35171e-02 | 41 -0.00123  1.44623e-03 | 42  0.01203 -4.31884e-04
 43  0.01449  7.01262e-03 | 44  0.00544  1.17231e-02 | 45 -0.00142  6.81508e-03
 46  0.00101  1.53862e-02 | 47  0.01268  3.78864e-03 | 48 -0.00098  1.08197e-02
 49 -0.02789 -7.16918e-03 | 50 -0.02539  1.16376e-02 | 51 -0.01428  1.32256e-02
 52 -0.00026 -4.84754e-03 | 53 -0.00454  1.92365e-02 | 54 -0.01035 -4.52520e-03
 55 -0.03515 -5.62553e-03 | 56 -0.03066  3.27129e-02 | 57 -0.01718 -8.23504e-03
 58  0.00354  2.29733e-02 | 59 -0.00870 -8.84753e-04 | 60 -0.01193  3.03637e-02
 61 -0.01105  1.85517e-02 | 62 -0.00858  9.83885e-03 | 63 -0.00942  4.15527e-02
 64 -0.01313  2.41787e-02 | 65 -0.01015  2.04488e-02 | 66 -0.00046 -5.77375e-03
 67 -0.00000 -2.12890e-03 | 68  0.00000  0.00000e+00 | 69 -0.77786 -4.50451e+00
 70  0.22520  3.77359e+00 | 71  0.09473  9.88857e+00 | 72  0.19708  3.03584e-01
 73 -0.69549 -6.05895e-03 | 74  0.07313 -5.18565e-02 | 75  0.17748 -5.59381e+00
 76  0.07244 -6.42634e+00 | 77  0.17021 -2.36650e+00 | 78  0.02757 -1.53771e-03
 79 -0.17776 -4.49829e-01 | 80  0.15174 -1.26134e-01 | 81  0.06941 -1.72277e-02
 82  0.13207  2.35637e-01 | 83  0.00000 -8.22073e-31 | 84  0.03641 -9.94217e-02
 85 -0.06501 -6.24650e-03 | 86 -0.21116  1.22969e-03 | 87  0.10570 -5.89494e-03
 88  0.70180 -1.81731e-03 | 89 -0.14274 -7.84406e-03 | 90  0.10737  1.00562e-03
 91 -0.64239 -1.45639e-02 |
91 variables; iteration 180; function evaluation 252; phase 4
Function value 2.1942109e+02; maximum gradient component mag 2.0011e+01
Var    Value     Gradient |Var    Value     Gradient |Var    Value     Gradient
  1  0.04485  1.42558e+01 |  2 -0.01381  6.95183e+00 |  3 -0.02366  1.42763e-02
  4 -0.01677  1.40009e-02 |  5 -0.01219  1.81020e-02 |  6 -0.01100  1.77432e-02
  7 -0.00387  2.59788e-02 |  8  0.00242  2.14484e-02 |  9  0.00085  1.36980e-02
 10  0.00146  3.21555e-02 | 11 -0.00946  6.24583e-03 | 12 -0.01452  1.21769e-02
 13 -0.01753  5.84782e-03 | 14 -0.01712  1.31248e-02 | 15 -0.01200  1.10380e-02
 16 -0.00329  2.34151e-02 | 17  0.00633  1.83000e-02 | 18  0.00459  1.75791e-02
 19  0.00067  2.92239e-02 | 20 -0.01273  2.44710e-02 | 21 -0.01445  1.33523e-02
 22 -0.01327  9.57286e-03 | 23 -0.02210  1.51340e-02 | 24 -0.01307  1.96646e-02
 25  0.01806  1.67716e-02 | 26  0.01886 -6.24918e-03 | 27  0.01619 -6.42041e-03
 28  0.02039  7.69294e-03 | 29  0.00981 -5.88216e-03 | 30  0.02509 -6.74522e-03
 31  0.07085 -1.22661e-02 | 32  0.02272 -9.76191e-03 | 33  0.01764 -2.03753e-02
 34  0.03355 -1.69800e-02 | 35  0.02425 -1.00053e-02 | 36  0.04618  6.28879e-03
 37  0.01149 -1.08861e-03 | 38 -0.00806  7.69381e-05 | 39 -0.01030 -2.15004e-02
 40 -0.00953 -1.67236e-02 | 41 -0.00105 -1.89108e-02 | 42  0.01211 -1.52534e-02
 43  0.01442 -9.40906e-03 | 44  0.00545 -1.18783e-02 | 45 -0.00137 -1.09513e-02
 46  0.00107 -4.86682e-03 | 47  0.01274 -4.38562e-03 | 48 -0.00098  1.07393e-02
 49 -0.02791 -3.86594e-03 | 50 -0.02540  4.25606e-04 | 51 -0.01425 -3.61976e-03
 52 -0.00025 -1.43128e-02 | 53 -0.00463 -4.11060e-03 | 54 -0.01044 -1.09635e-02
 55 -0.03517 -4.13578e-03 | 56 -0.03066  1.20388e-02 | 57 -0.01719 -1.56877e-02
 58  0.00351  7.88717e-03 | 59 -0.00873 -6.58792e-03 | 60 -0.01195  1.49084e-02
 61 -0.01103 -1.40174e-02 | 62 -0.00850 -1.38526e-02 | 63 -0.00942  4.44892e-03
 64 -0.01320  1.13945e-03 | 65 -0.01025  3.42860e-03 | 66 -0.00046 -1.22518e-03
 67 -0.00000 -1.51417e-03 | 68  0.00000  0.00000e+00 | 69 -0.77698  7.36065e+00
 70  0.22900  5.03864e-02 | 71  0.09255  3.37419e-01 | 72  0.19785 -1.03964e-01
 73  0.07050  6.42888e-04 | 74  0.07393  4.56879e-02 | 75  0.17957  1.57398e+01
 76  0.07044  2.00112e+01 | 77  0.17074  3.57529e+00 | 78  0.00502  1.90122e-04
 79 -0.17754  7.64349e-01 | 80  0.15220 -7.16813e-03 | 81  0.06902  1.07790e-02
 82  0.13211 -1.60176e-02 | 83  0.00000 -7.05721e-31 | 84  0.03660 -3.93246e-02
 85 -0.06475  1.83451e-02 | 86 -0.21843  7.24979e-04 | 87  0.10578 -1.02128e-02
 88  0.70127  9.63338e-04 | 89 -0.14234 -9.34855e-03 | 90  0.10776  2.80353e-03
 91 -0.64209  8.18563e-04 |
91 variables; iteration 200; function evaluation 275; phase 4
Function value 2.1941903e+02; maximum gradient component mag -5.0698e-02
Var    Value     Gradient |Var    Value     Gradient |Var    Value     Gradient
  1  0.04479 -5.03845e-03 |  2 -0.01383 -4.67475e-02 |  3 -0.02377  3.49106e-04
  4 -0.01689  4.40257e-04 |  5 -0.01234  6.24944e-04 |  6 -0.01117  6.46559e-04
  7 -0.00406  8.30100e-04 |  8  0.00224  8.26659e-04 |  9  0.00070  9.38696e-04
 10  0.00132  1.19717e-03 | 11 -0.00949  9.25117e-04 | 12 -0.01451  1.04104e-03
 13 -0.01757 -3.95357e-04 | 14 -0.01722 -5.48084e-04 | 15 -0.01211 -5.75703e-04
 16 -0.00338 -2.81710e-04 | 17  0.00635 -2.50580e-04 | 18  0.00462 -2.91898e-04
 19  0.00059  6.17839e-05 | 20 -0.01277  3.32694e-05 | 21 -0.01439 -1.37895e-04
 22 -0.01321 -2.60577e-05 | 23 -0.02219  6.42138e-05 | 24 -0.01317  4.80880e-04
 25  0.01813  1.45285e-03 | 26  0.01904  1.25981e-03 | 27  0.01626  9.48679e-04
 28  0.02036  1.01168e-03 | 29  0.00983  6.62930e-04 | 30  0.02513  8.51016e-04
 31  0.07093  2.30146e-03 | 32  0.02273  6.66573e-04 | 33  0.01765  6.14723e-04
 34  0.03357  1.04030e-03 | 35  0.02425  1.07553e-03 | 36  0.04618  2.01804e-03
 37  0.01143  1.05905e-03 | 38 -0.00811  6.06867e-04 | 39 -0.01025  6.34567e-04
 40 -0.00941  8.87134e-04 | 41 -0.00092  9.94123e-04 | 42  0.01213  1.03113e-03
 43  0.01436  6.21931e-04 | 44  0.00552  1.48004e-04 | 45 -0.00138 -1.14173e-04
 46  0.00111 -7.07587e-05 | 47  0.01278  4.92461e-05 | 48 -0.00100 -5.36975e-05
 49 -0.02792 -6.33545e-04 | 50 -0.02540 -5.90040e-04 | 51 -0.01423 -5.97780e-04
 52 -0.00023 -7.12964e-04 | 53 -0.00469 -6.92056e-04 | 54 -0.01049 -9.99508e-04
 55 -0.03519 -1.20822e-03 | 56 -0.03066 -9.08076e-04 | 57 -0.01718 -1.36008e-03
 58  0.00349 -1.05629e-03 | 59 -0.00874 -1.39207e-03 | 60 -0.01198 -1.16547e-03
 61 -0.01101 -1.36864e-03 | 62 -0.00845 -1.46910e-03 | 63 -0.00941 -1.20151e-03
 64 -0.01326 -1.38559e-03 | 65 -0.01032 -1.48939e-03 | 66 -0.00046 -5.74743e-05
 67 -0.00000 -2.25638e-05 | 68  0.00000  0.00000e+00 | 69 -0.77591 -5.06980e-02
 70  0.23024  1.61613e-02 | 71  0.09170  2.03967e-02 | 72  0.19805 -1.44509e-02
 73  0.06591  2.58602e-04 | 74  0.07404  5.24328e-03 | 75  0.18317  1.16105e-02
 76  0.06668 -5.02982e-03 | 77  0.17182 -2.71379e-02 | 78 -0.06856 -3.39673e-04
 79 -0.17751 -5.31698e-03 | 80  0.15248  1.50520e-03 | 81  0.06876  8.25590e-04
 82  0.13214 -1.75907e-03 | 83  0.00000 -7.37506e-31 | 84  0.03670  2.86088e-04
 85 -0.06462  1.66675e-03 | 86 -0.23247  6.07688e-06 | 87  0.10581 -1.40011e-03
 88  0.70099  2.68703e-04 | 89 -0.14212  7.43506e-04 | 90  0.10796  5.05174e-04
 91 -0.64195 -1.15313e-04 |
91 variables; iteration 220; function evaluation 302; phase 4
Function value 2.1941902e+02; maximum gradient component mag -5.7495e-01
Var    Value     Gradient |Var    Value     Gradient |Var    Value     Gradient
  1  0.04479 -2.60634e-02 |  2 -0.01383 -3.06839e-02 |  3 -0.02377  2.56131e-04
  4 -0.01689  4.28137e-04 |  5 -0.01234  6.79691e-04 |  6 -0.01116  5.52942e-04
  7 -0.00406  8.71167e-04 |  8  0.00224  6.77997e-04 |  9  0.00070  5.60479e-04
 10  0.00132  1.24256e-03 | 11 -0.00949  3.54952e-04 | 12 -0.01451  6.74619e-04
 13 -0.01757  2.48522e-04 | 14 -0.01722 -4.16006e-05 | 15 -0.01211 -4.28790e-05
 16 -0.00338  5.08728e-04 | 17  0.00635  2.39768e-04 | 18  0.00462  5.72602e-06
 19  0.00059  6.36952e-04 | 20 -0.01277  5.81207e-04 | 21 -0.01439  9.73546e-05
 22 -0.01321  7.60719e-05 | 23 -0.02219  4.17987e-04 | 24 -0.01317  7.37371e-04
 25  0.01813  9.66319e-04 | 26  0.01904  4.69119e-04 | 27  0.01626  4.59829e-04
 28  0.02036  7.53948e-04 | 29  0.00983  4.40670e-04 | 30  0.02513  4.67334e-04
 31  0.07093  1.23350e-03 | 32  0.02273  2.91451e-04 | 33  0.01765  4.71842e-05
 34  0.03357  1.99676e-04 | 35  0.02425  4.04055e-04 | 36  0.04618  8.85350e-04
 37  0.01143  2.83730e-04 | 38 -0.00811  1.38222e-04 | 39 -0.01025 -3.71346e-04
 40 -0.00942  8.80178e-05 | 41 -0.00092  3.93580e-05 | 42  0.01213  1.33113e-04
 43  0.01436  2.28331e-05 | 44  0.00552 -4.00753e-04 | 45 -0.00138 -4.95337e-04
 46  0.00111 -2.81666e-04 | 47  0.01278 -2.32971e-04 | 48 -0.00100  6.64417e-05
 49 -0.02792 -5.62143e-04 | 50 -0.02540 -4.65965e-04 | 51 -0.01423 -4.55217e-04
 52 -0.00023 -8.46186e-04 | 53 -0.00469 -3.80533e-04 | 54 -0.01049 -8.54366e-04
 55 -0.03519 -8.35350e-04 | 56 -0.03066  7.45086e-05 | 57 -0.01718 -1.11965e-03
 58  0.00349 -2.75103e-04 | 59 -0.00874 -9.77302e-04 | 60 -0.01198 -1.71184e-04
 61 -0.01101 -8.84364e-04 | 62 -0.00845 -8.88176e-04 | 63 -0.00941 -3.59994e-05
 64 -0.01326 -3.27029e-04 | 65 -0.01032 -5.47061e-04 | 66 -0.00046 -1.09495e-04
 67 -0.00000 -6.51634e-05 | 68  0.00000  0.00000e+00 | 69 -0.77591 -3.38325e-02
 70  0.23023 -3.25651e-01 | 71  0.09161 -5.74952e-01 | 72  0.19805 -9.24015e-03
 73  0.01892  8.24643e-04 | 74  0.07403  3.96112e-03 | 75  0.18315  6.24632e-02
 76  0.06670  5.20735e-02 | 77  0.17182 -1.85145e-02 | 78 -0.06682 -3.30962e-04
 79 -0.17751 -3.37164e-03 | 80  0.15248 -1.88024e-03 | 81  0.06876 -1.27902e-03
 82  0.13214  2.97770e-04 | 83  0.00000 -7.45524e-31 | 84  0.03670 -8.92062e-04
 85 -0.06462  4.13447e-04 | 86 -0.23330 -2.82461e-05 | 87  0.10581 -5.65779e-04
 88  0.70100 -3.54853e-05 | 89 -0.14212 -4.05245e-05 | 90  0.10796  2.28864e-04
 91 -0.64195  1.07611e-04 |
91 variables; iteration 240; function evaluation 326; phase 4
Function value 2.1941902e+02; maximum gradient component mag 5.8838e-02
Var    Value     Gradient |Var    Value     Gradient |Var    Value     Gradient
  1  0.04479 -4.90539e-02 |  2 -0.01383 -1.63086e-02 |  3 -0.02377 -1.71162e-04
  4 -0.01689 -1.54261e-04 |  5 -0.01234 -1.78994e-04 |  6 -0.01116 -1.44712e-04
  7 -0.00406 -1.94616e-04 |  8  0.00224 -2.39921e-04 |  9  0.00070 -2.74456e-04
 10  0.00132 -2.45446e-04 | 11 -0.00949 -3.10548e-04 | 12 -0.01451 -2.99105e-04
 13 -0.01757  1.96750e-05 | 14 -0.01722 -6.79606e-06 | 15 -0.01211 -3.43829e-05
 16 -0.00338 -2.13893e-05 | 17  0.00635 -8.52022e-05 | 18  0.00462 -9.45137e-05
 19  0.00059 -1.12349e-04 | 20 -0.01277 -6.27949e-05 | 21 -0.01439 -1.10714e-04
 22 -0.01321 -1.25840e-04 | 23 -0.02219 -6.27900e-05 | 24 -0.01317 -1.05801e-04
 25  0.01813 -2.72782e-04 | 26  0.01904 -2.89947e-04 | 27  0.01626 -2.07561e-04
 28  0.02036 -1.80306e-04 | 29  0.00983 -1.11914e-04 | 30  0.02513 -1.47539e-04
 31  0.07093 -3.16708e-04 | 32  0.02273 -1.03306e-04 | 33  0.01765 -9.77274e-05
 34  0.03357 -1.86415e-04 | 35  0.02425 -1.52893e-04 | 36  0.04618 -3.18465e-04
 37  0.01143 -1.55218e-04 | 38 -0.00811 -4.32168e-05 | 39 -0.01025 -8.14332e-05
 40 -0.00942 -6.99540e-05 | 41 -0.00092 -9.81162e-05 | 42  0.01213 -1.38827e-04
 43  0.01436 -9.14619e-05 | 44  0.00552 -5.04871e-05 | 45 -0.00138  4.70016e-05
 46  0.00111  3.80640e-05 | 47  0.01278  4.79415e-05 | 48 -0.00100  1.02598e-04
 49 -0.02792  1.51185e-04 | 50 -0.02540  1.44622e-04 | 51 -0.01423  1.47002e-04
 52 -0.00023  1.60117e-04 | 53 -0.00469  1.77906e-04 | 54 -0.01049  2.03240e-04
 55 -0.03519  2.46750e-04 | 56 -0.03066  2.57204e-04 | 57 -0.01718  2.10596e-04
 58  0.00349  2.67833e-04 | 59 -0.00874  2.71779e-04 | 60 -0.01198  3.14612e-04
 61 -0.01101  2.27015e-04 | 62 -0.00845  2.49694e-04 | 63 -0.00941  2.70156e-04
 64 -0.01326  2.60370e-04 | 65 -0.01032  2.12053e-04 | 66 -0.00046 -8.69850e-06
 67 -0.00000 -5.29654e-06 | 68  0.00000  0.00000e+00 | 69 -0.77591 -1.72590e-02
 70  0.23023  1.31844e-02 | 71  0.09158  2.76084e-02 | 72  0.19805  3.39080e-03
 73 -0.01022 -7.27202e-05 | 74  0.07403 -8.89228e-04 | 75  0.18315  5.88381e-02
 76  0.06670  5.52309e-02 | 77  0.17182 -8.23962e-03 | 78 -0.06385 -3.16160e-04
 79 -0.17751 -1.80910e-03 | 80  0.15248 -7.98870e-04 | 81  0.06876 -1.84689e-04
 82  0.13214  8.11767e-04 | 83  0.00000 -7.41362e-31 | 84  0.03670 -1.97558e-04
 85 -0.06462 -3.44008e-04 | 86 -0.23264 -1.22832e-06 | 87  0.10581  2.65054e-04
 88  0.70100 -7.06652e-05 | 89 -0.14212 -1.50923e-04 | 90  0.10796 -1.77823e-04
 91 -0.64195  6.80312e-05 |
91 variables; iteration 260; function evaluation 352; phase 4
Function value 2.1941902e+02; maximum gradient component mag -1.5819e+00
Var    Value     Gradient |Var    Value     Gradient |Var    Value     Gradient
  1  0.04479  5.37773e-02 |  2 -0.01383 -7.57968e-03 |  3 -0.02377  1.89536e-04
  4 -0.01689  2.90404e-04 |  5 -0.01234  3.00821e-04 |  6 -0.01116  4.35183e-04
  7 -0.00406  4.54947e-04 |  8  0.00224  5.57155e-04 |  9  0.00070  6.18157e-04
 10  0.00132  6.15675e-04 | 11 -0.00949  6.77679e-04 | 12 -0.01451  6.22658e-04
 13 -0.01757 -4.25453e-04 | 14 -0.01722 -4.68249e-04 | 15 -0.01211 -4.83652e-04
 16 -0.00338 -5.31041e-04 | 17  0.00635 -4.06851e-04 | 18  0.00462 -2.35325e-04
 19  0.00059 -1.76626e-04 | 20 -0.01277 -1.86640e-04 | 21 -0.01439 -1.13467e-04
 22 -0.01321 -3.59047e-05 | 23 -0.02219 -1.59658e-05 | 24 -0.01317  2.65507e-04
 25  0.01813  1.09869e-03 | 26  0.01904  1.04425e-03 | 27  0.01626  7.80868e-04
 28  0.02036  7.90176e-04 | 29  0.00983  5.00247e-04 | 30  0.02513  6.71870e-04
 31  0.07093  1.71512e-03 | 32  0.02273  5.84694e-04 | 33  0.01765  6.17304e-04
 34  0.03357  9.59562e-04 | 35  0.02425  8.12011e-04 | 36  0.04618  1.52998e-03
 37  0.01143  8.83093e-04 | 38 -0.00811  5.73593e-04 | 39 -0.01025  6.60971e-04
 40 -0.00942  6.63686e-04 | 41 -0.00092  7.87087e-04 | 42  0.01213  8.13510e-04
 43  0.01436  5.55962e-04 | 44  0.00552  2.29354e-04 | 45 -0.00138  6.83830e-05
 46  0.00111 -2.00030e-05 | 47  0.01278  1.01857e-04 | 48 -0.00100 -1.30521e-04
 49 -0.02792 -3.38575e-04 | 50 -0.02540 -4.36083e-04 | 51 -0.01423 -4.11677e-04
 52 -0.00023 -3.31349e-04 | 53 -0.00469 -5.88808e-04 | 54 -0.01049 -6.06611e-04
 55 -0.03519 -7.37264e-04 | 56 -0.03066 -8.93063e-04 | 57 -0.01718 -7.87900e-04
 58  0.00349 -8.96036e-04 | 59 -0.00874 -8.64599e-04 | 60 -0.01198 -1.00218e-03
 61 -0.01101 -9.91538e-04 | 62 -0.00845 -1.02100e-03 | 63 -0.00941 -1.18088e-03
 64 -0.01326 -1.14680e-03 | 65 -0.01032 -1.15769e-03 | 66 -0.00046  9.67687e-06
 67 -0.00000  7.57473e-06 | 68  0.00000  0.00000e+00 | 69 -0.77591 -8.56067e-03
 70  0.23024 -9.01167e-01 | 71  0.09156 -1.58189e+00 | 72  0.19805 -1.11334e-02
 73 -0.03863  6.80891e-04 | 74  0.07403  3.81724e-03 | 75  0.18316  5.23771e-02
 76  0.06669  5.01968e-02 | 77  0.17182 -5.25592e-03 | 78 -0.04763 -2.35491e-04
 79 -0.17751 -9.20073e-04 | 80  0.15248  7.44977e-04 | 81  0.06876  7.14786e-05
 82  0.13214 -1.53115e-03 | 83  0.00000 -7.40368e-31 | 84  0.03670  2.72452e-04
 85 -0.06462  1.25985e-03 | 86 -0.23262 -1.97307e-07 | 87  0.10581 -1.04793e-03
 88  0.70100  1.99899e-04 | 89 -0.14212  5.71244e-04 | 90  0.10796  3.89948e-04
 91 -0.64195 -1.21801e-04 |
91 variables; iteration 280; function evaluation 377; phase 4
Function value 2.1941901e+02; maximum gradient component mag -4.0542e+00
Var    Value     Gradient |Var    Value     Gradient |Var    Value     Gradient
  1  0.04479  3.17587e-01 |  2 -0.01383  4.67820e-02 |  3 -0.02378  9.25140e-04
  4 -0.01689  1.13928e-03 |  5 -0.01234  1.34694e-03 |  6 -0.01117  1.47811e-03
  7 -0.00406  1.77319e-03 |  8  0.00224  2.10306e-03 |  9  0.00070  2.21595e-03
 10  0.00132  2.43758e-03 | 11 -0.00949  2.39121e-03 | 12 -0.01451  2.41295e-03
 13 -0.01758 -1.15668e-03 | 14 -0.01722 -1.24512e-03 | 15 -0.01211 -1.28930e-03
 16 -0.00338 -1.18270e-03 | 17  0.00635 -8.41138e-04 | 18  0.00462 -5.01684e-04
 19  0.00059 -1.16556e-04 | 20 -0.01277 -2.45540e-04 | 21 -0.01439 -1.37113e-04
 22 -0.01321  1.18267e-04 | 23 -0.02219  9.82621e-05 | 24 -0.01317  1.01194e-03
 25  0.01813  3.49814e-03 | 26  0.01904  3.26401e-03 | 27  0.01626  2.48245e-03
 28  0.02036  2.49507e-03 | 29  0.00983  1.41536e-03 | 30  0.02513  1.95866e-03
 31  0.07093  5.18979e-03 | 32  0.02273  1.76949e-03 | 33  0.01765  1.74828e-03
 34  0.03357  2.85502e-03 | 35  0.02425  2.49491e-03 | 36  0.04618  4.86953e-03
 37  0.01143  2.74442e-03 | 38 -0.00811  1.74969e-03 | 39 -0.01025  1.93938e-03
 40 -0.00941  2.06510e-03 | 41 -0.00092  2.37650e-03 | 42  0.01213  2.48311e-03
 43  0.01436  1.73377e-03 | 44  0.00552  7.60852e-04 | 45 -0.00138  9.08798e-05
 46  0.00111 -5.52797e-05 | 47  0.01278  2.02012e-04 | 48 -0.00100 -4.15440e-04
 49 -0.02792 -1.31107e-03 | 50 -0.02540 -1.41326e-03 | 51 -0.01423 -1.35193e-03
 52 -0.00023 -1.34314e-03 | 53 -0.00469 -1.83328e-03 | 54 -0.01049 -2.19010e-03
 55 -0.03519 -2.63826e-03 | 56 -0.03066 -2.74577e-03 | 57 -0.01718 -2.83304e-03
 58  0.00349 -2.85390e-03 | 59 -0.00874 -3.06547e-03 | 60 -0.01198 -3.15828e-03
 61 -0.01101 -3.29840e-03 | 62 -0.00845 -3.47789e-03 | 63 -0.00941 -3.60028e-03
 64 -0.01326 -3.62522e-03 | 65 -0.01032 -3.53624e-03 | 66 -0.00046 -9.26848e-06
 67 -0.00000 -3.86732e-06 | 68  0.00000  0.00000e+00 | 69 -0.77590  4.76397e-02
 70  0.23024 -2.30441e+00 | 71  0.09155 -4.05423e+00 | 72  0.19805 -3.73992e-02
 73 -0.04283  1.89619e-03 | 74  0.07403  1.25685e-02 | 75  0.18318  1.06927e-01
 76  0.06666  1.12906e-01 | 77  0.17183  2.05182e-02 | 78  0.00201  1.52693e-05
 79 -0.17750  5.12283e-03 | 80  0.15248  3.04761e-03 | 81  0.06876  1.90600e-04
 82  0.13215 -5.62869e-03 | 83  0.00000 -7.39868e-31 | 84  0.03670  9.83104e-04
 85 -0.06462  4.16636e-03 | 86 -0.23263 -6.02965e-07 | 87  0.10581 -3.40847e-03
 88  0.70099  6.88389e-04 | 89 -0.14212  1.84564e-03 | 90  0.10796  1.42027e-03
 91 -0.64195 -4.93755e-04 |
91 variables; iteration 300; function evaluation 399; phase 4
Function value 2.1941901e+02; maximum gradient component mag -3.3295e-01
Var    Value     Gradient |Var    Value     Gradient |Var    Value     Gradient
  1  0.04479 -4.36317e-02 |  2 -0.01383 -3.99305e-02 |  3 -0.02378  1.56850e-04
  4 -0.01689  1.77636e-04 |  5 -0.01234  2.51757e-04 |  6 -0.01117  2.49386e-04
  7 -0.00406  3.48330e-04 |  8  0.00224  3.66066e-04 |  9  0.00070  3.67306e-04
 10  0.00132  4.62021e-04 | 11 -0.00949  3.51564e-04 | 12 -0.01451  4.05426e-04
 13 -0.01758 -1.92933e-04 | 14 -0.01722 -2.11989e-04 | 15 -0.01211 -2.14283e-04
 16 -0.00338 -1.18865e-04 | 17  0.00635 -9.16279e-05 | 18  0.00462 -8.53903e-05
 19  0.00059  4.58481e-05 | 20 -0.01277  1.38477e-05 | 21 -0.01439 -1.22882e-05
 22 -0.01321  5.12970e-05 | 23 -0.02219  7.16995e-05 | 24 -0.01317  2.29960e-04
 25  0.01813  6.34862e-04 | 26  0.01904  5.53813e-04 | 27  0.01626  4.44395e-04
 28  0.02036  4.74659e-04 | 29  0.00983  2.68297e-04 | 30  0.02513  3.59019e-04
 31  0.07093  8.80772e-04 | 32  0.02273  2.91144e-04 | 33  0.01765  2.51704e-04
 34  0.03357  4.36315e-04 | 35  0.02425  4.23759e-04 | 36  0.04618  7.89102e-04
 37  0.01143  3.97521e-04 | 38 -0.00811  2.36030e-04 | 39 -0.01025  2.36209e-04
 40 -0.00941  3.25722e-04 | 41 -0.00092  3.60778e-04 | 42  0.01213  4.04290e-04
 43  0.01436  2.69163e-04 | 44  0.00552  7.30584e-05 | 45 -0.00138 -5.53130e-05
 46  0.00111 -5.18653e-05 | 47  0.01278 -8.02711e-06 | 48 -0.00100 -5.41100e-05
 49 -0.02792 -2.60342e-04 | 50 -0.02540 -2.60553e-04 | 51 -0.01423 -2.60776e-04
 52 -0.00023 -3.00770e-04 | 53 -0.00469 -2.84086e-04 | 54 -0.01049 -3.95711e-04
 55 -0.03519 -4.79432e-04 | 56 -0.03066 -3.83977e-04 | 57 -0.01718 -5.36196e-04
 58  0.00349 -4.16074e-04 | 59 -0.00874 -5.45468e-04 | 60 -0.01198 -4.80425e-04
 61 -0.01101 -5.74887e-04 | 62 -0.00845 -6.02932e-04 | 63 -0.00941 -5.31187e-04
 64 -0.01326 -5.65076e-04 | 65 -0.01032 -5.50678e-04 | 66 -0.00046 -1.13751e-05
 67 -0.00000 -5.35763e-06 | 68  0.00000  0.00000e+00 | 69 -0.77590 -4.25242e-02
 70  0.23024 -1.88126e-01 | 71  0.09158 -3.32951e-01 | 72  0.19805 -6.36169e-03
 73 -0.00635  2.57603e-04 | 74  0.07403  1.90328e-03 | 75  0.18318 -8.79159e-02
 76  0.06666 -9.56408e-02 | 77  0.17183 -2.24050e-02 | 78  0.00054 -7.88556e-07
 79 -0.17750 -4.30797e-03 | 80  0.15248  1.40417e-03 | 81  0.06876  6.65417e-04
 82  0.13215 -1.28932e-03 | 83  0.00000 -7.38093e-31 | 84  0.03670  3.49377e-04
 85 -0.06462  6.84893e-04 | 86 -0.23262 -2.58219e-07 | 87  0.10581 -5.39125e-04
 88  0.70099  1.15500e-04 | 89 -0.14212  2.91027e-04 | 90  0.10796  2.40881e-04
 91 -0.64195 -5.47853e-05 |

 - final statistics:
91 variables; iteration 313; function evaluation 414
Function value 2.1942e+02; maximum gradient component mag -9.6016e-05
Exit code = 1;  converg criter 1.0000e-04
Var    Value     Gradient |Var    Value     Gradient |Var    Value     Gradient
  1  0.04479 -2.23836e-05 |  2 -0.01383 -1.71960e-05 |  3 -0.02378  6.44505e-08
  4 -0.01689  6.96637e-08 |  5 -0.01234  9.41904e-08 |  6 -0.01117  7.67582e-08
  7 -0.00406  1.10807e-07 |  8  0.00224  1.23865e-07 |  9  0.00070  9.50649e-08
 10  0.00132  1.52795e-07 | 11 -0.00949  1.10729e-07 | 12 -0.01451  1.61547e-07
 13 -0.01758 -4.87449e-08 | 14 -0.01722 -4.46844e-08 | 15 -0.01211 -4.34245e-08
 16 -0.00338 -5.71958e-09 | 17  0.00635 -1.64509e-08 | 18  0.00462 -2.37602e-08
 19  0.00059  2.28153e-08 | 20 -0.01277  1.90815e-08 | 21 -0.01439  2.03187e-08
 22 -0.01321  5.12583e-08 | 23 -0.02219  5.37809e-08 | 24 -0.01317  1.08430e-07
 25  0.01813  2.57771e-07 | 26  0.01904  2.38400e-07 | 27  0.01626  2.04092e-07
 28  0.02036  1.84245e-07 | 29  0.00983  6.22789e-08 | 30  0.02513  9.32057e-08
 31  0.07093  2.84651e-07 | 32  0.02273  1.32518e-07 | 33  0.01765  1.11144e-07
 34  0.03357  1.53136e-07 | 35  0.02425  1.05713e-07 | 36  0.04618  2.10558e-07
 37  0.01143  1.02961e-07 | 38 -0.00811  8.76590e-08 | 39 -0.01025  8.24230e-08
 40 -0.00941  1.04534e-07 | 41 -0.00092  8.25929e-08 | 42  0.01213  6.24477e-08
 43  0.01436  4.54832e-08 | 44  0.00552  1.38470e-08 | 45 -0.00138 -2.41584e-09
 46  0.00111 -9.46473e-09 | 47  0.01278 -2.57823e-08 | 48 -0.00100 -6.19883e-08
 49 -0.02792 -1.24938e-07 | 50 -0.02540 -1.08299e-07 | 51 -0.01423 -8.98375e-08
 52 -0.00023 -1.12803e-07 | 53 -0.00469 -1.01816e-07 | 54 -0.01049 -1.60837e-07
 55 -0.03519 -1.76454e-07 | 56 -0.03066 -1.33213e-07 | 57 -0.01718 -1.99461e-07
 58  0.00349 -1.43231e-07 | 59 -0.00874 -1.85302e-07 | 60 -0.01198 -1.41392e-07
 61 -0.01101 -1.95974e-07 | 62 -0.00845 -2.08569e-07 | 63 -0.00941 -1.72341e-07
 64 -0.01326 -1.78474e-07 | 65 -0.01032 -1.56654e-07 | 66 -0.00046 -5.52327e-09
 67 -0.00000 -3.12399e-09 | 68  0.00000  0.00000e+00 | 69 -0.77590 -1.82822e-05
 70  0.23024 -5.40444e-05 | 71  0.09158 -9.60162e-05 | 72  0.19805 -2.30821e-06
 73 -0.00009  9.19073e-08 | 74  0.07403  6.29680e-07 | 75  0.18318 -3.79860e-05
 76  0.06666 -4.12367e-05 | 77  0.17183 -9.69445e-06 | 78  0.00000 -1.20308e-09
 79 -0.17750 -1.82216e-06 | 80  0.15248  4.06922e-07 | 81  0.06876  1.79948e-07
 82  0.13215 -4.72779e-07 | 83  0.00000 -7.40621e-31 | 84  0.03670  5.01541e-08
 85 -0.06462  2.12614e-07 | 86 -0.23261  2.00067e-10 | 87  0.10581 -2.06314e-07
 88  0.70099  3.03912e-08 | 89 -0.14212  7.43858e-08 | 90  0.10796  1.01590e-07
 91 -0.64195 -6.43753e-08 |
size of file gradfil1.tmp = 0
size of file gradfil2.tmp = 0
size of file varssave.tmp = 0
size of file cmpdiff.tmp = 0
