
Initial statistics: 6 variables; iteration 0; function evaluation 0; phase 1
Function value 2.7839490e+03; maximum gradient component mag 1.0493e+05
Var    Value     Gradient |Var    Value     Gradient |Var    Value     Gradient
  1  0.05168  1.04933e+05 |  2 -0.01278  5.21126e+04 |  3  0.00000 -4.29998e-02
  4  0.00000  1.88218e-03 |  5  0.00000  0.00000e+00 |  6 -0.76499  5.23664e+04

Intermediate statistics: 6 variables; iteration 20; function evaluation 42; phase 1
Function value 3.5464550e+02; maximum gradient component mag -7.2440e+02
Var    Value     Gradient |Var    Value     Gradient |Var    Value     Gradient
  1  0.03359 -7.24403e+02 |  2  0.00642 -3.98358e+02 |  3 -0.00162 -1.09615e+00
  4 -0.00167 -1.26273e+00 |  5  0.00000  0.00000e+00 |  6 -0.83065 -7.11425e+02

 - final statistics:
6 variables; iteration 28; function evaluation 50
Function value 3.5272e+02; maximum gradient component mag -7.3241e+00
Exit code = 1;  converg criter 1.0000e+01
Var    Value     Gradient |Var    Value     Gradient |Var    Value     Gradient
  1  0.03209 -7.32407e+00 |  2 -0.02440 -1.90335e+00 |  3 -0.00055 -2.54228e-01
  4 -0.00038 -2.81814e-01 |  5  0.00000  0.00000e+00 |  6 -0.80454 -3.12704e+00

Initial statistics: 60 variables; iteration 0; function evaluation 0; phase 2
Function value 3.5271950e+02; maximum gradient component mag -4.4136e+02
Var    Value     Gradient |Var    Value     Gradient |Var    Value     Gradient
  1  0.03209 -7.32407e+00 |  2 -0.02440 -1.90335e+00 |  3  0.00000  1.17238e+02
  4  0.00000  1.20018e+02 |  5  0.00000  1.21959e+02 |  6  0.00000  1.20941e+02
  7  0.00000  1.18287e+02 |  8  0.00000  1.18719e+02 |  9  0.00000  1.24260e+02
 10  0.00000  1.39071e+02 | 11  0.00000  1.51131e+02 | 12  0.00000  1.38368e+02
 13  0.00000  1.08056e+02 | 14  0.00000  7.00963e+01 | 15  0.00000  2.49320e+00
 16  0.00000 -7.29398e+01 | 17  0.00000 -1.30861e+02 | 18  0.00000 -2.01366e+02
 19  0.00000 -2.66434e+02 | 20  0.00000 -3.34266e+02 | 21  0.00000 -4.05945e+02
 22  0.00000 -4.41364e+02 | 23  0.00000 -4.13208e+02 | 24  0.00000 -4.04955e+02
 25  0.00000 -3.90390e+02 | 26  0.00000 -3.57762e+02 | 27  0.00000 -3.00845e+02
 28  0.00000 -1.96755e+02 | 29  0.00000 -8.87248e+01 | 30  0.00000 -2.52050e+01
 31  0.00000 -6.09840e-01 | 32  0.00000 -2.01146e+01 | 33  0.00000 -4.04701e+01
 34  0.00000 -1.98811e+01 | 35  0.00000  1.03205e+01 | 36  0.00000  4.35843e+01
 37  0.00000  6.46315e+01 | 38  0.00000  8.90204e+01 | 39  0.00000  1.56783e+02
 40  0.00000  2.08252e+02 | 41  0.00000  2.09301e+02 | 42  0.00000  1.90429e+02
 43  0.00000  1.74884e+02 | 44  0.00000  1.77959e+02 | 45  0.00000  2.05267e+02
 46  0.00000  2.25681e+02 | 47  0.00000  2.02394e+02 | 48  0.00000  1.60574e+02
 49  0.00000  1.28785e+02 | 50  0.00000  1.27989e+02 | 51  0.00000  1.10348e+02
 52  0.00000  8.89535e+01 | 53  0.00000  4.89526e+01 | 54  0.00000  2.30710e+01
 55  0.00000  1.42752e+01 | 56 -0.00055 -2.54228e-01 | 57 -0.00038 -2.81814e-01
 58  0.00000  0.00000e+00 | 59 -0.80454 -3.12704e+00 | 60  0.09974  2.23957e+02

Intermediate statistics: 60 variables; iteration 20; function evaluation 34; phase 2
Function value 2.7304840e+02; maximum gradient component mag -2.5071e+03
Var    Value     Gradient |Var    Value     Gradient |Var    Value     Gradient
  1  0.01430 -5.13440e+02 |  2  0.00601 -1.95370e+03 |  3 -0.07529 -9.99601e+01
  4 -0.04347 -7.98070e+01 |  5 -0.02455 -6.05748e+01 |  6 -0.00704 -3.42647e+01
  7  0.01191  6.78009e-01 |  8  0.02469  3.43595e+01 |  9  0.02810  4.13609e+01
 10  0.01172  1.05830e+01 | 11 -0.00936 -2.55558e+01 | 12 -0.01201 -4.39090e+01
 13 -0.01041 -4.84453e+01 | 14 -0.02064 -4.74771e+01 | 15  0.00589 -2.82816e+01
 16  0.02947 -3.39338e+01 | 17 -0.00342 -7.45542e+01 | 18  0.04252 -9.44166e+01
 19 -0.02624 -1.27456e+02 | 20  0.00701 -1.17531e+02 | 21  0.01285 -9.19312e+01
 22  0.11131 -5.06701e+01 | 23 -0.03826 -1.04140e+02 | 24 -0.03002 -1.13070e+02
 25  0.05713 -6.73929e+01 | 26  0.03183 -5.36661e+01 | 27  0.04189 -4.02345e+01
 28  0.00034 -5.04683e+01 | 29 -0.02911 -5.93487e+01 | 30 -0.01704 -2.98760e+01
 31 -0.01580  3.61215e+00 | 32  0.01065  7.04521e+01 | 33  0.03194  1.17965e+02
 34  0.01927  9.56417e+01 | 35  0.01268  7.94099e+01 | 36  0.01456  9.12338e+01
 37  0.02560  1.26436e+02 | 38  0.02714  1.36570e+02 | 39 -0.00994  6.81163e+01
 40 -0.03068  3.46912e+01 | 41 -0.01853  5.95888e+01 | 42  0.00367  1.17723e+02
 43  0.01720  1.56883e+02 | 44  0.01232  1.34017e+02 | 45 -0.00924  7.47357e+01
 46 -0.02182  4.30407e+01 | 47 -0.01356  4.22692e+01 | 48  0.00267  4.92502e+01
 49  0.01503  4.18112e+01 | 50 -0.00726 -6.31586e+00 | 51 -0.00953 -4.26006e+01
 52 -0.02901 -8.19526e+01 | 53 -0.01285 -9.49795e+01 | 54 -0.03873 -1.04201e+02
 55 -0.05354 -1.01258e+02 | 56 -0.00136 -7.43590e-01 | 57  0.00043  3.29056e-01
 58  0.00000  0.00000e+00 | 59 -0.80363 -2.50713e+03 | 60  0.08626 -9.10525e+00
60 variables; iteration 40; function evaluation 59; phase 2
Function value 2.4644444e+02; maximum gradient component mag 2.0469e+03
Var    Value     Gradient |Var    Value     Gradient |Var    Value     Gradient
  1  0.01134  2.04686e+03 |  2  0.00278 -8.08721e+02 |  3 -0.04748 -8.30176e+00
  4 -0.03911 -2.78344e+00 |  5 -0.02830  8.11279e+00 |  6 -0.01666  1.55355e+01
  7 -0.00679  2.07175e+01 |  8 -0.00772  2.51101e+01 |  9  0.00689  7.67068e+01
 10  0.00801  1.17735e+02 | 11 -0.00329  1.04164e+02 | 12 -0.00731  7.00111e+01
 13 -0.01906  2.12961e+01 | 14 -0.04035 -4.63914e+00 | 15  0.00281  7.90545e+01
 16  0.02731  1.22281e+02 | 17  0.03211  1.54446e+02 | 18  0.05288  1.63490e+02
 19 -0.07610 -7.47393e+01 | 20  0.08272  1.34308e+02 | 21 -0.01175 -3.29850e+01
 22  0.10278  5.45580e+01 | 23  0.00225 -4.43866e+01 | 24 -0.01735 -7.52389e+01
 25  0.04451 -2.68911e+01 | 26  0.05050 -6.85251e+00 | 27  0.02841 -3.21973e+01
 28  0.01904 -3.08299e+01 | 29 -0.02351 -5.47894e+01 | 30 -0.00392 -3.25993e+01
 31  0.01507  3.51139e+00 | 32 -0.02150 -4.04939e+01 | 33  0.04319  7.62491e+00
 34 -0.00534 -5.08161e+01 | 35  0.01489 -4.70198e+01 | 36  0.01315 -4.38159e+01
 37 -0.00514 -4.91765e+01 | 38  0.03374 -6.72305e+00 | 39 -0.01465 -3.34357e+01
 40 -0.02520 -4.17186e+01 | 41 -0.02327 -5.00384e+01 | 42 -0.01407 -3.59849e+01
 43  0.01864  3.31036e+01 | 44  0.01653  4.26046e+01 | 45 -0.01366 -1.25300e+01
 46 -0.03995 -5.49843e+01 | 47 -0.04325 -6.95038e+01 | 48  0.02009 -3.02822e+01
 49 -0.01923 -7.22964e+01 | 50 -0.01978 -5.80344e+01 | 51  0.00500 -3.69965e+01
 52 -0.01419 -4.97953e+01 | 53  0.00084 -4.88969e+01 | 54 -0.01233 -5.58866e+01
 55 -0.02318 -6.02444e+01 | 56 -0.00230 -1.01512e+00 | 57  0.00023  1.75488e-01
 58  0.00000  0.00000e+00 | 59 -0.79416 -1.08845e+03 | 60  0.09177 -2.41535e+01
60 variables; iteration 60; function evaluation 90; phase 2
Function value 2.3757676e+02; maximum gradient component mag 2.6576e+03
Var    Value     Gradient |Var    Value     Gradient |Var    Value     Gradient
  1  0.01352  2.65755e+03 |  2 -0.00690 -5.41904e+01 |  3 -0.03213  2.31051e+01
  4 -0.02365  3.11403e+01 |  5 -0.01413  4.43066e+01 |  6 -0.01469  3.82759e+01
  7 -0.00829  4.19440e+01 |  8 -0.00391  4.73651e+01 |  9  0.00120  6.16306e+01
 10 -0.00480  6.75226e+01 | 11 -0.01715  5.35629e+01 | 12 -0.01337  4.73943e+01
 13 -0.01768  2.94458e+01 | 14 -0.02206  2.91378e+01 | 15 -0.00347  4.65911e+01
 16  0.02313  6.55958e+01 | 17  0.02018  6.06299e+01 | 18  0.03631  5.17448e+01
 19 -0.03443 -4.05752e+01 | 20  0.06084  5.02847e+01 | 21 -0.01285 -3.59038e+01
 22  0.10029  3.94249e+01 | 23 -0.00660 -3.16647e+01 | 24  0.00980 -3.36108e+01
 25  0.04543 -5.39653e+00 | 26  0.03446 -9.69783e+00 | 27  0.03680 -1.24645e+01
 28  0.01455 -1.19331e+01 | 29 -0.01748 -2.66336e+01 | 30 -0.01134 -1.96615e+01
 31  0.00879  5.55055e+00 | 32 -0.01557 -3.07396e+01 | 33  0.03238 -6.82819e+00
 34 -0.00474 -3.34875e+01 | 35  0.01474 -1.85220e+01 | 36  0.01213 -1.65886e+01
 37  0.00173 -2.83309e+01 | 38  0.02090 -1.74900e+01 | 39 -0.01019 -1.73597e+01
 40 -0.02701 -2.11623e+01 | 41 -0.02106 -2.41682e+01 | 42 -0.00637 -2.26515e+01
 43 -0.00059 -2.18263e+01 | 44  0.00151 -1.72547e+01 | 45 -0.02171 -2.64768e+01
 46 -0.03296 -2.89309e+01 | 47 -0.01872 -2.11755e+01 | 48 -0.00503 -2.19886e+01
 49  0.00273 -2.85341e+01 | 50 -0.01579 -3.11869e+01 | 51 -0.00825 -3.00192e+01
 52 -0.01151 -2.76636e+01 | 53  0.00024 -2.48816e+01 | 54 -0.00305 -2.64297e+01
 55 -0.01642 -3.69385e+01 | 56 -0.00038  4.40909e-01 | 57 -0.01032 -7.79398e+00
 58  0.00000  0.00000e+00 | 59 -0.78814 -1.49945e+02 | 60  0.09376  1.53937e+01
Maximum number of function evaluations exceeded

 - final statistics:
60 variables; iteration 67; function evaluation 100
Function value 2.3689e+02; maximum gradient component mag 2.3491e+03
Exit code = 3;  converg criter 1.0000e+01
Var    Value     Gradient |Var    Value     Gradient |Var    Value     Gradient
  1  0.01359  2.34907e+03 |  2 -0.00976 -1.46863e+01 |  3 -0.03236  2.41788e+01
  4 -0.02173  3.48555e+01 |  5 -0.01633  4.12229e+01 |  6 -0.01327  4.15149e+01
  7 -0.00792  4.32301e+01 |  8 -0.00395  4.63710e+01 |  9  0.00110  5.76725e+01
 10 -0.00628  5.95352e+01 | 11 -0.01755  4.81818e+01 | 12 -0.01350  4.26361e+01
 13 -0.01627  2.73912e+01 | 14 -0.02578  1.88640e+01 | 15 -0.00126  4.06869e+01
 16  0.02276  5.01426e+01 | 17  0.02017  4.46920e+01 | 18  0.03292  3.15038e+01
 19 -0.02851 -3.75543e+01 | 20  0.06002  3.77616e+01 | 21 -0.01282 -3.66466e+01
 22  0.09960  2.21143e+01 | 23 -0.00550 -3.18579e+01 | 24  0.00926 -3.56124e+01
 25  0.04564 -1.10862e+01 | 26  0.03411 -1.34353e+01 | 27  0.03528 -1.60461e+01
 28  0.01575 -9.03137e+00 | 29 -0.01555 -2.01793e+01 | 30 -0.00904 -1.35966e+01
 31  0.00688  4.75519e+00 | 32 -0.01498 -2.80204e+01 | 33  0.03108 -5.36093e+00
 34 -0.00043 -2.49094e+01 | 35  0.01325 -1.57126e+01 | 36  0.00930 -1.59183e+01
 37  0.00397 -2.22882e+01 | 38  0.02252 -1.13585e+01 | 39 -0.01305 -1.47792e+01
 40 -0.02535 -1.28726e+01 | 41 -0.01980 -1.59788e+01 | 42 -0.00652 -1.67105e+01
 43  0.00053 -1.67889e+01 | 44 -0.00172 -1.81764e+01 | 45 -0.02109 -2.28534e+01
 46 -0.03049 -2.26844e+01 | 47 -0.02269 -2.18755e+01 | 48 -0.00667 -1.89183e+01
 49  0.00557 -1.87144e+01 | 50 -0.01546 -2.30144e+01 | 51 -0.00940 -2.41417e+01
 52 -0.00927 -2.04574e+01 | 53 -0.00164 -2.27727e+01 | 54 -0.00692 -2.51684e+01
 55 -0.01561 -3.00907e+01 | 56  0.00559  5.10548e+00 | 57 -0.00484 -3.65114e+00
 58  0.00000  0.00000e+00 | 59 -0.78561 -9.03153e+01 | 60  0.09393  1.37707e+01

Initial statistics: 81 variables; iteration 0; function evaluation 0; phase 3
Function value 2.3688829e+02; maximum gradient component mag 2.3491e+03
Var    Value     Gradient |Var    Value     Gradient |Var    Value     Gradient
  1  0.01359  2.34907e+03 |  2 -0.00976 -1.46863e+01 |  3 -0.03237  2.37433e+01
  4 -0.02174  3.44197e+01 |  5 -0.01634  4.07869e+01 |  6 -0.01328  4.10789e+01
  7 -0.00793  4.27940e+01 |  8 -0.00396  4.59349e+01 |  9  0.00109  5.72364e+01
 10 -0.00629  5.90991e+01 | 11 -0.01756  4.77459e+01 | 12 -0.01351  4.22001e+01
 13 -0.01628  2.69553e+01 | 14 -0.02579  1.84283e+01 | 15 -0.00127  4.02508e+01
 16  0.02276  4.97068e+01 | 17  0.02016  4.42561e+01 | 18  0.03291  3.10683e+01
 19 -0.02852 -3.79899e+01 | 20  0.06001  3.73275e+01 | 21 -0.01283 -3.70826e+01
 22  0.09959  2.16836e+01 | 23 -0.00551 -3.22940e+01 | 24  0.00925 -3.60484e+01
 25  0.04563 -1.15212e+01 | 26  0.03410 -1.38708e+01 | 27  0.03527 -1.64816e+01
 28  0.01574 -9.46733e+00 | 29 -0.01556 -2.06152e+01 | 30 -0.00904 -1.40326e+01
 31  0.00687  4.31912e+00 | 32 -0.01499 -2.84564e+01 | 33  0.03107 -5.79650e+00
 34 -0.00044 -2.53455e+01 | 35  0.01324 -1.61486e+01 | 36  0.00929 -1.63543e+01
 37  0.00396 -2.27242e+01 | 38  0.02251 -1.17944e+01 | 39 -0.01306 -1.52152e+01
 40 -0.02536 -1.33083e+01 | 41 -0.01981 -1.64147e+01 | 42 -0.00653 -1.71466e+01
 43  0.00052 -1.72250e+01 | 44 -0.00173 -1.86124e+01 | 45 -0.02110 -2.32893e+01
 46 -0.03050 -2.31200e+01 | 47 -0.02270 -2.23113e+01 | 48 -0.00668 -1.93544e+01
 49  0.00556 -1.91505e+01 | 50 -0.01547 -2.34504e+01 | 51 -0.00941 -2.45777e+01
 52 -0.00928 -2.08934e+01 | 53 -0.00165 -2.32087e+01 | 54 -0.00693 -2.56045e+01
 55 -0.01562 -3.05266e+01 | 56  0.00559  5.10548e+00 | 57 -0.00484 -3.65114e+00
 58  0.00000  0.00000e+00 | 59 -0.78561 -9.03153e+01 | 60  0.20375  5.76771e+02
 61  0.10430  7.62292e+02 | 62  0.18961 -7.97090e+02 | 63  0.00000  9.00595e-12
 64  0.06326  8.46974e+01 | 65  0.17418  4.55465e+02 | 66  0.07530  3.53240e+02
 67  0.16633 -3.50093e+02 | 68  0.00000  3.52062e-03 | 69 -0.17934  1.05185e+01
 70  0.14683  2.19659e+02 | 71  0.07387  3.95128e+01 | 72  0.12880 -3.36038e+02
 73  0.00000  1.33696e-28 | 74  0.03253  9.29984e+01 | 75 -0.06289  1.61656e+02
 76 -0.23700  4.79124e-03 | 77  0.10401 -1.55805e+02 | 78  0.70672  2.21905e+01
 79 -0.14795  4.85823e+01 | 80  0.09393  1.37707e+01 | 81 -0.65136  2.42675e+00

Intermediate statistics: 81 variables; iteration 20; function evaluation 29; phase 3
Function value 2.2786987e+02; maximum gradient component mag 9.4620e+02
Var    Value     Gradient |Var    Value     Gradient |Var    Value     Gradient
  1  0.01583  9.46196e+02 |  2 -0.00842  2.65355e+01 |  3 -0.02642  2.52720e+00
  4 -0.01819  5.88168e+00 |  5 -0.01419  6.91108e+00 |  6 -0.01112  4.39545e+00
  7 -0.00501  2.10003e+00 |  8 -0.00241  2.28293e+00 |  9  0.00100  9.31715e+00
 10 -0.00541  1.42579e+01 | 11 -0.01612  1.03510e+01 | 12 -0.01418  5.59328e+00
 13 -0.01747 -9.71070e-01 | 14 -0.02557 -1.02743e+00 | 15 -0.00357  1.18839e+01
 16  0.02151  2.15785e+01 | 17  0.01637  2.14237e+01 | 18  0.01969  7.57243e+00
 19 -0.00173 -1.29476e+01 | 20  0.03750  2.41558e+01 | 21  0.02307 -2.37723e-01
 22  0.08557  3.24797e+01 | 23  0.00416 -9.06199e+00 | 24  0.01885 -1.02736e+01
 25  0.03660  5.25502e+00 | 26  0.03569  1.08727e+01 | 27  0.04181  1.57578e+01
 28  0.01062  7.46375e+00 | 29 -0.01422 -3.05472e+00 | 30 -0.00849  1.40373e+00
 31 -0.00254  1.11818e+01 | 32 -0.00546 -5.06747e-01 | 33  0.01989  1.46152e+00
 34  0.00766 -1.49516e+01 | 35  0.00597 -1.98860e+01 | 36  0.00187 -2.27655e+01
 37  0.00573 -2.51634e+01 | 38  0.01730 -2.60879e+01 | 39 -0.01211 -2.22601e+01
 40 -0.02688 -1.98051e+01 | 41 -0.02010 -2.20250e+01 | 42 -0.00879 -2.74961e+01
 43 -0.00156 -3.53348e+01 | 44 -0.00398 -4.15569e+01 | 45 -0.02243 -3.75320e+01
 46 -0.03433 -3.08010e+01 | 47 -0.02558 -2.74565e+01 | 48 -0.00862 -2.74754e+01
 49  0.00362 -3.09477e+01 | 50 -0.01733 -2.97105e+01 | 51 -0.01076 -2.78811e+01
 52 -0.01271 -2.03880e+01 | 53 -0.00277 -1.52214e+01 | 54 -0.00815 -1.49354e+01
 55 -0.01382 -1.68504e+01 | 56 -0.00121  7.88714e-01 | 57 -0.00070 -5.20147e-01
 58  0.00000  0.00000e+00 | 59 -0.79607 -9.82240e+00 | 60  0.15202  1.05549e+02
 61  0.12466  3.11151e-01 | 62  0.18214 -2.66679e+02 | 63  0.00032  1.55707e-06
 64  0.06016  4.71740e+01 | 65  0.17355  2.72074e+02 | 66  0.07663  2.87606e+02
 67  0.17716 -4.63241e+01 | 68  0.00162  8.01810e-06 | 69 -0.18762  1.15971e+01
 70  0.12386  1.18264e+02 | 71  0.08867  1.31012e+01 | 72  0.12166 -2.22275e+02
 73  0.00000  4.11137e-29 | 74  0.02545  3.31322e+01 | 75 -0.07263 -6.46975e+01
 76 -0.23700 -2.93248e-04 | 77  0.11045  1.13050e+02 | 78  0.71652  2.13146e-01
 79 -0.15637  1.23994e+01 | 80  0.08494  8.35448e-01 | 81 -0.66566 -1.59638e+00
81 variables; iteration 40; function evaluation 55; phase 3
Function value 2.2566657e+02; maximum gradient component mag 3.9628e+02
Var    Value     Gradient |Var    Value     Gradient |Var    Value     Gradient
  1  0.01720  3.96279e+02 |  2 -0.01385 -4.28701e+01 |  3 -0.02343  4.37584e+00
  4 -0.01771  4.06793e+00 |  5 -0.01508  2.30111e+00 |  6 -0.01134 -2.39619e-02
  7 -0.00228  3.99395e-03 |  8  0.00107  3.10812e+00 |  9  0.00366  1.06999e+01
 10 -0.00192  1.66404e+01 | 11 -0.01351  1.31385e+01 | 12 -0.01486  5.18370e+00
 13 -0.01791  1.60765e-01 | 14 -0.02301  5.70679e+00 | 15 -0.00325  1.76467e+01
 16  0.02120  2.50663e+01 | 17  0.01265  2.17987e+01 | 18  0.01466  1.13733e+01
 19  0.01192  7.62085e+00 | 20  0.02292  2.10572e+01 | 21  0.03700  1.81300e+01
 22  0.07689  3.19536e+01 | 23  0.00926  2.84211e+00 | 24  0.02704 -7.11897e-01
 25  0.02354 -6.49558e+00 | 26  0.03636  5.74642e+00 | 27  0.04272  1.28821e+01
 28  0.01161  1.17066e+01 | 29 -0.01124  6.10701e+00 | 30 -0.00923  3.51991e+00
 31 -0.01009  2.98612e+00 | 32 -0.00381 -4.91232e-01 | 33  0.01602 -2.02145e+00
 34  0.00922 -7.82416e+00 | 35  0.00693 -9.60447e+00 | 36 -0.00369 -1.52644e+01
 37  0.01043 -1.17274e+01 | 38  0.01185 -2.01898e+01 | 39 -0.01009 -9.71001e+00
 40 -0.02776 -6.47053e+00 | 41 -0.01960 -4.20932e+00 | 42 -0.00781 -6.32098e+00
 43 -0.00101 -1.27060e+01 | 44 -0.00283 -1.69030e+01 | 45 -0.01852 -1.30222e+01
 46 -0.03267 -1.11607e+01 | 47 -0.02676 -1.25596e+01 | 48 -0.00766 -1.26335e+01
 49  0.00134 -1.83878e+01 | 50 -0.01496 -1.40403e+01 | 51 -0.01101 -1.42790e+01
 52 -0.01342 -8.82373e+00 | 53 -0.00512 -6.01631e+00 | 54 -0.01093 -5.73056e+00
 55 -0.01532 -6.78796e+00 | 56  0.00041  2.19175e+00 | 57 -0.00142 -1.06618e+00
 58  0.00000  0.00000e+00 | 59 -0.79482 -5.60279e+01 | 60  0.14404  2.59445e+01
 61  0.12797  3.64915e+01 | 62  0.18441 -1.18672e+01 | 63  0.10568  5.26373e-04
 64  0.04670  1.54067e+01 | 65  0.16540  4.08895e+01 | 66  0.08470  2.34606e+00
 67  0.17687 -2.41950e+01 | 68  0.34834  5.20071e-02 | 69 -0.22495 -4.73251e+00
 70  0.12057  1.03739e+01 | 71  0.09103  2.74148e+01 | 72  0.12665 -5.38826e+00
 73  0.00000  4.78117e-29 | 74  0.02058 -5.93075e+00 | 75 -0.07499  8.37882e+00
 76 -0.23732  7.44992e-04 | 77  0.10401  7.49873e-02 | 78  0.72298  2.16001e+00
 79 -0.16569  5.21089e+00 | 80  0.08215  3.30022e+00 | 81 -0.66933 -2.93680e+00
81 variables; iteration 60; function evaluation 85; phase 3
Function value 2.2496832e+02; maximum gradient component mag 4.6634e+02
Var    Value     Gradient |Var    Value     Gradient |Var    Value     Gradient
  1  0.01728  4.66336e+02 |  2 -0.01648 -1.38353e+01 |  3 -0.02600 -5.47817e+00
  4 -0.01903 -4.97845e+00 |  5 -0.01523 -4.62347e+00 |  6 -0.01063 -4.88963e+00
  7 -0.00073 -4.43376e+00 |  8  0.00193 -4.40493e+00 |  9  0.00262 -3.59104e+00
 10 -0.00518 -2.42382e+00 | 11 -0.01658 -2.38593e+00 | 12 -0.01382 -9.43521e-01
 13 -0.01380 -2.30650e-01 | 14 -0.02152  5.65875e-01 | 15 -0.00540  4.43623e+00
 16  0.02249  1.11239e+01 | 17  0.00992  7.91347e+00 | 18  0.01649  3.75033e+00
 19  0.01334 -1.45388e+00 | 20  0.02045  4.35738e+00 | 21  0.03257 -2.83526e+00
 22  0.07506  1.02869e+01 | 23  0.01360  2.28593e+00 | 24  0.02276  9.47897e-01
 25  0.03695  9.66847e+00 | 26  0.03062  5.44221e+00 | 27  0.04427  9.96082e+00
 28  0.00764  2.01436e+00 | 29 -0.01135  4.93798e-01 | 30 -0.00913 -3.02519e-01
 31 -0.01268 -1.24077e+00 | 32 -0.00827 -2.38825e+00 | 33  0.02072  1.10657e+01
 34  0.00859  5.59729e+00 | 35  0.00841  6.25548e+00 | 36  0.00204  1.53353e+00
 37  0.00505 -1.95861e+00 | 38  0.01831 -4.31922e-01 | 39 -0.01195 -7.06385e-01
 40 -0.02899 -9.54557e-01 | 41 -0.01998  2.87007e+00 | 42 -0.00886  2.96515e+00
 43 -0.00126  1.25809e+00 | 44  0.00071  1.10201e+00 | 45 -0.02106 -5.21954e+00
 46 -0.03388 -5.36503e+00 | 47 -0.02433 -1.98941e+00 | 48 -0.00968 -1.32101e+00
 49  0.00506  2.04121e+00 | 50 -0.01384  1.77327e+00 | 51 -0.00784  1.33472e+00
 52 -0.01438 -2.02148e+00 | 53 -0.00521 -2.19600e+00 | 54 -0.01166 -5.77234e+00
 55 -0.01652 -8.81743e+00 | 56 -0.00651 -3.35772e+00 | 57  0.00093  7.15200e-01
 58  0.00000  0.00000e+00 | 59 -0.79689 -1.00235e+01 | 60  0.14190  2.37867e+01
 61  0.12845  4.00553e+01 | 62  0.18342 -1.56190e+01 | 63 -0.14826 -7.45185e-04
 64  0.04285  5.64684e+00 | 65  0.14293  1.45141e+01 | 66  0.10281  1.47453e+00
 67  0.16877  2.08037e+00 | 68  0.10063  5.00782e-04 | 69 -0.21081 -1.03266e+00
 70  0.12474  3.96778e+00 | 71  0.08779  3.44351e+00 | 72  0.12888 -1.19850e-01
 73 -0.00000  1.42776e-29 | 74  0.02226  7.50665e+00 | 75 -0.07564  2.26698e+01
 76 -0.23811  1.25097e-03 | 77  0.10313 -1.38536e+01 | 78  0.72696  5.55132e+00
 79 -0.16570  9.74314e+00 | 80  0.08233 -1.22593e+00 | 81 -0.66827 -1.02991e+00
Maximum number of function evaluations exceeded

 - final statistics:
81 variables; iteration 69; function evaluation 100
Function value 2.2488e+02; maximum gradient component mag 4.0327e+02
Exit code = 3;  converg criter 1.0000e+00
Var    Value     Gradient |Var    Value     Gradient |Var    Value     Gradient
  1  0.01723  4.03270e+02 |  2 -0.01578 -1.49146e+01 |  3 -0.02558 -4.16693e+00
  4 -0.01924 -4.25303e+00 |  5 -0.01581 -3.97726e+00 |  6 -0.01054 -3.08418e+00
  7  0.00027 -1.23785e+00 |  8  0.00248 -1.73431e+00 |  9  0.00241 -2.47460e+00
 10 -0.00509 -2.02233e+00 | 11 -0.01654 -2.20881e+00 | 12 -0.01484 -1.38473e+00
 13 -0.01313  1.06904e+00 | 14 -0.01941  2.38590e+00 | 15 -0.00611  1.34041e+00
 16  0.02097  4.99496e+00 | 17  0.00965  4.74281e+00 | 18  0.01738  3.79000e+00
 19  0.01449 -7.17602e-01 | 20  0.01964  2.62466e+00 | 21  0.03180 -5.45017e+00
 22  0.07591  6.80659e+00 | 23  0.01114 -4.56248e-01 | 24  0.02525  2.17522e+00
 25  0.03620  8.63136e+00 | 26  0.03085  4.19085e+00 | 27  0.04367  7.10629e+00
 28  0.00867  1.23949e+00 | 29 -0.01292 -1.59024e+00 | 30 -0.00880  3.36372e-01
 31 -0.01184  8.01169e-01 | 32 -0.00618 -2.41657e-01 | 33  0.01902  6.95559e+00
 34  0.00788  2.45557e+00 | 35  0.00934  5.96546e+00 | 36  0.00207  2.03483e+00
 37  0.00460 -6.38048e-01 | 38  0.01999  3.07783e+00 | 39 -0.01331 -1.22807e+00
 40 -0.02709  4.53040e-01 | 41 -0.02178 -7.63152e-01 | 42 -0.00964 -5.70721e-02
 43 -0.00063  3.78820e-01 | 44  0.00018  6.56937e-01 | 45 -0.01985 -2.92836e+00
 46 -0.03251 -2.78022e+00 | 47 -0.02568 -2.76436e+00 | 48 -0.00834 -5.21287e-01
 49  0.00483  6.92482e-04 | 50 -0.01501 -1.49597e+00 | 51 -0.00891 -1.81899e+00
 52 -0.01187 -1.57278e+00 | 53 -0.00826 -6.78017e+00 | 54 -0.01284 -7.80193e+00
 55 -0.01668 -8.55367e+00 | 56 -0.00632 -3.21117e+00 | 57  0.00023  1.85283e-01
 58  0.00000  0.00000e+00 | 59 -0.79771 -1.42911e+01 | 60  0.14232  2.28088e+01
 61  0.12823  2.18690e+01 | 62  0.18336 -2.41560e+01 | 63 -0.19353 -9.85615e-04
 64  0.04209  3.84485e+00 | 65  0.14076  2.13396e+01 | 66  0.10457  1.19080e+01
 67  0.16763 -6.63816e+00 | 68  0.09672  4.81017e-04 | 69 -0.20979 -9.31216e-01
 70  0.12566  6.68609e+00 | 71  0.08698  2.15642e+00 | 72  0.12923 -4.50112e+00
 73 -0.00000  1.13927e-29 | 74  0.02176  4.94511e+00 | 75 -0.07649  9.12825e+00
 76 -0.23847  5.99629e-04 | 77  0.10275 -6.47959e+00 | 78  0.72616  2.01981e+00
 79 -0.16667  4.76490e+00 | 80  0.08268 -7.50763e-01 | 81 -0.66718 -3.49183e-01

Initial statistics: 91 variables; iteration 0; function evaluation 0; phase 4
Function value 2.2487984e+02; maximum gradient component mag 4.0327e+02
Var    Value     Gradient |Var    Value     Gradient |Var    Value     Gradient
  1  0.01723  4.03270e+02 |  2 -0.01578 -1.49146e+01 |  3  0.00000  2.76159e+01
  4  0.00000  2.42744e+01 |  5  0.00000  1.76389e+01 |  6  0.00000  1.60151e+01
  7  0.00000  1.44989e+01 |  8  0.00000  6.34786e+00 |  9  0.00000  6.30382e+00
 10  0.00000  7.49455e+00 | 11  0.00000  1.34367e+01 | 12  0.00000  2.46716e+01
 13 -0.02558 -4.15901e+00 | 14 -0.01924 -4.24510e+00 | 15 -0.01581 -3.96933e+00
 16 -0.01054 -3.07625e+00 | 17  0.00027 -1.22992e+00 | 18  0.00248 -1.72638e+00
 19  0.00241 -2.46667e+00 | 20 -0.00509 -2.01440e+00 | 21 -0.01654 -2.20088e+00
 22 -0.01484 -1.37681e+00 | 23 -0.01313  1.07697e+00 | 24 -0.01941  2.39383e+00
 25 -0.00611  1.34834e+00 | 26  0.02097  5.00288e+00 | 27  0.00965  4.75074e+00
 28  0.01738  3.79792e+00 | 29  0.01449 -7.09676e-01 | 30  0.01964  2.63258e+00
 31  0.03180 -5.44226e+00 | 32  0.07591  6.81447e+00 | 33  0.01114 -4.48320e-01
 34  0.02525  2.18315e+00 | 35  0.03620  8.63928e+00 | 36  0.03085  4.19877e+00
 37  0.04367  7.11420e+00 | 38  0.00868  1.24742e+00 | 39 -0.01292 -1.58231e+00
 40 -0.00880  3.44300e-01 | 41 -0.01184  8.09096e-01 | 42 -0.00618 -2.33729e-01
 43  0.01902  6.96351e+00 | 44  0.00788  2.46349e+00 | 45  0.00934  5.97339e+00
 46  0.00207  2.04276e+00 | 47  0.00460 -6.30120e-01 | 48  0.01999  3.08576e+00
 49 -0.01331 -1.22015e+00 | 50 -0.02709  4.60961e-01 | 51 -0.02178 -7.55228e-01
 52 -0.00964 -4.91445e-02 | 53 -0.00063  3.86748e-01 | 54  0.00018  6.64866e-01
 55 -0.01985 -2.92043e+00 | 56 -0.03251 -2.77231e+00 | 57 -0.02568 -2.75644e+00
 58 -0.00834 -5.13359e-01 | 59  0.00483  8.62071e-03 | 60 -0.01501 -1.48804e+00
 61 -0.00891 -1.81106e+00 | 62 -0.01187 -1.56485e+00 | 63 -0.00826 -6.77224e+00
 64 -0.01284 -7.79400e+00 | 65 -0.01668 -8.54574e+00 | 66 -0.00632 -3.21117e+00
 67  0.00023  1.85283e-01 | 68  0.00000  0.00000e+00 | 69 -0.79771 -1.42911e+01
 70  0.14232  2.28088e+01 | 71  0.12823  2.18690e+01 | 72  0.18336 -2.41560e+01
 73 -0.19353 -9.85615e-04 | 74  0.04209  3.84485e+00 | 75  0.14076  2.13396e+01
 76  0.10457  1.19080e+01 | 77  0.16763 -6.63816e+00 | 78  0.09672  4.81017e-04
 79 -0.20979 -9.31216e-01 | 80  0.12566  6.68609e+00 | 81  0.08698  2.15642e+00
 82  0.12923 -4.50112e+00 | 83  0.00000  1.13927e-29 | 84  0.02176  4.94511e+00
 85 -0.07649  9.12825e+00 | 86 -0.23847  5.99629e-04 | 87  0.10275 -6.47959e+00
 88  0.72616  2.01981e+00 | 89 -0.16667  4.76490e+00 | 90  0.08268 -7.50763e-01
 91 -0.66718 -3.49183e-01 |

Intermediate statistics: 91 variables; iteration 20; function evaluation 26; phase 4
Function value 2.2391553e+02; maximum gradient component mag -1.8748e+02
Var    Value     Gradient |Var    Value     Gradient |Var    Value     Gradient
  1  0.01734 -1.87478e+02 |  2 -0.01419 -1.71811e+01 |  3 -0.01995  2.57368e+00
  4 -0.01691  1.05299e+00 |  5 -0.01126 -1.31417e+00 |  6 -0.00996 -2.30582e+00
  7 -0.00909 -3.37946e+00 |  8 -0.00103 -6.49347e+00 |  9  0.00000 -7.46553e+00
 10  0.00075 -8.30031e+00 | 11 -0.00284 -7.83220e+00 | 12 -0.01220 -4.83709e+00
 13 -0.02163 -7.84244e+00 | 14 -0.01705 -8.01279e+00 | 15 -0.01566 -8.06669e+00
 16 -0.01105 -8.18852e+00 | 17 -0.00076 -9.38460e+00 | 18  0.00219 -1.08172e+01
 19  0.00372 -1.23246e+01 | 20 -0.00410 -1.23898e+01 | 21 -0.01605 -1.10010e+01
 22 -0.01504 -1.07754e+01 | 23 -0.01450 -1.04071e+01 | 24 -0.02129 -9.73721e+00
 25 -0.00564 -1.31846e+01 | 26  0.02101 -1.81236e+01 | 27  0.00830 -1.48349e+01
 28  0.01679 -1.33989e+01 | 29  0.01660 -1.02548e+01 | 30  0.01445 -6.17493e+00
 31  0.04062 -7.41948e+00 | 32  0.07212 -7.02294e+00 | 33  0.01337 -2.49837e+00
 34  0.02723 -4.22842e-01 | 35  0.03238  3.32131e+00 | 36  0.03169  4.86203e+00
 37  0.04268  8.77335e+00 | 38  0.00950  7.79499e+00 | 39 -0.01142  8.16290e+00
 40 -0.00823  1.16709e+01 | 41 -0.01144  1.39894e+01 | 42 -0.00361  1.56753e+01
 43  0.01812  1.89742e+01 | 44  0.00883  1.15852e+01 | 45  0.00738  9.44060e+00
 46  0.00258  7.05960e+00 | 47  0.00651  6.18019e+00 | 48  0.01885  7.48492e+00
 49 -0.01292  4.35772e+00 | 50 -0.02873  3.48878e+00 | 51 -0.02229  2.41367e+00
 52 -0.01028  1.70633e+00 | 53 -0.00177  1.23856e+00 | 54 -0.00204  1.35840e+00
 55 -0.02020  4.94747e-01 | 56 -0.03309  5.19493e-01 | 57 -0.02593  5.84467e-01
 58 -0.00994  1.41148e+00 | 59  0.00327  1.76837e+00 | 60 -0.01625  1.28686e+00
 61 -0.00978  8.74019e-01 | 62 -0.01405  1.03502e+00 | 63 -0.00748  3.70845e-01
 64 -0.01214  7.14145e-01 | 65 -0.01482  1.49953e-01 | 66 -0.00314 -5.85734e-01
 67  0.00005  4.98764e-02 | 68  0.00000  0.00000e+00 | 69 -0.80112 -1.41884e+01
 70  0.14296 -5.88437e+01 | 71  0.12821  1.84513e+01 | 72  0.18506  1.85071e+02
 73 -0.19353 -9.85588e-04 | 74  0.04592 -4.94139e+00 | 75  0.12774  4.47970e-01
 76  0.10885  7.85726e+00 | 77  0.16201  1.77338e+01 | 78  0.09672  4.81004e-04
 79 -0.20684 -1.23471e+00 | 80  0.12678 -1.65732e+01 | 81  0.08459  1.04951e-01
 82  0.12947  3.38664e+01 | 83 -0.00000  1.19446e-30 | 84  0.02350  2.04760e+00
 85 -0.07482  2.17902e+01 | 86 -0.23847  8.05377e-04 | 87  0.10237 -2.33264e+01
 88  0.72611  2.77029e+00 | 89 -0.16561  2.76283e+00 | 90  0.08425 -1.07902e+01
 91 -0.66454  2.57216e+00 |
91 variables; iteration 40; function evaluation 54; phase 4
Function value 2.2356774e+02; maximum gradient component mag 6.6534e+01
Var    Value     Gradient |Var    Value     Gradient |Var    Value     Gradient
  1  0.01731 -6.10864e+01 |  2 -0.01431  1.56095e+01 |  3 -0.02329  1.55480e+00
  4 -0.01961  1.01892e+00 |  5 -0.01273  2.35768e-01 |  6 -0.01153 -4.74493e-01
  7 -0.01129 -1.56340e+00 |  8 -0.00077 -1.85896e+00 |  9  0.00052 -2.16869e+00
 10  0.00158 -2.36497e+00 | 11 -0.00295 -2.48564e+00 | 12 -0.01477 -2.12489e+00
 13 -0.02023 -1.60112e+00 | 14 -0.01689 -2.31128e+00 | 15 -0.01611 -2.54789e+00
 16 -0.01118 -2.38581e+00 | 17 -0.00079 -2.93689e+00 | 18  0.00227 -3.74950e+00
 19  0.00396 -4.50958e+00 | 20 -0.00411 -4.54857e+00 | 21 -0.01579 -3.63011e+00
 22 -0.01491 -3.67835e+00 | 23 -0.01456 -3.94085e+00 | 24 -0.02154 -4.30225e+00
 25 -0.00570 -6.63918e+00 | 26  0.02083 -8.92254e+00 | 27  0.00852 -5.40733e+00
 28  0.01811 -2.18861e+00 | 29  0.01767 -9.66721e-01 | 30  0.01458 -4.28683e-01
 31  0.04140 -2.64037e+00 | 32  0.07189 -3.93496e+00 | 33  0.01395 -1.85071e+00
 34  0.02706 -2.53296e+00 | 35  0.03135 -1.47139e+00 | 36  0.03074 -1.02614e+00
 37  0.04231  1.68228e+00 | 38  0.00968  2.94764e+00 | 39 -0.01075  3.57354e+00
 40 -0.00855  3.58610e+00 | 41 -0.01262  3.05070e+00 | 42 -0.00381  3.65332e+00
 43  0.01694  4.65985e+00 | 44  0.00913  3.22293e+00 | 45  0.00617  1.96515e+00
 46  0.00236  1.54366e+00 | 47  0.00705  1.63914e+00 | 48  0.01806  1.97728e+00
 49 -0.01274  2.23446e+00 | 50 -0.02876  3.05829e+00 | 51 -0.02134  4.13463e+00
 52 -0.00944  3.53137e+00 | 53 -0.00161  1.07707e+00 | 54 -0.00286 -1.22506e+00
 55 -0.02060 -1.23568e+00 | 56 -0.03328  1.59446e-01 | 57 -0.02579  1.49375e+00
 58 -0.00953  3.23525e+00 | 59  0.00377  3.30961e+00 | 60 -0.01653  1.15107e+00
 61 -0.01037 -1.52270e-01 | 62 -0.01473  2.28250e-01 | 63 -0.00697  1.00658e+00
 64 -0.01178  1.27428e+00 | 65 -0.01421  9.43395e-01 | 66 -0.00198  1.42985e-01
 67 -0.00002 -6.77865e-03 | 68  0.00000  0.00000e+00 | 69 -0.80133  2.10421e+01
 70  0.14459 -2.16472e+01 | 71  0.12755  5.81264e+00 | 72  0.18359  6.65342e+01
 73 -0.19285 -9.81903e-04 | 74  0.04612 -2.36321e+00 | 75  0.12525 -5.13021e+00
 76  0.10956  8.56379e+00 | 77  0.16028  1.52873e+01 | 78  0.09639  4.79328e-04
 79 -0.20181  2.37929e+00 | 80  0.12626 -7.38206e+00 | 81  0.07563  6.29364e-01
 82  0.12828  1.06826e+01 | 83 -0.00000 -5.70774e-31 | 84  0.02349 -2.02749e-01
 85 -0.07801  5.02415e+00 | 86 -0.23862  5.08074e-04 | 87  0.10099 -9.43444e+00
 88  0.73732  2.24785e+00 | 89 -0.16889  2.44904e-03 | 90  0.08536 -3.05582e+00
 91 -0.66343  1.15617e+00 |
91 variables; iteration 60; function evaluation 83; phase 4
Function value 2.2347710e+02; maximum gradient component mag -4.4048e+01
Var    Value     Gradient |Var    Value     Gradient |Var    Value     Gradient
  1  0.01725 -4.40479e+01 |  2 -0.01429  5.62783e+00 |  3 -0.02617 -5.73267e-02
  4 -0.02243 -3.59533e-01 |  5 -0.01474 -1.31246e-01 |  6 -0.01336 -4.20713e-01
  7 -0.01190 -1.89217e-01 |  8 -0.00176 -4.60232e-01 |  9  0.00001 -3.06227e-01
 10  0.00144 -6.88768e-02 | 11 -0.00332 -3.51702e-01 | 12 -0.01527 -3.77783e-01
 13 -0.02075  2.59159e-01 | 14 -0.01675  4.48219e-01 | 15 -0.01650  1.37765e-01
 16 -0.01130  6.61105e-01 | 17 -0.00083  5.39681e-01 | 18  0.00270  4.17624e-01
 19  0.00410 -1.51286e-01 | 20 -0.00402 -1.84625e-01 | 21 -0.01508  8.34987e-01
 22 -0.01482  1.52311e-01 | 23 -0.01492 -3.48204e-01 | 24 -0.02138  1.11905e-01
 25 -0.00516 -4.22838e-01 | 26  0.02153 -1.20701e+00 | 27  0.00946 -3.13409e-01
 28  0.01691 -1.08306e+00 | 29  0.01812 -1.24921e-01 | 30  0.01322 -5.97292e-01
 31  0.04281 -4.31807e-01 | 32  0.07168 -1.30960e+00 | 33  0.01396 -4.14165e-01
 34  0.02766 -8.04138e-01 | 35  0.03126 -4.53775e-01 | 36  0.03207 -6.53293e-01
 37  0.04126 -1.49586e+00 | 38  0.00939 -6.50530e-01 | 39 -0.01140 -4.10961e-01
 40 -0.00872 -4.07873e-01 | 41 -0.01243 -6.06271e-01 | 42 -0.00379 -8.29706e-01
 43  0.01648 -8.97547e-01 | 44  0.00895 -3.96446e-01 | 45  0.00646 -3.60716e-01
 46  0.00262 -3.97244e-01 | 47  0.00683 -3.66449e-01 | 48  0.01838  1.78977e-01
 49 -0.01276  3.05478e-01 | 50 -0.02938  1.58229e-01 | 51 -0.02225  3.99652e-01
 52 -0.00965  8.03511e-01 | 53 -0.00175  2.02108e-01 | 54 -0.00245  2.08879e-01
 55 -0.01968  8.28281e-01 | 56 -0.03304  6.12085e-01 | 57 -0.02579  6.06811e-01
 58 -0.01027  6.69079e-01 | 59  0.00285  6.80822e-01 | 60 -0.01633  9.55574e-01
 61 -0.00975  8.09282e-01 | 62 -0.01467  6.74098e-01 | 63 -0.00742  6.67916e-01
 64 -0.01156  1.37609e+00 | 65 -0.01390  1.18472e+00 | 66 -0.00253 -3.43990e-01
 67 -0.00001 -1.62119e-03 | 68  0.00000  0.00000e+00 | 69 -0.80101  6.63823e+00
 70  0.14634 -1.50840e+00 | 71  0.12698  2.93259e+00 | 72  0.18295  3.96648e+00
 73 -0.19078 -9.70727e-04 | 74  0.04669 -8.77669e-01 | 75  0.12437 -1.20514e+00
 76  0.10954  3.48663e+00 | 77  0.15935  3.33808e+00 | 78  0.09538  4.74237e-04
 79 -0.20490  4.57329e-01 | 80  0.12872 -3.96991e+00 | 81  0.07264 -3.19156e+00
 82  0.12888  1.34701e+00 | 83 -0.00000 -1.03207e-30 | 84  0.02360 -1.14108e+00
 85 -0.07508 -7.06622e-01 | 86 -0.23904  1.44686e-04 | 87  0.10303  6.43111e-02
 88  0.72505 -9.14542e-02 | 89 -0.16463 -1.14455e-01 | 90  0.08615 -9.26662e-02
 91 -0.66280  4.71611e-01 |
91 variables; iteration 80; function evaluation 119; phase 4
Function value 2.2347231e+02; maximum gradient component mag 5.3164e+00
Var    Value     Gradient |Var    Value     Gradient |Var    Value     Gradient
  1  0.01722  5.31640e+00 |  2 -0.01448  1.22301e+00 |  3 -0.02634  5.30793e-02
  4 -0.02243 -4.24244e-02 |  5 -0.01505 -3.14051e-02 |  6 -0.01333  3.54840e-02
  7 -0.01224 -4.56200e-03 |  8 -0.00183 -2.80760e-03 |  9 -0.00030 -5.25268e-02
 10  0.00097  4.81502e-02 | 11 -0.00347  1.36457e-02 | 12 -0.01547 -6.62771e-02
 13 -0.02065 -6.01279e-02 | 14 -0.01695 -6.57409e-02 | 15 -0.01620  7.54053e-03
 16 -0.01164 -1.01141e-01 | 17 -0.00102 -8.43196e-02 | 18  0.00246 -7.39320e-02
 19  0.00441 -1.89583e-02 | 20 -0.00373 -8.24965e-02 | 21 -0.01577 -6.20309e-02
 22 -0.01483 -6.81191e-02 | 23 -0.01452  5.28262e-02 | 24 -0.02169  1.46525e-02
 25 -0.00523  8.97369e-02 | 26  0.02188  7.88399e-02 | 27  0.00906  1.05887e-01
 28  0.01761  6.79514e-02 | 29  0.01752  5.26828e-02 | 30  0.01392  1.47360e-01
 31  0.04249  1.01770e-01 | 32  0.07195  1.55848e-01 | 33  0.01401  7.15549e-02
 34  0.02806  9.35513e-02 | 35  0.03096  4.84858e-02 | 36  0.03184  5.99558e-02
 37  0.04168  1.64100e-01 | 38  0.00924  1.07482e-01 | 39 -0.01141  4.19771e-02
 40 -0.00884  5.33909e-02 | 41 -0.01230  9.07225e-02 | 42 -0.00362  1.22428e-02
 43  0.01655  2.05150e-02 | 44  0.00885  1.05291e-02 | 45  0.00649 -4.27225e-02
 46  0.00285 -2.91577e-02 | 47  0.00718 -1.11706e-02 | 48  0.01816  2.32876e-02
 49 -0.01283 -8.56542e-02 | 50 -0.02910  1.57126e-02 | 51 -0.02225 -9.81239e-02
 52 -0.00995 -1.07504e-02 | 53 -0.00167 -1.11646e-01 | 54 -0.00226  2.81807e-02
 55 -0.02000 -5.89428e-02 | 56 -0.03299 -7.62800e-02 | 57 -0.02566 -2.06850e-02
 58 -0.01037 -1.28411e-01 | 59  0.00295 -1.87301e-02 | 60 -0.01661 -1.38778e-01
 61 -0.00973 -1.72811e-02 | 62 -0.01463 -1.16317e-01 | 63 -0.00714 -4.09577e-02
 64 -0.01206 -7.20764e-02 | 65 -0.01425 -1.04324e-01 | 66 -0.00211 -2.08482e-02
 67 -0.00003 -1.68549e-02 | 68  0.00000  0.00000e+00 | 69 -0.80070  1.50748e+00
 70  0.14752  4.15821e-01 | 71  0.12645  1.19816e+00 | 72  0.18322 -4.00125e-01
 73 -0.18488 -9.38899e-04 | 74  0.04696  1.45403e-02 | 75  0.12464 -7.62299e-02
 76  0.10900  1.18154e+00 | 77  0.15933  5.60823e-01 | 78  0.09249  4.59679e-04
 79 -0.20523  8.35574e-02 | 80  0.12900 -7.86835e-02 | 81  0.07265 -1.75273e-01
 82  0.12894 -2.08836e-01 | 83  0.00000 -6.54895e-31 | 84  0.02373 -1.24764e-01
 85 -0.07482  8.36362e-02 | 86 -0.24001  1.26387e-04 | 87  0.10317 -1.09824e-01
 88  0.72457 -7.01840e-03 | 89 -0.16451 -7.28318e-03 | 90  0.08615  8.13678e-02
 91 -0.66325 -6.93184e-02 |
91 variables; iteration 100; function evaluation 156; phase 4
Function value 2.2347135e+02; maximum gradient component mag 9.1975e-01
Var    Value     Gradient |Var    Value     Gradient |Var    Value     Gradient
  1  0.01722  7.20430e-01 |  2 -0.01447  2.09067e-01 |  3 -0.02639  1.07389e-03
  4 -0.02237  8.02971e-03 |  5 -0.01502  5.12176e-04 |  6 -0.01335  1.14255e-02
  7 -0.01222  8.92398e-03 |  8 -0.00182  5.33570e-03 |  9 -0.00021  1.09494e-02
 10  0.00091 -3.17428e-03 | 11 -0.00347  1.34394e-02 | 12 -0.01540  5.09156e-03
 13 -0.02063  5.76101e-03 | 14 -0.01695 -1.74416e-02 | 15 -0.01624  1.81758e-02
 16 -0.01159 -3.40841e-03 | 17 -0.00101 -1.15169e-02 | 18  0.00250  1.65025e-02
 19  0.00437  8.55003e-03 | 20 -0.00372 -2.31176e-02 | 21 -0.01574  1.70492e-02
 22 -0.01480 -6.43066e-03 | 23 -0.01457  3.53212e-03 | 24 -0.02166  3.02562e-03
 25 -0.00526 -8.80484e-04 | 26  0.02191  6.46121e-03 | 27  0.00900 -6.42905e-03
 28  0.01761  1.91410e-03 | 29  0.01757  9.31178e-03 | 30  0.01382  4.33300e-03
 31  0.04249 -6.74957e-03 | 32  0.07195  1.03877e-02 | 33  0.01400  2.16663e-03
 34  0.02801 -1.64698e-03 | 35  0.03098 -3.14179e-03 | 36  0.03188  1.07993e-02
 37  0.04163  4.95697e-03 | 38  0.00923  1.42356e-03 | 39 -0.01140  2.50814e-03
 40 -0.00882  1.55284e-02 | 41 -0.01237 -9.27821e-03 | 42 -0.00359  6.25565e-03
 43  0.01655  4.58857e-04 | 44  0.00882 -1.01678e-02 | 45  0.00652 -3.33594e-03
 46  0.00284 -6.43325e-03 | 47  0.00717 -7.16656e-03 | 48  0.01812  3.40294e-03
 49 -0.01277 -5.99560e-03 | 50 -0.02917 -5.96932e-03 | 51 -0.02218  1.14431e-02
 52 -0.01003 -2.04307e-02 | 53 -0.00157  1.72168e-02 | 54 -0.00235 -1.74558e-02
 55 -0.01996  9.31824e-03 | 56 -0.03297 -7.68810e-03 | 57 -0.02571 -4.43520e-03
 58 -0.01030 -6.05203e-03 | 59  0.00289 -7.89526e-04 | 60 -0.01652 -5.77807e-03
 61 -0.00980 -1.31010e-02 | 62 -0.01456  4.56498e-03 | 63 -0.00718 -1.34310e-02
 64 -0.01205 -5.17427e-03 | 65 -0.01418  1.19030e-02 | 66 -0.00208  4.59351e-03
 67 -0.00002 -1.01821e-02 | 68  0.00000  0.00000e+00 | 69 -0.80073  2.41004e-01
 70  0.14744  1.65251e-02 | 71  0.12547  1.08462e-01 | 72  0.18321  1.03870e-02
 73 -0.14941 -7.51169e-04 | 74  0.04696 -7.09170e-05 | 75  0.12459 -4.65020e-02
 76  0.10756  1.15099e-01 | 77  0.15931  1.03043e-01 | 78  0.07511  3.72372e-04
 79 -0.20521  1.45054e-02 | 80  0.12891  8.72757e-01 | 81  0.07301  9.19750e-01
 82  0.12893 -8.38560e-02 | 83  0.00000 -5.29396e-31 | 84  0.02371  3.07943e-02
 85 -0.07484  1.40067e-02 | 86 -0.24408 -5.27950e-05 | 87  0.10316 -1.99200e-02
 88  0.72463  4.41358e-04 | 89 -0.16453 -1.99951e-03 | 90  0.08614  2.60169e-03
 91 -0.66322 -7.05219e-03 |
91 variables; iteration 120; function evaluation 211; phase 4
Function value 2.2315819e+02; maximum gradient component mag -4.7976e+01
Var    Value     Gradient |Var    Value     Gradient |Var    Value     Gradient
  1  0.01738 -4.79765e+01 |  2 -0.01366 -5.03233e+00 |  3 -0.02565  1.81034e-01
  4 -0.02172  8.76299e-02 |  5 -0.01421  1.60814e-01 |  6 -0.01228  3.37818e-01
  7 -0.01127  1.61035e-01 |  8 -0.00069  2.27946e-01 |  9  0.00102  2.91655e-01
 10  0.00220  3.42386e-01 | 11 -0.00280  1.64626e-01 | 12 -0.01518  1.89804e-01
 13 -0.01998  1.22467e+00 | 14 -0.01627  1.17955e+00 | 15 -0.01562  1.03945e+00
 16 -0.01081  1.24000e+00 | 17 -0.00055  1.24725e+00 | 18  0.00247  1.16949e+00
 19  0.00474  1.35673e+00 | 20 -0.00305  1.31533e+00 | 21 -0.01574  8.63940e-01
 22 -0.01501  7.82201e-01 | 23 -0.01450  5.27374e-01 | 24 -0.02114  3.74248e-01
 25 -0.00503  1.57397e-01 | 26  0.02105 -3.87348e-01 | 27  0.00835 -3.23712e-01
 28  0.01739 -2.50176e-01 | 29  0.01727 -3.14514e-01 | 30  0.01348 -2.47568e-01
 31  0.04217 -6.96098e-01 | 32  0.07101 -1.31512e+00 | 33  0.01395 -3.64440e-01
 34  0.02790 -5.20032e-01 | 35  0.03081 -6.87946e-01 | 36  0.03197 -8.64740e-01
 37  0.04152 -1.55678e+00 | 38  0.00958 -9.94695e-01 | 39 -0.01127 -7.75474e-01
 40 -0.00932 -1.10171e+00 | 41 -0.01292 -1.01890e+00 | 42 -0.00406 -1.01306e+00
 43  0.01658 -9.61894e-01 | 44  0.00884 -5.61876e-01 | 45  0.00637 -4.76816e-01
 46  0.00236 -5.42902e-01 | 47  0.00672 -5.96722e-01 | 48  0.01781 -8.15233e-01
 49 -0.01262 -2.08699e-01 | 50 -0.02900  9.81889e-02 | 51 -0.02226 -4.99758e-02
 52 -0.00993  5.69900e-02 | 53 -0.00170 -2.99338e-01 | 54 -0.00186  1.88952e-01
 55 -0.01994  1.59925e-01 | 56 -0.03301  4.15535e-01 | 57 -0.02583  3.67208e-01
 58 -0.01025  3.22659e-01 | 59  0.00310  4.22331e-01 | 60 -0.01618  6.17918e-01
 61 -0.00971  5.14242e-01 | 62 -0.01463  5.72755e-01 | 63 -0.00730  6.90611e-01
 64 -0.01181  7.95107e-01 | 65 -0.01391  6.73194e-01 | 66 -0.00217 -8.21750e-02
 67  0.00008  6.70032e-02 | 68  0.00000  0.00000e+00 | 69 -0.80018 -6.59911e+00
 70  0.14316 -3.98661e+00 | 71  0.12228 -8.80514e+00 | 72  0.18226  1.05004e+00
 73 -0.08444 -4.19153e-04 | 74  0.05156  2.61786e+00 | 75  0.12239  1.04775e-01
 76  0.10306  7.48053e+00 | 77  0.15834 -7.88461e-01 | 78 -0.16765 -8.47018e-04
 79 -0.19432 -8.35123e-01 | 80  0.12805  6.93866e-01 | 81  0.07464  1.08961e+00
 82  0.12902  1.76220e+00 | 83  0.00000 -4.24066e-31 | 84  0.02315  2.02391e-01
 85 -0.07538 -4.54189e-01 | 86 -0.20299  3.05313e-03 | 87  0.10300 -1.09595e-01
 88  0.72501 -3.57260e-01 | 89 -0.16562 -5.39449e-01 | 90  0.08513 -6.43014e-01
 91 -0.66412  2.05279e-01 |
91 variables; iteration 140; function evaluation 233; phase 4
Function value 2.2312860e+02; maximum gradient component mag -2.4377e+01
Var    Value     Gradient |Var    Value     Gradient |Var    Value     Gradient
  1  0.01728 -1.50763e+01 |  2 -0.01390 -4.32044e+00 |  3 -0.02615 -5.09458e-02
  4 -0.02213 -5.44557e-02 |  5 -0.01472 -7.01269e-02 |  6 -0.01304 -8.69238e-02
  7 -0.01189 -8.83179e-02 |  8 -0.00142 -1.15679e-01 |  9  0.00022 -1.28584e-01
 10  0.00132 -1.41284e-01 | 11 -0.00326 -1.40937e-01 | 12 -0.01534 -1.46565e-01
 13 -0.02043 -5.22750e-02 | 14 -0.01671 -4.05498e-02 | 15 -0.01601 -5.93204e-02
 16 -0.01137 -4.64950e-02 | 17 -0.00095 -6.13531e-02 | 18  0.00258 -8.41684e-02
 19  0.00455 -9.87239e-02 | 20 -0.00369 -9.95291e-02 | 21 -0.01586 -9.22455e-02
 22 -0.01483 -5.82798e-02 | 23 -0.01435 -5.33486e-02 | 24 -0.02157 -4.14010e-02
 25 -0.00533 -9.00368e-02 | 26  0.02163 -1.40578e-01 | 27  0.00897 -8.88637e-02
 28  0.01748 -6.71443e-02 | 29  0.01732 -3.61241e-02 | 30  0.01376 -1.14895e-02
 31  0.04249 -2.99410e-02 | 32  0.07159 -6.80389e-02 | 33  0.01401  3.08528e-03
 34  0.02791 -9.56734e-03 | 35  0.03096 -1.10750e-02 | 36  0.03189 -2.43185e-02
 37  0.04171 -2.92836e-02 | 38  0.00929  4.24171e-03 | 39 -0.01146  2.40733e-02
 40 -0.00902  2.79436e-02 | 41 -0.01247  2.27222e-02 | 42 -0.00364  2.01130e-02
 43  0.01641  1.46668e-03 | 44  0.00897  1.18122e-02 | 45  0.00648  1.86512e-02
 46  0.00262  3.25620e-02 | 47  0.00702  2.39311e-02 | 48  0.01806  4.43755e-02
 49 -0.01274  3.73771e-02 | 50 -0.02913  5.08424e-02 | 51 -0.02218  5.24289e-02
 52 -0.01004  4.02195e-02 | 53 -0.00155  3.68207e-02 | 54 -0.00222  5.18271e-02
 55 -0.01994  4.42354e-02 | 56 -0.03300  6.05696e-02 | 57 -0.02576  5.79342e-02
 58 -0.01027  6.43432e-02 | 59  0.00295  5.40959e-02 | 60 -0.01641  6.60080e-02
 61 -0.00977  5.64743e-02 | 62 -0.01462  7.43169e-02 | 63 -0.00721  7.64039e-02
 64 -0.01191  8.88301e-02 | 65 -0.01404  9.09089e-02 | 66 -0.00210  1.28455e-02
 67 -0.00001 -1.31066e-03 | 68  0.00000  0.00000e+00 | 69 -0.79786 -4.99975e+00
 70  0.14763  2.40392e+00 | 71  0.12126  1.08705e+01 | 72  0.18338  6.19550e-01
 73  0.00900  4.47632e-05 | 74  0.04982 -2.26663e-01 | 75  0.13311 -8.33454e+00
 76  0.09886 -2.43766e+01 | 77  0.16218 -1.65589e+00 | 78 -0.10921 -5.44344e-04
 79 -0.19299 -4.31123e-01 | 80  0.12842  1.09312e+00 | 81  0.07383  1.24994e+00
 82  0.12887  2.55292e-02 | 83  0.00000 -4.71674e-31 | 84  0.02347 -4.53010e-02
 85 -0.07509 -1.01761e-01 | 86 -0.24342 -2.02973e-05 | 87  0.10309  8.70287e-02
 88  0.72507 -1.48827e-02 | 89 -0.16502 -4.11219e-02 | 90  0.08578 -2.13930e-04
 91 -0.66358 -1.01512e-02 |
91 variables; iteration 160; function evaluation 256; phase 4
Function value 2.2312755e+02; maximum gradient component mag 4.8348e-01
Var    Value     Gradient |Var    Value     Gradient |Var    Value     Gradient
  1  0.01729  3.76573e-02 |  2 -0.01388  6.14724e-02 |  3 -0.02610 -6.98139e-04
  4 -0.02208 -7.16822e-04 |  5 -0.01466 -9.97816e-04 |  6 -0.01296 -1.18117e-03
  7 -0.01181 -1.24865e-03 |  8 -0.00133 -1.61233e-03 |  9  0.00031 -1.85720e-03
 10  0.00142 -2.07889e-03 | 11 -0.00320 -1.97879e-03 | 12 -0.01530 -2.09690e-03
 13 -0.02039 -8.74680e-04 | 14 -0.01668 -6.50390e-04 | 15 -0.01594 -1.00355e-03
 16 -0.01132 -7.36016e-04 | 17 -0.00091 -1.05382e-03 | 18  0.00260 -1.33769e-03
 19  0.00456 -1.43666e-03 | 20 -0.00366 -1.52895e-03 | 21 -0.01582 -1.45165e-03
 22 -0.01484 -9.82491e-04 | 23 -0.01435 -8.38509e-04 | 24 -0.02154 -5.48682e-04
 25 -0.00531 -1.18857e-03 | 26  0.02157 -1.86569e-03 | 27  0.00892 -1.21500e-03
 28  0.01746 -7.70627e-04 | 29  0.01731 -2.61934e-04 | 30  0.01373  3.35191e-05
 31  0.04245 -2.62343e-04 | 32  0.07153 -5.72613e-04 | 33  0.01401  1.15295e-04
 34  0.02790  2.99243e-05 | 35  0.03094  3.28748e-05 | 36  0.03191 -1.88491e-04
 37  0.04169 -1.04769e-04 | 38  0.00931  3.48225e-04 | 39 -0.01145  5.96060e-04
 40 -0.00905  6.16972e-04 | 41 -0.01251  4.01263e-04 | 42 -0.00368  3.21142e-04
 43  0.01642  1.72014e-04 | 44  0.00896  3.16567e-04 | 45  0.00646  3.49949e-04
 46  0.00259  4.81838e-04 | 47  0.00700  2.40163e-04 | 48  0.01803  5.83210e-04
 49 -0.01272  4.56416e-04 | 50 -0.02912  6.42954e-04 | 51 -0.02218  7.33612e-04
 52 -0.01004  4.04604e-04 | 53 -0.00154  3.99350e-04 | 54 -0.00221  5.11940e-04
 55 -0.01992  4.29383e-04 | 56 -0.03301  6.81501e-04 | 57 -0.02576  6.14864e-04
 58 -0.01026  7.24668e-04 | 59  0.00297  5.56272e-04 | 60 -0.01639  7.66456e-04
 61 -0.00975  5.55307e-04 | 62 -0.01462  9.42423e-04 | 63 -0.00722  9.18900e-04
 64 -0.01190  1.17476e-03 | 65 -0.01401  1.16213e-03 | 66 -0.00211  2.74385e-04
 67 -0.00001 -4.01679e-05 | 68  0.00000  0.00000e+00 | 69 -0.79805  7.49151e-02
 70  0.14726 -1.00708e-02 | 71  0.12134 -2.15410e-02 | 72  0.18330  8.64659e-03
 73 -0.00584 -2.88335e-05 | 74  0.04996 -2.69309e-03 | 75  0.13227  1.76546e-01
 76  0.09920  4.83485e-01 | 77  0.16189  2.60357e-02 | 78 -0.06041  1.19798e-05
 79 -0.19290  6.01313e-03 | 80  0.12853 -2.71496e-03 | 81  0.07300 -1.21411e-03
 82  0.12892  2.38161e-03 | 83  0.00000 -6.43883e-31 | 84  0.02351 -1.87867e-03
 85 -0.07514 -1.31276e-03 | 86 -0.24353 -2.14325e-05 | 87  0.10307  1.02881e-03
 88  0.72513 -2.46156e-04 | 89 -0.16509 -6.13331e-04 | 90  0.08571  9.89254e-05
 91 -0.66364 -1.34767e-04 |
91 variables; iteration 180; function evaluation 276; phase 4
Function value 2.2312755e+02; maximum gradient component mag -2.9222e-02
Var    Value     Gradient |Var    Value     Gradient |Var    Value     Gradient
  1  0.01729 -2.92222e-02 |  2 -0.01388 -7.39943e-03 |  3 -0.02610 -1.07038e-04
  4 -0.02208 -1.15597e-04 |  5 -0.01466 -1.53416e-04 |  6 -0.01296 -1.78797e-04
  7 -0.01181 -1.91658e-04 |  8 -0.00133 -2.41917e-04 |  9  0.00031 -2.75394e-04
 10  0.00142 -3.07100e-04 | 11 -0.00320 -3.00195e-04 | 12 -0.01530 -3.05916e-04
 13 -0.02039 -9.11820e-05 | 14 -0.01668 -7.28160e-05 | 15 -0.01594 -1.06014e-04
 16 -0.01132 -8.01465e-05 | 17 -0.00091 -1.20507e-04 | 18  0.00260 -1.55929e-04
 19  0.00456 -1.84722e-04 | 20 -0.00366 -1.98247e-04 | 21 -0.01582 -1.71665e-04
 22 -0.01484 -1.19986e-04 | 23 -0.01435 -1.07858e-04 | 24 -0.02154 -8.16365e-05
 25 -0.00531 -1.80084e-04 | 26  0.02157 -2.94639e-04 | 27  0.00892 -1.88649e-04
 28  0.01746 -1.37272e-04 | 29  0.01731 -7.01298e-05 | 30  0.01373 -1.99922e-05
 31  0.04245 -7.65451e-05 | 32  0.07153 -1.53101e-04 | 33  0.01401  3.78985e-07
 34  0.02790 -2.46182e-05 | 35  0.03094 -3.23236e-05 | 36  0.03191 -5.98180e-05
 37  0.04169 -9.52006e-05 | 38  0.00931 -1.10534e-05 | 39 -0.01145  3.47602e-05
 40 -0.00905  3.21291e-05 | 41 -0.01251  2.18826e-05 | 42 -0.00368  1.37414e-05
 43  0.01642 -1.07282e-05 | 44  0.00896  2.40598e-05 | 45  0.00646  3.46928e-05
 46  0.00259  5.87566e-05 | 47  0.00700  3.80336e-05 | 48  0.01803  6.42977e-05
 49 -0.01272  7.68008e-05 | 50 -0.02912  1.07313e-04 | 51 -0.02218  1.16744e-04
 52 -0.01004  7.87330e-05 | 53 -0.00154  8.36243e-05 | 54 -0.00221  9.99261e-05
 55 -0.01992  1.04199e-04 | 56 -0.03301  1.35203e-04 | 57 -0.02576  1.30356e-04
 58 -0.01026  1.42096e-04 | 59  0.00297  1.27802e-04 | 60 -0.01639  1.53068e-04
 61 -0.00975  1.32144e-04 | 62 -0.01462  1.76032e-04 | 63 -0.00722  1.77000e-04
 64 -0.01190  2.08055e-04 | 65 -0.01401  2.08407e-04 | 66 -0.00211  2.84120e-05
 67 -0.00001 -4.75430e-06 | 68  0.00000  0.00000e+00 | 69 -0.79805 -8.50826e-03
 70  0.14726  3.12518e-03 | 71  0.12134  1.54207e-02 | 72  0.18330  1.30625e-03
 73 -0.00489 -2.41410e-05 | 74  0.04996 -4.49445e-04 | 75  0.13227 -1.09390e-03
 76  0.09920 -8.74941e-03 | 77  0.16189 -2.75698e-03 | 78 -0.05865 -2.21643e-05
 79 -0.19290 -7.62112e-04 | 80  0.12853 -1.63746e-04 | 81  0.07300  6.82762e-06
 82  0.12892  2.55318e-04 | 83  0.00000 -6.43725e-31 | 84  0.02351 -1.84082e-04
 85 -0.07514 -1.92839e-04 | 86 -0.24301  1.16645e-06 | 87  0.10307  1.46192e-04
 88  0.72513 -3.74164e-05 | 89 -0.16509 -9.27050e-05 | 90  0.08571 -1.09938e-05
 91 -0.66364 -1.02576e-05 |

 - final statistics:
91 variables; iteration 199; function evaluation 296
Function value 2.2313e+02; maximum gradient component mag -9.9219e-05
Exit code = 1;  converg criter 1.0000e-04
Var    Value     Gradient |Var    Value     Gradient |Var    Value     Gradient
  1  0.01729 -9.92185e-05 |  2 -0.01388 -4.83838e-05 |  3 -0.02610  1.80846e-07
  4 -0.02208  1.14118e-07 |  5 -0.01466  3.20434e-07 |  6 -0.01296  3.50525e-07
  7 -0.01181  3.34350e-07 |  8 -0.00133  5.95006e-07 |  9  0.00031  7.26318e-07
 10  0.00142  8.57053e-07 | 11 -0.00320  6.79967e-07 | 12 -0.01530  8.29570e-07
 13 -0.02039  1.09409e-06 | 14 -0.01668  8.25712e-07 | 15 -0.01594  1.32308e-06
 16 -0.01132  7.65596e-07 | 17 -0.00091  1.08136e-06 | 18  0.00260  1.22273e-06
 19  0.00456  1.19953e-06 | 20 -0.00366  1.20608e-06 | 21 -0.01582  1.23944e-06
 22 -0.01484  6.88558e-07 | 23 -0.01435  6.37278e-07 | 24 -0.02154  2.66918e-07
 25 -0.00531  3.92683e-07 | 26  0.02157  2.83433e-07 | 27  0.00892  7.98236e-08
 28  0.01746 -2.39458e-07 | 29  0.01731 -5.05826e-07 | 30  0.01373 -4.10559e-07
 31  0.04245 -4.72214e-07 | 32  0.07153 -1.05099e-06 | 33  0.01401 -3.43071e-07
 34  0.02790 -5.31846e-07 | 35  0.03094 -8.71624e-07 | 36  0.03191 -5.98377e-07
 37  0.04169 -1.28853e-06 | 38  0.00931 -9.84194e-07 | 39 -0.01145 -9.10348e-07
 40 -0.00905 -1.17249e-06 | 41 -0.01251 -8.83228e-07 | 42 -0.00368 -8.50381e-07
 43  0.01642 -9.68006e-07 | 44  0.00896 -5.44670e-07 | 45  0.00646 -4.41832e-07
 46  0.00259 -3.23282e-07 | 47  0.00700 -9.60863e-08 | 48  0.01803 -4.59933e-07
 49 -0.01272 -9.91337e-08 | 50 -0.02912  1.15626e-08 | 51 -0.02218 -1.19826e-07
 52 -0.01004  1.12297e-07 | 53 -0.00154  1.21707e-07 | 54 -0.00221  3.14210e-07
 55 -0.01992  3.88909e-07 | 56 -0.03301  2.66344e-07 | 57 -0.02576  3.83573e-07
 58 -0.01026  1.91409e-07 | 59  0.00297  4.20866e-07 | 60 -0.01639  3.04084e-07
 61 -0.00975  5.85147e-07 | 62 -0.01462  2.53601e-07 | 63 -0.00722  3.85576e-07
 64 -0.01190  1.61243e-07 | 65 -0.01401  1.58474e-07 | 66 -0.00211 -2.25712e-07
 67 -0.00001  7.79104e-08 | 68  0.00000  0.00000e+00 | 69 -0.79805 -5.84546e-05
 70  0.14726 -1.11354e-05 | 71  0.12134 -5.25075e-05 | 72  0.18330 -3.26413e-06
 73  0.00000  3.54130e-09 | 74  0.04996  1.12674e-06 | 75  0.13227  2.00838e-05
 76  0.09920  4.10415e-06 | 77  0.16189 -1.92478e-05 | 78 -0.05865 -1.28762e-07
 79 -0.19290 -3.97235e-06 | 80  0.12853  1.13219e-06 | 81  0.07300  1.06559e-06
 82  0.12892  3.67735e-07 | 83  0.00000 -6.43724e-31 | 84  0.02351  4.44438e-07
 85 -0.07514 -2.64009e-07 | 86 -0.24304 -2.37428e-10 | 87  0.10307  2.96160e-07
 88  0.72513 -9.14641e-08 | 89 -0.16509 -3.90606e-08 | 90  0.08571 -4.26989e-07
 91 -0.66364  9.74672e-08 |
size of file gradfil1.tmp = 0
size of file gradfil2.tmp = 0
size of file varssave.tmp = 0
size of file cmpdiff.tmp = 0
