
Initial statistics: 6 variables; iteration 0; function evaluation 0; phase 1
Function value 6.1384164e+06; maximum gradient component mag -3.7819e+07
Var    Value     Gradient |Var    Value     Gradient |Var    Value     Gradient
  1  0.05168 -3.78186e+07 |  2 -0.01278 -2.17978e+06 |  3  0.00000  2.38361e+00
  4  0.00000 -2.13410e-02 |  5  0.00000  0.00000e+00 |  6 -0.76499  1.85428e+03

Intermediate statistics: 6 variables; iteration 20; function evaluation 38; phase 1
Function value 3.4845693e+02; maximum gradient component mag -5.3427e+03
Var    Value     Gradient |Var    Value     Gradient |Var    Value     Gradient
  1  0.10206 -5.34274e+03 |  2 -0.22229 -1.00894e+03 |  3 1189.985 -1.16167e+01
  4 -496.0395 -2.97409e+01 |  5  0.00000  0.00000e+00 |  6 -0.43859 -2.13012e+02
6 variables; iteration 40; function evaluation 58; phase 1
Function value 3.3699873e+02; maximum gradient component mag 8.7644e+02
Var    Value     Gradient |Var    Value     Gradient |Var    Value     Gradient
  1  0.10698  5.49719e+02 |  2 -0.22764  8.76438e+02 |  3 1190.011  7.68473e+00
  4 -495.9740  1.96067e+01 |  5  0.00000  0.00000e+00 |  6 -0.44082  4.52027e+02
6 variables; iteration 60; function evaluation 86; phase 1
Function value 2.7940394e+02; maximum gradient component mag 2.4885e+01
Var    Value     Gradient |Var    Value     Gradient |Var    Value     Gradient
  1  0.12709  2.48853e+01 |  2 -0.01949  7.49988e+00 |  3 1190.000  6.71493e-02
  4 -495.9998  1.71436e-01 |  5  0.00000  0.00000e+00 |  6 -0.81451  9.74522e+00

 - final statistics:
6 variables; iteration 63; function evaluation 89
Function value 2.7940e+02; maximum gradient component mag 1.8684e+00
Exit code = 1;  converg criter 1.0000e+01
Var    Value     Gradient |Var    Value     Gradient |Var    Value     Gradient
  1  0.12678  1.86839e+00 |  2 -0.01953  8.17300e-01 |  3 1190.000 -3.23608e-02
  4 -496.0001 -8.70111e-02 |  5  0.00000  0.00000e+00 |  6 -0.81403  1.21487e+00

Initial statistics: 60 variables; iteration 0; function evaluation 0; phase 2
Function value 2.7940224e+02; maximum gradient component mag -3.1874e+02
Var    Value     Gradient |Var    Value     Gradient |Var    Value     Gradient
  1  0.12678  1.86839e+00 |  2 -0.01953  8.17300e-01 |  3  0.00000  5.91864e+01
  4  0.00000  5.72632e+01 |  5  0.00000  4.98157e+01 |  6  0.00000  4.26434e+01
  7  0.00000  4.02438e+01 |  8  0.00000  5.13347e+01 |  9  0.00000  6.79890e+01
 10  0.00000  9.38485e+01 | 11  0.00000  1.05403e+02 | 12  0.00000  9.98594e+01
 13  0.00000  8.85807e+01 | 14  0.00000  5.37046e+01 | 15  0.00000  9.40279e-01
 16  0.00000 -4.04467e+01 | 17  0.00000 -8.63373e+01 | 18  0.00000 -1.45677e+02
 19  0.00000 -2.02665e+02 | 20  0.00000 -2.69176e+02 | 21  0.00000 -3.18738e+02
 22  0.00000 -3.08678e+02 | 23  0.00000 -2.96418e+02 | 24  0.00000 -2.96455e+02
 25  0.00000 -2.74813e+02 | 26  0.00000 -2.43171e+02 | 27  0.00000 -1.56692e+02
 28  0.00000 -5.75296e+01 | 29  0.00000  1.64002e+01 | 30  0.00000  5.42267e+01
 31  0.00000  5.02598e+01 | 32  0.00000  2.08522e+01 | 33  0.00000  4.19454e-01
 34  0.00000  6.87670e+00 | 35  0.00000  2.52359e+01 | 36  0.00000  3.82615e+01
 37  0.00000  4.54435e+01 | 38  0.00000  7.82926e+01 | 39  0.00000  1.34016e+02
 40  0.00000  1.48033e+02 | 41  0.00000  1.35042e+02 | 42  0.00000  1.12041e+02
 43  0.00000  1.06071e+02 | 44  0.00000  1.14247e+02 | 45  0.00000  1.52750e+02
 46  0.00000  1.48208e+02 | 47  0.00000  1.15887e+02 | 48  0.00000  7.98524e+01
 49  0.00000  7.52006e+01 | 50  0.00000  7.37361e+01 | 51  0.00000  6.50525e+01
 52  0.00000  4.65437e+01 | 53  0.00000  2.45943e+01 | 54  0.00000  1.17736e+01
 55  0.00000  6.67023e+00 | 56 -0.00027  3.23608e-02 | 57 -0.00012 -8.70111e-02
 58  0.00000  0.00000e+00 | 59 -0.81403  1.21487e+00 | 60  0.09974  7.69615e+01

Intermediate statistics: 60 variables; iteration 20; function evaluation 31; phase 2
Function value 2.3273204e+02; maximum gradient component mag -2.1641e+03
Var    Value     Gradient |Var    Value     Gradient |Var    Value     Gradient
  1  0.09606 -2.16409e+03 |  2  0.03936 -9.45065e+02 |  3 -0.03466 -3.19059e+01
  4 -0.02545 -2.67110e+01 |  5 -0.00951 -1.44381e+01 |  6  0.00899  3.11482e+00
  7  0.02544  2.06743e+01 |  8  0.01939  2.36502e+01 |  9  0.01648  1.68564e+01
 10 -0.00748 -2.14928e+00 | 11 -0.01067 -9.34648e+00 | 12 -0.00362 -8.01627e+00
 13 -0.02082 -1.08518e+01 | 14 -0.00997 -6.58144e-01 | 15  0.02580  8.52832e+00
 16  0.01670 -1.12500e+01 | 17 -0.00238 -3.80390e+01 | 18  0.02589 -5.05591e+01
 19 -0.03156 -5.56511e+01 | 20  0.01061 -2.40079e+01 | 21  0.10232 -8.62837e-01
 22 -0.00238 -3.37651e+01 | 23 -0.04727 -6.36804e+01 | 24  0.05343 -4.67173e+01
 25 -0.00505 -3.61100e+01 | 26  0.08224 -3.45662e+01 | 27  0.00785 -4.82947e+01
 28 -0.04632 -7.16545e+01 | 29 -0.02407 -6.92136e+01 | 30 -0.01753 -5.30296e+01
 31 -0.00569 -2.64472e+01 | 32  0.01418  4.88453e+00 | 33  0.02674  2.44153e+01
 34  0.00944  1.62826e+01 | 35 -0.00533  9.43289e+00 | 36  0.00099  2.26693e+01
 37  0.02434  5.00108e+01 | 38  0.01113  4.63390e+01 | 39 -0.03238  1.49246e+01
 40 -0.02779  2.29785e+01 | 41 -0.00968  5.20996e+01 | 42  0.01177  8.88442e+01
 43  0.01273  9.44645e+01 | 44  0.00763  7.66373e+01 | 45 -0.03468  2.67674e+01
 46 -0.03181  2.36787e+01 | 47 -0.00981  4.22992e+01 | 48  0.02021  6.41981e+01
 49  0.00526  4.32743e+01 | 50 -0.00792  1.53068e+01 | 51 -0.01492 -7.17871e+00
 52 -0.01674 -1.94479e+01 | 53 -0.01502 -1.86917e+01 | 54 -0.01834 -1.21208e+01
 55 -0.01049 -3.91488e+00 | 56 -0.00067 -1.41268e-01 | 57  0.00013  9.92193e-02
 58  0.00000  0.00000e+00 | 59 -0.81434 -1.36004e+03 | 60  0.09819 -3.92723e+01
60 variables; iteration 40; function evaluation 60; phase 2
Function value 2.2086569e+02; maximum gradient component mag -6.2571e+02
Var    Value     Gradient |Var    Value     Gradient |Var    Value     Gradient
  1  0.09620 -6.25707e+02 |  2  0.02134 -2.44705e+02 |  3 -0.00695  1.40459e+01
  4 -0.00887  1.03146e+01 |  5 -0.00574  6.69101e+00 |  6  0.00125  4.49152e+00
  7  0.01200  5.80371e+00 |  8  0.00733  5.06061e+00 |  9  0.00656  7.35604e+00
 10 -0.00863  5.91301e+00 | 11 -0.00983  6.26017e+00 | 12 -0.01143  1.54210e+00
 13 -0.01477  4.06875e+00 | 14 -0.01422 -2.78742e+00 | 15  0.01678 -2.36534e+00
 16  0.00579 -1.28910e+01 | 17  0.00661 -1.14679e+01 | 18  0.01677 -7.07420e+00
 19  0.01138 -2.30100e+00 | 20  0.00200 -1.37274e+01 | 21  0.08241  1.59045e+00
 22 -0.00036 -2.04800e+01 | 23  0.00362 -1.85507e+01 | 24  0.04726 -7.38954e+00
 25  0.00236 -2.29528e+01 | 26  0.06010 -1.78807e+01 | 27 -0.00489 -2.60891e+01
 28 -0.00240 -8.51975e+00 | 29 -0.00921 -5.95260e+00 | 30 -0.01690 -9.44780e+00
 31 -0.00173 -4.08781e+00 | 32 -0.00185 -1.53350e+01 | 33  0.01791 -3.78174e+00
 34  0.00571  7.53868e-01 | 35  0.00247  7.55950e+00 | 36 -0.00559  9.05146e-01
 37  0.01486  8.58174e+00 | 38  0.00336  6.81963e+00 | 39 -0.03092 -1.28781e+00
 40 -0.02720  4.43748e+00 | 41 -0.00804  1.91288e+01 | 42 -0.00166  1.32913e+01
 43 -0.00305  1.13707e+01 | 44 -0.00326  1.27352e+01 | 45 -0.02847  1.13336e+01
 46 -0.02821  6.90609e+00 | 47 -0.02085  2.86688e-01 | 48  0.00774  7.01112e+00
 49 -0.00438  5.25007e+00 | 50 -0.01119  2.30470e+00 | 51 -0.00995  2.04190e+00
 52 -0.01037 -1.09188e+00 | 53 -0.01033 -2.45000e+00 | 54 -0.00957  4.87727e-01
 55 -0.00360  2.50617e+00 | 56 -0.00051 -6.27728e-03 | 57  0.00003  2.39555e-02
 58  0.00000  0.00000e+00 | 59 -0.79910 -3.63687e+02 | 60  0.10374  6.77947e+00
60 variables; iteration 60; function evaluation 91; phase 2
Function value 2.1899740e+02; maximum gradient component mag -2.3824e+02
Var    Value     Gradient |Var    Value     Gradient |Var    Value     Gradient
  1  0.09695 -2.38238e+02 |  2 -0.00017 -1.19786e+02 |  3 -0.01471  1.17284e+00
  4 -0.01184  2.34066e+00 |  5 -0.00783  9.16062e-01 |  6  0.00530  4.46847e+00
  7  0.01124  1.45948e+00 |  8  0.00724  3.37399e-01 |  9  0.00314  8.73273e-02
 10 -0.00702  4.42499e+00 | 11 -0.01069  4.37330e+00 | 12 -0.01051  2.58570e+00
 13 -0.01645  3.30705e+00 | 14 -0.00969  1.96187e+00 | 15  0.00746 -4.86494e+00
 16  0.01152 -5.99209e-01 | 17  0.01000  3.33560e-01 | 18  0.01258 -3.24922e+00
 19  0.00575 -2.85038e+00 | 20  0.02177 -1.39683e+00 | 21  0.06222 -1.25690e+00
 22  0.02023 -1.36209e+00 | 23  0.01590  1.13065e+00 | 24  0.03158  5.00609e-01
 25  0.02102 -2.59486e+00 | 26  0.04671 -6.53312e-01 | 27  0.01449  1.32242e+00
 28 -0.00888  6.59028e-01 | 29 -0.01095  4.66540e+00 | 30 -0.01165  5.28654e+00
 31 -0.01081 -1.36550e+00 | 32  0.00628 -4.88902e-01 | 33  0.01445 -1.32946e+00
 34  0.00388 -3.14491e+00 | 35 -0.00138 -8.26672e-01 | 36 -0.00067 -1.41203e+00
 37  0.01015 -3.47349e+00 | 38 -0.00193 -3.58115e+00 | 39 -0.02223  5.21200e+00
 40 -0.02220  4.30703e+00 | 41 -0.01799 -3.99351e+00 | 42 -0.00302 -7.21477e+00
 43 -0.00445 -8.00734e+00 | 44 -0.00636 -5.16366e+00 | 45 -0.02969  1.80772e+00
 46 -0.03075 -1.36768e+00 | 47 -0.01412  7.69539e-01 | 48  0.00112 -6.07479e+00
 49 -0.00297 -3.24476e-01 | 50 -0.01613 -4.84493e+00 | 51 -0.00671  6.50118e+00
 52 -0.00812  5.15825e+00 | 53 -0.00731  3.17858e+00 | 54 -0.00999  1.26345e-01
 55 -0.00695 -1.45461e+00 | 56  0.00090  1.05729e+00 | 57 -0.00120 -9.06839e-01
 58  0.00000  0.00000e+00 | 59 -0.78141 -1.48016e+02 | 60  0.10315  2.21736e+00
Maximum number of function evaluations exceeded

 - final statistics:
60 variables; iteration 66; function evaluation 100
Function value 2.1887e+02; maximum gradient component mag -1.7030e+02
Exit code = 3;  converg criter 1.0000e+01
Var    Value     Gradient |Var    Value     Gradient |Var    Value     Gradient
  1  0.09697 -1.70302e+02 |  2 -0.00211 -8.91270e+01 |  3 -0.01479  2.74089e-01
  4 -0.01370 -1.52407e-01 |  5 -0.00490  2.44541e+00 |  6  0.00314  1.70318e+00
  7  0.01084  2.67878e-01 |  8  0.00847  7.85708e-01 |  9  0.00438  1.97486e-01
 10 -0.00932  8.84306e-01 | 11 -0.01039  2.80664e+00 | 12 -0.01023  1.17217e+00
 13 -0.01707  1.62918e+00 | 14 -0.01094  6.25418e-01 | 15  0.00947 -2.87902e+00
 16  0.01120 -5.29407e-01 | 17  0.00901 -6.05337e-01 | 18  0.01298 -2.73527e+00
 19  0.00611 -1.99109e+00 | 20  0.02259 -5.87155e-01 | 21  0.06092 -2.10171e+00
 22  0.02160 -1.04291e+00 | 23  0.01503  1.48785e-01 | 24  0.03097  2.20382e-01
 25  0.02212 -9.83492e-01 | 26  0.04598  1.26065e+00 | 27  0.01591  4.16243e+00
 28 -0.00827  2.06709e+00 | 29 -0.01220  3.47378e+00 | 30 -0.01294  3.92870e+00
 31 -0.00955  1.45415e-01 | 32  0.00622  3.73034e-01 | 33  0.01414 -7.41208e-01
 34  0.00437 -2.21559e+00 | 35 -0.00204 -8.56453e-01 | 36  0.00006 -2.29970e-01
 37  0.00896 -3.39187e+00 | 38  0.00053 -1.21718e+00 | 39 -0.02430  2.45067e+00
 40 -0.02370  1.90544e+00 | 41 -0.01753 -3.24791e+00 | 42 -0.00246 -4.83880e+00
 43 -0.00383 -5.29588e+00 | 44 -0.00593 -3.39951e+00 | 45 -0.03132  4.19207e-01
 46 -0.02967 -2.69436e-02 | 47 -0.01544  4.86289e-01 | 48  0.00307 -2.92820e+00
 49 -0.00479 -1.55312e-01 | 50 -0.01227 -9.18537e-01 | 51 -0.00975  2.95822e+00
 52 -0.00893  3.01784e+00 | 53 -0.00690  2.78432e+00 | 54 -0.00965  3.40966e-01
 55 -0.00512  5.33146e-02 | 56 -0.00188 -1.05665e+00 | 57 -0.00130 -9.84009e-01
 58  0.00000  0.00000e+00 | 59 -0.77963 -1.09006e+02 | 60  0.10294  1.87665e-01

Initial statistics: 81 variables; iteration 0; function evaluation 0; phase 3
Function value 2.1886734e+02; maximum gradient component mag -3.8746e+02
Var    Value     Gradient |Var    Value     Gradient |Var    Value     Gradient
  1  0.09697 -1.70302e+02 |  2 -0.00211 -8.91270e+01 |  3 -0.01479  2.75694e-01
  4 -0.01370 -1.50802e-01 |  5 -0.00490  2.44702e+00 |  6  0.00314  1.70478e+00
  7  0.01084  2.69484e-01 |  8  0.00847  7.87314e-01 |  9  0.00438  1.99092e-01
 10 -0.00932  8.85912e-01 | 11 -0.01039  2.80824e+00 | 12 -0.01023  1.17378e+00
 13 -0.01707  1.63079e+00 | 14 -0.01094  6.27024e-01 | 15  0.00947 -2.87741e+00
 16  0.01120 -5.27801e-01 | 17  0.00901 -6.03731e-01 | 18  0.01298 -2.73366e+00
 19  0.00611 -1.98948e+00 | 20  0.02259 -5.85550e-01 | 21  0.06092 -2.10011e+00
 22  0.02160 -1.04131e+00 | 23  0.01503  1.50391e-01 | 24  0.03097  2.21986e-01
 25  0.02212 -9.81887e-01 | 26  0.04598  1.26225e+00 | 27  0.01591  4.16404e+00
 28 -0.00827  2.06870e+00 | 29 -0.01220  3.47539e+00 | 30 -0.01294  3.93030e+00
 31 -0.00955  1.47021e-01 | 32  0.00622  3.74640e-01 | 33  0.01414 -7.39603e-01
 34  0.00437 -2.21398e+00 | 35 -0.00204 -8.54847e-01 | 36  0.00006 -2.28364e-01
 37  0.00896 -3.39026e+00 | 38  0.00054 -1.21558e+00 | 39 -0.02430  2.45228e+00
 40 -0.02370  1.90705e+00 | 41 -0.01753 -3.24631e+00 | 42 -0.00246 -4.83719e+00
 43 -0.00383 -5.29427e+00 | 44 -0.00593 -3.39790e+00 | 45 -0.03132  4.20811e-01
 46 -0.02967 -2.53391e-02 | 47 -0.01544  4.87894e-01 | 48  0.00307 -2.92660e+00
 49 -0.00479 -1.53706e-01 | 50 -0.01227 -9.16931e-01 | 51 -0.00975  2.95982e+00
 52 -0.00893  3.01944e+00 | 53 -0.00690  2.78593e+00 | 54 -0.00965  3.42572e-01
 55 -0.00512  5.49207e-02 | 56 -0.00188 -1.05665e+00 | 57 -0.00130 -9.84009e-01
 58  0.00000  0.00000e+00 | 59 -0.77963 -1.09006e+02 | 60  0.20375 -1.08724e+02
 61  0.10430 -1.79155e+02 | 62  0.18961  9.48387e+01 | 63  0.00000 -2.11660e-12
 64  0.06326 -1.51686e+01 | 65  0.17418 -2.98006e+02 | 66  0.07530 -3.87457e+02
 67  0.16633 -2.92369e+01 | 68  0.00000 -3.86166e-03 | 69 -0.17934 -1.34242e+01
 70  0.14683 -4.79070e+01 | 71  0.07387 -1.04702e+01 | 72  0.12880  6.36346e+01
 73  0.00000 -3.68810e-29 | 74  0.03253 -3.11189e+01 | 75 -0.06289 -1.06759e+01
 76 -0.23700 -3.46539e-04 | 77  0.10401  1.37438e+01 | 78  0.70672 -2.02482e+00
 79 -0.14795 -8.48132e+00 | 80  0.10294  1.87665e-01 | 81 -0.65136 -6.89629e+00

Intermediate statistics: 81 variables; iteration 20; function evaluation 23; phase 3
Function value 2.1726400e+02; maximum gradient component mag -4.4931e+02
Var    Value     Gradient |Var    Value     Gradient |Var    Value     Gradient
  1  0.08862 -4.49309e+02 |  2 -0.01040 -2.82610e+01 |  3 -0.01731  2.81125e+00
  4 -0.01540  3.80135e+00 |  5 -0.01060  3.98543e+00 |  6 -0.00148  4.50853e+00
  7  0.00928  4.07254e+00 |  8  0.00719  2.77899e+00 |  9  0.00429  2.07828e+00
 10 -0.01047  2.63308e+00 | 11 -0.01263  3.04583e+00 | 12 -0.00972  4.80950e+00
 13 -0.01976  5.44279e+00 | 14 -0.01363  4.78472e+00 | 15  0.01581  3.43028e+00
 16  0.01488  1.74322e+00 | 17  0.01271  2.70666e+00 | 18  0.01812  4.78781e+00
 19  0.00739  6.08678e+00 | 20  0.02159  5.57526e+00 | 21  0.06670  3.13887e+00
 22  0.02380  2.63038e+00 | 23  0.01565  9.61444e-01 | 24  0.03106 -2.13660e+00
 25  0.02344 -3.98638e+00 | 26  0.04706 -1.43412e+01 | 27  0.01224 -1.44634e+01
 28 -0.00661 -1.29858e+01 | 29 -0.01111 -1.54044e+01 | 30 -0.01244 -1.62667e+01
 31 -0.00329 -1.48506e+01 | 32  0.00915 -1.44704e+01 | 33  0.01371 -1.11250e+01
 34  0.00568 -6.72331e+00 | 35 -0.00141 -5.32482e+00 | 36 -0.00070 -5.61856e+00
 37  0.01280 -5.61405e+00 | 38  0.00070 -4.25836e+00 | 39 -0.02764 -1.73631e+00
 40 -0.02620 -5.55439e-01 | 41 -0.01497  1.31556e+00 | 42 -0.00160  2.21925e+00
 43 -0.00467  4.26005e+00 | 44 -0.00763  4.56812e+00 | 45 -0.03425  4.18934e+00
 46 -0.03029  4.35018e+00 | 47 -0.01808  4.78807e+00 | 48  0.00434  5.84494e+00
 49 -0.00733  5.15015e+00 | 50 -0.01107  4.98421e+00 | 51 -0.01137  3.71674e+00
 52 -0.00890  4.60331e+00 | 53 -0.00845  6.19040e+00 | 54 -0.01095  7.38421e+00
 55 -0.00761  6.70619e+00 | 56 -0.00005  3.56438e-01 | 57  0.00037  2.76647e-01
 58  0.00000  0.00000e+00 | 59 -0.75199 -2.30074e+01 | 60  0.24145 -6.52398e+01
 61  0.08916 -2.21825e-02 | 62  0.19500  2.02114e+02 | 63 -0.00000 -4.81769e-17
 64  0.08508 -4.15861e+00 | 65  0.18887 -1.60569e+01 | 66  0.06297  1.16678e-01
 67  0.16757  4.98600e+01 | 68 -0.00001 -3.96570e-08 | 69 -0.16814 -2.34136e+00
 70  0.15530  3.01517e+01 | 71  0.06817  6.51007e+01 | 72  0.12861  6.40169e+01
 73  0.00000  4.29556e-14 | 74  0.04421  2.91964e+00 | 75 -0.06012 -3.25472e+01
 76 -0.23700 -9.55260e-04 | 77  0.10387  3.06658e+01 | 78  0.70321 -2.41139e+00
 79 -0.13562 -8.28251e+00 | 80  0.11487 -1.23903e+01 | 81 -0.63834  3.65741e+00
81 variables; iteration 40; function evaluation 47; phase 3
Function value 2.1673659e+02; maximum gradient component mag 9.1657e+01
Var    Value     Gradient |Var    Value     Gradient |Var    Value     Gradient
  1  0.08821 -5.12091e+01 |  2 -0.00788 -3.98024e+01 |  3 -0.01785 -3.55595e+00
  4 -0.01664 -3.75360e+00 |  5 -0.01107 -3.57323e+00 |  6 -0.00206 -3.27464e+00
  7  0.00826 -3.69784e+00 |  8  0.00802 -3.15949e+00 |  9  0.00437 -3.49024e+00
 10 -0.01111 -3.61919e+00 | 11 -0.01217 -3.38435e+00 | 12 -0.01024 -3.63632e+00
 13 -0.02074 -3.08868e+00 | 14 -0.01390 -1.29474e+00 | 15  0.01531  1.02214e+00
 16  0.01687  3.07793e+00 | 17  0.01394  2.05563e+00 | 18  0.01755  1.16907e+00
 19  0.00615  5.82141e-01 | 20  0.02131  1.48169e+00 | 21  0.06657  3.13770e+00
 22  0.02276  1.77175e+00 | 23  0.01611  3.17246e+00 | 24  0.03265  4.46533e+00
 25  0.01893  9.24794e-01 | 26  0.04871  6.09871e+00 | 27  0.01285  3.57551e+00
 28 -0.00681  3.97592e+00 | 29 -0.00925  6.12547e+00 | 30 -0.00884  7.46122e+00
 31 -0.00391  4.74723e+00 | 32  0.01029  5.00935e+00 | 33  0.01409  4.39720e+00
 34  0.00422  2.68313e+00 | 35 -0.00076  2.70288e+00 | 36  0.00082  2.36306e+00
 37  0.01158  1.56241e+00 | 38  0.00174  2.30640e+00 | 39 -0.02637  4.68727e-01
 40 -0.02578 -2.58259e+00 | 41 -0.01648 -5.64886e+00 | 42 -0.00246 -5.74569e+00
 43 -0.00550 -2.71042e+00 | 44 -0.00767 -1.49792e-01 | 45 -0.03345  6.27067e-02
 46 -0.02992 -1.50582e+00 | 47 -0.01816 -3.50293e+00 | 48  0.00267 -5.39637e+00
 49 -0.00749 -3.83125e+00 | 50 -0.01161 -2.17753e+00 | 51 -0.00968 -7.04049e-02
 52 -0.00743  4.64611e-01 | 53 -0.00803 -1.90043e-01 | 54 -0.01219 -1.20886e+00
 55 -0.00803 -5.83174e-01 | 56 -0.00076 -1.75669e-01 | 57 -0.00032 -2.43527e-01
 58  0.00000  0.00000e+00 | 59 -0.75224 -4.01131e+01 | 60  0.26530 -2.26459e+01
 61  0.07972  7.36690e-03 | 62  0.19935  9.16573e+01 | 63  0.00000  1.10609e-15
 64  0.08023 -1.34760e+00 | 65  0.18888  1.30595e+01 | 66  0.06292 -8.46867e-01
 67  0.16553 -3.07791e+01 | 68  0.00190  9.39857e-06 | 69 -0.16984 -3.86299e+00
 70  0.15837  1.74792e+01 | 71  0.06460  2.53427e+01 | 72  0.12845  5.64322e+00
 73  0.00000  3.31698e-11 | 74  0.04074 -1.11473e+01 | 75 -0.05429 -5.66891e+00
 76 -0.23671 -4.50246e-04 | 77  0.10639  8.96127e+00 | 78  0.67910 -7.37305e-01
 79 -0.12997 -1.12932e+00 | 80  0.11846  1.11982e+01 | 81 -0.63607 -4.12657e+00
81 variables; iteration 60; function evaluation 75; phase 3
Function value 2.1653334e+02; maximum gradient component mag -1.3355e+02
Var    Value     Gradient |Var    Value     Gradient |Var    Value     Gradient
  1  0.08690 -1.33550e+02 |  2 -0.00858 -5.82702e+01 |  3 -0.01762  1.25326e+00
  4 -0.01657  1.11633e+00 |  5 -0.01178  7.88581e-01 |  6 -0.00385  2.97963e-01
  7  0.00765  6.05402e-01 |  8  0.00687  2.86056e-01 |  9  0.00473  1.09871e+00
 10 -0.01152  3.21069e-01 | 11 -0.01228  6.56831e-01 | 12 -0.01025  2.75552e-01
 13 -0.02074 -8.34959e-02 | 14 -0.01367  1.09227e-04 | 15  0.01516 -1.76170e+00
 16  0.01779 -5.71863e-01 | 17  0.01391 -1.36509e+00 | 18  0.01910 -4.73461e-01
 19  0.00647 -9.80004e-01 | 20  0.01997 -1.80179e+00 | 21  0.06773 -1.63002e+00
 22  0.02462 -5.21504e-01 | 23  0.01481 -1.87810e+00 | 24  0.03165 -1.68572e+00
 25  0.02121 -2.15094e+00 | 26  0.04664 -2.41098e+00 | 27  0.01459 -9.27339e-01
 28 -0.00624 -1.11803e+00 | 29 -0.01007 -1.85369e+00 | 30 -0.00954 -6.88115e-01
 31 -0.00162 -1.12475e-01 | 32  0.01077 -3.24730e-01 | 33  0.01337  9.47643e-02
 34  0.00436  3.28844e-01 | 35 -0.00044  7.75689e-01 | 36  0.00066  2.08477e-01
 37  0.01254  2.28436e-01 | 38  0.00019  3.61833e-01 | 39 -0.02637  2.02517e+00
 40 -0.02520  1.64013e+00 | 41 -0.01505  9.86577e-01 | 42 -0.00136  1.32582e+00
 43 -0.00594  1.54451e+00 | 44 -0.00903  1.24949e+00 | 45 -0.03495  2.49102e-01
 46 -0.02982  8.92893e-01 | 47 -0.01768  1.14355e+00 | 48  0.00339  9.78365e-01
 49 -0.00767  6.35618e-01 | 50 -0.01123  8.88051e-01 | 51 -0.01007  6.70994e-01
 52 -0.00752  4.58330e-01 | 53 -0.00874 -2.32660e-01 | 54 -0.01237  6.82280e-02
 55 -0.00881  4.88454e-01 | 56 -0.00056 -4.24438e-02 | 57 -0.00000 -2.37598e-03
 58  0.00000  0.00000e+00 | 59 -0.74737 -5.72603e+01 | 60  0.27659 -3.75781e+00
 61  0.07513  9.88519e-01 | 62  0.19994  1.35441e+01 | 63  0.00000  5.99637e-15
 64  0.08289 -8.96099e-02 | 65  0.19324  2.28085e+01 | 66  0.05902 -5.62010e-01
 67  0.16606 -4.26652e+01 | 68  0.00516  2.54659e-05 | 69 -0.16655 -4.78839e+00
 70  0.16208  4.82082e+01 | 71  0.06020  3.94601e+01 | 72  0.12898 -6.94848e+00
 73  0.00000  1.28906e-10 | 74  0.04409  8.80803e-01 | 75 -0.05324  7.37687e-01
 76 -0.23581 -3.22823e-04 | 77  0.10608 -1.56426e+00 | 78  0.67878 -7.24142e-02
 79 -0.12785 -3.74193e-01 | 80  0.11985  8.38347e-01 | 81 -0.63516 -5.34932e-01
Maximum number of function evaluations exceeded

 - final statistics:
81 variables; iteration 77; function evaluation 100
Function value 2.1648e+02; maximum gradient component mag -9.1266e+01
Exit code = 3;  converg criter 1.0000e+00
Var    Value     Gradient |Var    Value     Gradient |Var    Value     Gradient
  1  0.08661 -9.12663e+01 |  2 -0.00934 -4.32419e+01 |  3 -0.01834 -1.17003e-01
  4 -0.01733 -1.93749e-01 |  5 -0.01212  1.46741e-01 |  6 -0.00389  2.07075e-01
  7  0.00784  7.23862e-01 |  8  0.00721  2.33621e-01 |  9  0.00373 -1.16301e-01
 10 -0.01092  2.70417e-01 | 11 -0.01265 -1.56593e-01 | 12 -0.01020  3.70704e-01
 13 -0.02032  1.16945e+00 | 14 -0.01525 -1.11875e-02 | 15  0.01727  1.15289e+00
 16  0.01695 -6.58905e-01 | 17  0.01389 -1.19704e+00 | 18  0.01912  7.94732e-01
 19  0.00712  1.11311e+00 | 20  0.02040 -6.25411e-02 | 21  0.06790 -5.13809e-01
 22  0.02341 -9.43316e-01 | 23  0.01626 -4.88350e-01 | 24  0.03042 -9.03747e-01
 25  0.02322  4.98785e-01 | 26  0.04657 -1.30637e+00 | 27  0.01310 -1.98574e+00
 28 -0.00640 -1.34253e+00 | 29 -0.00777 -5.23213e-03 | 30 -0.01065 -2.03974e+00
 31 -0.00145 -6.62675e-01 | 32  0.01058 -7.14475e-01 | 33  0.01427  5.54327e-01
 34  0.00371 -8.31283e-01 | 35 -0.00109 -2.47297e-01 | 36  0.00165  8.09494e-01
 37  0.01222  2.21352e-01 | 38  0.00194  1.26919e+00 | 39 -0.02935 -2.01537e+00
 40 -0.02489  8.63358e-01 | 41 -0.01431  1.32320e+00 | 42 -0.00106  1.62517e+00
 43 -0.00635  9.69046e-01 | 44 -0.00944  2.49438e-01 | 45 -0.03457 -6.22043e-02
 46 -0.02991  7.21287e-02 | 47 -0.01835  9.44393e-02 | 48  0.00375  1.17711e+00
 49 -0.00728  7.96385e-01 | 50 -0.01147  9.91263e-03 | 51 -0.01071 -7.68975e-01
 52 -0.00728  6.26431e-03 | 53 -0.00840 -9.20585e-02 | 54 -0.01147  8.43729e-01
 55 -0.00915  1.29046e-01 | 56 -0.00048  5.91276e-03 | 57 -0.00009 -6.51415e-02
 58  0.00000  0.00000e+00 | 59 -0.74374 -4.09307e+01 | 60  0.27877  5.31742e+00
 61  0.07427  4.32696e+00 | 62  0.19989 -1.35693e+01 | 63  0.00000  1.35625e-14
 64  0.08235 -3.61131e-01 | 65  0.19903  1.55421e+01 | 66  0.05386 -1.56962e-02
 67  0.16780 -2.62930e+01 | 68  0.00782  3.86149e-05 | 69 -0.17082 -4.27905e+00
 70  0.16390  1.50848e+01 | 71  0.05735  1.34771e+01 | 72  0.12953 -3.10327e+00
 73  0.00000  3.00748e-10 | 74  0.04463  1.63867e+00 | 75 -0.05312  1.86130e+00
 76 -0.23401 -2.16316e-04 | 77  0.10600 -3.00554e+00 | 78  0.67900  2.98582e-01
 79 -0.12700  8.42564e-01 | 80  0.12038  2.68582e-01 | 81 -0.63485 -2.99383e-01

Initial statistics: 91 variables; iteration 0; function evaluation 0; phase 4
Function value 2.1648375e+02; maximum gradient component mag -9.1266e+01
Var    Value     Gradient |Var    Value     Gradient |Var    Value     Gradient
  1  0.08661 -9.12663e+01 |  2 -0.00934 -4.32419e+01 |  3  0.00000  2.26396e+01
  4  0.00000  1.62080e+01 |  5  0.00000  1.18547e+01 |  6  0.00000  1.05312e+01
  7  0.00000  3.02938e+00 |  8  0.00000 -3.89923e+00 |  9  0.00000 -2.50616e+00
 10  0.00000 -1.91979e+00 | 11  0.00000  9.25749e+00 | 12  0.00000  1.56639e+01
 13 -0.01834 -1.21715e-01 | 14 -0.01733 -1.98461e-01 | 15 -0.01212  1.42028e-01
 16 -0.00389  2.02361e-01 | 17  0.00784  7.19148e-01 | 18  0.00721  2.28907e-01
 19  0.00373 -1.21015e-01 | 20 -0.01092  2.65704e-01 | 21 -0.01265 -1.61306e-01
 22 -0.01020  3.65991e-01 | 23 -0.02032  1.16474e+00 | 24 -0.01525 -1.59003e-02
 25  0.01727  1.14817e+00 | 26  0.01695 -6.63617e-01 | 27  0.01389 -1.20175e+00
 28  0.01912  7.90020e-01 | 29  0.00712  1.10839e+00 | 30  0.02040 -6.72528e-02
 31  0.06790 -5.18496e-01 | 32  0.02341 -9.48027e-01 | 33  0.01626 -4.93063e-01
 34  0.03042 -9.08456e-01 | 35  0.02322  4.94074e-01 | 36  0.04657 -1.31107e+00
 37  0.01310 -1.99045e+00 | 38 -0.00640 -1.34724e+00 | 39 -0.00777 -9.94590e-03
 40 -0.01065 -2.04445e+00 | 41 -0.00145 -6.67389e-01 | 42  0.01058 -7.19188e-01
 43  0.01427  5.49614e-01 | 44  0.00371 -8.35997e-01 | 45 -0.00109 -2.52011e-01
 46  0.00165  8.04780e-01 | 47  0.01222  2.16639e-01 | 48  0.00194  1.26448e+00
 49 -0.02935 -2.02008e+00 | 50 -0.02489  8.58648e-01 | 51 -0.01431  1.31848e+00
 52 -0.00106  1.62046e+00 | 53 -0.00635  9.64333e-01 | 54 -0.00944  2.44724e-01
 55 -0.03457 -6.69114e-02 | 56 -0.02991  6.74198e-02 | 57 -0.01835  8.97271e-02
 58  0.00375  1.17239e+00 | 59 -0.00728  7.91671e-01 | 60 -0.01147  5.19927e-03
 61 -0.01071 -7.73689e-01 | 62 -0.00728  1.55050e-03 | 63 -0.00840 -9.67722e-02
 64 -0.01147  8.39016e-01 | 65 -0.00915  1.24333e-01 | 66 -0.00048  5.91276e-03
 67 -0.00009 -6.51415e-02 | 68  0.00000  0.00000e+00 | 69 -0.74374 -4.09307e+01
 70  0.27877  5.31742e+00 | 71  0.07427  4.32696e+00 | 72  0.19989 -1.35693e+01
 73  0.00000  1.35625e-14 | 74  0.08235 -3.61131e-01 | 75  0.19903  1.55421e+01
 76  0.05386 -1.56962e-02 | 77  0.16780 -2.62930e+01 | 78  0.00782  3.86149e-05
 79 -0.17082 -4.27905e+00 | 80  0.16390  1.50848e+01 | 81  0.05735  1.34771e+01
 82  0.12953 -3.10327e+00 | 83  0.00000  3.00748e-10 | 84  0.04463  1.63867e+00
 85 -0.05312  1.86130e+00 | 86 -0.23401 -2.16316e-04 | 87  0.10600 -3.00554e+00
 88  0.67900  2.98582e-01 | 89 -0.12700  8.42564e-01 | 90  0.12038  2.68582e-01
 91 -0.63485 -2.99383e-01 |

Intermediate statistics: 91 variables; iteration 20; function evaluation 28; phase 4
Function value 2.1592883e+02; maximum gradient component mag -1.2042e+02
Var    Value     Gradient |Var    Value     Gradient |Var    Value     Gradient
  1  0.08594 -1.20416e+02 |  2 -0.00958 -2.71160e+01 |  3 -0.01536  8.90724e+00
  4 -0.01048  7.38943e+00 |  5 -0.00701  6.48793e+00 |  6 -0.00713  5.84443e+00
  7 -0.00176  3.82984e+00 |  8  0.00540  2.93863e+00 |  9  0.00350  3.75077e+00
 10  0.00568  5.76852e+00 | 11 -0.00139  1.01717e+01 | 12 -0.00486  1.26384e+01
 13 -0.01338  7.74641e+00 | 14 -0.01643  5.15618e+00 | 15 -0.01366  3.89536e+00
 16 -0.00504  4.31735e+00 | 17  0.00739  5.29944e+00 | 18  0.00770  5.08738e+00
 19  0.00385  4.06468e+00 | 20 -0.01146  2.78978e+00 | 21 -0.01249  1.87604e+00
 22 -0.01032  1.33562e+00 | 23 -0.02152  8.30603e-01 | 24 -0.01530 -5.71655e-01
 25  0.01646 -2.50806e+00 | 26  0.01800 -2.69836e+00 | 27  0.01510 -1.78626e+00
 28  0.01837 -1.02652e+00 | 29  0.00688 -8.39244e-02 | 30  0.02164 -7.22461e-01
 31  0.06764 -4.05624e+00 | 32  0.02437 -2.56348e+00 | 33  0.01585 -3.18469e+00
 34  0.03094 -4.74567e+00 | 35  0.02176 -4.95626e+00 | 36  0.04608 -9.40955e+00
 37  0.01311 -7.57452e+00 | 38 -0.00678 -6.12686e+00 | 39 -0.00893 -5.51952e+00
 40 -0.00914 -4.56727e+00 | 41 -0.00114 -3.24741e+00 | 42  0.01137 -2.19082e+00
 43  0.01294 -1.66416e+00 | 44  0.00424 -1.71421e+00 | 45 -0.00094 -9.15279e-01
 46  0.00134 -2.17167e-01 | 47  0.01278 -1.02424e-01 | 48  0.00053  3.92987e-01
 49 -0.02817  2.41514e-01 | 50 -0.02540  1.63350e+00 | 51 -0.01414  2.57986e+00
 52 -0.00103  3.18764e+00 | 53 -0.00690  2.68808e+00 | 54 -0.01025  1.56343e+00
 55 -0.03497  9.47396e-01 | 56 -0.03004  9.17491e-01 | 57 -0.01829  1.30471e+00
 58  0.00301  1.85332e+00 | 59 -0.00770  1.64914e+00 | 60 -0.01178  7.12760e-01
 61 -0.01057  7.41567e-02 | 62 -0.00755  4.39103e-01 | 63 -0.00800  1.39974e+00
 64 -0.01159  2.34513e+00 | 65 -0.00833  2.29631e+00 | 66 -0.00049  6.30967e-03
 67 -0.00001 -1.07440e-02 | 68  0.00000  0.00000e+00 | 69 -0.73721 -2.59802e+01
 70  0.28687  4.78807e+00 | 71  0.06554  5.30965e+00 | 72  0.20089  1.12680e-01
 73  0.00000  1.35618e-14 | 74  0.08667  7.13534e-01 | 75  0.21369  7.44027e+00
 76  0.05401  4.23115e-01 | 77  0.17182  2.34040e+00 | 78  0.00782  3.86137e-05
 79 -0.17076 -2.37971e+00 | 80  0.16633  7.25126e+01 | 81  0.05437  4.83728e+01
 82  0.12985 -3.72415e+00 | 83  0.00000  3.00738e-10 | 84  0.04654  6.44589e+00
 85 -0.05161  1.63534e+01 | 86 -0.23400  9.90345e-05 | 87  0.10582 -2.15922e+01
 88  0.67840  1.53583e+00 | 89 -0.12544  2.48959e+00 | 90  0.12273  4.18238e+00
 91 -0.63371 -2.01791e+00 |
91 variables; iteration 40; function evaluation 50; phase 4
Function value 2.1579719e+02; maximum gradient component mag -4.7828e+01
Var    Value     Gradient |Var    Value     Gradient |Var    Value     Gradient
  1  0.08601 -4.78275e+01 |  2 -0.00794 -4.77474e+00 |  3 -0.01977  3.29304e+00
  4 -0.01355  2.61903e+00 |  5 -0.00933  2.10034e+00 |  6 -0.00981  1.27065e+00
  7 -0.00247  8.77185e-01 |  8  0.00524 -1.50970e-02 |  9  0.00430  8.62399e-01
 10  0.00545  5.16392e-01 | 11 -0.00417  1.69608e+00 | 12 -0.00909  2.79711e+00
 13 -0.01313  2.20295e+00 | 14 -0.01591  2.04727e+00 | 15 -0.01253  2.18778e+00
 16 -0.00423  1.29075e+00 | 17  0.00709 -5.72855e-01 | 18  0.00702 -1.61241e+00
 19  0.00385 -5.97132e-01 | 20 -0.01044  1.22721e+00 | 21 -0.01158  1.08470e+00
 22 -0.01043 -3.31814e-01 | 23 -0.02210 -9.98876e-01 | 24 -0.01548 -1.33834e+00
 25  0.01644 -1.62944e+00 | 26  0.01827 -1.03341e+00 | 27  0.01530 -4.83895e-01
 28  0.01816 -2.96897e-01 | 29  0.00633 -2.10926e-01 | 30  0.02140  5.96265e-02
 31  0.06755  4.46467e-02 | 32  0.02478  6.78812e-01 | 33  0.01601  1.20709e-02
 34  0.03088 -1.26417e+00 | 35  0.02143 -2.34658e+00 | 36  0.04581 -4.59242e+00
 37  0.01302 -3.32207e+00 | 38 -0.00645 -1.82481e+00 | 39 -0.00870 -1.20593e+00
 40 -0.00910 -1.42747e+00 | 41 -0.00109 -1.34684e+00 | 42  0.01075 -1.64037e+00
 43  0.01269 -1.02448e+00 | 44  0.00435 -6.91539e-01 | 45 -0.00100 -3.54629e-01
 46  0.00128 -2.18476e-01 | 47  0.01225 -7.97089e-01 | 48  0.00042 -2.73951e-01
 49 -0.02768 -2.27124e-01 | 50 -0.02583 -1.99449e-01 | 51 -0.01492  1.44532e-02
 52 -0.00152  9.92772e-01 | 53 -0.00689  1.49603e+00 | 54 -0.01034  8.96545e-01
 55 -0.03535  2.29539e-01 | 56 -0.02999  1.11028e+00 | 57 -0.01768  2.43377e+00
 58  0.00330  2.55041e+00 | 59 -0.00822  4.80579e-01 | 60 -0.01252 -1.04375e+00
 61 -0.01078 -8.84438e-01 | 62 -0.00716  4.13438e-01 | 63 -0.00747  1.23222e+00
 64 -0.01142  1.26193e+00 | 65 -0.00849  7.06239e-01 | 66 -0.00050  6.00125e-03
 67 -0.00002 -1.53705e-02 | 68  0.00000  0.00000e+00 | 69 -0.73655 -7.30054e+00
 70  0.28756 -1.12735e-01 | 71  0.06438  3.87130e+00 | 72  0.20105  1.44279e+01
 73  0.00000  1.35172e-14 | 74  0.08815  9.77677e-01 | 75  0.21985  1.41388e+00
 76  0.02147  3.65960e-03 | 77  0.17310  5.47474e+00 | 78  0.00780  3.84863e-05
 79 -0.17224 -6.62992e-01 | 80  0.16715  3.23557e+01 | 81  0.05279  2.32774e+01
 82  0.12993 -5.14343e-01 | 83  0.00000  2.99747e-10 | 84  0.04543 -4.90127e-01
 85 -0.05230  6.92976e+00 | 86 -0.23381  1.07378e-04 | 87  0.10605 -5.69867e+00
 88  0.68404  1.82110e+00 | 89 -0.12601  2.74406e+00 | 90  0.12269 -5.51436e-01
 91 -0.63325  4.34483e-01 |
91 variables; iteration 60; function evaluation 79; phase 4
Function value 2.1574178e+02; maximum gradient component mag 2.6188e+01
Var    Value     Gradient |Var    Value     Gradient |Var    Value     Gradient
  1  0.08590  1.48469e+00 |  2 -0.00950 -5.20614e+00 |  3 -0.02349 -4.34659e-01
  4 -0.01630 -3.20146e-01 |  5 -0.01123 -1.09301e-01 |  6 -0.01067  1.37600e-01
  7 -0.00301  7.86971e-02 |  8  0.00632  2.25843e-01 |  9  0.00402 -8.37142e-02
 10  0.00603 -3.11740e-01 | 11 -0.00468 -3.35338e-01 | 12 -0.01070 -3.84265e-01
 13 -0.01308 -2.31606e-01 | 14 -0.01616 -1.95804e-01 | 15 -0.01348 -2.38922e-01
 16 -0.00466 -4.91494e-02 | 17  0.00749 -2.21752e-01 | 18  0.00878  2.72525e-01
 19  0.00445 -5.17462e-02 | 20 -0.01108 -4.36687e-02 | 21 -0.01195 -2.87204e-02
 22 -0.00986  3.38066e-02 | 23 -0.02170 -1.03939e-01 | 24 -0.01543 -1.39830e-01
 25  0.01652  3.51117e-01 | 26  0.01858  3.79695e-01 | 27  0.01532  4.58732e-03
 28  0.01818  3.13591e-01 | 29  0.00627  3.31308e-01 | 30  0.02157  6.76808e-01
 31  0.06742  5.24411e-01 | 32  0.02413  3.45367e-01 | 33  0.01675  1.01484e+00
 34  0.03028  1.87625e-01 | 35  0.02163  4.03047e-01 | 36  0.04615  5.37408e-01
 37  0.01327  2.73182e-01 | 38 -0.00623  5.16998e-01 | 39 -0.00918 -5.69805e-04
 40 -0.00917 -1.80086e-01 | 41 -0.00090  1.56589e-01 | 42  0.01114 -4.81736e-02
 43  0.01236 -2.33106e-01 | 44  0.00410 -2.37954e-01 | 45 -0.00080  4.32175e-02
 46  0.00109 -6.26090e-02 | 47  0.01256 -3.84172e-02 | 48  0.00015 -1.38410e-01
 49 -0.02748 -6.75350e-04 | 50 -0.02563 -1.11482e-01 | 51 -0.01478 -3.32747e-01
 52 -0.00167 -1.56111e-01 | 53 -0.00729 -2.20276e-02 | 54 -0.01047 -1.81564e-01
 55 -0.03507 -3.44396e-01 | 56 -0.02983 -4.80073e-02 | 57 -0.01841 -2.45731e-01
 58  0.00249 -3.44965e-01 | 59 -0.00821 -4.38851e-01 | 60 -0.01185 -2.68449e-01
 61 -0.01004  1.00274e-01 | 62 -0.00726 -2.86972e-04 | 63 -0.00806 -2.70353e-01
 64 -0.01208 -3.47905e-01 | 65 -0.00873 -3.38458e-01 | 66 -0.00052 -1.43838e-02
 67  0.00001  8.78276e-03 | 68  0.00000  0.00000e+00 | 69 -0.73454 -4.83710e+00
 70  0.29083  4.49385e+00 | 71  0.05994  4.24436e+00 | 72  0.20145  1.15113e+00
 73  0.00000  1.33664e-14 | 74  0.08573  1.74281e-02 | 75  0.21842  2.86619e+00
 76  0.03706  3.62658e-02 | 77  0.17209 -4.57987e+00 | 78  0.00771  3.80572e-05
 79 -0.17199 -5.42498e-01 | 80  0.16910  2.61876e+01 | 81  0.04926  1.64451e+01
 82  0.13052 -2.67829e+00 | 83  0.00000  2.96405e-10 | 84  0.04578  6.31461e-01
 85 -0.05114 -7.44757e-01 | 86 -0.23317 -2.96987e-04 | 87  0.10674  9.33949e-01
 88  0.67293 -1.01354e-01 | 89 -0.12462 -1.88980e-01 | 90  0.12287 -2.23282e-01
 91 -0.63349 -2.35400e-01 |
91 variables; iteration 80; function evaluation 113; phase 4
Function value 2.1570458e+02; maximum gradient component mag 4.3018e+01
Var    Value     Gradient |Var    Value     Gradient |Var    Value     Gradient
  1  0.08551  4.30184e+01 |  2 -0.01026  1.55934e+01 |  3 -0.02378 -2.79691e-01
  4 -0.01658 -8.95738e-02 |  5 -0.01198 -2.36240e-01 |  6 -0.01119  2.71951e-01
  7 -0.00375  1.06305e-01 |  8  0.00573  3.76787e-01 |  9  0.00338  8.78068e-03
 10  0.00601  1.21542e-01 | 11 -0.00453  2.23000e-03 | 12 -0.01057 -2.13150e-01
 13 -0.01321 -1.73403e-01 | 14 -0.01654 -2.97807e-01 | 15 -0.01374 -1.98427e-01
 16 -0.00575 -5.98878e-01 | 17  0.00798  3.55953e-01 | 18  0.00844  1.59375e-01
 19  0.00455  3.96969e-02 | 20 -0.01105 -9.02911e-03 | 21 -0.01207 -2.07779e-01
 22 -0.00985  7.86931e-02 | 23 -0.02180  9.58608e-02 | 24 -0.01554 -4.52206e-03
 25  0.01680  3.28220e-01 | 26  0.01870  3.39628e-02 | 27  0.01602  2.44567e-01
 28  0.01839  1.94209e-01 | 29  0.00599 -2.47768e-01 | 30  0.02129  1.63785e-01
 31  0.06803  2.09121e-01 | 32  0.02454  1.28773e-01 | 33  0.01564 -1.28073e-01
 34  0.03119  5.54482e-01 | 35  0.02104  2.44774e-01 | 36  0.04631  7.92156e-01
 37  0.01341  4.16243e-01 | 38 -0.00679  1.29797e-02 | 39 -0.00867  4.02484e-01
 40 -0.00850  3.21103e-01 | 41 -0.00101 -8.14764e-02 | 42  0.01153  2.23068e-01
 43  0.01216 -5.24148e-03 | 44  0.00432  1.27454e-01 | 45 -0.00098 -1.57166e-01
 46  0.00132  2.06167e-02 | 47  0.01271  1.64243e-01 | 48  0.00022  6.85118e-02
 49 -0.02765 -8.18540e-02 | 50 -0.02558 -9.54450e-02 | 51 -0.01465 -3.24548e-01
 52 -0.00153 -4.77556e-02 | 53 -0.00769 -1.11664e-01 | 54 -0.01074 -1.56457e-01
 55 -0.03499 -1.40255e-01 | 56 -0.02975 -8.04372e-02 | 57 -0.01869 -5.21485e-01
 58  0.00239 -3.46612e-01 | 59 -0.00829 -3.51908e-01 | 60 -0.01166 -4.69198e-02
 61 -0.01022 -1.36720e-01 | 62 -0.00726 -7.01979e-02 | 63 -0.00745  4.01650e-01
 64 -0.01222 -2.09018e-01 | 65 -0.00894 -3.21638e-01 | 66 -0.00048  1.60148e-02
 67 -0.00002 -1.34027e-02 | 68  0.00000  0.00000e+00 | 69 -0.73123  1.46023e+01
 70  0.29782  2.91449e+00 | 71  0.04565  1.45596e+00 | 72  0.20241 -2.48426e+00
 73  0.00000  1.19980e-14 | 74  0.08589 -6.73426e-02 | 75  0.22183 -7.14133e+00
 76  0.01331  5.31162e-03 | 77  0.17259  8.90234e+00 | 78  0.00692  3.41585e-05
 79 -0.17191  1.54280e+00 | 80  0.17392  1.24380e+01 | 81  0.03832  5.64953e+00
 82  0.13203 -1.75128e+00 | 83  0.00000  2.66044e-10 | 84  0.04590  8.46194e-01
 85 -0.05052 -6.22592e-01 | 86 -0.22782 -1.37685e-04 | 87  0.10686  3.48703e-01
 88  0.67091 -1.20869e-01 | 89 -0.12351 -1.50676e-01 | 90  0.12411  3.43671e-01
 91 -0.63257 -2.40091e-02 |
91 variables; iteration 100; function evaluation 149; phase 4
Function value 2.1568736e+02; maximum gradient component mag -9.2567e+00
Var    Value     Gradient |Var    Value     Gradient |Var    Value     Gradient
  1  0.08538 -9.25675e+00 |  2 -0.00953 -4.44752e+00 |  3 -0.02335  2.38422e-01
  4 -0.01653  1.04505e-01 |  5 -0.01178  1.15011e-01 |  6 -0.01166  3.48524e-02
  7 -0.00418 -1.05988e-01 |  8  0.00499 -4.63823e-02 |  9  0.00344  2.00787e-01
 10  0.00565 -3.76082e-02 | 11 -0.00453  9.57718e-02 | 12 -0.01016  2.94455e-01
 13 -0.01331  1.59103e-01 | 14 -0.01666  4.60802e-02 | 15 -0.01389  1.51485e-01
 16 -0.00519  2.21340e-01 | 17  0.00728 -8.70744e-02 | 18  0.00828 -1.33778e-01
 19  0.00454 -9.51309e-02 | 20 -0.01095  1.01959e-01 | 21 -0.01196 -7.38743e-03
 22 -0.01005  1.98376e-02 | 23 -0.02207 -1.20618e-01 | 24 -0.01531  3.75896e-02
 25  0.01661 -1.97929e-01 | 26  0.01906 -1.00775e-01 | 27  0.01598 -6.27125e-02
 28  0.01826 -1.13313e-01 | 29  0.00652  5.59972e-02 | 30  0.02093 -1.03762e-01
 31  0.06827 -1.90973e-02 | 32  0.02437 -6.70448e-02 | 33  0.01624  2.66723e-02
 34  0.03060 -2.43418e-01 | 35  0.02146 -6.46402e-02 | 36  0.04596 -2.90946e-01
 37  0.01340 -1.73598e-01 | 38 -0.00632  6.91806e-03 | 39 -0.00880 -8.68903e-02
 40 -0.00860 -6.75707e-02 | 41 -0.00064  2.29170e-02 | 42  0.01139  3.36893e-02
 43  0.01227  5.83561e-02 | 44  0.00406 -5.11410e-02 | 45 -0.00061  1.40490e-01
 46  0.00137  1.35845e-02 | 47  0.01257 -7.42781e-02 | 48  0.00028  4.62814e-02
 49 -0.02770 -2.28886e-02 | 50 -0.02563  6.66780e-02 | 51 -0.01431  1.80773e-01
 52 -0.00181 -8.16831e-02 | 53 -0.00758  2.42809e-01 | 54 -0.01094 -5.39511e-02
 55 -0.03502  3.46954e-02 | 56 -0.02985  7.94375e-02 | 57 -0.01842  1.78656e-01
 58  0.00229  1.65780e-01 | 59 -0.00819  1.43160e-01 | 60 -0.01184  6.37150e-04
 61 -0.01010 -5.14940e-02 | 62 -0.00709 -1.15894e-01 | 63 -0.00804 -1.89614e-01
 64 -0.01222 -5.74662e-02 | 65 -0.00873  8.97267e-02 | 66 -0.00042  7.34029e-02
 67 -0.00051 -3.87861e-01 | 68  0.00000  0.00000e+00 | 69 -0.73200 -4.30460e+00
 70  0.30177  2.38362e-01 | 71  0.02870  1.55445e-01 | 72  0.20308  4.77786e-01
 73  0.00000  8.53622e-15 | 74  0.08613  1.20162e-01 | 75  0.22146  2.00076e+00
 76 -0.01762  6.80906e-04 | 77  0.17250 -2.27845e+00 | 78  0.00492  2.42998e-05
 79 -0.17159 -4.52728e-01 | 80  0.17750  3.84292e+00 | 81  0.02614  1.25983e+00
 82  0.13326 -6.13300e-01 | 83  0.00000  1.89267e-10 | 84  0.04556  1.85443e-01
 85 -0.05023  4.43125e-01 | 86 -0.21848  3.27949e-04 | 87  0.10694 -3.02144e-01
 88  0.67099  8.34921e-02 | 89 -0.12324  1.23899e-01 | 90  0.12434 -1.56578e-01
 91 -0.63257 -6.00279e-02 |
91 variables; iteration 120; function evaluation 169; phase 4
Function value 2.1568264e+02; maximum gradient component mag -5.1730e-02
Var    Value     Gradient |Var    Value     Gradient |Var    Value     Gradient
  1  0.08524 -5.17304e-02 |  2 -0.00979 -2.16685e-02 |  3 -0.02375 -1.40863e-04
  4 -0.01680 -1.09060e-04 |  5 -0.01210 -4.34208e-05 |  6 -0.01194 -1.04843e-04
  7 -0.00434 -8.04134e-05 |  8  0.00480 -1.19596e-04 |  9  0.00301  7.75253e-05
 10  0.00570  1.45848e-04 | 11 -0.00451  2.49445e-04 | 12 -0.01032  1.61558e-04
 13 -0.01339  2.29669e-04 | 14 -0.01669 -2.50040e-05 | 15 -0.01409 -6.26310e-05
 16 -0.00553  3.06644e-04 | 17  0.00732  7.72656e-04 | 18  0.00835  9.07139e-04
 19  0.00462  4.63240e-04 | 20 -0.01106 -5.09680e-05 | 21 -0.01190 -1.49905e-04
 22 -0.01010  1.41287e-04 | 23 -0.02206  5.86628e-04 | 24 -0.01549  7.34943e-04
 25  0.01677  5.67437e-04 | 26  0.01922  2.47264e-04 | 27  0.01609  3.28592e-04
 28  0.01838  6.89002e-04 | 29  0.00640  7.61785e-04 | 30  0.02102  5.25123e-04
 31  0.06835  3.23773e-04 | 32  0.02449  5.01602e-05 | 33  0.01614  1.77523e-04
 34  0.03078  1.55526e-04 | 35  0.02123  2.40771e-04 | 36  0.04603 -9.22008e-06
 37  0.01343 -2.40548e-04 | 38 -0.00639 -3.50039e-04 | 39 -0.00870 -7.15315e-04
 40 -0.00846 -9.43737e-04 | 41 -0.00055 -8.59596e-04 | 42  0.01147 -8.97298e-04
 43  0.01216 -7.30554e-04 | 44  0.00414 -6.70253e-04 | 45 -0.00067 -5.02031e-04
 46  0.00145 -3.37584e-04 | 47  0.01267 -2.13685e-04 | 48  0.00022  9.20484e-06
 49 -0.02766 -1.30737e-05 | 50 -0.02561 -1.15630e-04 | 51 -0.01437 -6.44747e-05
 52 -0.00161  1.96435e-05 | 53 -0.00790  2.25832e-04 | 54 -0.01093  2.25145e-04
 55 -0.03506  1.83094e-04 | 56 -0.02983  9.56145e-05 | 57 -0.01851 -4.48186e-06
 58  0.00223 -8.37015e-05 | 59 -0.00828 -6.72155e-05 | 60 -0.01183 -3.02075e-05
 61 -0.01007 -8.03884e-05 | 62 -0.00700 -5.64916e-05 | 63 -0.00792 -5.80537e-05
 64 -0.01226  1.58867e-04 | 65 -0.00891  2.68753e-04 | 66 -0.00051  1.84775e-05
 67 -0.00000 -4.57710e-05 | 68  0.00000  0.00000e+00 | 69 -0.73081 -1.95510e-02
 70  0.30461  6.67271e-03 | 71 -0.00436  6.83397e-03 | 72  0.20347  2.15496e-03
 73 -0.00000 -1.29088e-15 | 74  0.08601 -6.95549e-05 | 75  0.22261  9.63534e-03
 76 -0.10987 -4.83004e-04 | 77  0.17263 -1.54678e-02 | 78 -0.00075 -3.68194e-06
 79 -0.17158 -2.14525e-03 | 80  0.18074 -1.50514e-02 | 81  0.00577 -1.02339e-02
 82  0.13431  1.53320e-03 | 83 -0.00000 -2.86692e-11 | 84  0.04546  3.04294e-04
 85 -0.04996 -6.43066e-04 | 86 -0.22615 -4.86261e-05 | 87  0.10702 -1.12598e-04
 88  0.66984 -1.63846e-04 | 89 -0.12278 -4.04213e-04 | 90  0.12481 -8.48741e-05
 91 -0.63225 -2.56201e-05 |
91 variables; iteration 140; function evaluation 189; phase 4
Function value 2.1568259e+02; maximum gradient component mag 2.1979e-01
Var    Value     Gradient |Var    Value     Gradient |Var    Value     Gradient
  1  0.08524  2.19793e-01 |  2 -0.00979  1.41064e-01 |  3 -0.02375  1.87741e-03
  4 -0.01681  8.58984e-04 |  5 -0.01210  2.70451e-04 |  6 -0.01195 -1.13148e-03
  7 -0.00434  2.75419e-05 |  8  0.00480 -3.79459e-04 |  9  0.00300  2.94161e-04
 10  0.00570  4.74903e-04 | 11 -0.00451  1.49571e-04 | 12 -0.01032  4.65973e-04
 13 -0.01339  1.04984e-03 | 14 -0.01670  1.55361e-03 | 15 -0.01410  1.79035e-03
 16 -0.00553  2.23555e-03 | 17  0.00732 -7.05786e-04 | 18  0.00835 -1.70377e-04
 19  0.00462  1.26181e-03 | 20 -0.01106  3.42531e-04 | 21 -0.01190 -3.24571e-04
 22 -0.01010  3.66873e-04 | 23 -0.02206  4.24288e-04 | 24 -0.01549  7.82905e-04
 25  0.01678  1.31774e-04 | 26  0.01922  6.01366e-04 | 27  0.01609  3.57465e-04
 28  0.01838  6.04889e-04 | 29  0.00640  1.12434e-03 | 30  0.02102  1.10016e-03
 31  0.06835  8.94977e-04 | 32  0.02449  6.55383e-06 | 33  0.01614  4.86738e-04
 34  0.03078 -2.81956e-04 | 35  0.02123 -3.71722e-04 | 36  0.04603 -2.12552e-03
 37  0.01343 -1.23247e-03 | 38 -0.00639 -1.65675e-03 | 39 -0.00870 -2.33922e-03
 40 -0.00846 -2.47539e-03 | 41 -0.00055 -2.61759e-03 | 42  0.01147 -3.64739e-03
 43  0.01216 -3.27847e-03 | 44  0.00414 -1.83057e-03 | 45 -0.00067 -8.49394e-04
 46  0.00145 -1.19521e-03 | 47  0.01267 -1.31739e-03 | 48  0.00022 -7.39433e-04
 49 -0.02766  4.38717e-04 | 50 -0.02561  1.79408e-04 | 51 -0.01437  5.57102e-04
 52 -0.00161  1.33657e-04 | 53 -0.00790  1.21428e-03 | 54 -0.01094 -1.94017e-04
 55 -0.03506  9.62596e-04 | 56 -0.02983  6.11313e-04 | 57 -0.01851  1.30379e-03
 58  0.00222  7.24332e-04 | 59 -0.00828  1.00924e-03 | 60 -0.01183 -2.80444e-05
 61 -0.01007  6.40340e-04 | 62 -0.00700 -2.19255e-04 | 63 -0.00792  3.37159e-04
 64 -0.01226  2.70761e-04 | 65 -0.00891  1.13561e-03 | 66 -0.00051  2.27550e-04
 67 -0.00000 -7.64159e-04 | 68  0.00000  0.00000e+00 | 69 -0.73078  1.28018e-01
 70  0.30470 -6.37552e-03 | 71 -0.01239  3.43200e-03 | 72  0.20348  1.84448e-02
 73  0.00000  6.99238e-14 | 74  0.08601  1.83146e-04 | 75  0.22266 -6.89938e-02
 76 -0.04019  2.04187e-04 | 77  0.17264  9.98981e-02 | 78  0.04039  1.99611e-04
 79 -0.17159  1.39228e-02 | 80  0.18073 -2.50414e-02 | 81  0.00586 -9.53210e-03
 82  0.13431  8.98498e-03 | 83  0.00000  1.55259e-09 | 84  0.04546 -1.77873e-03
 85 -0.04995  1.49715e-03 | 86 -0.22500 -3.19911e-06 | 87  0.10702 -1.12834e-03
 88  0.66983  2.59037e-04 | 89 -0.12277 -1.88001e-04 | 90  0.12482 -3.65624e-05
 91 -0.63224  4.60753e-04 |
91 variables; iteration 160; function evaluation 209; phase 4
Function value 2.1568258e+02; maximum gradient component mag -7.0626e-01
Var    Value     Gradient |Var    Value     Gradient |Var    Value     Gradient
  1  0.08524 -7.06257e-01 |  2 -0.00978 -2.10906e-01 |  3 -0.02374  4.74786e-03
  4 -0.01681  1.58622e-03 |  5 -0.01210  5.29850e-03 |  6 -0.01195  2.85247e-04
  7 -0.00435 -4.07538e-03 |  8  0.00479 -3.76517e-03 |  9  0.00300  1.71580e-03
 10  0.00569 -4.29460e-03 | 11 -0.00451  5.23130e-03 | 12 -0.01032  5.01233e-03
 13 -0.01339  9.78799e-03 | 14 -0.01670  5.22153e-03 | 15 -0.01410  7.62132e-03
 16 -0.00553  8.81522e-03 | 17  0.00732  2.43462e-03 | 18  0.00835 -1.09398e-03
 19  0.00462 -3.98992e-03 | 20 -0.01106  5.68802e-03 | 21 -0.01190  6.08755e-03
 22 -0.01010 -1.80365e-04 | 23 -0.02207 -2.38696e-03 | 24 -0.01549  1.18758e-03
 25  0.01677 -9.45379e-03 | 26  0.01922 -7.76479e-03 | 27  0.01609 -4.83170e-03
 28  0.01838 -7.02504e-03 | 29  0.00640 -7.32676e-04 | 30  0.02102 -7.54846e-03
 31  0.06836 -8.63255e-03 | 32  0.02449 -5.02718e-03 | 33  0.01614 -2.88862e-03
 34  0.03077 -1.38056e-02 | 35  0.02124 -5.99682e-03 | 36  0.04603 -1.83702e-02
 37  0.01343 -1.25448e-02 | 38 -0.00639 -1.43176e-03 | 39 -0.00870 -5.59622e-03
 40 -0.00846 -8.09897e-03 | 41 -0.00054 -1.39648e-03 | 42  0.01147 -2.28437e-03
 43  0.01216  1.17758e-03 | 44  0.00414 -1.71463e-03 | 45 -0.00067  1.74474e-03
 46  0.00145  7.17218e-04 | 47  0.01267 -4.64090e-03 | 48  0.00022  8.51613e-04
 49 -0.02766 -6.90987e-04 | 50 -0.02561  4.54013e-03 | 51 -0.01437  4.58073e-03
 52 -0.00161  8.72010e-04 | 53 -0.00790  4.41357e-03 | 54 -0.01094  3.14021e-03
 55 -0.03506  1.69099e-03 | 56 -0.02982  6.23835e-03 | 57 -0.01851  7.97447e-03
 58  0.00223  1.04011e-02 | 59 -0.00828  7.16486e-03 | 60 -0.01183  6.25931e-03
 61 -0.01007  6.59141e-04 | 62 -0.00699  2.97838e-03 | 63 -0.00792 -2.68071e-03
 64 -0.01226  3.87293e-03 | 65 -0.00890  1.11853e-02 | 66 -0.00051  6.19520e-04
 67 -0.00000 -2.51127e-03 | 68  0.00000  0.00000e+00 | 69 -0.73080 -2.04429e-01
 70  0.30478  6.81380e-03 | 71 -0.01793  2.30598e-03 | 72  0.20350  2.36628e-02
 73  0.00000  7.69319e-14 | 74  0.08599  1.98952e-03 | 75  0.22264  9.11516e-02
 76 -0.04532  1.34664e-04 | 77  0.17264 -1.03412e-01 | 78  0.04699  2.32327e-04
 79 -0.17158 -2.18056e-02 | 80  0.18068 -4.48090e-02 | 81  0.00631 -7.45007e-03
 82  0.13429  2.80987e-02 | 83  0.00000  1.70817e-09 | 84  0.04547 -1.33202e-02
 85 -0.04995  1.11267e-02 | 86 -0.22574 -3.18881e-05 | 87  0.10702 -6.55514e-03
 88  0.66983  2.70624e-03 | 89 -0.12277  2.88440e-03 | 90  0.12482 -1.01284e-02
 91 -0.63225 -1.45065e-03 |

 - final statistics:
91 variables; iteration 173; function evaluation 222
Function value 2.1568e+02; maximum gradient component mag 6.8040e-05
Exit code = 1;  converg criter 1.0000e-04
Var    Value     Gradient |Var    Value     Gradient |Var    Value     Gradient
  1  0.08524  6.80403e-05 |  2 -0.00979  2.27747e-05 |  3 -0.02375 -3.19337e-07
  4 -0.01681 -7.26125e-08 |  5 -0.01210 -3.57234e-07 |  6 -0.01195 -4.18470e-08
  7 -0.00435  3.08659e-07 |  8  0.00479  2.66098e-07 |  9  0.00300 -1.02262e-07
 10  0.00570  3.58386e-07 | 11 -0.00451 -3.38546e-07 | 12 -0.01032 -2.99140e-07
 13 -0.01339 -6.89728e-07 | 14 -0.01670 -3.79328e-07 | 15 -0.01410 -5.70258e-07
 16 -0.00554 -6.38298e-07 | 17  0.00732 -2.18848e-07 | 18  0.00835  5.56735e-08
 19  0.00462  2.63415e-07 | 20 -0.01106 -4.49514e-07 | 21 -0.01190 -4.32441e-07
 22 -0.01010  2.31597e-08 | 23 -0.02207  1.73675e-07 | 24 -0.01549 -8.03804e-08
 25  0.01678  6.95187e-07 | 26  0.01922  5.83725e-07 | 27  0.01609  3.52003e-07
 28  0.01838  5.21810e-07 | 29  0.00640  3.72637e-08 | 30  0.02102  5.49803e-07
 31  0.06836  6.47660e-07 | 32  0.02449  3.76861e-07 | 33  0.01614  2.12169e-07
 34  0.03078  1.01290e-06 | 35  0.02123  4.46070e-07 | 36  0.04603  1.37200e-06
 37  0.01343  9.66514e-07 | 38 -0.00639  1.42538e-07 | 39 -0.00869  4.24410e-07
 40 -0.00846  5.92490e-07 | 41 -0.00054  1.09095e-07 | 42  0.01148  1.72459e-07
 43  0.01216 -6.56684e-08 | 44  0.00414  1.60198e-07 | 45 -0.00067 -1.39054e-07
 46  0.00145 -5.19433e-08 | 47  0.01267  3.34892e-07 | 48  0.00022 -7.32012e-08
 49 -0.02766  5.32957e-08 | 50 -0.02561 -3.47930e-07 | 51 -0.01437 -3.48544e-07
 52 -0.00161 -7.84282e-08 | 53 -0.00790 -3.44463e-07 | 54 -0.01094 -2.57392e-07
 55 -0.03506 -1.55323e-07 | 56 -0.02983 -4.74644e-07 | 57 -0.01851 -5.80586e-07
 58  0.00222 -7.52925e-07 | 59 -0.00828 -5.18265e-07 | 60 -0.01183 -4.66758e-07
 61 -0.01007 -6.11911e-08 | 62 -0.00699 -2.58691e-07 | 63 -0.00791  1.73458e-07
 64 -0.01226 -3.28796e-07 | 65 -0.00891 -8.46217e-07 | 66 -0.00051 -4.12117e-08
 67 -0.00000  1.99162e-07 | 68  0.00000  0.00000e+00 | 69 -0.73077  2.15999e-05
 70  0.30484  1.18702e-06 | 71 -0.05751  3.96808e-09 | 72  0.20351 -3.41218e-06
 73 -0.00000 -2.70005e-14 | 74  0.08598 -9.21292e-08 | 75  0.22267 -1.01824e-05
 76 -0.05608 -9.12377e-09 | 77  0.17264  1.24525e-05 | 78 -0.00000 -6.52431e-09
 79 -0.17158  2.28111e-06 | 80  0.18064  1.95077e-06 | 81  0.00681  2.55715e-07
 82  0.13427 -2.01179e-06 | 83 -0.00000 -5.99662e-10 | 84  0.04548  7.38832e-07
 85 -0.04995 -6.49527e-07 | 86 -0.22492 -1.98699e-09 | 87  0.10702  3.19732e-07
 88  0.66981 -1.64411e-07 | 89 -0.12276 -1.35910e-07 | 90  0.12483  7.69644e-07
 91 -0.63224  9.74215e-08 |
size of file gradfil1.tmp = 0
size of file gradfil2.tmp = 0
size of file varssave.tmp = 0
size of file cmpdiff.tmp = 0
