
Initial statistics: 6 variables; iteration 0; function evaluation 0; phase 1
Function value 7.3461651e+06; maximum gradient component mag -5.2587e+06
Var    Value     Gradient |Var    Value     Gradient |Var    Value     Gradient
  1  0.05168 -5.25872e+06 |  2 -0.01278 -5.22634e+05 |  3  0.00000  3.84526e+00
  4  0.00000  1.68298e-02 |  5  0.00000  0.00000e+00 |  6 -0.76499 -6.38311e+04

Intermediate statistics: 6 variables; iteration 20; function evaluation 47; phase 1
Function value 3.4768382e+02; maximum gradient component mag -1.5385e+03
Var    Value     Gradient |Var    Value     Gradient |Var    Value     Gradient
  1  0.71162  2.92742e+02 |  2 -1.81702 -1.52032e+02 |  3  0.00316  2.78514e+00
  4 -0.00356 -2.69142e+00 |  5  0.00000  0.00000e+00 |  6 -1.01079 -1.53847e+03
6 variables; iteration 40; function evaluation 68; phase 1
Function value 3.4395256e+02; maximum gradient component mag 6.6231e+02
Var    Value     Gradient |Var    Value     Gradient |Var    Value     Gradient
  1  0.61258 -1.09952e+02 |  2 -1.98607  1.14184e+02 |  3 -0.00060 -7.49858e-02
  4  0.00010  7.38490e-02 |  5  0.00000  0.00000e+00 |  6 -1.00147  6.62310e+02
6 variables; iteration 60; function evaluation 99; phase 1
Function value 3.1415290e+02; maximum gradient component mag 4.2232e+03
Var    Value     Gradient |Var    Value     Gradient |Var    Value     Gradient
  1  0.32797 -7.88015e+02 |  2 -2.15901  3.00957e+02 |  3  0.03002  2.32562e+01
  4 -0.03060 -2.30896e+01 |  5  0.00000  0.00000e+00 |  6 -1.03110  4.22318e+03
Maximum number of function evaluations exceeded

 - final statistics:
6 variables; iteration 61; function evaluation 100
Function value 3.1415e+02; maximum gradient component mag 4.2232e+03
Exit code = 3;  converg criter 1.0000e+01
Var    Value     Gradient |Var    Value     Gradient |Var    Value     Gradient
  1  0.32157 -7.88015e+02 |  2 -2.11698  3.00957e+02 |  3 -0.01695  2.32562e+01
  4  0.01674 -2.30896e+01 |  5  0.00000  0.00000e+00 |  6 -1.03828  4.22318e+03

Initial statistics: 60 variables; iteration 0; function evaluation 0; phase 2
Function value 3.1300387e+02; maximum gradient component mag -2.0928e+04
Var    Value     Gradient |Var    Value     Gradient |Var    Value     Gradient
  1  0.32157 -5.87992e+03 |  2  0.11698 -3.20781e+03 |  3  0.00000  2.55815e+01
  4  0.00000  1.62155e+01 |  5  0.00000  7.04203e-01 |  6  0.00000 -1.28347e+01
  7  0.00000 -1.92384e+01 |  8  0.00000 -7.79088e+00 |  9  0.00000  9.74415e+00
 10  0.00000  3.86896e+01 | 11  0.00000  5.82607e+01 | 12  0.00000  6.62055e+01
 13  0.00000  7.46905e+01 | 14  0.00000  6.53402e+01 | 15  0.00000  4.13612e+01
 16  0.00000  2.74869e+01 | 17  0.00000  4.43157e+00 | 18  0.00000 -3.98480e+01
 19  0.00000 -8.55139e+01 | 20  0.00000 -1.41982e+02 | 21  0.00000 -1.89345e+02
 22  0.00000 -1.81493e+02 | 23  0.00000 -1.73246e+02 | 24  0.00000 -1.82505e+02
 25  0.00000 -1.71755e+02 | 26  0.00000 -1.57436e+02 | 27  0.00000 -9.01906e+01
 28  0.00000 -9.04000e+00 | 29  0.00000  5.52802e+01 | 30  0.00000  9.06818e+01
 31  0.00000  8.95690e+01 | 32  0.00000  5.78018e+01 | 33  0.00000  1.93598e+01
 34  0.00000  3.59892e+00 | 35  0.00000  4.71423e+00 | 36  0.00000  5.42645e+00
 37  0.00000  9.67508e-01 | 38  0.00000  2.17999e+01 | 39  0.00000  7.16084e+01
 40  0.00000  8.39333e+01 | 41  0.00000  6.97305e+01 | 42  0.00000  4.31389e+01
 43  0.00000  3.09686e+01 | 44  0.00000  3.34898e+01 | 45  0.00000  7.54245e+01
 46  0.00000  7.76689e+01 | 47  0.00000  5.04438e+01 | 48  0.00000  1.77065e+01
 49  0.00000  1.91152e+01 | 50  0.00000  2.83845e+01 | 51  0.00000  3.15876e+01
 52  0.00000  2.65374e+01 | 53  0.00000  1.41872e+01 | 54  0.00000  7.12406e+00
 55  0.00000  3.25798e+00 | 56 -0.01695 -1.24923e+01 | 57  0.01674  1.26448e+01
 58  0.00000  0.00000e+00 | 59 -0.96172 -2.09277e+04 | 60  0.09974  1.22830e+02

Intermediate statistics: 60 variables; iteration 20; function evaluation 30; phase 2
Function value 2.6688718e+02; maximum gradient component mag -4.2495e+03
Var    Value     Gradient |Var    Value     Gradient |Var    Value     Gradient
  1  0.35597 -1.08919e+03 |  2  0.03780 -6.25065e+02 |  3 -0.01668 -9.45097e-01
  4 -0.01044 -2.73567e+00 |  5 -0.00024 -5.31202e+00 |  6  0.00884 -7.24743e+00
  7  0.01585 -7.43596e+00 |  8  0.00922 -3.51920e+00 |  9  0.00767  1.75142e+00
 10 -0.00326  6.36995e+00 | 11 -0.00615  1.01007e+01 | 12 -0.00264  1.42200e+01
 13 -0.00868  1.49621e+01 | 14 -0.00758  1.05326e+01 | 15  0.00050  6.58983e-01
 16 -0.00794 -8.58201e+00 | 17 -0.00696 -1.02883e+01 | 18 -0.00646 -2.05639e+01
 19 -0.00127 -1.74390e+01 | 20  0.01384 -1.47587e+01 | 21  0.06100 -1.29178e+01
 22  0.00268 -2.00828e+01 | 23  0.01561 -9.54989e+00 | 24  0.02576 -1.62796e+01
 25  0.01378 -1.71747e+01 | 26  0.05293 -8.60480e+00 | 27  0.00915 -9.25611e+00
 28 -0.01848 -1.14990e+01 | 29 -0.01872  5.32810e-01 | 30 -0.02582  1.59632e+00
 31 -0.02156  4.51523e+00 | 32 -0.00743  7.55355e+00 | 33  0.01130  8.98859e+00
 34  0.00956  6.71483e+00 | 35 -0.00006  4.18397e+00 | 36 -0.00213  4.11177e+00
 37  0.01178  8.39230e+00 | 38  0.00772  1.20318e+01 | 39 -0.01826  1.27365e+01
 40 -0.01811  1.33342e+01 | 41 -0.01124  1.12627e+01 | 42  0.00185  7.03742e+00
 43  0.00349  2.48681e-02 | 44  0.00601 -2.86755e+00 | 45 -0.02368 -9.93941e-01
 46 -0.02207  2.63391e+00 | 47 -0.00890  4.93646e+00 | 48  0.01621  9.13331e+00
 49  0.00392  6.98604e+00 | 50 -0.00547  4.18817e+00 | 51 -0.00841  1.79727e+00
 52 -0.00900 -7.19262e-01 | 53 -0.00408 -1.17429e+00 | 54 -0.00429 -1.01906e+00
 55 -0.00294 -4.80210e-01 | 56  0.00048  7.69781e-01 | 57 -0.00083 -6.27395e-01
 58  0.00000  0.00000e+00 | 59 -0.95742 -4.24954e+03 | 60  0.09091  3.52117e+01
60 variables; iteration 40; function evaluation 60; phase 2
Function value 2.6196810e+02; maximum gradient component mag -4.0920e+03
Var    Value     Gradient |Var    Value     Gradient |Var    Value     Gradient
  1  0.34079 -1.23646e+03 |  2  0.02907 -7.14129e+02 |  3 -0.01592  1.07674e-01
  4 -0.00952 -7.81954e-01 |  5  0.00140 -1.77508e+00 |  6  0.00723 -4.71629e+00
  7  0.02078 -4.91831e-01 |  8  0.01088 -1.41778e+00 |  9  0.00932 -1.34409e+00
 10 -0.00792 -6.28279e+00 | 11 -0.01456 -8.52739e+00 | 12 -0.00506  4.74914e-01
 13 -0.00491  9.84876e+00 | 14 -0.01273 -8.17704e-01 | 15 -0.00390 -5.99740e+00
 16 -0.00656 -2.83178e+00 | 17 -0.00465  4.51695e+00 | 18  0.00293  4.51964e+00
 19  0.00266  3.06124e+00 | 20  0.02207  6.19453e+00 | 21  0.04662  1.50291e+00
 22  0.02148  6.48943e+00 | 23  0.01526  8.94544e+00 | 24  0.02768  5.84747e+00
 25  0.02442  5.43027e+00 | 26  0.04852  6.46310e+00 | 27  0.00930 -1.45683e+00
 28 -0.01023 -9.01802e-01 | 29 -0.02212 -3.21781e+00 | 30 -0.02959 -6.33167e+00
 31 -0.02678 -6.70064e+00 | 32 -0.00579  1.87324e+00 | 33  0.00983 -1.54702e-01
 34  0.00737 -1.99854e+00 | 35  0.00148 -4.25916e-01 | 36 -0.00255 -3.09763e+00
 37  0.00961 -4.51329e+00 | 38  0.00341 -4.92536e+00 | 39 -0.02210 -1.25968e+00
 40 -0.02107  1.43794e+00 | 41 -0.01286  2.12810e+00 | 42  0.00014 -6.94039e-01
 43  0.00309 -3.93471e+00 | 44  0.00678 -4.21925e+00 | 45 -0.02469 -3.25906e+00
 46 -0.02096  8.71171e-01 | 47 -0.00922 -1.69053e+00 | 48  0.00939 -5.83627e+00
 49 -0.00137 -2.51448e+00 | 50 -0.00220  8.33947e+00 | 51 -0.00315  1.13425e+01
 52 -0.00955  3.30780e+00 | 53 -0.00366  2.01088e+00 | 54 -0.00454 -2.87128e-01
 55 -0.00339 -6.74999e-01 | 56 -0.00023  2.35559e-01 | 57 -0.00131 -9.88273e-01
 58  0.00000  0.00000e+00 | 59 -0.95071 -4.09196e+03 | 60  0.08560 -2.02982e+01
60 variables; iteration 60; function evaluation 99; phase 2
Function value 2.5236811e+02; maximum gradient component mag -3.5275e+03
Var    Value     Gradient |Var    Value     Gradient |Var    Value     Gradient
  1  0.29685 -1.52712e+03 |  2  0.02809 -8.66572e+02 |  3 -0.01310  3.11099e+00
  4 -0.01005 -5.53931e-01 |  5 -0.00106 -2.59133e+00 |  6  0.01147 -6.72949e-01
  7  0.01798 -1.40910e+00 |  8  0.01288  5.61832e-01 |  9  0.00227 -4.40898e+00
 10 -0.00431  1.00329e+00 | 11 -0.00090  7.75400e+00 | 12 -0.01213 -4.44279e+00
 13 -0.01137  2.71782e+00 | 14 -0.01044  1.53427e+00 | 15 -0.00073 -8.83501e-01
 16 -0.00220  2.60841e+00 | 17 -0.00786 -4.86247e-02 | 18  0.00016 -1.07634e+00
 19  0.00348  1.64683e+00 | 20  0.02019  4.42421e+00 | 21  0.05292  3.99988e+00
 22  0.01656  3.16705e-01 | 23  0.01126  1.62512e+00 | 24  0.02994  2.66855e+00
 25  0.02346  9.27461e-01 | 26  0.04768  1.62842e+00 | 27  0.00959 -3.18546e+00
 28 -0.01200 -2.39143e+00 | 29 -0.01778  2.86704e+00 | 30 -0.02943 -3.28721e+00
 31 -0.01722  4.97834e+00 | 32 -0.01374 -4.57893e+00 | 33  0.01075  9.08624e-01
 34  0.01112  2.04661e+00 | 35 -0.00262 -2.89447e+00 | 36 -0.00265 -1.44028e+00
 37  0.01113  7.72720e-01 | 38  0.00682  1.77128e+00 | 39 -0.02337 -1.76366e+00
 40 -0.02235 -1.46139e+00 | 41 -0.01717 -3.89587e+00 | 42  0.00083 -2.26636e-01
 43  0.00524 -3.23164e-01 | 44  0.00651 -2.32928e+00 | 45 -0.02438 -2.19182e+00
 46 -0.02744 -3.99949e+00 | 47 -0.00401  6.70703e+00 | 48  0.01160 -7.82374e-02
 49  0.00002 -1.98664e+00 | 50 -0.00438  6.22983e-01 | 51 -0.01420 -5.72990e+00
 52 -0.00664  9.35073e-01 | 53 -0.00378 -1.28676e-01 | 54 -0.00514 -1.21041e+00
 55 -0.00131  7.46182e-01 | 56  0.00305  2.74463e+00 | 57  0.01088  8.21906e+00
 58  0.00000  0.00000e+00 | 59 -0.93202 -3.52752e+03 | 60  0.08878  2.81405e+00
Maximum number of function evaluations exceeded

 - final statistics:
60 variables; iteration 61; function evaluation 100
Function value 2.5237e+02; maximum gradient component mag -3.5275e+03
Exit code = 3;  converg criter 1.0000e+01
Var    Value     Gradient |Var    Value     Gradient |Var    Value     Gradient
  1  0.29685 -1.52712e+03 |  2  0.02809 -8.66572e+02 |  3 -0.01310  3.11099e+00
  4 -0.01005 -5.53931e-01 |  5 -0.00106 -2.59133e+00 |  6  0.01147 -6.72949e-01
  7  0.01798 -1.40910e+00 |  8  0.01288  5.61832e-01 |  9  0.00227 -4.40898e+00
 10 -0.00431  1.00329e+00 | 11 -0.00090  7.75400e+00 | 12 -0.01213 -4.44279e+00
 13 -0.01137  2.71782e+00 | 14 -0.01044  1.53427e+00 | 15 -0.00073 -8.83501e-01
 16 -0.00220  2.60841e+00 | 17 -0.00786 -4.86247e-02 | 18  0.00016 -1.07634e+00
 19  0.00348  1.64683e+00 | 20  0.02019  4.42421e+00 | 21  0.05292  3.99988e+00
 22  0.01656  3.16705e-01 | 23  0.01126  1.62512e+00 | 24  0.02994  2.66855e+00
 25  0.02346  9.27461e-01 | 26  0.04768  1.62842e+00 | 27  0.00959 -3.18546e+00
 28 -0.01200 -2.39143e+00 | 29 -0.01778  2.86704e+00 | 30 -0.02943 -3.28721e+00
 31 -0.01722  4.97834e+00 | 32 -0.01374 -4.57893e+00 | 33  0.01075  9.08624e-01
 34  0.01112  2.04661e+00 | 35 -0.00262 -2.89447e+00 | 36 -0.00265 -1.44028e+00
 37  0.01113  7.72720e-01 | 38  0.00682  1.77128e+00 | 39 -0.02337 -1.76366e+00
 40 -0.02235 -1.46139e+00 | 41 -0.01717 -3.89587e+00 | 42  0.00083 -2.26636e-01
 43  0.00524 -3.23164e-01 | 44  0.00651 -2.32928e+00 | 45 -0.02438 -2.19182e+00
 46 -0.02744 -3.99949e+00 | 47 -0.00401  6.70703e+00 | 48  0.01160 -7.82374e-02
 49  0.00002 -1.98664e+00 | 50 -0.00438  6.22983e-01 | 51 -0.01420 -5.72990e+00
 52 -0.00664  9.35073e-01 | 53 -0.00378 -1.28676e-01 | 54 -0.00514 -1.21041e+00
 55 -0.00131  7.46182e-01 | 56  0.00305  2.74463e+00 | 57  0.01088  8.21906e+00
 58  0.00000  0.00000e+00 | 59 -0.93202 -3.52752e+03 | 60  0.08878  2.81405e+00

Initial statistics: 81 variables; iteration 0; function evaluation 0; phase 3
Function value 2.5236811e+02; maximum gradient component mag -3.5275e+03
Var    Value     Gradient |Var    Value     Gradient |Var    Value     Gradient
  1  0.29685 -1.52712e+03 |  2  0.02809 -8.66572e+02 |  3 -0.01310  3.11655e+00
  4 -0.01005 -5.48377e-01 |  5 -0.00106 -2.58578e+00 |  6  0.01147 -6.67395e-01
  7  0.01798 -1.40355e+00 |  8  0.01288  5.67386e-01 |  9  0.00227 -4.40342e+00
 10 -0.00431  1.00884e+00 | 11 -0.00090  7.75955e+00 | 12 -0.01213 -4.43724e+00
 13 -0.01137  2.72337e+00 | 14 -0.01043  1.53983e+00 | 15 -0.00073 -8.77946e-01
 16 -0.00220  2.61397e+00 | 17 -0.00786 -4.30705e-02 | 18  0.00016 -1.07079e+00
 19  0.00348  1.65238e+00 | 20  0.02019  4.42976e+00 | 21  0.05292  4.00541e+00
 22  0.01656  3.22258e-01 | 23  0.01126  1.63067e+00 | 24  0.02994  2.67410e+00
 25  0.02346  9.33012e-01 | 26  0.04768  1.63395e+00 | 27  0.00959 -3.17991e+00
 28 -0.01200 -2.38587e+00 | 29 -0.01778  2.87259e+00 | 30 -0.02943 -3.28166e+00
 31 -0.01722  4.98390e+00 | 32 -0.01374 -4.57338e+00 | 33  0.01075  9.14177e-01
 34  0.01112  2.05216e+00 | 35 -0.00262 -2.88892e+00 | 36 -0.00265 -1.43473e+00
 37  0.01113  7.78274e-01 | 38  0.00682  1.77684e+00 | 39 -0.02337 -1.75811e+00
 40 -0.02235 -1.45584e+00 | 41 -0.01717 -3.89032e+00 | 42  0.00083 -2.21082e-01
 43  0.00525 -3.17609e-01 | 44  0.00651 -2.32373e+00 | 45 -0.02438 -2.18627e+00
 46 -0.02744 -3.99394e+00 | 47 -0.00401  6.71258e+00 | 48  0.01160 -7.26837e-02
 49  0.00002 -1.98109e+00 | 50 -0.00438  6.28538e-01 | 51 -0.01420 -5.72435e+00
 52 -0.00664  9.40627e-01 | 53 -0.00378 -1.23121e-01 | 54 -0.00514 -1.20485e+00
 55 -0.00131  7.51737e-01 | 56  0.00305  2.74463e+00 | 57  0.01088  8.21906e+00
 58  0.00000  0.00000e+00 | 59 -0.93202 -3.52752e+03 | 60  0.20375  4.72341e+02
 61  0.10430  6.69192e+02 | 62  0.18961 -5.14695e+02 | 63  0.00000  7.90604e-12
 64  0.06326  5.60277e+01 | 65  0.17418 -7.93139e+02 | 66  0.07530 -1.61673e+03
 67  0.16633 -8.75222e+02 | 68  0.00000 -1.61134e-02 | 69 -0.17934 -5.37579e+01
 70  0.14683  1.75653e+02 | 71  0.07387  3.49149e+01 | 72  0.12880 -2.42772e+02
 73  0.00000  1.17983e-28 | 74  0.03253  7.05358e+01 | 75 -0.06289  7.17143e+01
 76 -0.23700  3.62603e-03 | 77  0.10401 -2.12239e+01 | 78  0.70672  1.85070e+01
 79 -0.14795  4.53036e+01 | 80  0.08878  2.81405e+00 | 81 -0.65136  7.74728e+00

Intermediate statistics: 81 variables; iteration 20; function evaluation 34; phase 3
Function value 2.4235967e+02; maximum gradient component mag 1.9930e+02
Var    Value     Gradient |Var    Value     Gradient |Var    Value     Gradient
  1  0.27678  1.99298e+02 |  2  0.02287  1.06836e+02 |  3 -0.01452  2.19791e+00
  4 -0.00876  1.54152e+00 |  5  0.00071  4.92163e-01 |  6  0.01098  5.67167e-01
  7  0.01872  4.77138e-01 |  8  0.01035  6.61866e-01 |  9  0.00721 -8.55812e-01
 10 -0.00407 -2.11105e+00 | 11 -0.00713 -2.52601e+00 | 12 -0.00803 -4.54553e+00
 13 -0.01285 -2.00886e+00 | 14 -0.01032 -3.51374e+00 | 15  0.00089 -4.50321e+00
 16 -0.00473 -1.21390e+00 | 17 -0.00904  1.09219e-01 | 18  0.00039 -8.46283e-01
 19  0.00231 -1.90364e+00 | 20  0.01737 -2.30213e+00 | 21  0.05107 -3.25940e+00
 22  0.01762 -6.28726e-02 | 23  0.01097  3.39014e+00 | 24  0.02960  7.06714e+00
 25  0.02534  9.25602e+00 | 26  0.04914  1.32515e+01 | 27  0.01504  9.21959e+00
 28 -0.00854  6.77314e+00 | 29 -0.01831  6.74720e+00 | 30 -0.02570  5.90053e+00
 31 -0.02151  1.06674e+01 | 32 -0.01021  1.13837e+01 | 33  0.01090  1.42242e+01
 34  0.01050  1.11059e+01 | 35  0.00019  6.91123e+00 | 36 -0.00145  4.44756e+00
 37  0.01116  3.60664e+00 | 38  0.00586  2.72138e+00 | 39 -0.02191  1.80674e+00
 40 -0.02218  2.35116e+00 | 41 -0.01553  2.19838e+00 | 42 -0.00034  1.90206e+00
 43  0.00457 -4.28688e-01 | 44  0.00731 -1.13436e+00 | 45 -0.02397  9.32638e-01
 46 -0.02520  1.05147e+00 | 47 -0.01024  2.27359e+00 | 48  0.01144 -5.28525e-01
 49  0.00053 -4.00109e-01 | 50 -0.00657  1.56033e+00 | 51 -0.01085  1.03233e+00
 52 -0.01022  2.92888e+00 | 53 -0.00658  3.19862e+00 | 54 -0.00636  3.63317e+00
 55 -0.00215  3.91170e+00 | 56  0.00022  6.48465e-01 | 57  0.00154  1.16268e+00
 58  0.00000  0.00000e+00 | 59 -0.92226  3.70174e+01 | 60  0.15048  1.25436e+01
 61  0.12600  2.69778e+00 | 62  0.17927  2.00849e+01 | 63  0.00000  7.34112e-09
 64  0.05510  1.38450e+01 | 65  0.15909 -5.80377e+01 | 66  0.08555  2.75089e+01
 67  0.16922  1.77838e+02 | 68 -0.00057 -1.87156e-06 | 69 -0.16095  8.66676e+00
 70  0.13164  1.20868e+01 | 71  0.08141  4.42332e-02 | 72  0.12559 -2.20303e+01
 73 -0.00000 -4.82094e-31 | 74  0.02350 -2.34557e+01 | 75 -0.07606 -1.10283e+02
 76 -0.23700 -3.70406e-03 | 77  0.09880  9.71176e+01 | 78  0.71487 -1.91310e+01
 79 -0.16434 -2.28109e+01 | 80  0.09113  5.47364e+01 | 81 -0.66106 -1.56324e+01
81 variables; iteration 40; function evaluation 60; phase 3
Function value 2.4016031e+02; maximum gradient component mag -1.6907e+03
Var    Value     Gradient |Var    Value     Gradient |Var    Value     Gradient
  1  0.25700 -9.18418e+02 |  2  0.02875 -4.98262e+02 |  3 -0.01443  1.09088e+00
  4 -0.00790  1.15076e+00 |  5  0.00076 -1.04508e+00 |  6  0.00828 -4.03865e+00
  7  0.01654 -3.52453e+00 |  8  0.00785 -8.17645e-01 |  9  0.01360  8.88921e+00
 10 -0.00327  7.08017e+00 | 11 -0.01045  5.52577e+00 | 12 -0.00212  1.39589e+01
 13 -0.01215  1.14875e+01 | 14 -0.00682  1.52318e+01 | 15  0.00599  1.60965e+01
 16 -0.00657  5.88377e+00 | 17 -0.00872  5.42782e+00 | 18  0.00412  7.25834e+00
 19  0.00421  4.20673e+00 | 20  0.01670  1.72229e+00 | 21  0.05353  1.37630e+00
 22  0.01824 -1.79249e+00 | 23  0.00837 -4.59847e+00 | 24  0.02774 -3.98389e+00
 25  0.02454 -2.31948e+00 | 26  0.04830 -1.89754e+00 | 27  0.01658 -9.34511e-01
 28 -0.00865 -3.19812e+00 | 29 -0.02080 -6.74423e+00 | 30 -0.02430 -6.06377e+00
 31 -0.02651 -1.05311e+01 | 32 -0.00665 -6.77998e+00 | 33  0.00926 -1.24195e+01
 34  0.00406 -1.62777e+01 | 35 -0.00123 -1.09302e+01 | 36 -0.00288 -6.74807e+00
 37  0.01233 -8.73639e-01 | 38  0.00654  1.87897e+00 | 39 -0.02109  2.39982e+00
 40 -0.02309  1.75750e+00 | 41 -0.01371  3.92700e+00 | 42 -0.00114  5.96533e-01
 43  0.00399 -7.80408e-01 | 44  0.00719  9.88449e-03 | 45 -0.02380  1.40298e+00
 46 -0.02100  4.49743e+00 | 47 -0.01520 -3.79542e+00 | 48  0.01296 -1.53966e+00
 49  0.00071 -2.58447e+00 | 50 -0.01060 -4.63035e+00 | 51 -0.00704  1.72200e+00
 52 -0.01301 -2.52860e+00 | 53 -0.00777 -1.00675e+00 | 54 -0.00705  3.03899e-02
 55 -0.00432 -1.18040e+00 | 56 -0.00354 -2.32238e+00 | 57 -0.00987 -7.45371e+00
 58  0.00000  0.00000e+00 | 59 -0.91308 -1.69068e+03 | 60  0.14960  8.61725e+01
 61  0.12734  2.47891e+02 | 62  0.17706 -7.19184e+01 | 63  0.00018  8.81171e-07
 64  0.04728 -4.89218e-01 | 65  0.15405 -2.64031e+02 | 66  0.08849 -9.56457e+02
 67  0.16438 -3.57673e+02 | 68 -0.06257 -3.09761e-04 | 69 -0.13798 -3.96282e+01
 70  0.13077 -6.88572e+01 | 71  0.08550 -2.89235e+00 | 72  0.12853  1.41285e+02
 73 -0.00000 -8.00603e-30 | 74  0.02676 -1.77505e+01 | 75 -0.07923 -2.69702e+01
 76 -0.23735 -1.79952e-03 | 77  0.09202 -1.74354e+01 | 78  0.74075 -1.25481e+01
 79 -0.17934 -2.17540e+01 | 80  0.08254 -3.22584e+01 | 81 -0.66755  2.96573e+00
81 variables; iteration 60; function evaluation 89; phase 3
Function value 2.3704791e+02; maximum gradient component mag -1.3141e+03
Var    Value     Gradient |Var    Value     Gradient |Var    Value     Gradient
  1  0.24641 -7.53543e+02 |  2  0.02398 -4.21853e+02 |  3 -0.01776 -3.78914e+00
  4 -0.01090 -2.56796e+00 |  5  0.00328  1.61799e+00 |  6  0.00842 -1.45404e+00
  7  0.02293  2.25088e+00 |  8  0.00713 -4.75256e+00 |  9  0.00140 -7.95283e+00
 10  0.00200  3.64903e+00 | 11 -0.00662  6.69414e-02 | 12 -0.00737 -3.87404e+00
 13 -0.01596 -7.10403e+00 | 14 -0.01031 -4.37376e+00 | 15  0.00172 -3.12050e+00
 16 -0.00209  5.62910e-01 | 17 -0.00642 -1.35801e+00 | 18 -0.00109 -6.87907e+00
 19  0.00278 -3.73905e+00 | 20  0.01713 -1.91212e+00 | 21  0.05369  1.10258e+00
 22  0.01897  9.80324e-01 | 23  0.01144  8.69030e-01 | 24  0.02947  5.75424e-01
 25  0.01943 -2.84137e+00 | 26  0.05094  3.30483e+00 | 27  0.01495  3.92291e-01
 28 -0.01164 -3.50108e+00 | 29 -0.02044 -1.86394e+00 | 30 -0.02639 -3.68205e-01
 31 -0.01821  7.28324e+00 | 32 -0.00663  6.25970e+00 | 33  0.00848  3.67844e+00
 34  0.01235  7.94650e+00 | 35 -0.00350  1.15223e-01 | 36 -0.00116  3.12895e+00
 37  0.01251  4.09179e+00 | 38  0.00628  1.39062e+00 | 39 -0.02302 -2.96275e+00
 40 -0.02722 -7.52279e+00 | 41 -0.01637 -2.45462e+00 | 42  0.00257  4.13958e+00
 43  0.00464  1.96375e+00 | 44  0.00665 -1.01975e+00 | 45 -0.02450 -3.12245e+00
 46 -0.03035 -8.91344e+00 | 47 -0.01020 -4.40913e-01 | 48  0.01167  2.29207e+00
 49  0.00334  6.30098e+00 | 50 -0.00119  8.25964e+00 | 51 -0.01553 -5.57354e+00
 52 -0.01069 -3.19036e+00 | 53 -0.00957 -5.12985e+00 | 54 -0.00489 -7.78382e-02
 55  0.00539  6.09808e+00 | 56 -0.00109 -4.32080e-01 | 57  0.00017  1.26416e-01
 58  0.00000  0.00000e+00 | 59 -0.90442 -1.31412e+03 | 60  0.15358  2.52780e+01
 61  0.12609  3.02490e+01 | 62  0.17831 -2.66781e+01 | 63  0.00044  2.16334e-06
 64  0.04631 -4.79906e+00 | 65  0.14024  2.33897e+02 | 66  0.09745 -3.28876e+01
 67  0.15685 -3.45911e+02 | 68 -0.15848 -7.98643e-04 | 69 -0.18372 -2.23001e+01
 70  0.13156  1.22169e+01 | 71  0.08446  4.23826e+00 | 72  0.12483 -1.85915e+01
 73 -0.00000  1.18557e-29 | 74  0.02930  4.13179e+00 | 75 -0.06530  2.88857e+01
 76 -0.23811  1.75414e-03 | 77  0.10207  7.39380e-01 | 78  0.71762  7.20244e+00
 79 -0.16058  5.04591e+00 | 80  0.09071  9.29896e+00 | 81 -0.65380  2.12999e+00
Maximum number of function evaluations exceeded

 - final statistics:
81 variables; iteration 68; function evaluation 100
Function value 2.3654e+02; maximum gradient component mag -1.2412e+03
Exit code = 3;  converg criter 1.0000e+00
Var    Value     Gradient |Var    Value     Gradient |Var    Value     Gradient
  1  0.24436 -7.23701e+02 |  2  0.02190 -4.07817e+02 |  3 -0.01568 -6.12509e-01
  4 -0.00679  2.48462e+00 |  5  0.00109  1.20796e+00 |  6  0.01025  7.64792e-01
  7  0.02214  2.27223e+00 |  8  0.00455 -6.15579e+00 |  9  0.00570 -4.27124e+00
 10 -0.00090  2.06986e+00 | 11 -0.00689  1.16681e+00 | 12 -0.00483  1.04585e-01
 13 -0.01620 -6.27400e+00 | 14 -0.01198 -5.18864e+00 | 15  0.00159 -1.74290e+00
 16 -0.00033  4.61715e+00 | 17 -0.00503  1.85154e+00 | 18 -0.00232 -6.73123e+00
 19  0.00089 -3.80908e+00 | 20  0.02076  2.67486e+00 | 21  0.05369  2.88220e+00
 22  0.01712 -2.64208e-01 | 23  0.01296  1.29136e+00 | 24  0.02622 -1.91617e+00
 25  0.02191 -6.23221e-01 | 26  0.05288  5.27007e+00 | 27  0.01175 -2.22092e+00
 28 -0.01118 -3.60786e+00 | 29 -0.01801  4.20273e-02 | 30 -0.02719 -2.06997e+00
 31 -0.02032  3.71420e+00 | 32 -0.00762  4.10143e+00 | 33  0.01319  5.75357e+00
 34  0.00803  1.00611e+00 | 35 -0.00386 -3.51110e+00 | 36 -0.00081  1.30447e+00
 37  0.01208  2.99157e+00 | 38  0.00728  2.62287e+00 | 39 -0.02281 -2.31399e+00
 40 -0.02693 -7.16154e+00 | 41 -0.01744 -3.57497e+00 | 42  0.00182  3.94592e+00
 43  0.00641  4.75178e+00 | 44  0.00803  8.91048e-01 | 45 -0.02949 -8.05781e+00
 46 -0.02827 -6.75919e+00 | 47 -0.01039  6.47468e-02 | 48  0.01273  3.57063e+00
 49  0.00274  5.48052e+00 | 50 -0.00311  5.99817e+00 | 51 -0.01451 -4.55673e+00
 52 -0.00915 -1.40005e+00 | 53 -0.00945 -5.16598e+00 | 54 -0.01104 -5.56760e+00
 55  0.00657  7.09533e+00 | 56 -0.00327 -2.08567e+00 | 57 -0.00135 -1.01894e+00
 58  0.00000  0.00000e+00 | 59 -0.90232 -1.24123e+03 | 60  0.15351  2.35254e+01
 61  0.12599  1.88753e+01 | 62  0.17818 -3.01194e+01 | 63  0.00051  2.54040e-06
 64  0.04800 -2.48384e+00 | 65  0.13657  2.30272e+02 | 66  0.09964 -8.86946e+00
 67  0.15550 -3.23125e+02 | 68 -0.13233 -6.62582e-04 | 69 -0.19581 -2.00123e+01
 70  0.13170  1.53537e+01 | 71  0.08429  3.80918e+00 | 72  0.12466 -2.57601e+01
 73 -0.00000  1.12908e-29 | 74  0.02954  5.31391e+00 | 75 -0.06619  2.08192e+01
 76 -0.23827  1.41779e-03 | 77  0.10159  5.18206e+00 | 78  0.71789  5.74039e+00
 79 -0.16063  3.48838e+00 | 80  0.09016  3.55014e+00 | 81 -0.65412  3.51613e+00

Initial statistics: 91 variables; iteration 0; function evaluation 0; phase 4
Function value 2.3654352e+02; maximum gradient component mag -1.2412e+03
Var    Value     Gradient |Var    Value     Gradient |Var    Value     Gradient
  1  0.24436 -7.23701e+02 |  2  0.02190 -4.07817e+02 |  3  0.00000  1.04392e+01
  4  0.00000  1.82678e+00 |  5  0.00000 -5.64003e+00 |  6  0.00000 -1.06081e+01
  7  0.00000 -2.08507e+01 |  8  0.00000 -2.96147e+01 |  9  0.00000 -2.76887e+01
 10  0.00000 -2.15631e+01 | 11  0.00000  5.67277e-01 | 12  0.00000  1.71835e+01
 13 -0.01567 -3.94418e-01 | 14 -0.00679  2.70276e+00 | 15  0.00109  1.42612e+00
 16  0.01025  9.82921e-01 | 17  0.02214  2.49026e+00 | 18  0.00455 -5.93763e+00
 19  0.00571 -4.05309e+00 | 20 -0.00090  2.28802e+00 | 21 -0.00689  1.38495e+00
 22 -0.00483  3.22737e-01 | 23 -0.01620 -6.05592e+00 | 24 -0.01198 -4.97052e+00
 25  0.00160 -1.52474e+00 | 26 -0.00032  4.83531e+00 | 27 -0.00503  2.06969e+00
 28 -0.00231 -6.51308e+00 | 29  0.00090 -3.59092e+00 | 30  0.02077  2.89290e+00
 31  0.05370  3.09958e+00 | 32  0.01713 -4.61296e-02 | 33  0.01296  1.50947e+00
 34  0.02623 -1.69819e+00 | 35  0.02192 -4.05192e-01 | 36  0.05289  5.48747e+00
 37  0.01175 -2.00280e+00 | 38 -0.01117 -3.38974e+00 | 39 -0.01801  2.60097e-01
 40 -0.02718 -1.85201e+00 | 41 -0.02031  3.93225e+00 | 42 -0.00762  4.31957e+00
 43  0.01319  5.97168e+00 | 44  0.00803  1.22425e+00 | 45 -0.00386 -3.29295e+00
 46 -0.00080  1.52263e+00 | 47  0.01208  3.20969e+00 | 48  0.00728  2.84101e+00
 49 -0.02281 -2.09598e+00 | 50 -0.02692 -6.94358e+00 | 51 -0.01744 -3.35689e+00
 52  0.00182  4.16408e+00 | 53  0.00641  4.96993e+00 | 54  0.00804  1.10919e+00
 55 -0.02949 -7.83989e+00 | 56 -0.02826 -6.54125e+00 | 57 -0.01039  2.82875e-01
 58  0.01273  3.78874e+00 | 59  0.00275  5.69867e+00 | 60 -0.00310  6.21632e+00
 61 -0.01450 -4.33863e+00 | 62 -0.00914 -1.18192e+00 | 63 -0.00945 -4.94784e+00
 64 -0.01103 -5.34948e+00 | 65  0.00657  7.31348e+00 | 66 -0.00327 -2.08567e+00
 67 -0.00135 -1.01894e+00 | 68  0.00000  0.00000e+00 | 69 -0.90232 -1.24123e+03
 70  0.15351  2.35254e+01 | 71  0.12599  1.88753e+01 | 72  0.17818 -3.01194e+01
 73  0.00051  2.54040e-06 | 74  0.04800 -2.48384e+00 | 75  0.13657  2.30272e+02
 76  0.09964 -8.86946e+00 | 77  0.15550 -3.23125e+02 | 78 -0.13233 -6.62582e-04
 79 -0.19581 -2.00123e+01 | 80  0.13170  1.53537e+01 | 81  0.08429  3.80918e+00
 82  0.12466 -2.57601e+01 | 83  0.00000  1.12908e-29 | 84  0.02954  5.31391e+00
 85 -0.06619  2.08192e+01 | 86 -0.23827  1.41779e-03 | 87  0.10159  5.18206e+00
 88  0.71789  5.74039e+00 | 89 -0.16063  3.48838e+00 | 90  0.09016  3.55014e+00
 91 -0.65412  3.51613e+00 |

Intermediate statistics: 91 variables; iteration 20; function evaluation 27; phase 4
Function value 2.3385297e+02; maximum gradient component mag -7.4220e+02
Var    Value     Gradient |Var    Value     Gradient |Var    Value     Gradient
  1  0.21149 -3.96962e+02 |  2  0.05734 -2.03299e+02 |  3 -0.00800  4.15309e+00
  4 -0.00395 -1.95300e-01 |  5 -0.00057 -3.98889e+00 |  6 -0.00114 -7.54574e+00
  7  0.00374 -1.24994e+01 |  8  0.01210 -1.55949e+01 |  9  0.00707 -1.60376e+01
 10  0.00728 -1.19292e+01 | 11 -0.00307 -2.28384e-01 | 12 -0.00571  1.12002e+01
 13 -0.01130  3.25735e+00 | 14 -0.00573  4.61966e+00 | 15  0.00130  4.13502e+00
 16  0.00986  5.12201e+00 | 17  0.01819  6.91219e+00 | 18  0.00747  4.05107e+00
 19  0.00816  6.58302e+00 | 20 -0.00218  1.03673e+01 | 21 -0.00755  1.02348e+01
 22 -0.00619  8.79091e+00 | 23 -0.01417  3.31079e+00 | 24 -0.01058  2.53862e+00
 25  0.00305  3.99488e+00 | 26 -0.00101  5.71677e+00 | 27 -0.00410  2.35255e+00
 28  0.00292 -3.29812e+00 | 29  0.00221 -3.97674e+00 | 30  0.01766 -3.84141e+00
 31  0.05327 -8.24754e+00 | 32  0.01784 -8.42925e+00 | 33  0.01035 -9.33229e+00
 34  0.02569 -1.34678e+01 | 35  0.02184 -1.24347e+01 | 36  0.04723 -1.42608e+01
 37  0.01436 -1.05993e+01 | 38 -0.00903 -8.17883e+00 | 39 -0.01745 -4.47996e+00
 40 -0.02527 -4.87828e+00 | 41 -0.02003 -3.26485e+00 | 42 -0.00570 -5.42198e+00
 43  0.01216 -8.91948e+00 | 44  0.00493 -1.13582e+01 | 45 -0.00342 -1.05846e+01
 46 -0.00262 -5.10115e+00 | 47  0.01092 -1.26233e+00 | 48  0.00588  9.45555e-01
 49 -0.02317 -5.00154e-01 | 50 -0.02562 -2.02627e+00 | 51 -0.01663  1.91017e+00
 52  0.00112  9.13346e+00 | 53  0.00522  1.09779e+01 | 54  0.00635  8.11379e+00
 55 -0.02824 -2.47597e-01 | 56 -0.02741  1.88090e-01 | 57 -0.01173  5.23661e+00
 58  0.01215  1.00236e+01 | 59  0.00205  1.01952e+01 | 60 -0.00500  8.61255e+00
 61 -0.01180  1.11421e+00 | 62 -0.00996  5.71889e-01 | 63 -0.00860 -2.30333e+00
 64 -0.00897 -2.78215e+00 | 65  0.00118  3.07833e+00 | 66 -0.00150 -6.99182e-01
 67 -0.00049 -3.72418e-01 | 68  0.00000  0.00000e+00 | 69 -0.89420 -7.42204e+02
 70  0.17081 -1.47702e+01 | 71  0.12117  8.81318e-01 | 72  0.18277  8.52613e+01
 73  0.00051  2.54029e-06 | 74  0.05429  4.99502e-01 | 75  0.11590  1.37199e+02
 76  0.11241 -1.80762e+00 | 77  0.14498 -2.09886e+02 | 78 -0.13232 -6.62551e-04
 79 -0.14748 -6.19763e+00 | 80  0.13873  4.85521e+01 | 81  0.08048  1.93404e+01
 82  0.12531 -6.43696e+01 | 83 -0.00000  4.47349e-29 | 84  0.03145  8.51777e+00
 85 -0.06287  3.19965e+01 | 86 -0.23827  1.92768e-03 | 87  0.10271  1.44006e+00
 88  0.71685  9.50836e+00 | 89 -0.15411  1.14195e+01 | 90  0.09124 -2.59855e+01
 91 -0.65121  1.21261e+01 |
91 variables; iteration 40; function evaluation 64; phase 4
Function value 2.3159639e+02; maximum gradient component mag 2.0917e+03
Var    Value     Gradient |Var    Value     Gradient |Var    Value     Gradient
  1  0.20040 -7.32450e+02 |  2  0.04175 -3.83996e+02 |  3 -0.01628 -2.37499e+00
  4 -0.00727 -2.07163e+00 |  5 -0.00018 -2.22751e+00 |  6  0.00068 -3.38568e+00
  7  0.01272 -1.80364e+00 |  8  0.01768 -5.04022e+00 |  9  0.01875 -1.85815e+00
 10  0.01450 -2.96697e+00 | 11 -0.00726 -3.87189e+00 | 12 -0.01471 -2.23435e-01
 13 -0.00944  1.34965e+00 | 14 -0.00574  1.91679e+00 | 15  0.00215  2.98422e+00
 16  0.01089  3.62442e+00 | 17  0.01431  1.32609e+00 | 18  0.00886  2.55298e+00
 19  0.00892  3.71906e+00 | 20 -0.00483  4.58661e+00 | 21 -0.00863  6.51938e+00
 22 -0.00741  6.23682e+00 | 23 -0.01237  3.68975e+00 | 24 -0.00990  3.76942e-01
 25  0.00243 -1.67296e+00 | 26 -0.00394 -1.38692e+00 | 27 -0.00519  5.38844e-01
 28  0.00802  3.22900e+00 | 29  0.00512  1.18996e+00 | 30  0.01594 -4.03703e+00
 31  0.05282 -1.06637e+01 | 32  0.01660 -1.02691e+01 | 33  0.00882 -8.78851e+00
 34  0.02834 -6.07964e+00 | 35  0.02419 -3.40436e+00 | 36  0.04827 -5.06289e+00
 37  0.01568 -6.81417e+00 | 38 -0.00852 -9.27423e+00 | 39 -0.02015 -1.16752e+01
 40 -0.02598 -1.09055e+01 | 41 -0.02203 -8.32301e+00 | 42 -0.00433 -4.21172e+00
 43  0.01428 -2.44053e+00 | 44  0.00529 -4.58107e+00 | 45 -0.00021 -5.28805e+00
 46 -0.00514 -8.46209e+00 | 47  0.00841 -6.96441e+00 | 48  0.00441 -1.05167e+00
 49 -0.02126  5.22544e+00 | 50 -0.02099  9.25815e+00 | 51 -0.01369  9.95119e+00
 52 -0.00041  7.36309e+00 | 53  0.00161  2.34893e+00 | 54  0.00300 -5.03660e-01
 55 -0.02695  2.48203e-02 | 56 -0.02579  2.29141e+00 | 57 -0.01247  4.09313e+00
 58  0.01053  5.45814e+00 | 59 -0.00051  4.83928e+00 | 60 -0.00791  5.36296e+00
 61 -0.00833  7.16299e+00 | 62 -0.00872  6.74466e+00 | 63 -0.00598  4.59230e+00
 64 -0.00662  1.48881e+00 | 65 -0.00570 -2.18447e+00 | 66  0.00037  6.40199e-01
 67  0.00038  2.84683e-01 | 68  0.00000  0.00000e+00 | 69 -0.88137 -9.93538e+02
 70  0.16658 -1.60163e+01 | 71  0.12244  1.16693e+00 | 72  0.18001  4.87097e+01
 73  0.00051  2.53185e-06 | 74  0.05544 -2.90405e+00 | 75  0.10274  7.02740e+02
 76  0.11733  2.09171e+03 | 77  0.14059 -2.41712e+02 | 78 -0.13127  2.00304e-01
 79 -0.12560 -1.09680e+01 | 80  0.13850 -1.43614e+01 | 81  0.08068  3.73724e-02
 82  0.12611  2.71305e+01 | 83 -0.00000 -1.38521e-30 | 84  0.03031 -1.25725e+01
 85 -0.07428 -1.04623e+01 | 86 -0.23827  7.84565e-04 | 87  0.09572  1.40348e+01
 88  0.75750  6.06124e+00 | 89 -0.16546  5.36981e-01 | 90  0.09172 -2.57484e+01
 91 -0.65427  8.14535e+00 |
91 variables; iteration 60; function evaluation 87; phase 4
Function value 2.3091990e+02; maximum gradient component mag -1.8622e+03
Var    Value     Gradient |Var    Value     Gradient |Var    Value     Gradient
  1  0.20022 -7.66004e+02 |  2  0.04056 -4.12084e+02 |  3 -0.01266  1.24292e+00
  4 -0.00527  3.46188e-01 |  5  0.00292  1.24962e+00 |  6  0.00359  2.19137e-01
  7  0.01222  3.62722e-01 |  8  0.02564  3.20619e+00 |  9  0.01980  2.43214e+00
 10  0.01618  9.14979e-01 | 11 -0.00320  1.62853e-01 | 12 -0.01524 -1.56492e+00
 13 -0.01289 -2.82932e+00 | 14 -0.00503  1.06212e+00 | 15  0.00412  3.21873e+00
 16  0.01176  2.53683e+00 | 17  0.01484 -1.38143e+00 | 18  0.00702 -3.25105e+00
 19  0.00718 -3.03543e+00 | 20 -0.00319  9.00945e-01 | 21 -0.01140 -1.04171e+00
 22 -0.00811  8.79650e-01 | 23 -0.01321  3.99045e-01 | 24 -0.00996  6.78597e-01
 25  0.00500  3.13942e+00 | 26 -0.00183  2.00049e+00 | 27 -0.00564 -1.85696e+00
 28  0.00422 -4.42494e+00 | 29  0.00342 -3.13563e+00 | 30  0.01604 -2.91781e+00
 31  0.05362 -1.79820e+00 | 32  0.02005  1.11591e+00 | 33  0.00940  9.25054e-01
 34  0.03233  6.38729e+00 | 35  0.02165  2.28221e+00 | 36  0.04746  3.84597e+00
 37  0.01607  2.80479e+00 | 38 -0.00639  2.38042e+00 | 39 -0.01512  2.79596e+00
 40 -0.02599 -3.03602e+00 | 41 -0.02188 -2.74062e+00 | 42 -0.00535 -8.29666e-01
 43  0.01366  2.31421e+00 | 44  0.00679  2.27331e+00 | 45 -0.00130  2.28304e-01
 46 -0.00263  7.65495e-03 | 47  0.01053  1.61316e-01 | 48  0.00359 -2.92090e-01
 49 -0.02221  2.63721e+00 | 50 -0.02345  3.39945e+00 | 51 -0.01387  5.72336e+00
 52 -0.00099  2.27395e+00 | 53  0.00030 -2.25786e+00 | 54  0.00333 -2.30708e+00
 55 -0.02517  1.03621e+00 | 56 -0.02634  7.73526e-02 | 57 -0.01339  1.12056e-01
 58  0.00944 -6.48743e-02 | 59 -0.00019  1.29759e+00 | 60 -0.00746  2.08547e+00
 61 -0.01052  1.25616e+00 | 62 -0.01020  1.94898e+00 | 63 -0.00720  1.63938e+00
 64 -0.00655  1.55113e+00 | 65 -0.00362  2.69169e-01 | 66 -0.00025  1.66511e-01
 67  0.00011  7.99806e-02 | 68  0.00000  0.00000e+00 | 69 -0.88020 -1.03867e+03
 70  0.16633 -1.31890e+00 | 71  0.12270  2.42315e+00 | 72  0.17943  1.94881e+00
 73  0.00051  2.51679e-06 | 74  0.05559 -2.07198e+00 | 75  0.10360 -2.56540e+02
 76  0.11712 -1.86220e+03 | 77  0.14051 -2.76017e+02 | 78 -0.13997 -1.87333e-01
 79 -0.12898 -1.49849e+01 | 80  0.14043  1.48273e+00 | 81  0.07933  7.82254e+00
 82  0.12695  1.57117e+01 | 83 -0.00000  1.76584e-29 | 84  0.03150 -2.21162e+00
 85 -0.06692 -4.06439e+00 | 86 -0.23834 -2.91582e-04 | 87  0.09892 -2.13923e+00
 88  0.71335 -1.65395e+00 | 89 -0.15437 -4.27721e+00 | 90  0.09382 -1.51107e+00
 91 -0.65487  1.04592e-01 |
91 variables; iteration 80; function evaluation 119; phase 4
Function value 2.2978423e+02; maximum gradient component mag -1.7977e+04
Var    Value     Gradient |Var    Value     Gradient |Var    Value     Gradient
  1  0.18753 -7.36577e+02 |  2  0.05144 -4.00697e+02 |  3 -0.01215  2.33231e+00
  4  0.00242  7.56443e+00 |  5 -0.00318 -2.33878e+00 |  6  0.00572  3.13123e+00
  7  0.00888  9.60683e-02 |  8  0.02966  8.49432e+00 |  9  0.01623  3.04352e+00
 10  0.02670  1.02919e+01 | 11 -0.01375 -7.59779e+00 | 12 -0.01439 -1.51052e+00
 13 -0.00959 -1.93205e+00 | 14 -0.00766 -2.67045e+00 | 15  0.00402  2.06483e+00
 16  0.00849  7.12751e-02 | 17  0.01599  3.93997e-01 | 18  0.00880 -1.45182e+00
 19  0.00879 -2.99133e+00 | 20 -0.00843 -5.92994e+00 | 21 -0.00757 -2.18446e+00
 22 -0.01391 -9.79415e+00 | 23 -0.01402 -5.39767e+00 | 24 -0.00590 -2.97052e-02
 25  0.00051 -5.34213e+00 | 26  0.00059  3.81231e-01 | 27 -0.00495 -3.00086e+00
 28  0.00980  3.46909e-01 | 29 -0.00298 -4.78125e+00 | 30  0.01922  6.28605e+00
 31  0.05834  1.29285e+01 | 32  0.01783  5.38839e+00 | 33  0.01139  5.26795e+00
 34  0.02897  6.91743e+00 | 35  0.02447  6.89704e+00 | 36  0.04903  7.32457e+00
 37  0.01136 -3.97488e-01 | 38 -0.00545  3.94553e+00 | 39 -0.01724  4.17100e+00
 40 -0.02105  9.00512e+00 | 41 -0.01526  1.25570e+01 | 42  0.00058  1.01807e+01
 43  0.00955 -1.58680e+00 | 44  0.00166 -5.15679e+00 | 45 -0.00116  6.89267e-01
 46  0.00334  9.87749e+00 | 47  0.00989  5.45441e+00 | 48  0.00430  2.45211e+00
 49 -0.02307 -1.08180e+00 | 50 -0.02281 -4.52202e+00 | 51 -0.02319 -1.55195e+01
 52 -0.00723 -1.38614e+01 | 53  0.00251 -1.45156e+00 | 54  0.00903  7.99936e+00
 55 -0.02668  2.06334e+00 | 56 -0.03275 -6.24203e+00 | 57 -0.01114  1.39492e+00
 58  0.01159 -2.41149e+00 | 59 -0.00250 -9.25072e+00 | 60 -0.01432 -1.50945e+01
 61 -0.01611 -1.32093e+01 | 62 -0.00756 -1.02314e+00 | 63 -0.00433  2.27134e+00
 64 -0.00777 -4.02052e-01 | 65  0.00458  5.96498e+00 | 66 -0.00461 -3.14914e+00
 67 -0.00240 -1.81652e+00 | 68  0.00000  0.00000e+00 | 69 -0.87205 -9.64226e+02
 70  0.17954  1.29248e+01 | 71  0.11996  1.40770e+01 | 72  0.18139 -3.10094e+01
 73  0.00049  2.39373e-06 | 74  0.06150  2.51935e+00 | 75  0.10452 -4.29650e+03
 76  0.11690 -1.79770e+04 | 77  0.13855 -2.87170e+02 | 78 -0.17708 -7.91093e-01
 79 -0.14929 -2.05313e+01 | 80  0.13691  7.74438e+00 | 81  0.08104 -3.49377e-02
 82  0.12323 -3.06784e+01 | 83  0.00000 -6.63905e-31 | 84  0.03612  1.21292e+01
 85 -0.05984 -2.36039e+00 | 86 -0.23803 -1.59413e-03 | 87  0.10129 -1.93794e+01
 88  0.66681 -8.00907e+00 | 89 -0.13991 -2.13140e+00 | 90  0.09759  2.13419e+01
 91 -0.65634 -1.10877e+01 |
91 variables; iteration 100; function evaluation 162; phase 4
Function value 2.2549380e+02; maximum gradient component mag -5.6820e+02
Var    Value     Gradient |Var    Value     Gradient |Var    Value     Gradient
  1  0.15429 -1.44994e+02 |  2  0.05919 -7.50684e+01 |  3 -0.01431  1.29462e+00
  4 -0.01617 -7.03750e+00 |  5 -0.01308 -8.73707e+00 |  6  0.00941  9.47046e+00
  7  0.00816  2.95329e+00 |  8  0.02364  6.25947e+00 |  9  0.01059 -1.51759e+00
 10  0.01927  1.37836e+00 | 11 -0.01371 -1.18932e+01 | 12 -0.00932 -1.78446e+00
 13 -0.01521 -1.16464e+01 | 14 -0.00116 -4.26885e-01 | 15 -0.01400 -1.39301e+01
 16  0.00347 -5.16969e+00 | 17  0.01847  5.82958e-01 | 18  0.00445 -7.25444e+00
 19  0.00995 -5.01487e+00 | 20 -0.00504 -3.59322e+00 | 21 -0.01403 -6.88317e+00
 22 -0.00613 -1.04994e+00 | 23 -0.02333 -1.13059e+01 | 24  0.00169  7.20425e+00
 25 -0.00734 -1.45301e+01 | 26  0.01534  9.56053e+00 | 27 -0.00332 -4.73598e+00
 28  0.01920  6.77127e+00 | 29 -0.00370 -3.36650e+00 | 30  0.01617  6.97063e+00
 31  0.06359  1.93240e+01 | 32  0.02334  6.80228e+00 | 33  0.00415 -5.02613e+00
 34  0.02813  2.89007e+00 | 35  0.02726  9.05632e+00 | 36  0.04956  6.98306e+00
 37  0.00496 -8.32093e+00 | 38  0.00352  7.56537e+00 | 39 -0.01172  2.80646e+00
 40 -0.01976  4.92443e-01 | 41 -0.01297  2.47629e+00 | 42  0.00303  2.12389e+00
 43  0.01745  2.81232e+00 | 44 -0.00272 -6.94345e+00 | 45 -0.00391 -1.11520e+00
 46  0.00774  1.47326e+01 | 47  0.01281  6.67904e+00 | 48 -0.00597 -7.81433e+00
 49 -0.01693  6.86806e+00 | 50 -0.02099 -4.69574e-02 | 51 -0.02798 -1.88604e+01
 52 -0.00001 -8.74312e+00 | 53 -0.00598 -9.71571e+00 | 54  0.00342 -1.23883e+00
 55 -0.03507 -1.03101e+01 | 56 -0.02534 -4.98971e+00 | 57 -0.02236 -1.52864e+01
 58  0.00300 -1.39055e+01 | 59  0.00755 -3.82991e+00 | 60 -0.02269 -2.44481e+01
 61 -0.01234 -1.68916e+01 | 62 -0.01533 -1.36097e+01 | 63  0.00272  5.94372e+00
 64 -0.00587  4.91688e-01 | 65  0.00763  6.74607e+00 | 66  0.00668  5.46975e+00
 67  0.00063  4.78483e-01 | 68  0.00000  0.00000e+00 | 69 -0.83465 -2.44150e+02
 70  0.23497  5.00987e+00 | 71  0.10316  2.82949e+01 | 72  0.18986  1.96921e+01
 73  0.00034  1.49780e-01 | 74  0.07771  1.80179e+00 | 75  0.10857 -1.32680e+02
 76  0.11587 -5.68203e+02 | 77  0.13482 -6.36100e+01 | 78  0.04427  2.14098e-02
 79 -0.31781 -8.82152e-01 | 80  0.15514  2.78148e+00 | 81  0.06550 -1.78522e+00
 82  0.12538 -2.75629e+01 | 83  0.00000 -9.33598e-30 | 84  0.04387  9.81773e+00
 85 -0.04689 -5.40395e+00 | 86 -0.23113 -2.03221e-03 | 87  0.10578 -1.13741e+01
 88  0.62358 -6.74330e+00 | 89 -0.12471 -7.58496e+00 | 90  0.10621  2.19626e+01
 91 -0.66031 -2.93617e+01 |
91 variables; iteration 120; function evaluation 190; phase 4
Function value 2.1926264e+02; maximum gradient component mag -5.2741e+02
Var    Value     Gradient |Var    Value     Gradient |Var    Value     Gradient
  1  0.14175 -5.27409e+02 |  2  0.00757 -2.72369e+02 |  3 -0.01843 -3.89060e-01
  4 -0.01054  2.80232e-02 |  5 -0.00436  1.75468e-01 |  6 -0.00465 -5.14701e-01
  7  0.00366 -6.50450e-01 |  8  0.01506 -6.93150e-01 |  9  0.01196 -5.03079e-01
 10  0.01379 -7.44859e-01 | 11  0.00058  4.31771e-01 | 12 -0.01087 -1.37276e+00
 13 -0.00845  3.63503e-01 | 14 -0.01223 -1.00412e+00 | 15 -0.00787  3.05401e-01
 16 -0.00060 -3.23774e-01 | 17  0.00885 -1.15071e+00 | 18  0.00845 -9.04673e-01
 19  0.01064 -4.43937e-01 | 20 -0.00755 -3.20185e-01 | 21 -0.01123  3.70225e-01
 22 -0.01015  2.46493e-01 | 23 -0.01621  2.68912e-01 | 24 -0.01296 -5.58035e-01
 25  0.01221  7.01701e-01 | 26  0.00754 -7.05507e-01 | 27  0.00987  1.02068e+00
 28  0.01550  4.71535e-01 | 29  0.00379  1.47858e+00 | 30  0.01620  1.18540e+00
 31  0.06024  1.05495e+00 | 32  0.02462  1.50845e+00 | 33  0.01421  1.79341e+00
 34  0.02842  1.58037e+00 | 35  0.01959  7.17707e-01 | 36  0.04576  1.41426e+00
 37  0.01856  2.07681e+00 | 38 -0.00356  6.71227e-01 | 39 -0.01003  5.45417e-01
 40 -0.01380  1.07703e+00 | 41 -0.00827  9.01523e-01 | 42  0.00712  8.86674e-01
 43  0.01316  6.72841e-01 | 44  0.00220  1.13498e+00 | 45  0.00013  5.68864e-01
 46 -0.00159 -1.07901e+00 | 47  0.01104 -7.50807e-01 | 48  0.00341  1.83415e-01
 49 -0.02629 -5.88167e-01 | 50 -0.02625 -6.25611e-01 | 51 -0.01553  7.34526e-01
 52 -0.00300 -1.55708e-01 | 53 -0.00581 -2.79656e-02 | 54 -0.00541  3.45697e-02
 55 -0.03269 -2.45763e-01 | 56 -0.02957 -4.21161e-01 | 57 -0.01772  5.75588e-01
 58  0.00380  1.43309e-01 | 59 -0.00549 -1.00427e-01 | 60 -0.00985  7.23053e-01
 61 -0.01107 -1.41823e+00 | 62 -0.00777  2.46150e-01 | 63 -0.00853 -9.42238e-01
 64 -0.00988 -3.73532e-01 | 65 -0.00553 -2.62080e-02 | 66 -0.00116 -4.99963e-01
 67  0.00094  7.10907e-01 | 68  0.00000  0.00000e+00 | 69 -0.77410 -3.10091e+02
 70  0.28338 -3.73785e+00 | 71  0.08109  2.14919e-02 | 72  0.19603  8.70750e+00
 73 -0.56643 -3.87659e-03 | 74  0.08430 -2.00813e+00 | 75  0.11624  6.47904e+01
 76  0.11391 -4.41182e+01 | 77  0.13323 -1.49568e+02 | 78  0.59240 -6.45117e+00
 79 -0.73770 -7.25867e-03 | 80  0.17043  7.65894e+00 | 81  0.04696  1.03616e+01
 82  0.12826  1.27367e+01 | 83 -0.00000 -5.14111e-13 | 84  0.04613 -5.03432e+00
 85 -0.04966  4.31589e+00 | 86 -0.21524  1.72022e-03 | 87  0.10363  2.38158e+00
 88  0.69761  3.49278e+00 | 89 -0.12546  3.81610e+00 | 90  0.12252 -6.98484e+00
 91 -0.63423  2.81401e+00 |
91 variables; iteration 140; function evaluation 212; phase 4
Function value 2.1644226e+02; maximum gradient component mag -4.6260e+01
Var    Value     Gradient |Var    Value     Gradient |Var    Value     Gradient
  1  0.13168  3.92248e+01 |  2  0.00343  9.48337e+00 |  3 -0.02272 -2.86110e-01
  4 -0.01630 -7.71172e-01 |  5 -0.01004 -6.51896e-04 |  6 -0.01108 -2.88482e-01
  7 -0.00332 -5.01194e-02 |  8  0.00809 -1.43889e-01 |  9  0.00507 -1.03582e-01
 10  0.00856 -2.61463e-01 | 11 -0.00016  5.62686e-01 | 12 -0.00740  1.07289e-01
 13 -0.00969 -6.20349e-01 | 14 -0.01519 -4.75771e-01 | 15 -0.01493 -8.45389e-01
 16 -0.00710 -8.26566e-01 | 17  0.00623 -3.92986e-01 | 18  0.01005  2.39547e-01
 19  0.00919  1.90015e-01 | 20 -0.00891  9.86867e-01 | 21 -0.01089  1.39516e-01
 22 -0.00773  9.67281e-01 | 23 -0.02060  9.24872e-01 | 24 -0.01595  2.31392e+00
 25  0.01427  2.63453e+00 | 26  0.01760  4.30170e+00 | 27  0.01353  1.37517e+00
 28  0.01807  1.55158e+00 | 29  0.00364  9.25292e-01 | 30  0.01583 -4.13870e-02
 31  0.06492  1.97112e+00 | 32  0.02775  1.22884e+00 | 33  0.01473  1.40380e-02
 34  0.02805 -6.38612e-01 | 35  0.01858 -3.32510e-01 | 36  0.04549 -3.16148e-01
 37  0.01594 -1.16113e+00 | 38 -0.00238  1.15021e-01 | 39 -0.00635 -4.61577e-01
 40 -0.00913 -1.06563e+00 | 41 -0.00221 -1.52273e+00 | 42  0.00949 -1.90062e+00
 43  0.01102 -1.22534e+00 | 44  0.00210 -8.76810e-01 | 45  0.00077 -7.07002e-01
 46  0.00097 -1.32066e+00 | 47  0.01268 -5.30847e-01 | 48  0.00155 -1.41222e+00
 49 -0.02693 -7.52620e-01 | 50 -0.02497  1.64622e-01 | 51 -0.01474 -6.63158e-01
 52 -0.00172  3.39650e-01 | 53 -0.01143 -1.79220e+00 | 54 -0.01054 -1.46292e+00
 55 -0.03436 -1.01867e+00 | 56 -0.02823 -6.06226e-01 | 57 -0.01960 -9.03679e-01
 58  0.00034 -1.43559e+00 | 59 -0.00716 -6.56488e-01 | 60 -0.01148 -5.89493e-01
 61 -0.00850  1.43604e-01 | 62 -0.00637 -5.91401e-01 | 63 -0.00709 -6.31179e-01
 64 -0.01092 -9.58336e-01 | 65 -0.00776 -1.01221e+00 | 66 -0.00049  7.67760e-02
 67  0.00017  1.26066e-01 | 68  0.00000  0.00000e+00 | 69 -0.72252  4.39203e-02
 70  0.37653  8.24229e+00 | 71  0.03921  8.10939e-04 | 72  0.20695 -1.91240e+01
 73 -0.25991 -1.35897e-03 | 74  0.17100  1.68377e-01 | 75  0.19103 -1.03957e+01
 76  0.09516  2.20990e+01 | 77  0.15452  6.39071e+00 | 78  0.52486  1.20501e+00
 79 -1.24834  7.65633e-03 | 80  0.18075 -4.62595e+01 | 81  0.01518 -4.38508e+00
 82  0.12664  9.19703e+00 | 83 -0.12535 -6.26702e-04 | 84  0.05647 -4.55635e+00
 85 -0.00229 -3.05916e+01 | 86 -0.35177 -2.10126e-03 | 87  0.12324  3.76627e+00
 88  0.27110 -1.07249e+00 | 89 -0.10608 -3.01170e+00 | 90  0.13931  1.05937e+00
 91 -0.62703 -1.42232e+00 |
91 variables; iteration 160; function evaluation 236; phase 4
Function value 2.1606699e+02; maximum gradient component mag 4.9391e+01
Var    Value     Gradient |Var    Value     Gradient |Var    Value     Gradient
  1  0.13090  4.93912e+01 |  2 -0.00078  1.96462e+01 |  3 -0.02350 -7.23319e-02
  4 -0.01665 -1.98129e-01 |  5 -0.01143 -2.78620e-01 |  6 -0.01183  8.77567e-02
  7 -0.00466 -2.34047e-01 |  8  0.00745 -9.11387e-02 |  9  0.00413 -3.06861e-01
 10  0.00814 -8.79378e-02 | 11 -0.00108 -2.77199e-01 | 12 -0.00693 -3.35647e-01
 13 -0.00933 -5.56068e-01 | 14 -0.01560 -4.89910e-01 | 15 -0.01568 -7.59048e-01
 16 -0.00803 -1.07803e+00 | 17  0.00635 -9.27757e-01 | 18  0.01003 -1.24670e+00
 19  0.00870 -1.28964e+00 | 20 -0.01037 -1.22871e+00 | 21 -0.00984 -7.59321e-01
 22 -0.00691 -5.84366e-01 | 23 -0.02184 -9.92603e-01 | 24 -0.01728 -3.33906e-01
 25  0.01501 -1.16371e+00 | 26  0.01832  2.63858e-01 | 27  0.01465  4.69789e-02
 28  0.01766  7.24066e-01 | 29  0.00303  1.36856e-01 | 30  0.01761  8.32420e-01
 31  0.06510  1.39804e+00 | 32  0.02759  9.45253e-01 | 33  0.01534  1.15459e+00
 34  0.02858  1.14812e+00 | 35  0.01820  8.70167e-01 | 36  0.04536  1.23479e+00
 37  0.01600  8.07523e-01 | 38 -0.00327  1.49990e+00 | 39 -0.00618  1.65433e+00
 40 -0.00796  1.76233e+00 | 41 -0.00131  1.34592e+00 | 42  0.00953  5.06384e-01
 43  0.01049  2.23834e-02 | 44  0.00251 -1.38633e-01 | 45  0.00032  2.41434e-01
 46  0.00220  7.12621e-01 | 47  0.01215  1.30337e-01 | 48  0.00165 -5.56800e-01
 49 -0.02702 -6.36478e-01 | 50 -0.02538 -6.99537e-01 | 51 -0.01398 -9.39586e-01
 52 -0.00271 -7.65119e-01 | 53 -0.01147 -5.26086e-01 | 54 -0.01105 -4.27240e-01
 55 -0.03459 -6.80111e-01 | 56 -0.02805 -3.77351e-01 | 57 -0.01990 -6.13327e-01
 58  0.00031 -3.87239e-01 | 59 -0.00758 -4.50878e-01 | 60 -0.01155 -8.47691e-01
 61 -0.00907 -7.22833e-01 | 62 -0.00600 -6.00393e-01 | 63 -0.00657  6.94163e-02
 64 -0.01091 -1.15765e-01 | 65 -0.00718  2.14279e-01 | 66 -0.00059 -1.95772e-02
 67  0.00016  1.17235e-01 | 68  0.00000  0.00000e+00 | 69 -0.69973  1.34355e+01
 70  0.37080  9.84210e-01 | 71  0.03773  2.00394e-04 | 72  0.20519 -7.15518e+00
 73 -0.54046 -3.56859e-03 | 74  0.22556  1.40228e-02 | 75  0.23001  2.11580e-01
 76  0.08539  1.15938e+01 | 77  0.16550  1.49085e+01 | 78  0.39373  7.79849e-01
 79 -1.49570  4.42388e-03 | 80  0.18333  1.18861e+01 | 81  0.00143  3.38304e+00
 82  0.12689 -2.82763e+00 | 83  0.01848  9.12119e-05 | 84  0.05826  1.42234e+00
 85 -0.00077  4.04064e+00 | 86 -0.21002 -3.66065e-03 | 87  0.12371  5.19274e+00
 88  0.16342 -8.30899e-02 | 89 -0.10433  2.66316e-01 | 90  0.14170  7.98600e-01
 91 -0.62555  3.49161e-02 |
91 variables; iteration 180; function evaluation 259; phase 4
Function value 2.1601550e+02; maximum gradient component mag -1.2803e+01
Var    Value     Gradient |Var    Value     Gradient |Var    Value     Gradient
  1  0.13120  2.42265e+00 |  2 -0.00295 -1.28027e+01 |  3 -0.02335 -2.80285e-01
  4 -0.01667 -5.98921e-01 |  5 -0.01073 -1.11494e-01 |  6 -0.01170 -2.52579e-01
  7 -0.00386 -4.67079e-02 |  8  0.00777 -2.38976e-01 |  9  0.00497 -8.29941e-02
 10  0.00813 -5.57073e-01 | 11 -0.00076 -3.64612e-01 | 12 -0.00730 -6.92659e-01
 13 -0.00941 -7.95423e-01 | 14 -0.01545 -4.98908e-01 | 15 -0.01534 -6.65450e-01
 16 -0.00761 -1.01126e+00 | 17  0.00641 -1.07463e+00 | 18  0.01016 -9.26473e-01
 19  0.00871 -5.87252e-01 | 20 -0.00970  2.28897e-01 | 21 -0.01011  2.85596e-01
 22 -0.00686  8.24015e-01 | 23 -0.02132  4.14851e-01 | 24 -0.01737  9.56935e-01
 25  0.01530  2.11511e+00 | 26  0.01801  2.93808e+00 | 27  0.01448  1.55452e+00
 28  0.01746  1.13193e+00 | 29  0.00346  4.35406e-01 | 30  0.01680  3.25538e-01
 31  0.06510  1.82848e+00 | 32  0.02767  1.10510e+00 | 33  0.01503  3.77059e-01
 34  0.02834 -1.94515e-01 | 35  0.01818 -2.67542e-01 | 36  0.04558  3.05159e-01
 37  0.01613  3.20494e-02 | 38 -0.00330  3.85772e-01 | 39 -0.00627  4.71370e-02
 40 -0.00853 -5.55388e-01 | 41 -0.00165 -5.71322e-01 | 42  0.00953 -3.09177e-01
 43  0.01079  2.78448e-01 | 44  0.00271  1.66702e-01 | 45  0.00037 -1.19592e-01
 46  0.00139 -5.28836e-01 | 47  0.01251 -4.82817e-02 | 48  0.00172 -5.54065e-01
 49 -0.02698 -4.26870e-01 | 50 -0.02537 -1.54000e-01 | 51 -0.01416 -1.86882e-01
 52 -0.00225  2.98156e-01 | 53 -0.01143 -5.97916e-01 | 54 -0.01081 -4.34574e-01
 55 -0.03444 -5.14985e-01 | 56 -0.02813 -2.81872e-01 | 57 -0.01966 -5.10713e-01
 58  0.00024 -8.92392e-01 | 59 -0.00747 -6.12801e-01 | 60 -0.01135 -5.78803e-01
 61 -0.00895 -4.80425e-01 | 62 -0.00612 -7.77053e-01 | 63 -0.00693 -6.05625e-01
 64 -0.01113 -7.01660e-01 | 65 -0.00788 -6.88382e-01 | 66 -0.00056  1.10717e-02
 67  0.00014  1.06162e-01 | 68  0.00000  0.00000e+00 | 69 -0.70078 -9.81312e+00
 70  0.37075  3.35827e+00 | 71  0.03858  2.29184e-03 | 72  0.20551 -1.20200e+01
 73  0.34269  2.91175e-03 | 74  0.21393  2.76851e-02 | 75  0.22330  6.26527e-01
 76  0.08707 -6.39910e+00 | 77  0.16393 -5.35510e+00 | 78  0.42689 -5.53777e-01
 79 -1.48633  4.77167e-03 | 80  0.18370 -1.42907e+00 | 81 -0.00230  1.90558e+00
 82  0.12739  6.52851e+00 | 83  0.00776  3.82916e-05 | 84  0.05687 -1.75474e+00
 85 -0.00305 -3.58370e+00 | 86 -0.03910 -8.22597e-01 | 87  0.12276  3.54011e+00
 88  0.24288 -2.96251e-01 | 89 -0.10515 -2.36854e+00 | 90  0.14036 -1.44340e+00
 91 -0.62641  3.05447e-01 |
91 variables; iteration 200; function evaluation 280; phase 4
Function value 2.1590366e+02; maximum gradient component mag 1.7232e+01
Var    Value     Gradient |Var    Value     Gradient |Var    Value     Gradient
  1  0.13083  1.72322e+01 |  2 -0.00884  8.78532e+00 |  3 -0.02349  3.06888e-02
  4 -0.01646  7.30080e-02 |  5 -0.01113  3.19510e-02 |  6 -0.01191  3.46069e-02
  7 -0.00429  4.51236e-02 |  8  0.00779  7.54256e-02 |  9  0.00469  4.18162e-02
 10  0.00835  2.25163e-02 | 11 -0.00080  3.94365e-03 | 12 -0.00671 -1.35797e-02
 13 -0.00940  1.15041e-02 | 14 -0.01580  6.68334e-04 | 15 -0.01565  7.67855e-02
 16 -0.00774  1.28712e-01 | 17  0.00611  2.78244e-02 | 18  0.01010 -5.66479e-02
 19  0.00901 -4.24696e-02 | 20 -0.01007 -5.11561e-02 | 21 -0.01000 -1.41957e-02
 22 -0.00709  3.40345e-02 | 23 -0.02130  3.09770e-02 | 24 -0.01765 -3.23635e-02
 25  0.01564 -3.76057e-02 | 26  0.01774 -1.55201e-01 | 27  0.01513 -1.25534e-01
 28  0.01749 -8.92430e-02 | 29  0.00337 -2.55706e-02 | 30  0.01719 -2.54235e-02
 31  0.06524 -6.35540e-02 | 32  0.02768 -1.57145e-02 | 33  0.01516 -1.74256e-02
 34  0.02865  9.64854e-04 | 35  0.01812 -1.70154e-02 | 36  0.04528 -1.07470e-01
 37  0.01649 -4.16743e-02 | 38 -0.00362 -8.68667e-02 | 39 -0.00624 -6.63971e-02
 40 -0.00804  1.24748e-02 | 41 -0.00146  7.38952e-02 | 42  0.00989  1.54026e-01
 43  0.01052  1.15920e-01 | 44  0.00250  6.42112e-02 | 45  0.00057  6.29398e-02
 46  0.00185  8.08612e-03 | 47  0.01219  4.33974e-02 | 48  0.00184  1.18064e-01
 49 -0.02694  7.94727e-02 | 50 -0.02538  4.61107e-02 | 51 -0.01381  1.14889e-01
 52 -0.00273  1.78907e-02 | 53 -0.01135  6.92653e-02 | 54 -0.01107  4.42584e-02
 55 -0.03446  3.39311e-02 | 56 -0.02824  2.41043e-02 | 57 -0.01979  4.63838e-02
 58  0.00027  2.63867e-02 | 59 -0.00767 -1.25883e-03 | 60 -0.01135 -2.53340e-02
 61 -0.00904 -6.18382e-02 | 62 -0.00583  4.22033e-04 | 63 -0.00698 -3.40607e-02
 64 -0.01125  7.40785e-03 | 65 -0.00796  4.35457e-03 | 66 -0.00059 -2.93706e-02
 67  0.00002  1.51743e-02 | 68  0.00000  0.00000e+00 | 69 -0.69051  1.26136e+01
 70  0.37286  1.83939e-01 | 71  0.03490  1.93726e-04 | 72  0.20552 -8.16874e-01
 73 -0.77677 -8.58854e-03 | 74  0.20593  2.43474e-02 | 75  0.22513 -6.72113e+00
 76  0.08660 -1.44615e-01 | 77  0.16374  3.88331e+00 | 78  0.41743 -9.78953e-03
 79 -1.61034  2.00815e-02 | 80  0.18540  1.44886e+00 | 81 -0.02435  9.27735e-01
 82  0.12760 -6.75850e-01 | 83 -0.05628 -2.78439e-04 | 84  0.05772  1.24614e-01
 85 -0.01029  1.63553e+01 | 86 -0.05826  7.84373e-02 | 87  0.11937 -5.48627e-01
 88  0.42953  2.94580e-01 | 89 -0.10202  7.23176e-01 | 90  0.14164  9.21341e-02
 91 -0.62575  1.82554e-02 |
91 variables; iteration 220; function evaluation 301; phase 4
Function value 2.1570324e+02; maximum gradient component mag -4.5212e+00
Var    Value     Gradient |Var    Value     Gradient |Var    Value     Gradient
  1  0.13180 -3.07552e+00 |  2 -0.00107 -3.36265e+00 |  3 -0.02288 -9.11902e-03
  4 -0.01587 -2.78865e-02 |  5 -0.01047 -1.92910e-03 |  6 -0.01120 -2.34853e-02
  7 -0.00350 -1.73012e-02 |  8  0.00842 -3.78192e-02 |  9  0.00533 -5.51028e-03
 10  0.00877 -2.17962e-02 | 11 -0.00090 -1.51806e-02 | 12 -0.00718 -3.78301e-02
 13 -0.00936 -8.25080e-02 | 14 -0.01530 -6.54435e-02 | 15 -0.01497 -9.29585e-02
 16 -0.00706 -1.08435e-01 | 17  0.00688 -1.13049e-01 | 18  0.01021 -8.75521e-02
 19  0.00868 -5.68471e-02 | 20 -0.00983 -2.89863e-02 | 21 -0.01000 -4.17675e-02
 22 -0.00716 -2.09233e-02 | 23 -0.02091  1.85679e-04 | 24 -0.01704  6.49267e-02
 25  0.01508  1.80623e-01 | 26  0.01721  2.55111e-01 | 27  0.01441  2.11520e-01
 28  0.01708  1.90041e-01 | 29  0.00343  8.09333e-02 | 30  0.01714  3.39354e-02
 31  0.06467  8.63941e-02 | 32  0.02709  4.48153e-02 | 33  0.01490  5.60115e-02
 34  0.02859  9.12051e-02 | 35  0.01850  8.15349e-02 | 36  0.04560  1.67446e-01
 37  0.01634  9.35371e-02 | 38 -0.00386  6.50760e-02 | 39 -0.00679  5.88423e-02
 40 -0.00833  1.85517e-02 | 41 -0.00220  2.93475e-02 | 42  0.00960  6.04253e-02
 43  0.01089  9.67296e-02 | 44  0.00261  8.51709e-02 | 45  0.00018  6.87704e-02
 46  0.00144  2.24116e-02 | 47  0.01220  3.44035e-02 | 48  0.00186 -2.76247e-02
 49 -0.02665 -4.76109e-02 | 50 -0.02540 -5.87710e-02 | 51 -0.01447 -5.83838e-02
 52 -0.00283 -2.81719e-02 | 53 -0.01039 -5.15447e-02 | 54 -0.01024 -7.47125e-02
 55 -0.03437 -1.02605e-01 | 56 -0.02862 -1.02568e-01 | 57 -0.01971 -1.16662e-01
 58  0.00078 -1.31930e-01 | 59 -0.00728 -1.21502e-01 | 60 -0.01137 -1.20001e-01
 61 -0.00929 -1.37703e-01 | 62 -0.00629 -1.37085e-01 | 63 -0.00683 -9.73986e-02
 64 -0.01122 -7.59931e-02 | 65 -0.00749 -6.67777e-02 | 66 -0.00052  4.47300e-03
 67  0.00001  3.28863e-03 | 68  0.00000  0.00000e+00 | 69 -0.70447 -4.52117e+00
 70  0.35968  1.97361e-01 | 71  0.04488  6.79208e-02 | 72  0.20420 -9.86673e-01
 73  2.03624  1.79016e-04 | 74  0.13161 -2.76121e-02 | 75  0.22497  2.69667e+00
 76  0.08665 -1.19505e+00 | 77  0.16489 -1.44123e+00 | 78  0.41951 -9.61991e-02
 79 -1.45388  4.35882e-03 | 80  0.18667 -7.92192e-01 | 81 -0.08444  9.46613e-02
 82  0.12883 -1.62724e-01 | 83 -0.57088 -3.93253e-03 | 84  0.05582  3.76935e-01
 85 -0.03395  3.37453e+00 | 86 -0.37661 -2.09725e-03 | 87  0.10868 -5.37951e-01
 88  0.61557  2.39977e-01 | 89 -0.10389  2.67475e-01 | 90  0.13926 -4.15174e-02
 91 -0.62667 -7.58828e-03 |
91 variables; iteration 240; function evaluation 326; phase 4
Function value 2.1566858e+02; maximum gradient component mag 2.9414e+01
Var    Value     Gradient |Var    Value     Gradient |Var    Value     Gradient
  1  0.13237  2.94145e+01 |  2 -0.00204  8.51607e+00 |  3 -0.02253  1.02353e-02
  4 -0.01542  4.64528e-02 |  5 -0.00996  7.71087e-02 |  6 -0.01067 -3.83030e-04
  7 -0.00283  2.48691e-02 |  8  0.00913 -7.56417e-03 |  9  0.00599  2.47863e-02
 10  0.00922  1.30166e-02 | 11 -0.00076  1.34714e-01 | 12 -0.00730  7.52795e-02
 13 -0.00929 -1.38238e-01 | 14 -0.01502 -1.52665e-01 | 15 -0.01453 -1.59204e-01
 16 -0.00661 -1.94069e-01 | 17  0.00719 -2.50452e-01 | 18  0.01018 -2.69471e-01
 19  0.00867 -2.32476e-01 | 20 -0.00972 -1.82644e-01 | 21 -0.01008 -1.66696e-01
 22 -0.00724 -1.67531e-01 | 23 -0.02056 -1.64176e-01 | 24 -0.01680 -1.81102e-01
 25  0.01484  4.12843e-02 | 26  0.01669  1.92758e-01 | 27  0.01417  3.34203e-01
 28  0.01692  2.50232e-01 | 29  0.00341  6.26233e-02 | 30  0.01706 -3.25819e-02
 31  0.06438  1.09260e-01 | 32  0.02680  9.33011e-02 | 33  0.01484  1.82194e-01
 34  0.02855  1.98723e-01 | 35  0.01863  1.59922e-01 | 36  0.04571  4.20008e-01
 37  0.01640  3.59906e-01 | 38 -0.00400  2.24921e-01 | 39 -0.00706  3.14422e-01
 40 -0.00863  2.91212e-01 | 41 -0.00252  2.70357e-01 | 42  0.00951  2.46846e-01
 43  0.01106  2.08934e-01 | 44  0.00258  1.87268e-01 | 45  0.00008  1.73362e-01
 46  0.00117  2.86789e-04 | 47  0.01213  7.00456e-03 | 48  0.00194 -1.20954e-01
 49 -0.02664 -2.21639e-01 | 50 -0.02547 -1.42131e-01 | 51 -0.01463  1.55031e-02
 52 -0.00282  1.68240e-02 | 53 -0.00999 -1.00065e-01 | 54 -0.00990 -1.78973e-01
 55 -0.03428 -1.80756e-01 | 56 -0.02872 -1.26159e-01 | 57 -0.01961 -1.36686e-01
 58  0.00105 -1.67341e-01 | 59 -0.00714 -2.12113e-01 | 60 -0.01134 -1.89980e-01
 61 -0.00937 -1.94932e-01 | 62 -0.00650 -2.42621e-01 | 63 -0.00689 -2.60115e-01
 64 -0.01112 -2.34189e-01 | 65 -0.00737 -2.42914e-01 | 66 -0.00055 -2.84843e-02
 67  0.00001  6.04671e-03 | 68  0.00000  0.00000e+00 | 69 -0.70697  5.72954e+00
 70  0.35104  1.13015e+00 | 71  0.04856  7.48764e-01 | 72  0.20313 -4.45601e+00
 73  2.15690  7.90335e-04 | 74  0.11726  5.15631e-01 | 75  0.21996 -2.79724e+00
 76  0.08791  2.51351e+00 | 77  0.16382  6.89036e+00 | 78  0.44134  2.43844e-01
 79 -1.42683  4.34381e-03 | 80  0.18663 -9.67988e-01 | 81 -0.09135  6.54952e-02
 82  0.12921 -6.34554e-01 | 83 -0.37248 -2.08122e-03 | 84  0.05493  4.00476e-01
 85 -0.03676 -2.39280e-01 | 86 -0.41389 -2.38446e-03 | 87  0.10747  2.40702e-01
 88  0.62969  8.48826e-02 | 89 -0.10580  1.28817e-01 | 90  0.13802  1.36878e-02
 91 -0.62715  1.27626e-02 |
91 variables; iteration 260; function evaluation 348; phase 4
Function value 2.1566321e+02; maximum gradient component mag 8.1490e-01
Var    Value     Gradient |Var    Value     Gradient |Var    Value     Gradient
  1  0.13229  5.59286e-01 |  2 -0.00325  1.82310e-01 |  3 -0.02258 -7.39750e-04
  4 -0.01548  1.55178e-02 |  5 -0.01007  4.64389e-04 |  6 -0.01068  1.01242e-02
  7 -0.00287  1.09294e-02 |  8  0.00917  8.02452e-03 |  9  0.00598 -5.58516e-03
 10  0.00926 -7.12991e-03 | 11 -0.00080  1.72166e-03 | 12 -0.00722  1.38546e-02
 13 -0.00930  3.23575e-04 | 14 -0.01506 -5.15977e-03 | 15 -0.01460 -3.99144e-03
 16 -0.00666  1.25615e-02 | 17  0.00716 -4.44190e-03 | 18  0.01020 -5.20734e-03
 19  0.00870  1.27081e-02 | 20 -0.00976  1.21327e-03 | 21 -0.01007  5.70462e-04
 22 -0.00719  5.59467e-03 | 23 -0.02059  5.24508e-03 | 24 -0.01679  4.29263e-03
 25  0.01486  3.48703e-03 | 26  0.01679  9.44389e-03 | 27  0.01415  4.48871e-04
 28  0.01694  5.95162e-03 | 29  0.00339  7.85730e-03 | 30  0.01708  6.45796e-04
 31  0.06446  1.04446e-02 | 32  0.02684  9.14479e-03 | 33  0.01479  3.03540e-03
 34  0.02859  3.26014e-03 | 35  0.01864  3.77638e-03 | 36  0.04569  2.42117e-03
 37  0.01634  7.74989e-04 | 38 -0.00396 -9.39835e-04 | 39 -0.00706 -1.39425e-03
 40 -0.00859 -9.77225e-04 | 41 -0.00247 -3.13322e-03 | 42  0.00954 -8.93747e-03
 43  0.01105 -9.70038e-04 | 44  0.00256 -1.07789e-02 | 45  0.00005 -1.59405e-03
 46  0.00126 -1.33179e-03 | 47  0.01210 -5.61669e-03 | 48  0.00195  3.47818e-03
 49 -0.02659 -2.65582e-03 | 50 -0.02543 -6.55518e-03 | 51 -0.01464 -1.52491e-03
 52 -0.00285 -1.40248e-02 | 53 -0.01004  5.18488e-03 | 54 -0.00992 -6.89800e-03
 55 -0.03428 -7.85211e-04 | 56 -0.02872 -2.45865e-03 | 57 -0.01964 -2.70680e-03
 58  0.00102 -8.80105e-04 | 59 -0.00713  3.51930e-03 | 60 -0.01136 -3.50510e-03
 61 -0.00937  6.24824e-03 | 62 -0.00647 -3.27989e-03 | 63 -0.00688 -6.06593e-03
 64 -0.01116  3.51232e-03 | 65 -0.00743 -1.52333e-02 | 66 -0.00054 -1.42869e-02
 67  0.00000  2.15232e-03 | 68  0.00000  0.00000e+00 | 69 -0.70491  3.60942e-01
 70  0.35198  2.34175e-01 | 71  0.04644  8.14899e-01 | 72  0.20323 -5.76801e-02
 73  2.34345  1.88104e-03 | 74  0.10909  2.77290e-03 | 75  0.22060 -1.36973e-01
 76  0.08775 -6.70057e-02 | 77  0.16389  8.42972e-02 | 78  0.43850 -2.90306e-03
 79 -1.45036  4.32557e-03 | 80  0.18667  2.07332e-01 | 81 -0.09127  7.62935e-02
 82  0.12917 -5.44433e-02 | 83  0.03582  1.76933e-04 | 84  0.05492  3.01376e-03
 85 -0.03637 -2.02898e-01 | 86 -0.39448 -2.23392e-03 | 87  0.10762  3.98811e-03
 88  0.62640 -4.27719e-04 | 89 -0.10535  1.05831e-02 | 90  0.13818  2.42033e-03
 91 -0.62710 -6.79240e-03 |
91 variables; iteration 280; function evaluation 375; phase 4
Function value 2.1565988e+02; maximum gradient component mag 3.4874e+00
Var    Value     Gradient |Var    Value     Gradient |Var    Value     Gradient
  1  0.13220 -1.24326e+00 |  2 -0.00314  4.89471e-01 |  3 -0.02263  7.05154e-03
  4 -0.01556  1.37767e-02 |  5 -0.01016 -3.70966e-03 |  6 -0.01074  3.95755e-02
  7 -0.00297  2.94648e-02 |  8  0.00907  3.30213e-02 |  9  0.00587  8.02762e-03
 10  0.00919  1.25357e-02 | 11 -0.00084 -2.07076e-03 | 12 -0.00717  5.45853e-02
 13 -0.00931  6.99416e-02 | 14 -0.01511  5.78098e-02 | 15 -0.01468  5.28042e-02
 16 -0.00673  9.48356e-02 | 17  0.00711  9.84640e-02 | 18  0.01021  1.03288e-01
 19  0.00870  1.11622e-01 | 20 -0.00978  7.75917e-02 | 21 -0.01006  7.91428e-02
 22 -0.00717  1.16543e-01 | 23 -0.02063  1.14080e-01 | 24 -0.01682  1.05595e-01
 25  0.01491  3.58020e-02 | 26  0.01686 -6.26444e-02 | 27  0.01417 -1.41476e-01
 28  0.01696 -8.23368e-02 | 29  0.00339  2.55252e-03 | 30  0.01709  2.63974e-02
 31  0.06452  1.24853e-02 | 32  0.02690 -6.25238e-03 | 33  0.01478 -7.37099e-02
 34  0.02860 -7.84854e-02 | 35  0.01862 -7.84401e-02 | 36  0.04567 -1.79196e-01
 37  0.01632 -1.55682e-01 | 38 -0.00393 -9.72646e-02 | 39 -0.00702 -1.19303e-01
 40 -0.00853 -1.04786e-01 | 41 -0.00243 -1.02702e-01 | 42  0.00957 -9.32634e-02
 43  0.01102 -6.59520e-02 | 44  0.00256 -7.07496e-02 | 45  0.00005 -7.18772e-02
 46  0.00131 -2.57353e-02 | 47  0.01211 -2.41417e-02 | 48  0.00193  3.14666e-02
 49 -0.02657  7.07811e-02 | 50 -0.02540  4.21642e-02 | 51 -0.01463 -2.37133e-02
 52 -0.00286 -4.15599e-02 | 53 -0.01009  1.10481e-02 | 54 -0.00997  4.09694e-02
 55 -0.03429  5.57086e-02 | 56 -0.02872  2.75408e-02 | 57 -0.01966  2.62024e-02
 58  0.00098  4.20199e-02 | 59 -0.00715  7.28570e-02 | 60 -0.01137  6.59652e-02
 61 -0.00935  8.93035e-02 | 62 -0.00643  7.55505e-02 | 63 -0.00687  5.48785e-02
 64 -0.01119  4.69238e-02 | 65 -0.00746  3.09372e-02 | 66 -0.00052 -1.64310e-03
 67 -0.00000 -1.32666e-03 | 68  0.00000  0.00000e+00 | 69 -0.70446  5.17655e-01
 70  0.35399  1.99147e-04 | 71  0.04057  5.89919e-01 | 72  0.20351  1.21397e+00
 73  2.32696  1.77213e-03 | 74  0.10846 -2.86681e-02 | 75  0.22138  6.20112e-01
 76  0.08755  9.34688e-01 | 77  0.16406  2.81290e-01 | 78  0.43591  8.91255e-02
 79 -1.45539  4.32503e-03 | 80  0.18669  3.48738e+00 | 81 -0.09241  9.46078e-02
 82  0.12911 -4.77163e-01 | 83  0.11339  1.93009e-02 | 84  0.05505  6.19730e-02
 85 -0.03637 -3.62507e-01 | 86 -0.39243 -2.21856e-03 | 87  0.10755 -5.77395e-01
 88  0.62569 -3.94645e-02 | 89 -0.10506  1.38003e-02 | 90  0.13839  7.82407e-02
 91 -0.62702 -4.50366e-02 |
91 variables; iteration 300; function evaluation 395; phase 4
Function value 2.1565241e+02; maximum gradient component mag -7.3535e+00
Var    Value     Gradient |Var    Value     Gradient |Var    Value     Gradient
  1  0.13197 -7.35350e+00 |  2 -0.00302 -2.65365e+00 |  3 -0.02277 -1.86576e-02
  4 -0.01573 -2.76866e-02 |  5 -0.01026  1.94825e-02 |  6 -0.01100 -5.32683e-02
  7 -0.00322 -3.36286e-02 |  8  0.00875 -6.13124e-02 |  9  0.00562 -2.93206e-02
 10  0.00898 -4.15974e-02 | 11 -0.00076  3.51750e-02 | 12 -0.00715 -3.99094e-03
 13 -0.00935  2.95941e-02 | 14 -0.01521  3.34279e-02 | 15 -0.01480  2.59034e-02
 16 -0.00693  2.53416e-03 | 17  0.00695  1.70426e-02 | 18  0.01022  3.63906e-02
 19  0.00871 -6.35767e-04 | 20 -0.00979  1.76854e-02 | 21 -0.01006 -3.60643e-02
 22 -0.00720 -6.45212e-02 | 23 -0.02073 -4.74575e-02 | 24 -0.01695 -8.27490e-02
 25  0.01501 -4.94945e-02 | 26  0.01698 -1.71679e-02 | 27  0.01439  5.15156e-02
 28  0.01704 -1.88298e-02 | 29  0.00340 -1.88692e-02 | 30  0.01706 -7.73777e-02
 31  0.06462 -8.70946e-02 | 32  0.02702 -1.98126e-02 | 33  0.01488  4.48607e-03
 34  0.02855 -4.62006e-02 | 35  0.01853 -9.81659e-03 | 36  0.04562  5.37292e-02
 37  0.01640  8.70209e-02 | 38 -0.00390  4.21613e-02 | 39 -0.00687  5.24306e-02
 40 -0.00844  4.86136e-03 | 41 -0.00230 -3.44137e-03 | 42  0.00963 -3.48299e-04
 43  0.01091  6.88177e-03 | 44  0.00255  3.82765e-02 | 45  0.00019  3.12836e-02
 46  0.00132 -5.58770e-02 | 47  0.01217 -1.83748e-02 | 48  0.00189 -5.65577e-02
 49 -0.02664 -5.25512e-02 | 50 -0.02539  1.70396e-02 | 51 -0.01451  8.60768e-02
 52 -0.00280  1.01140e-01 | 53 -0.01026 -2.57593e-02 | 54 -0.01013 -6.27127e-02
 55 -0.03434 -1.53578e-02 | 56 -0.02865  2.78170e-02 | 57 -0.01968  3.22115e-02
 58  0.00088  8.70342e-03 | 59 -0.00723  2.86775e-03 | 60 -0.01137  2.41579e-02
 61 -0.00931  3.05045e-02 | 62 -0.00637  4.74043e-03 | 63 -0.00686  1.17215e-02
 64 -0.01122  2.89233e-02 | 65 -0.00752  1.92744e-02 | 66 -0.00052  6.31347e-03
 67 -0.00001 -9.36881e-03 | 68  0.00000  0.00000e+00 | 69 -0.70378 -2.04931e+00
 70  0.36045 -9.87772e-02 | 71 -0.00042  4.55227e-02 | 72  0.20443  6.13901e-01
 73  2.19406  9.88459e-04 | 74  0.10720 -9.34413e-03 | 75  0.22160  7.99648e-01
 76  0.08749 -9.42973e-01 | 77  0.16394 -2.15125e+00 | 78  0.43471 -8.30557e-02
 79 -1.46401  4.38822e-03 | 80  0.18673 -1.19458e+00 | 81 -0.09775  5.86772e-02
 82  0.12897  1.27588e-01 | 83 -0.53239 -3.47869e-03 | 84  0.05548  1.29133e-01
 85 -0.03564  2.82564e-02 | 86 -0.36806 -2.03495e-03 | 87  0.10789  4.53505e-01
 88  0.62393  1.55636e-02 | 89 -0.10482 -3.71623e-01 | 90  0.13891  9.60922e-02
 91 -0.62681 -3.33715e-02 |
91 variables; iteration 320; function evaluation 417; phase 4
Function value 2.1564887e+02; maximum gradient component mag 1.4916e+00
Var    Value     Gradient |Var    Value     Gradient |Var    Value     Gradient
  1  0.13191  1.49164e+00 |  2 -0.00304  5.79632e-01 |  3 -0.02280  2.55920e-03
  4 -0.01575  5.18794e-03 |  5 -0.01036 -3.34954e-03 |  6 -0.01102  5.55239e-03
  7 -0.00329  4.07859e-03 |  8  0.00871  9.56337e-03 |  9  0.00554  3.77289e-03
 10  0.00896  3.64687e-03 | 11 -0.00082 -8.47187e-03 | 12 -0.00712 -4.54008e-03
 13 -0.00936 -8.59129e-03 | 14 -0.01526 -6.83646e-03 | 15 -0.01486 -3.31318e-03
 16 -0.00696  2.55585e-03 | 17  0.00691 -7.05492e-03 | 18  0.01019 -1.37762e-02
 19  0.00874 -5.11549e-03 | 20 -0.00983 -4.12422e-03 | 21 -0.01004  2.14809e-03
 22 -0.00718  6.73165e-03 | 23 -0.02078  4.28060e-03 | 24 -0.01694  1.02960e-02
 25  0.01501  8.92397e-03 | 26  0.01705  9.17808e-03 | 27  0.01438  1.95748e-03
 28  0.01708  8.89258e-03 | 29  0.00338  2.10383e-03 | 30  0.01709  5.06744e-03
 31  0.06465  7.49498e-03 | 32  0.02705  5.16567e-03 | 33  0.01486  7.58081e-03
 34  0.02859  2.06179e-02 | 35  0.01853  1.50077e-02 | 36  0.04558  8.82714e-03
 37  0.01637 -3.86740e-03 | 38 -0.00386 -6.10254e-03 | 39 -0.00686 -1.15222e-02
 40 -0.00839 -3.59178e-03 | 41 -0.00227  2.95954e-03 | 42  0.00965  1.04672e-02
 43  0.01090  1.23215e-02 | 44  0.00253  5.07954e-03 | 45  0.00019  1.06360e-03
 46  0.00141  4.53336e-03 | 47  0.01214 -1.06168e-02 | 48  0.00189 -1.32834e-02
 49 -0.02661 -9.93614e-03 | 50 -0.02538 -1.42886e-02 | 51 -0.01451 -1.35767e-02
 52 -0.00286 -8.98860e-03 | 53 -0.01027  5.33244e-03 | 54 -0.01014  3.21956e-03
 55 -0.03435 -5.58703e-03 | 56 -0.02866 -1.00900e-02 | 57 -0.01970 -4.17112e-03
 58  0.00087  4.09479e-03 | 59 -0.00723  7.19927e-03 | 60 -0.01138  2.37601e-03
 61 -0.00931 -1.98011e-03 | 62 -0.00633 -2.47096e-04 | 63 -0.00684 -4.37253e-03
 64 -0.01123 -4.88255e-03 | 65 -0.00751 -3.89019e-03 | 66 -0.00053 -1.51565e-03
 67  0.00000  2.43261e-03 | 68  0.00000  0.00000e+00 | 69 -0.70340  5.38538e-01
 70  0.36232  3.87971e-02 | 71 -0.30079 -1.60401e-03 | 72  0.20469 -1.72524e-01
 73  2.03351  1.65508e-04 | 74  0.10681  7.01933e-04 | 75  0.22197 -2.54833e-01
 76  0.08739  7.05206e-02 | 77  0.16400  4.50291e-01 | 78  0.43333  9.40849e-03
 79 -1.47204  4.41908e-03 | 80  0.18689 -2.12614e-01 | 81 -0.15582  9.80623e-03
 82  0.12898  2.35259e-02 | 83 -0.14917 -7.49915e-04 | 84  0.05549 -2.53251e-02
 85 -0.03557 -3.28140e-02 | 86 -0.27387 -1.23270e-03 | 87  0.10787 -8.94274e-02
 88  0.62189 -1.60612e-03 | 89 -0.10427  4.02641e-02 | 90  0.13903 -1.78692e-02
 91 -0.62676  8.01744e-03 |
91 variables; iteration 340; function evaluation 437; phase 4
Function value 2.1564879e+02; maximum gradient component mag 1.4248e+00
Var    Value     Gradient |Var    Value     Gradient |Var    Value     Gradient
  1  0.13191  1.42483e+00 |  2 -0.00302  5.21655e-01 |  3 -0.02280  9.24450e-04
  4 -0.01575  4.15696e-03 |  5 -0.01035 -3.37406e-03 |  6 -0.01103 -2.93541e-03
  7 -0.00329 -3.43965e-03 |  8  0.00870  2.34552e-03 |  9  0.00554  1.15106e-03
 10  0.00896  5.14966e-03 | 11 -0.00082 -3.00069e-03 | 12 -0.00712 -4.89063e-03
 13 -0.00936 -1.43490e-02 | 14 -0.01526 -1.24757e-02 | 15 -0.01485 -5.01562e-03
 16 -0.00696 -3.02792e-03 | 17  0.00691 -1.27375e-02 | 18  0.01019 -2.18902e-02
 19  0.00873 -2.18751e-02 | 20 -0.00983 -2.02889e-02 | 21 -0.01004 -1.31628e-02
 22 -0.00719 -1.29801e-02 | 23 -0.02077 -9.83387e-03 | 24 -0.01695 -8.31704e-03
 25  0.01501 -1.16435e-02 | 26  0.01705 -5.23932e-03 | 27  0.01439  8.54263e-04
 28  0.01708  5.83518e-03 | 29  0.00338  1.60043e-03 | 30  0.01709  5.36992e-03
 31  0.06465  1.71608e-02 | 32  0.02705  1.35581e-02 | 33  0.01487  1.58218e-02
 34  0.02858  1.84083e-02 | 35  0.01852  1.00102e-02 | 36  0.04558  8.13863e-03
 37  0.01637  3.69501e-03 | 38 -0.00386 -9.21009e-04 | 39 -0.00686 -1.42516e-03
 40 -0.00839  4.75911e-03 | 41 -0.00227  1.08905e-02 | 42  0.00965  1.36842e-02
 43  0.01090  7.88652e-03 | 44  0.00253  5.05360e-03 | 45  0.00019  1.19471e-02
 46  0.00141  2.50694e-02 | 47  0.01215  3.10257e-02 | 48  0.00189  1.93312e-02
 49 -0.02662 -3.83331e-03 | 50 -0.02539 -2.08416e-02 | 51 -0.01452 -2.38166e-02
 52 -0.00286 -7.32918e-03 | 53 -0.01027  1.99155e-02 | 54 -0.01014  1.83474e-02
 55 -0.03435  1.44126e-03 | 56 -0.02866 -1.04019e-02 | 57 -0.01971 -1.04787e-02
 58  0.00087  1.88557e-03 | 59 -0.00724  7.26515e-03 | 60 -0.01138  6.38929e-03
 61 -0.00931 -3.94188e-03 | 62 -0.00633 -8.98237e-03 | 63 -0.00684 -8.72630e-03
 64 -0.01123 -6.62746e-03 | 65 -0.00751 -5.73139e-03 | 66 -0.00053 -1.03249e-03
 67  0.00000  7.39362e-04 | 68  0.00000  0.00000e+00 | 69 -0.70343  4.75787e-01
 70  0.36228  1.22894e-02 | 71 -0.33245 -1.80735e-03 | 72  0.20469 -1.16748e-01
 73  2.00419  2.07020e-05 | 74  0.10685  2.18686e-03 | 75  0.22196 -2.33284e-01
 76  0.08739  5.91247e-02 | 77  0.16400  4.18842e-01 | 78  0.43339  8.38518e-03
 79 -1.47233  4.42227e-03 | 80  0.18690  2.14800e-01 | 81 -0.16193  8.23811e-03
 82  0.12898 -3.47120e-02 | 83 -0.00014 -6.85731e-07 | 84  0.05548 -5.51219e-03
 85 -0.03553 -3.98464e-03 | 86 -0.26005 -1.04527e-03 | 87  0.10790  4.70602e-03
 88  0.62171  2.01743e-03 | 89 -0.10426  4.35504e-02 | 90  0.13903 -1.10957e-02
 91 -0.62676 -1.36893e-04 |
91 variables; iteration 360; function evaluation 457; phase 4
Function value 2.1564874e+02; maximum gradient component mag 4.8349e-01
Var    Value     Gradient |Var    Value     Gradient |Var    Value     Gradient
  1  0.13191  4.83489e-01 |  2 -0.00301  1.39993e-01 |  3 -0.02280  2.36328e-05
  4 -0.01576 -3.00197e-04 |  5 -0.01035 -1.51692e-04 |  6 -0.01103 -1.74461e-03
  7 -0.00329 -1.57454e-03 |  8  0.00870 -6.53360e-04 |  9  0.00554 -1.02887e-03
 10  0.00896 -3.20396e-05 | 11 -0.00081 -1.93450e-03 | 12 -0.00713 -4.14377e-03
 13 -0.00936 -6.25896e-03 | 14 -0.01526 -4.82666e-03 | 15 -0.01486 -5.06459e-03
 16 -0.00697 -9.41762e-03 | 17  0.00691 -9.27628e-03 | 18  0.01019 -9.05779e-03
 19  0.00873 -8.31224e-03 | 20 -0.00983 -6.25559e-03 | 21 -0.01004 -2.79382e-03
 22 -0.00719 -6.30119e-03 | 23 -0.02078 -7.97046e-03 | 24 -0.01695 -8.07029e-03
 25  0.01502 -6.64098e-03 | 26  0.01705 -5.43842e-04 | 27  0.01439  6.87841e-03
 28  0.01707  8.60156e-03 | 29  0.00338  4.50134e-03 | 30  0.01709  5.94458e-03
 31  0.06465  7.92334e-03 | 32  0.02705  5.04841e-03 | 33  0.01487  1.13722e-02
 34  0.02858  1.15843e-02 | 35  0.01852  8.90898e-03 | 36  0.04558  1.38580e-02
 37  0.01637  1.16079e-02 | 38 -0.00386  1.00569e-02 | 39 -0.00685  1.44192e-02
 40 -0.00839  1.31754e-02 | 41 -0.00227  9.57792e-03 | 42  0.00964  5.60038e-03
 43  0.01090  2.82066e-03 | 44  0.00253  2.25350e-03 | 45  0.00019  1.07608e-03
 46  0.00140 -3.74732e-04 | 47  0.01214 -4.72640e-03 | 48  0.00189 -4.95096e-03
 49 -0.02662 -6.29583e-03 | 50 -0.02538 -5.40711e-03 | 51 -0.01451 -5.28144e-03
 52 -0.00285 -9.15540e-03 | 53 -0.01028 -5.98576e-03 | 54 -0.01015 -4.60195e-03
 55 -0.03435 -3.79171e-03 | 56 -0.02865 -1.36654e-03 | 57 -0.01970 -2.46874e-03
 58  0.00086 -4.56276e-03 | 59 -0.00724 -8.09197e-03 | 60 -0.01138 -6.96908e-03
 61 -0.00931 -5.55938e-03 | 62 -0.00633 -2.94653e-03 | 63 -0.00684 -1.39391e-03
 64 -0.01123 -2.31844e-03 | 65 -0.00751 -2.32089e-03 | 66 -0.00053 -6.19688e-04
 67  0.00000 -1.83331e-04 | 68  0.00000  0.00000e+00 | 69 -0.70343  1.66876e-01
 70  0.36231  6.65230e-03 | 71 -0.31414 -1.68855e-03 | 72  0.20469 -3.79651e-02
 73  2.00097  4.77021e-06 | 74  0.10682  1.23611e-05 | 75  0.22196 -7.28972e-02
 76  0.08739 -2.24974e-02 | 77  0.16400  1.03506e-01 | 78  0.43338  9.93807e-04
 79 -1.47567  4.45992e-03 | 80  0.18690  9.53243e-02 | 81 -0.15959  8.85754e-03
 82  0.12898  2.85501e-02 | 83 -0.00063 -3.08917e-06 | 84  0.05549 -3.56969e-03
 85 -0.03552 -1.70399e-02 | 86 -0.20711  4.75836e-04 | 87  0.10790  6.47080e-02
 88  0.62174  2.75519e-03 | 89 -0.10428  2.24493e-02 | 90  0.13903 -1.80583e-02
 91 -0.62676  1.08108e-02 |
91 variables; iteration 380; function evaluation 495; phase 4
Function value 2.1558142e+02; maximum gradient component mag -7.0845e+00
Var    Value     Gradient |Var    Value     Gradient |Var    Value     Gradient
  1  0.13198 -7.08449e+00 |  2 -0.00212  4.37269e+00 |  3 -0.02279  2.14731e-02
  4 -0.01571  6.03913e-02 |  5 -0.01039  1.55711e-02 |  6 -0.01087  1.87979e-01
  7 -0.00318  1.74814e-01 |  8  0.00870  1.34147e-01 |  9  0.00556  1.23599e-01
 10  0.00884  4.97540e-02 | 11 -0.00092  1.21311e-01 | 12 -0.00700  3.55547e-01
 13 -0.00937  5.27006e-01 | 14 -0.01530  4.16402e-01 | 15 -0.01491  4.17120e-01
 16 -0.00674  7.45190e-01 | 17  0.00699  7.57363e-01 | 18  0.01020  7.97819e-01
 19  0.00876  7.75757e-01 | 20 -0.00975  5.71531e-01 | 21 -0.01016  3.24339e-01
 22 -0.00711  5.95011e-01 | 23 -0.02066  6.90847e-01 | 24 -0.01682  6.95213e-01
 25  0.01505  5.00755e-01 | 26  0.01710 -2.77536e-02 | 27  0.01418 -6.43188e-01
 28  0.01702 -7.25915e-01 | 29  0.00345 -3.71553e-01 | 30  0.01692 -4.49131e-01
 31  0.06468 -5.94108e-01 | 32  0.02716 -3.82377e-01 | 33  0.01453 -8.50795e-01
 34  0.02868 -7.99299e-01 | 35  0.01860 -6.25519e-01 | 36  0.04564 -1.07661e+00
 37  0.01629 -9.85340e-01 | 38 -0.00384 -8.93446e-01 | 39 -0.00704 -1.25735e+00
 40 -0.00847 -1.11584e+00 | 41 -0.00232 -8.08716e-01 | 42  0.00969 -5.26858e-01
 43  0.01099 -3.63231e-01 | 44  0.00255 -3.78407e-01 | 45  0.00018 -2.54543e-01
 46  0.00133 -3.60690e-02 | 47  0.01219  2.83634e-01 | 48  0.00189  4.12465e-01
 49 -0.02646  5.67375e-01 | 50 -0.02538  4.83195e-01 | 51 -0.01464  4.87296e-01
 52 -0.00267  7.92177e-01 | 53 -0.01017  5.21130e-01 | 54 -0.01007  3.69057e-01
 55 -0.03434  2.51321e-01 | 56 -0.02881  5.09276e-02 | 57 -0.01972  1.74665e-01
 58  0.00092  3.76857e-01 | 59 -0.00709  6.08856e-01 | 60 -0.01138  4.51272e-01
 61 -0.00932  3.21415e-01 | 62 -0.00639  1.63877e-01 | 63 -0.00693  8.31891e-02
 64 -0.01136  1.67259e-01 | 65 -0.00764  1.72994e-01 | 66 -0.00046  5.20876e-02
 67  0.00002  1.65358e-02 | 68  0.00000  0.00000e+00 | 69 -0.70604  2.25735e+00
 70  0.36111  9.23511e-01 | 71  0.00325  1.53420e-01 | 72  0.20457  2.12681e+00
 73  1.82488 -2.90260e-03 | 74  0.10786  7.64891e-02 | 75  0.22147  2.93190e-01
 76  0.08761  4.19237e+00 | 77  0.16395  4.14543e+00 | 78  0.42097  3.85854e-01
 79 -1.81000  9.22616e-01 | 80  0.18682 -6.66759e+00 | 81 -0.39194 -2.21786e-03
 82  0.12897 -1.89507e+00 | 83  0.10815  1.83942e-03 | 84  0.05548  3.17920e-02
 85 -0.03799 -9.91034e-01 | 86 -0.69520 -6.05226e-03 | 87  0.10647 -5.31386e+00
 88  0.63571 -1.70298e-01 | 89 -0.10607 -1.37893e+00 | 90  0.13894  1.43722e+00
 91 -0.62694 -9.17091e-01 |
91 variables; iteration 400; function evaluation 516; phase 4
Function value 2.1554164e+02; maximum gradient component mag -1.0781e-01
Var    Value     Gradient |Var    Value     Gradient |Var    Value     Gradient
  1  0.13196  7.12119e-02 |  2 -0.00371  7.85703e-02 |  3 -0.02281  1.32136e-03
  4 -0.01574  2.13635e-03 |  5 -0.01033  4.11187e-04 |  6 -0.01099  1.76684e-03
  7 -0.00326  1.48771e-03 |  8  0.00871  2.32059e-03 |  9  0.00554  1.44858e-03
 10  0.00895  7.90109e-04 | 11 -0.00083 -1.12016e-03 | 12 -0.00714 -2.87511e-04
 13 -0.00940  2.00271e-03 | 14 -0.01527  2.05751e-03 | 15 -0.01484  2.68653e-03
 16 -0.00690  5.26970e-03 | 17  0.00701  1.00751e-03 | 18  0.01021 -1.13090e-03
 19  0.00868  1.62419e-03 | 20 -0.00982  1.74080e-03 | 21 -0.01000  9.03775e-05
 22 -0.00715  7.65438e-05 | 23 -0.02076 -2.15709e-04 | 24 -0.01694 -2.18629e-04
 25  0.01503 -3.93317e-03 | 26  0.01706 -6.38774e-03 | 27  0.01437 -4.97865e-03
 28  0.01705 -3.95821e-03 | 29  0.00339 -4.44694e-03 | 30  0.01710 -7.11993e-03
 31  0.06465 -1.61713e-02 | 32  0.02699 -9.16811e-03 | 33  0.01484 -5.97450e-03
 34  0.02860 -4.13706e-04 | 35  0.01857 -2.81001e-04 | 36  0.04561 -4.58605e-03
 37  0.01631 -3.09687e-03 | 38 -0.00393 -2.77747e-03 | 39 -0.00690 -3.55755e-03
 40 -0.00841 -1.23969e-03 | 41 -0.00227  1.33833e-03 | 42  0.00965  6.93614e-03
 43  0.01100  9.97792e-03 | 44  0.00266  8.73931e-03 | 45  0.00020  6.03263e-03
 46  0.00129  2.92896e-03 | 47  0.01203 -1.59234e-03 | 48  0.00189 -1.98408e-03
 49 -0.02661  3.73216e-04 | 50 -0.02541 -1.32869e-04 | 51 -0.01455  1.18779e-03
 52 -0.00285 -1.39896e-04 | 53 -0.01023  3.35317e-03 | 54 -0.01011  2.40142e-03
 55 -0.03434  1.89657e-03 | 56 -0.02867  1.02952e-03 | 57 -0.01970  2.87893e-03
 58  0.00090  4.01914e-03 | 59 -0.00722  4.31789e-03 | 60 -0.01138  3.12943e-03
 61 -0.00932  1.04038e-03 | 62 -0.00634  2.75640e-03 | 63 -0.00684  7.11816e-04
 64 -0.01125  1.61741e-03 | 65 -0.00754  2.08741e-03 | 66 -0.00053 -2.72751e-04
 67  0.00000  6.72863e-04 | 68  0.00000  0.00000e+00 | 69 -0.70497  7.98096e-02
 70  0.36175  3.09252e-03 | 71 -0.12612 -4.22605e-04 | 72  0.20465 -3.91590e-02
 73  1.83886 -8.12627e-04 | 74  0.10662 -6.20688e-04 | 75  0.22201 -1.00708e-01
 76  0.08748 -8.22147e-02 | 77  0.16404  6.15269e-02 | 78  0.38306 -8.25970e-03
 79 -1.84761  6.80706e-03 | 80  0.18691 -1.07806e-01 | 81 -0.42417 -2.46539e-03
 82  0.12903 -4.99727e-03 | 83 -0.03447 -1.70293e-04 | 84  0.05540 -1.69655e-03
 85 -0.03565  2.21188e-02 | 86 -0.21614  6.36566e-05 | 87  0.10786 -2.71629e-02
 88  0.62242  1.34137e-03 | 89 -0.10445  3.97495e-03 | 90  0.13891  1.49172e-03
 91 -0.62681 -7.80549e-05 |
91 variables; iteration 420; function evaluation 536; phase 4
Function value 2.1554155e+02; maximum gradient component mag -1.4435e-02
Var    Value     Gradient |Var    Value     Gradient |Var    Value     Gradient
  1  0.13196 -1.44352e-02 |  2 -0.00371 -1.17176e-02 |  3 -0.02281 -1.21911e-04
  4 -0.01574 -1.98773e-04 |  5 -0.01033 -2.07955e-05 |  6 -0.01099 -3.05970e-04
  7 -0.00326 -2.42836e-04 |  8  0.00871 -2.29494e-04 |  9  0.00554 -2.17097e-04
 10  0.00895 -1.43307e-04 | 11 -0.00083 -1.08294e-04 | 12 -0.00714 -1.95896e-04
 13 -0.00940 -1.15087e-04 | 14 -0.01527 -3.51788e-05 | 15 -0.01484 -1.73339e-04
 16 -0.00691 -6.56769e-04 | 17  0.00701 -5.52094e-04 | 18  0.01021 -2.46024e-04
 19  0.00868 -2.28102e-04 | 20 -0.00982 -1.53328e-04 | 21 -0.01000  3.97848e-05
 22 -0.00715 -1.68747e-04 | 23 -0.02076 -1.34353e-04 | 24 -0.01694 -9.14438e-05
 25  0.01503  1.77586e-04 | 26  0.01706  1.48989e-04 | 27  0.01437  2.83798e-04
 28  0.01705  2.73094e-04 | 29  0.00339  4.59948e-04 | 30  0.01710  6.11910e-04
 31  0.06465  1.01159e-03 | 32  0.02699  6.10989e-04 | 33  0.01484  8.34964e-04
 34  0.02860  6.86478e-04 | 35  0.01857  5.17979e-04 | 36  0.04561  8.96016e-04
 37  0.01631  7.70299e-04 | 38 -0.00393  6.09165e-04 | 39 -0.00690  8.35256e-04
 40 -0.00841  5.01994e-04 | 41 -0.00227  1.89254e-04 | 42  0.00965 -6.97001e-05
 43  0.01100 -5.02079e-05 | 44  0.00266 -1.16319e-04 | 45  0.00020 -3.16952e-04
 46  0.00129 -5.29943e-04 | 47  0.01203 -6.51031e-04 | 48  0.00189 -3.81625e-04
 49 -0.02661 -3.36759e-04 | 50 -0.02541 -1.37332e-04 | 51 -0.01455 -2.07728e-04
 52 -0.00285 -6.93706e-04 | 53 -0.01023 -7.42814e-04 | 54 -0.01011 -5.02313e-04
 55 -0.03434 -1.47839e-04 | 56 -0.02867  1.10434e-04 | 57 -0.01970 -1.10447e-04
 58  0.00090 -4.74265e-04 | 59 -0.00722 -8.10231e-04 | 60 -0.01138 -6.03944e-04
 61 -0.00932 -2.83906e-04 | 62 -0.00635 -1.00427e-04 | 63 -0.00684  5.40414e-05
 64 -0.01125 -6.90455e-05 | 65 -0.00754 -1.63558e-04 | 66 -0.00053 -1.94819e-05
 67  0.00000 -5.13662e-05 | 68  0.00000  0.00000e+00 | 69 -0.70497  9.63081e-03
 70  0.36170  2.01816e-03 | 71 -0.08267  4.81117e-04 | 72  0.20464 -3.64407e-03
 73  2.00048  2.35302e-06 | 74  0.10663  1.32914e-04 | 75  0.22201  6.46014e-03
 76  0.08748  2.36054e-03 | 77  0.16404 -1.15071e-02 | 78  0.38352 -2.78933e-04
 79 -1.84750  3.34915e-03 | 80  0.18692  1.76793e-03 | 81 -0.41590 -2.39880e-03
 82  0.12903  2.83630e-03 | 83 -0.00032 -1.57260e-06 | 84  0.05540 -1.42015e-03
 85 -0.03565  3.69966e-03 | 86 -0.21912 -5.42516e-05 | 87  0.10786  6.02059e-03
 88  0.62241 -8.31347e-05 | 89 -0.10446  6.65200e-04 | 90  0.13890 -5.45512e-04
 91 -0.62681  4.40377e-04 |
91 variables; iteration 440; function evaluation 556; phase 4
Function value 2.1554155e+02; maximum gradient component mag 2.1977e-01
Var    Value     Gradient |Var    Value     Gradient |Var    Value     Gradient
  1  0.13196  2.19767e-01 |  2 -0.00371  1.04139e-01 |  3 -0.02281 -6.27898e-04
  4 -0.01575 -5.65832e-04 |  5 -0.01033  9.36291e-04 |  6 -0.01100 -3.22336e-03
  7 -0.00326 -1.63364e-03 |  8  0.00871 -2.23584e-03 |  9  0.00554 -5.47282e-04
 10  0.00895 -1.73924e-03 | 11 -0.00083  1.14148e-03 | 12 -0.00714 -1.57995e-03
 13 -0.00940 -1.78600e-03 | 14 -0.01527 -1.19923e-03 | 15 -0.01484 -8.22445e-05
 16 -0.00691 -7.14844e-04 | 17  0.00701 -2.50221e-03 | 18  0.01021 -1.70522e-03
 19  0.00868 -2.13727e-03 | 20 -0.00982 -7.43160e-04 | 21 -0.01000 -2.62398e-03
 22 -0.00715 -3.37117e-03 | 23 -0.02076 -8.83875e-04 | 24 -0.01694 -1.46001e-03
 25  0.01503  3.70741e-03 | 26  0.01706  2.60591e-03 | 27  0.01437  4.32795e-03
 28  0.01705  4.23429e-04 | 29  0.00340  9.31650e-04 | 30  0.01710 -3.00101e-03
 31  0.06465 -2.70670e-03 | 32  0.02699 -1.12563e-03 | 33  0.01484 -6.37436e-04
 34  0.02860 -2.18417e-03 | 35  0.01857 -1.06569e-03 | 36  0.04561  9.02765e-04
 37  0.01631  2.10159e-03 | 38 -0.00393 -1.66553e-03 | 39 -0.00690 -9.22502e-04
 40 -0.00841 -2.29598e-03 | 41 -0.00227 -2.45764e-04 | 42  0.00965  2.50039e-03
 43  0.01100  3.37653e-03 | 44  0.00266  3.85670e-03 | 45  0.00020  3.72052e-03
 46  0.00129 -1.69046e-04 | 47  0.01204  4.49738e-03 | 48  0.00189  2.04889e-03
 49 -0.02661 -1.86832e-03 | 50 -0.02541 -1.26488e-03 | 51 -0.01455  2.31830e-03
 52 -0.00285  4.62479e-03 | 53 -0.01023  2.33020e-03 | 54 -0.01011  7.41194e-07
 55 -0.03434  9.15222e-05 | 56 -0.02867 -6.05361e-05 | 57 -0.01970  1.99023e-05
 58  0.00090  4.79842e-05 | 59 -0.00722  8.33357e-04 | 60 -0.01138  2.53944e-03
 61 -0.00932  1.31327e-03 | 62 -0.00635 -1.36739e-03 | 63 -0.00684 -2.24759e-03
 64 -0.01125 -1.00890e-03 | 65 -0.00755 -2.15799e-03 | 66 -0.00053 -1.81981e-04
 67  0.00000 -3.57091e-04 | 68  0.00000  0.00000e+00 | 69 -0.70495  1.03825e-01
 70  0.36177  2.73874e-02 | 71 -0.08018  6.44562e-04 | 72  0.20465 -2.98345e-02
 73  1.99451 -2.71148e-05 | 74  0.10662 -3.13010e-04 | 75  0.22202 -5.03607e-02
 76  0.08748  1.38295e-02 | 77  0.16405  8.73679e-02 | 78  0.38347  8.03819e-04
 79 -1.84749 -2.96032e-03 | 80  0.18692 -7.64961e-02 | 81 -0.41409 -2.38442e-03
 82  0.12903  6.80717e-03 | 83 -0.00233 -1.15155e-05 | 84  0.05540 -2.93814e-03
 85 -0.03565 -2.45449e-04 | 86 -0.21638  5.30301e-05 | 87  0.10786  2.89143e-03
 88  0.62242 -4.97130e-04 | 89 -0.10446 -5.52670e-03 | 90  0.13891  7.07798e-03
 91 -0.62681 -1.86441e-03 |
91 variables; iteration 460; function evaluation 576; phase 4
Function value 2.1554125e+02; maximum gradient component mag 5.4600e-03
Var    Value     Gradient |Var    Value     Gradient |Var    Value     Gradient
  1  0.13196  2.16235e-05 |  2 -0.00369  1.22313e-05 |  3 -0.02281  6.11770e-08
  4 -0.01574  1.01255e-07 |  5 -0.01033  5.54190e-08 |  6 -0.01099 -6.31345e-08
  7 -0.00326 -1.25686e-07 |  8  0.00871 -1.19781e-07 |  9  0.00554 -3.77145e-08
 10  0.00895  1.84278e-07 | 11 -0.00083  5.19421e-07 | 12 -0.00714  4.17173e-07
 13 -0.00940  3.43059e-07 | 14 -0.01527  7.71807e-08 | 15 -0.01484  1.38567e-07
 16 -0.00691  3.41795e-07 | 17  0.00701  3.92651e-07 | 18  0.01021  3.32655e-07
 19  0.00868  1.90403e-07 | 20 -0.00982  1.58782e-07 | 21 -0.01000  4.14910e-07
 22 -0.00715  6.86496e-07 | 23 -0.02076  7.79743e-07 | 24 -0.01694  6.59330e-07
 25  0.01503  4.79241e-07 | 26  0.01706 -1.48112e-07 | 27  0.01437  1.79354e-08
 28  0.01705  7.58909e-07 | 29  0.00339  1.30075e-06 | 30  0.01710  1.21945e-06
 31  0.06465  9.04421e-07 | 32  0.02699  5.50175e-07 | 33  0.01484  6.05103e-07
 34  0.02860  7.23467e-07 | 35  0.01857  3.43345e-07 | 36  0.04561 -2.27245e-07
 37  0.01631 -2.50852e-07 | 38 -0.00393 -5.10237e-08 | 39 -0.00690  1.47397e-07
 40 -0.00841  7.26541e-08 | 41 -0.00227  1.47243e-07 | 42  0.00965  7.16846e-07
 43  0.01100  1.44336e-06 | 44  0.00266  1.74216e-06 | 45  0.00020  1.30764e-06
 46  0.00129  8.34531e-07 | 47  0.01203  4.59331e-07 | 48  0.00189 -3.21152e-07
 49 -0.02661 -5.61647e-07 | 50 -0.02541 -9.17194e-07 | 51 -0.01455 -1.82191e-06
 52 -0.00285 -2.40519e-06 | 53 -0.01023 -1.37088e-06 | 54 -0.01011 -5.26014e-07
 55 -0.03434  2.80806e-07 | 56 -0.02867  2.16369e-07 | 57 -0.01970 -2.49541e-07
 58  0.00090 -1.04850e-06 | 59 -0.00722 -1.20614e-06 | 60 -0.01138 -6.78428e-07
 61 -0.00932  3.38135e-07 | 62 -0.00635  6.55250e-07 | 63 -0.00684  5.10430e-07
 64 -0.01125  2.01880e-07 | 65 -0.00754  2.40283e-07 | 66 -0.00053 -5.51031e-08
 67  0.00000 -2.96651e-08 | 68  0.00000  0.00000e+00 | 69 -0.70500  2.73497e-05
 70  0.36172 -1.05863e-06 | 71 -0.09947 -1.84469e-07 | 72  0.20465  2.53955e-06
 73  2.00000 -1.43930e-09 | 74  0.10662 -2.98988e-08 | 75  0.22199  1.36000e-03
 76  0.08749  5.46004e-03 | 77  0.16404  6.40514e-06 | 78  0.38353  5.74646e-08
 79 -1.84754  1.38945e-06 | 80  0.18691  5.58388e-06 | 81 -0.22805  4.06053e-08
 82  0.12903 -1.75121e-06 | 83  0.00000  7.65412e-10 | 84  0.05540 -8.29231e-07
 85 -0.03566  4.35680e-07 | 86 -0.21771  3.11597e-10 | 87  0.10786  1.36360e-06
 88  0.62245  2.00723e-07 | 89 -0.10446  6.41737e-07 | 90  0.13890  2.93607e-07
 91 -0.62681  3.44817e-07 |
  ic > imax  in fminim is answer attained ?
Var    Value     Gradient |Var    Value     Gradient |Var    Value     Gradient
  1  0.13196  2.16235e-05 |  2 -0.00369  1.22313e-05 |  3 -0.02281  6.11770e-08
  4 -0.01574  1.01255e-07 |  5 -0.01033  5.54190e-08 |  6 -0.01099 -6.31345e-08
  7 -0.00326 -1.25686e-07 |  8  0.00871 -1.19781e-07 |  9  0.00554 -3.77145e-08
 10  0.00895  1.84278e-07 | 11 -0.00083  5.19421e-07 | 12 -0.00714  4.17173e-07
 13 -0.00940  3.43059e-07 | 14 -0.01527  7.71807e-08 | 15 -0.01484  1.38567e-07
 16 -0.00691  3.41795e-07 | 17  0.00701  3.92651e-07 | 18  0.01021  3.32655e-07
 19  0.00868  1.90403e-07 | 20 -0.00982  1.58782e-07 | 21 -0.01000  4.14910e-07
 22 -0.00715  6.86496e-07 | 23 -0.02076  7.79743e-07 | 24 -0.01694  6.59330e-07
 25  0.01503  4.79241e-07 | 26  0.01706 -1.48112e-07 | 27  0.01437  1.79354e-08
 28  0.01705  7.58909e-07 | 29  0.00339  1.30075e-06 | 30  0.01710  1.21945e-06
 31  0.06465  9.04421e-07 | 32  0.02699  5.50175e-07 | 33  0.01484  6.05103e-07
 34  0.02860  7.23467e-07 | 35  0.01857  3.43345e-07 | 36  0.04561 -2.27245e-07
 37  0.01631 -2.50852e-07 | 38 -0.00393 -5.10237e-08 | 39 -0.00690  1.47397e-07
 40 -0.00841  7.26541e-08 | 41 -0.00227  1.47243e-07 | 42  0.00965  7.16846e-07
 43  0.01100  1.44336e-06 | 44  0.00266  1.74216e-06 | 45  0.00020  1.30764e-06
 46  0.00129  8.34531e-07 | 47  0.01203  4.59331e-07 | 48  0.00189 -3.21152e-07
 49 -0.02661 -5.61647e-07 | 50 -0.02541 -9.17194e-07 | 51 -0.01455 -1.82191e-06
 52 -0.00285 -2.40519e-06 | 53 -0.01023 -1.37088e-06 | 54 -0.01011 -5.26014e-07
 55 -0.03434  2.80806e-07 | 56 -0.02867  2.16369e-07 | 57 -0.01970 -2.49541e-07
 58  0.00090 -1.04850e-06 | 59 -0.00722 -1.20614e-06 | 60 -0.01138 -6.78428e-07
 61 -0.00932  3.38135e-07 | 62 -0.00635  6.55250e-07 | 63 -0.00684  5.10430e-07
 64 -0.01125  2.01880e-07 | 65 -0.00754  2.40283e-07 | 66 -0.00053 -5.51031e-08
 67  0.00000 -2.96651e-08 | 68  0.00000  0.00000e+00 | 69 -0.70500  2.73497e-05
 70  0.36172 -1.05863e-06 | 71 -0.09947 -1.84469e-07 | 72  0.20465  2.53955e-06
 73  2.00000 -1.43930e-09 | 74  0.10662 -2.98988e-08 | 75  0.22199  1.36000e-03
 76  0.08749  5.46004e-03 | 77  0.16404  6.40514e-06 | 78  0.38353  5.74646e-08
 79 -1.84754  1.38945e-06 | 80  0.18691  5.58388e-06 | 81 -0.22805  4.06053e-08
 82  0.12903 -1.75121e-06 | 83  0.00000  7.65412e-10 | 84  0.05540 -8.29231e-07
 85 -0.03566  4.35680e-07 | 86 -0.21771  3.11597e-10 | 87  0.10786  1.36360e-06
 88  0.62245  2.00723e-07 | 89 -0.10446  6.41737e-07 | 90  0.13890  2.93607e-07
 91 -0.62681  3.44817e-07 |
Function minimizer not making progress ... is minimum attained?
Minimprove criterion = 0.0000e+00

 - final statistics:
91 variables; iteration 461; function evaluation 606
Function value 2.1554e+02; maximum gradient component mag 5.4600e-03
Exit code = 1;  converg criter 1.0000e-04
Var    Value     Gradient |Var    Value     Gradient |Var    Value     Gradient
  1  0.13196  2.16235e-05 |  2 -0.00369  1.22313e-05 |  3 -0.02281  6.11770e-08
  4 -0.01574  1.01255e-07 |  5 -0.01033  5.54190e-08 |  6 -0.01099 -6.31345e-08
  7 -0.00326 -1.25686e-07 |  8  0.00871 -1.19781e-07 |  9  0.00554 -3.77145e-08
 10  0.00895  1.84278e-07 | 11 -0.00083  5.19421e-07 | 12 -0.00714  4.17173e-07
 13 -0.00940  3.43059e-07 | 14 -0.01527  7.71807e-08 | 15 -0.01484  1.38567e-07
 16 -0.00691  3.41795e-07 | 17  0.00701  3.92651e-07 | 18  0.01021  3.32655e-07
 19  0.00868  1.90403e-07 | 20 -0.00982  1.58782e-07 | 21 -0.01000  4.14910e-07
 22 -0.00715  6.86496e-07 | 23 -0.02076  7.79743e-07 | 24 -0.01694  6.59330e-07
 25  0.01503  4.79241e-07 | 26  0.01706 -1.48112e-07 | 27  0.01437  1.79354e-08
 28  0.01705  7.58909e-07 | 29  0.00339  1.30075e-06 | 30  0.01710  1.21945e-06
 31  0.06465  9.04421e-07 | 32  0.02699  5.50175e-07 | 33  0.01484  6.05103e-07
 34  0.02860  7.23467e-07 | 35  0.01857  3.43345e-07 | 36  0.04561 -2.27245e-07
 37  0.01631 -2.50852e-07 | 38 -0.00393 -5.10237e-08 | 39 -0.00690  1.47397e-07
 40 -0.00841  7.26541e-08 | 41 -0.00227  1.47243e-07 | 42  0.00965  7.16846e-07
 43  0.01100  1.44336e-06 | 44  0.00266  1.74216e-06 | 45  0.00020  1.30764e-06
 46  0.00129  8.34531e-07 | 47  0.01203  4.59331e-07 | 48  0.00189 -3.21152e-07
 49 -0.02661 -5.61647e-07 | 50 -0.02541 -9.17194e-07 | 51 -0.01455 -1.82191e-06
 52 -0.00285 -2.40519e-06 | 53 -0.01023 -1.37088e-06 | 54 -0.01011 -5.26014e-07
 55 -0.03434  2.80806e-07 | 56 -0.02867  2.16369e-07 | 57 -0.01970 -2.49541e-07
 58  0.00090 -1.04850e-06 | 59 -0.00722 -1.20614e-06 | 60 -0.01138 -6.78428e-07
 61 -0.00932  3.38135e-07 | 62 -0.00635  6.55250e-07 | 63 -0.00684  5.10430e-07
 64 -0.01125  2.01880e-07 | 65 -0.00754  2.40283e-07 | 66 -0.00053 -5.51031e-08
 67  0.00000 -2.96651e-08 | 68  0.00000  0.00000e+00 | 69 -0.70500  2.73497e-05
 70  0.36172 -1.05863e-06 | 71 -0.09947 -1.84469e-07 | 72  0.20465  2.53955e-06
 73  2.00000 -1.43930e-09 | 74  0.10662 -2.98988e-08 | 75  0.22199  1.36000e-03
 76  0.08749  5.46004e-03 | 77  0.16404  6.40514e-06 | 78  0.38353  5.74646e-08
 79 -1.84754  1.38945e-06 | 80  0.18691  5.58388e-06 | 81 -0.22805  4.06053e-08
 82  0.12903 -1.75121e-06 | 83  0.00000  7.65412e-10 | 84  0.05540 -8.29231e-07
 85 -0.03566  4.35680e-07 | 86 -0.21771  3.11597e-10 | 87  0.10786  1.36360e-06
 88  0.62245  2.00723e-07 | 89 -0.10446  6.41737e-07 | 90  0.13890  2.93607e-07
 91 -0.62681  3.44817e-07 |
size of file gradfil1.tmp = 0
size of file gradfil2.tmp = 0
size of file varssave.tmp = 0
size of file cmpdiff.tmp = 0
