
Initial statistics: 6 variables; iteration 0; function evaluation 0; phase 1
Function value 4.4798303e+06; maximum gradient component mag -8.9017e+07
Var    Value     Gradient |Var    Value     Gradient |Var    Value     Gradient
  1  0.05168 -8.90173e+07 |  2 -0.01278 -1.07960e+06 |  3  0.00000 -2.76702e+02
  4  0.00000 -3.23269e-01 |  5  0.00000  0.00000e+00 |  6 -0.76499  8.05695e+03

Intermediate statistics: 6 variables; iteration 20; function evaluation 43; phase 1
Function value 3.8193717e+02; maximum gradient component mag -5.1435e+02
Var    Value     Gradient |Var    Value     Gradient |Var    Value     Gradient
  1  0.16724 -3.04895e+02 |  2 -0.39617 -5.14349e+02 |  3 -1.85450  1.06938e+02
  4  2.01155  8.63625e+00 |  5  0.00000  0.00000e+00 |  6 -1.47610  9.19392e+01
6 variables; iteration 40; function evaluation 65; phase 1
Function value 3.0721856e+02; maximum gradient component mag 1.5995e+02
Var    Value     Gradient |Var    Value     Gradient |Var    Value     Gradient
  1  0.16150  1.59947e+02 |  2 -0.06094 -8.06396e+01 |  3 -1.99568  1.42189e+00
  4  2.00030  5.93257e-02 |  5  0.00000  0.00000e+00 |  6 -1.13449  1.24223e+02
6 variables; iteration 60; function evaluation 85; phase 1
Function value 3.0620817e+02; maximum gradient component mag 1.5580e+03
Var    Value     Gradient |Var    Value     Gradient |Var    Value     Gradient
  1  0.15099  1.55804e+03 |  2  0.00799  6.93419e+02 |  3 -1.98288  1.16901e+01
  4  2.00102  6.09581e-01 |  5  0.00000  0.00000e+00 |  6 -1.11128 -1.39888e+03
Maximum number of function evaluations exceeded

 - final statistics:
6 variables; iteration 74; function evaluation 100
Function value 2.9210e+02; maximum gradient component mag 1.1708e+03
Exit code = 3;  converg criter 1.0000e+01
Var    Value     Gradient |Var    Value     Gradient |Var    Value     Gradient
  1  0.09899 -1.04541e+03 |  2  0.05772 -5.33651e+02 |  3 -1.98585  8.30504e+00
  4  2.00084  4.38815e-01 |  5  0.00000  0.00000e+00 |  6 -1.13599  1.17082e+03

Initial statistics: 60 variables; iteration 0; function evaluation 0; phase 2
Function value 2.9210160e+02; maximum gradient component mag -1.1708e+03
Var    Value     Gradient |Var    Value     Gradient |Var    Value     Gradient
  1  0.09899 -1.04541e+03 |  2  0.05772 -5.33651e+02 |  3  0.00000  4.54011e+01
  4  0.00000  4.83071e+01 |  5  0.00000  4.76686e+01 |  6  0.00000  4.12958e+01
  7  0.00000  3.30672e+01 |  8  0.00000  2.09737e+01 |  9  0.00000  2.33754e+01
 10  0.00000  3.37538e+01 | 11  0.00000  7.13398e+01 | 12  0.00000  9.46101e+01
 13  0.00000  9.25351e+01 | 14  0.00000  9.17177e+01 | 15  0.00000  7.45027e+01
 16  0.00000  2.97804e+01 | 17  0.00000  5.68543e+00 | 18  0.00000 -3.07240e+01
 19  0.00000 -8.94927e+01 | 20  0.00000 -1.42273e+02 | 21  0.00000 -2.21468e+02
 22  0.00000 -2.99833e+02 | 23  0.00000 -2.98274e+02 | 24  0.00000 -2.76145e+02
 25  0.00000 -2.79760e+02 | 26  0.00000 -2.67955e+02 | 27  0.00000 -2.70933e+02
 28  0.00000 -1.97427e+02 | 29  0.00000 -8.75555e+01 | 30  0.00000  1.07339e+01
 31  0.00000  7.43567e+01 | 32  0.00000  7.88137e+01 | 33  0.00000  3.60596e+01
 34  0.00000 -2.87625e+00 | 35  0.00000 -5.06191e+00 | 36  0.00000  8.91440e+00
 37  0.00000  1.86245e+01 | 38  0.00000  1.23386e+01 | 39  0.00000  3.86436e+01
 40  0.00000  1.12772e+02 | 41  0.00000  1.42656e+02 | 42  0.00000  1.34907e+02
 43  0.00000  1.01796e+02 | 44  0.00000  9.20523e+01 | 45  0.00000  9.10102e+01
 46  0.00000  1.48041e+02 | 47  0.00000  1.50948e+02 | 48  0.00000  1.20364e+02
 49  0.00000  7.02274e+01 | 50  0.00000  5.93993e+01 | 51  0.00000  6.72047e+01
 52  0.00000  6.61116e+01 | 53  0.00000  4.99599e+01 | 54  0.00000  2.19393e+01
 55  0.00000  7.89067e+00 | 56 -0.01415 -8.30504e+00 | 57 -0.00084 -4.38815e-01
 58  0.00000  0.00000e+00 | 59 -0.86401 -1.17082e+03 | 60  0.09974  1.86804e+02

Intermediate statistics: 60 variables; iteration 20; function evaluation 32; phase 2
Function value 2.3966803e+02; maximum gradient component mag -3.4525e+03
Var    Value     Gradient |Var    Value     Gradient |Var    Value     Gradient
  1  0.06554 -3.45252e+03 |  2  0.08856 -1.83567e+03 |  3 -0.03397 -2.14493e+01
  4 -0.02230 -1.74881e+01 |  5 -0.01790 -1.01393e+01 |  6 -0.01018  3.93248e+00
  7  0.00165  2.19416e+01 |  8  0.02033  4.29587e+01 |  9  0.01928  5.15164e+01
 10  0.02605  5.15977e+01 | 11  0.00102  3.03322e+01 | 12 -0.00871  1.68793e+01
 13  0.00226  1.30756e+01 | 14 -0.01276 -1.45694e-01 | 15 -0.02386 -6.73132e+00
 16  0.01853  1.36255e+01 | 17  0.00670  2.65161e+00 | 18 -0.00254 -1.66176e+01
 19  0.03479 -3.41360e+01 | 20 -0.03203 -6.09220e+01 | 21 -0.00941 -3.75269e+01
 22  0.09173  2.50832e+01 | 23  0.03650 -1.68198e+01 | 24 -0.04263 -6.72322e+01
 25  0.04803 -5.79434e+01 | 26 -0.02152 -3.94598e+01 | 27  0.07402  1.00074e+01
 28  0.02451 -1.30033e+01 | 29 -0.02196 -4.32564e+01 | 30 -0.01435 -4.35417e+01
 31 -0.01979 -2.98498e+01 | 32 -0.01570 -6.46492e+00 | 33  0.00028  2.40880e+01
 34  0.02287  5.93185e+01 | 35  0.01781  6.27699e+01 | 36  0.01181  5.68871e+01
 37  0.00806  5.64419e+01 | 38  0.02485  7.51222e+01 | 39  0.01916  6.18724e+01
 40 -0.02691  1.42896e+01 | 41 -0.02937  5.14390e+00 | 42 -0.02034  1.69364e+01
 43  0.00315  4.26628e+01 | 44 -0.00189  4.57114e+01 | 45  0.01239  4.32210e+01
 46 -0.03473  2.16330e+00 | 47 -0.02998 -3.96784e+00 | 48 -0.02167  1.96410e+00
 49  0.00911  1.81163e+01 | 50  0.00083  1.20208e+01 | 51 -0.01067 -1.92885e+00
 52 -0.01240 -1.11194e+01 | 53 -0.01369 -1.52409e+01 | 54 -0.00366 -9.33646e+00
 55 -0.01348 -6.41807e+00 | 56  0.00055  6.03657e+00 | 57  0.00006  3.39962e-01
 58  0.00000  0.00000e+00 | 59 -0.84462 -3.15582e+03 | 60  0.09406  2.26886e+01
60 variables; iteration 40; function evaluation 60; phase 2
Function value 2.2679563e+02; maximum gradient component mag -1.7856e+03
Var    Value     Gradient |Var    Value     Gradient |Var    Value     Gradient
  1  0.06386 -1.78561e+03 |  2  0.08744 -7.69719e+02 |  3 -0.01177  1.55554e+01
  4 -0.01176  1.28885e+01 |  5 -0.00948  1.59233e+01 |  6 -0.00546  1.90423e+01
  7 -0.00470  1.49299e+01 |  8  0.00331  1.14550e+01 |  9  0.00409  1.23325e+01
 10  0.01146  1.50003e+01 | 11 -0.00569  1.95934e+01 | 12 -0.01416  1.83045e+01
 13 -0.00812  1.97184e+01 | 14 -0.00826  2.67653e+01 | 15 -0.01553  1.39013e+01
 16  0.00908 -2.33620e+00 | 17  0.00256 -1.12515e+01 | 18  0.00127 -1.70453e+00
 19  0.02361  7.52425e+00 | 20  0.00830 -2.87662e+00 | 21 -0.00131 -2.31142e+01
 22  0.07447 -2.77868e+01 | 23  0.02053 -2.48395e+01 | 24  0.01645 -1.08487e+01
 25  0.04155  3.95068e+00 | 26  0.01257 -7.61847e+00 | 27  0.04245 -2.76699e+01
 28  0.03248 -2.28823e+01 | 29 -0.01234 -2.78342e+01 | 30 -0.00259 -1.40671e+01
 31 -0.01644 -1.41842e+01 | 32 -0.01514 -1.46228e+01 | 33  0.00115 -1.74055e+01
 34  0.00775 -2.38929e+01 | 35  0.00938 -1.08312e+01 | 36  0.00852 -2.07231e+00
 37  0.00615 -1.28884e+00 | 38  0.00837 -1.23844e+01 | 39  0.00739 -7.12554e+00
 40 -0.01863  6.74439e+00 | 41 -0.02463  4.68567e+00 | 42 -0.02306 -8.39635e-02
 43 -0.00452 -1.81371e-02 | 44 -0.00959  3.20637e+00 | 45  0.00312  6.50471e+00
 46 -0.03019  4.56392e+00 | 47 -0.02662  1.23928e+00 | 48 -0.02296 -2.58807e+00
 49 -0.00379 -6.61773e+00 | 50 -0.00546  4.35007e-02 | 51 -0.01252  4.49637e+00
 52 -0.00984  1.03466e+01 | 53 -0.00955  1.15346e+01 | 54 -0.00590  9.14801e+00
 55 -0.00620  1.00240e+01 | 56 -0.01324 -4.95699e+00 | 57 -0.00062 -1.65835e-01
 58  0.00000  0.00000e+00 | 59 -0.84044 -1.40073e+03 | 60  0.09728  2.25973e+01
60 variables; iteration 60; function evaluation 91; phase 2
Function value 2.2263928e+02; maximum gradient component mag -6.3991e+02
Var    Value     Gradient |Var    Value     Gradient |Var    Value     Gradient
  1  0.06354 -6.39913e+02 |  2  0.05922 -3.18972e+02 |  3 -0.01476 -8.90673e-01
  4 -0.01099 -1.07247e+00 |  5 -0.00810  6.51492e-01 |  6 -0.01119 -4.15628e+00
  7 -0.00692 -5.00253e+00 |  8  0.00459 -4.89952e+00 |  9  0.00646 -2.47838e+00
 10  0.01124 -7.19717e+00 | 11 -0.01509 -1.14929e+01 | 12 -0.00978 -1.81942e+00
 13 -0.00723 -8.82888e+00 | 14 -0.01994 -1.20339e+01 | 15 -0.01861 -4.74063e+00
 16  0.00894 -2.44503e+00 | 17  0.00961  4.01252e+00 | 18  0.00420 -5.30311e-01
 19  0.01373 -7.48670e+00 | 20  0.00852  3.67122e+00 | 21  0.02824  1.19294e+01
 22  0.05725 -1.04132e+00 | 23  0.04054  4.18876e+00 | 24  0.01887  8.94400e-01
 25  0.02637 -2.79025e+00 | 26  0.02170  6.66533e+00 | 27  0.04556  1.01964e+00
 28  0.02180  2.84724e+00 | 29  0.00808  1.57805e+01 | 30 -0.00817  7.37903e+00
 31 -0.01595  4.33371e+00 | 32 -0.01303  4.38044e+00 | 33 -0.00341 -6.13719e-01
 34  0.01423  4.34590e-01 | 35  0.00731 -4.69413e+00 | 36  0.00637 -6.66522e+00
 37 -0.00332 -1.08624e+01 | 38  0.01854 -4.12810e-01 | 39  0.00495 -5.18647e+00
 40 -0.01996  1.80781e+00 | 41 -0.03075 -5.07192e+00 | 42 -0.01643  6.53115e+00
 43 -0.00692 -3.62196e+00 | 44 -0.01123 -5.28306e+00 | 45  0.00107 -4.96859e+00
 46 -0.03198 -3.17791e+00 | 47 -0.02821 -7.99903e-03 | 48 -0.01555  1.31255e+01
 49 -0.00119  5.75184e+00 | 50 -0.00767  8.49969e-01 | 51 -0.01138  2.09294e+00
 52 -0.01036  1.78283e+00 | 53 -0.01276 -2.46992e+00 | 54 -0.00922 -4.20913e+00
 55 -0.00868  1.92089e+00 | 56  0.00544  1.14385e+01 | 57  0.00048  6.88781e-01
 58  0.00000  0.00000e+00 | 59 -0.82008 -5.60183e+02 | 60  0.09451 -1.65272e+01
Maximum number of function evaluations exceeded

 - final statistics:
60 variables; iteration 66; function evaluation 100
Function value 2.2232e+02; maximum gradient component mag -6.2570e+02
Exit code = 3;  converg criter 1.0000e+01
Var    Value     Gradient |Var    Value     Gradient |Var    Value     Gradient
  1  0.06342 -6.25702e+02 |  2  0.05569 -3.20616e+02 |  3 -0.01919 -5.80661e+00
  4 -0.00741  1.57398e+00 |  5 -0.00749  6.42253e-01 |  6 -0.01545 -8.73602e+00
  7 -0.00440 -3.40239e+00 |  8  0.00581 -4.54716e+00 |  9  0.00397 -4.85035e+00
 10  0.01408 -5.47307e+00 | 11 -0.01737 -1.35859e+01 | 12 -0.00752 -2.75273e-01
 13 -0.00870 -1.09593e+01 | 14 -0.01891 -1.20069e+01 | 15 -0.01977 -6.47208e+00
 16  0.01037 -2.50998e+00 | 17  0.00779  9.70498e-01 | 18  0.00554 -5.53568e-01
 19  0.01302 -8.46247e+00 | 20  0.00918  4.43172e+00 | 21  0.02880  1.29956e+01
 22  0.05687 -2.17435e-01 | 23  0.04151  5.64004e+00 | 24  0.01953  1.70317e+00
 25  0.02505 -3.58532e+00 | 26  0.02213  7.90187e+00 | 27  0.04652  3.80708e+00
 28  0.02164  3.65840e+00 | 29  0.00644  1.49467e+01 | 30 -0.00576  1.06018e+01
 31 -0.01848  3.09860e+00 | 32 -0.01108  8.39538e+00 | 33 -0.00393  1.51913e+00
 34  0.01435  3.25841e+00 | 35  0.00835 -1.53896e+00 | 36  0.00609 -5.28166e+00
 37 -0.00329 -9.66766e+00 | 38  0.01927  2.07255e+00 | 39  0.00507 -4.13720e+00
 40 -0.02103  9.81513e-01 | 41 -0.02867 -3.36770e+00 | 42 -0.01915  3.12829e+00
 43 -0.00451 -1.63844e+00 | 44 -0.01340 -6.98603e+00 | 45  0.00267 -3.22983e+00
 46 -0.03294 -4.28754e+00 | 47 -0.02680  3.70244e-01 | 48 -0.01871  8.49098e+00
 49  0.00150  7.75254e+00 | 50 -0.00910 -1.17249e+00 | 51 -0.01164  1.41256e+00
 52 -0.00949  2.37012e+00 | 53 -0.01256 -3.06495e+00 | 54 -0.01017 -6.00953e+00
 55 -0.00915  1.09626e+00 | 56  0.00203  8.57284e+00 | 57  0.00388  3.38381e+00
 58  0.00000  0.00000e+00 | 59 -0.81730 -5.48307e+02 | 60  0.09461 -1.63515e+01

Initial statistics: 81 variables; iteration 0; function evaluation 0; phase 3
Function value 2.2232176e+02; maximum gradient component mag -1.0145e+03
Var    Value     Gradient |Var    Value     Gradient |Var    Value     Gradient
  1  0.06342 -6.20780e+02 |  2  0.05569 -3.18045e+02 |  3 -0.01918 -5.35609e+00
  4 -0.00740  2.02811e+00 |  5 -0.00748  1.05980e+00 |  6 -0.01544 -8.09057e+00
  7 -0.00438 -2.96531e+00 |  8  0.00582 -3.94258e+00 |  9  0.00399 -4.25578e+00
 10  0.01409 -4.89305e+00 | 11 -0.01736 -1.30136e+01 | 12 -0.00751  1.20547e-01
 13 -0.00869 -1.03866e+01 | 14 -0.01890 -1.16129e+01 | 15 -0.01976 -6.00524e+00
 16  0.01038 -1.97392e+00 | 17  0.00780  1.35740e+00 | 18  0.00556 -1.37374e-02
 19  0.01303 -7.93563e+00 | 20  0.00919  4.97421e+00 | 21  0.02881  1.35979e+01
 22  0.05688  4.52108e-01 | 23  0.04153  6.31047e+00 | 24  0.01955  2.33425e+00
 25  0.02506 -3.00254e+00 | 26  0.02214  8.53944e+00 | 27  0.04653  4.62416e+00
 28  0.02165  4.41607e+00 | 29  0.00646  1.54561e+01 | 30 -0.00575  1.12252e+01
 31 -0.01846  3.56816e+00 | 32 -0.01107  9.09895e+00 | 33 -0.00392  2.18391e+00
 34  0.01436  4.03232e+00 | 35  0.00836 -8.42637e-01 | 36  0.00611 -4.62943e+00
 37 -0.00328 -8.97714e+00 | 38  0.01928  2.70216e+00 | 39  0.00508 -3.52593e+00
 40 -0.02102  1.38130e+00 | 41 -0.02866 -2.79287e+00 | 42 -0.01914  3.49112e+00
 43 -0.00450 -1.09704e+00 | 44 -0.01339 -6.38633e+00 | 45  0.00268 -2.71472e+00
 46 -0.03293 -3.77988e+00 | 47 -0.02679  8.35588e-01 | 48 -0.01870  8.83198e+00
 49  0.00152  8.10524e+00 | 50 -0.00909 -4.82651e-01 | 51 -0.01163  1.69759e+00
 52 -0.00948  2.84259e+00 | 53 -0.01255 -2.45378e+00 | 54 -0.01016 -5.56048e+00
 55 -0.00914  1.39394e+00 | 56  0.00203  8.46173e+00 | 57  0.00388  3.26800e+00
 58  0.00000  0.00000e+00 | 59 -0.81730 -5.43480e+02 | 60  0.20375  2.21016e+01
 61  0.10430  1.40358e+02 | 62  0.18961  1.82954e+02 | 63  0.00000  1.65823e-12
 64  0.06326  1.54952e+01 | 65  0.17418 -6.86682e+02 | 66  0.07530 -1.01451e+03
 67  0.16633 -1.92135e+02 | 68  0.00000 -1.01113e-02 | 69 -0.17934 -4.01632e+01
 70  0.14683 -6.06983e+00 | 71  0.07387  4.29283e+00 | 72  0.12880  4.22970e+01
 73  0.00000  1.37305e-29 | 74  0.03253  2.23721e+01 | 75 -0.06289 -7.86705e+01
 76 -0.23700 -1.56100e-03 | 77  0.10401  1.09342e+02 | 78  0.70672 -5.87797e+00
 79 -0.14795 -2.81307e+00 | 80  0.09461 -1.63915e+01 | 81 -0.65136  1.17430e+01

Intermediate statistics: 81 variables; iteration 20; function evaluation 29; phase 3
Function value 2.1936217e+02; maximum gradient component mag -1.8147e+02
Var    Value     Gradient |Var    Value     Gradient |Var    Value     Gradient
  1  0.06384 -1.81465e+02 |  2  0.01627 -5.99633e+01 |  3 -0.01584  3.96389e+00
  4 -0.00936  7.13830e+00 |  5 -0.00952  6.71720e+00 |  6 -0.01081  4.52942e+00
  7 -0.00436  7.26752e+00 |  8  0.00699  9.49711e+00 |  9  0.00537  1.06134e+01
 10  0.01472  1.05635e+01 | 11 -0.00973  3.68446e+00 | 12 -0.01255  3.85716e+00
 13 -0.00707 -2.36405e-01 | 14 -0.01592 -2.41550e+00 | 15 -0.02017 -3.95576e+00
 16  0.01018 -5.79007e+00 | 17  0.00667 -6.61785e+00 | 18  0.00142 -8.53330e+00
 19  0.01875 -8.50219e+00 | 20  0.00655 -3.50787e+00 | 21  0.01855 -1.23004e+00
 22  0.06620 -5.50186e+00 | 23  0.03317 -7.95738e+00 | 24  0.01804 -8.70660e+00
 25  0.03129 -1.05837e+01 | 26  0.01276 -8.93651e+00 | 27  0.04829 -1.33367e+01
 28  0.02462 -1.04752e+01 | 29  0.00045 -7.94477e+00 | 30 -0.00672 -7.77416e+00
 31 -0.01574 -8.01749e+00 | 32 -0.01509 -8.63025e+00 | 33 -0.00132 -1.09831e+01
 34  0.01199 -1.41173e+01 | 35  0.00684 -1.33661e+01 | 36  0.00593 -1.02622e+01
 37  0.00194 -7.14681e+00 | 38  0.01344 -4.24596e+00 | 39  0.00778 -1.25998e+00
 40 -0.02293  2.91546e+00 | 41 -0.02632  4.15611e+00 | 42 -0.02064  6.48316e+00
 43 -0.00396  4.92601e+00 | 44 -0.01165  3.49205e+00 | 45  0.00147  7.50981e+00
 46 -0.03091  6.92668e+00 | 47 -0.02513  1.00727e+01 | 48 -0.01971  1.38937e+01
 49  0.00100  1.58978e+01 | 50 -0.00659  1.15975e+01 | 51 -0.01138  1.05112e+01
 52 -0.01070  9.21197e+00 | 53 -0.01166  5.21027e+00 | 54 -0.00745  2.52541e+00
 55 -0.01135  2.26718e+00 | 56 -0.00448  1.78098e+00 | 57  0.00029  5.01727e-01
 58  0.00000  0.00000e+00 | 59 -0.79235 -1.13891e+02 | 60  0.19467 -2.19551e+01
 61  0.10811  5.39469e+01 | 62  0.18721  1.78824e+02 | 63  0.00101  4.99892e-06
 64  0.05225 -1.42234e+00 | 65  0.15414  1.51949e+01 | 66  0.09220  3.02800e-02
 67  0.15967  1.05820e+01 | 68 -0.00003 -1.27848e-07 | 69 -0.17647 -4.79226e+00
 70  0.14629  2.52827e+01 | 71  0.07433  7.40138e+00 | 72  0.12736 -2.25295e+01
 73  0.00000  2.38856e-29 | 74  0.03291  2.90206e+01 | 75 -0.06083  3.56449e+01
 76 -0.23700  8.69592e-04 | 77  0.10016 -3.42599e+01 | 78  0.71045  4.13852e+00
 79 -0.14936  9.30117e+00 | 80  0.09197 -2.79198e+01 | 81 -0.65515  1.20550e+01
81 variables; iteration 40; function evaluation 53; phase 3
Function value 2.1869206e+02; maximum gradient component mag -1.6185e+02
Var    Value     Gradient |Var    Value     Gradient |Var    Value     Gradient
  1  0.06337  1.47884e+01 |  2  0.00967 -1.13489e+02 |  3 -0.01792 -4.53321e+00
  4 -0.01122 -1.46050e+00 |  5 -0.00928  1.34768e+00 |  6 -0.00846  1.28439e+00
  7 -0.00610 -1.97288e+00 |  8  0.00475 -2.56327e+00 |  9  0.00451 -4.46562e-01
 10  0.01362  1.60608e+00 | 11 -0.00807  6.97575e-01 | 12 -0.01523 -2.84665e+00
 13 -0.00771 -4.68111e+00 | 14 -0.01542 -4.25048e+00 | 15 -0.02059 -3.60785e+00
 16  0.01051  1.23036e+00 | 17  0.00639  3.62235e+00 | 18  0.00330  6.29187e+00
 19  0.02233  1.03349e+01 | 20  0.00554  3.40825e+00 | 21  0.02025  4.56554e+00
 22  0.06587  4.26152e+00 | 23  0.03341 -1.27630e-01 | 24  0.02165  1.55216e+00
 25  0.02764 -2.05416e+00 | 26  0.01796  3.71513e+00 | 27  0.04675  3.92899e+00
 28  0.02636  5.59614e+00 | 29  0.00077  3.61543e+00 | 30 -0.00873  1.31762e+00
 31 -0.01405  4.33696e+00 | 32 -0.01504  2.77591e+00 | 33  0.00028  2.40042e+00
 34  0.01239 -3.29884e+00 | 35  0.00633 -6.56924e+00 | 36  0.00761 -3.20909e+00
 37  0.00331 -1.16167e+00 | 38  0.01354  1.45061e+00 | 39  0.00962  2.62754e+00
 40 -0.02425 -2.91420e+00 | 41 -0.02804 -6.35689e+00 | 42 -0.02274 -5.78797e+00
 43 -0.00360 -3.41535e+00 | 44 -0.01134 -1.86857e+00 | 45  0.00104  2.52825e+00
 46 -0.02866  4.24432e+00 | 47 -0.02306  4.22653e+00 | 48 -0.02224 -1.79727e+00
 49 -0.00247 -4.75848e+00 | 50 -0.00671 -3.09769e+00 | 51 -0.01151 -1.09688e+00
 52 -0.01154 -1.62854e+00 | 53 -0.01240 -4.26373e+00 | 54 -0.00726 -5.05926e+00
 55 -0.01214 -4.79614e+00 | 56 -0.00749 -1.22210e+00 | 57 -0.00052 -1.72704e-01
 58  0.00000  0.00000e+00 | 59 -0.78581 -1.61852e+02 | 60  0.18964 -1.73141e-01
 61  0.11014  2.95890e+01 | 62  0.18397  4.54963e+01 | 63  0.16240  9.41807e-04
 64  0.05274  1.37174e-01 | 65  0.15292  5.49222e+01 | 66  0.09292 -2.50669e-01
 67  0.15717 -6.89159e+01 | 68 -0.00372 -1.83616e-05 | 69 -0.16843 -6.80257e+00
 70  0.14751  1.78623e+01 | 71  0.07310  3.51357e+00 | 72  0.12762 -1.74498e+01
 73  0.00000  1.22327e-29 | 74  0.03098  1.37197e+01 | 75 -0.06299  1.39195e+01
 76 -0.23696  5.43233e-04 | 77  0.09969 -9.50975e+00 | 78  0.71944  3.29646e+00
 79 -0.15116  6.32953e+00 | 80  0.09360 -5.78506e+00 | 81 -0.65774  2.32593e+00
81 variables; iteration 60; function evaluation 80; phase 3
Function value 2.1816418e+02; maximum gradient component mag -2.5092e+02
Var    Value     Gradient |Var    Value     Gradient |Var    Value     Gradient
  1  0.06218 -2.50924e+02 |  2  0.00190 -1.16378e+02 |  3 -0.01679  1.87249e+00
  4 -0.01179  9.05697e-01 |  5 -0.01297 -4.87083e-01 |  6 -0.01212 -1.45276e-01
  7 -0.00665  7.95817e-01 |  8  0.00403  8.10759e-01 |  9  0.00304  9.71474e-01
 10  0.01291  1.06174e+00 | 11 -0.01037  4.89878e-01 | 12 -0.01493  1.32971e+00
 13 -0.00621  1.71109e+00 | 14 -0.01616 -5.55824e-01 | 15 -0.01983  6.44138e-01
 16  0.01173  1.23159e+00 | 17  0.00795  3.71804e-01 | 18  0.00310 -8.93334e-01
 19  0.02165 -7.10247e-01 | 20  0.00784 -4.78690e-01 | 21  0.01958 -3.31220e-01
 22  0.06787 -1.20260e-01 | 23  0.03752  1.85908e+00 | 24  0.01937  4.91885e-01
 25  0.03305  3.16907e-01 | 26  0.01265 -1.17112e+00 | 27  0.04908  8.22066e-02
 28  0.02539  1.27050e+00 | 29 -0.00023  8.88319e-01 | 30 -0.00631  1.42827e+00
 31 -0.01543 -8.85226e-02 | 32 -0.01326  1.07570e+00 | 33 -0.00007  7.02667e-02
 34  0.01295  5.19851e-01 | 35  0.00926  2.02232e+00 | 36  0.00931  1.20078e+00
 37  0.00512  5.67373e-02 | 38  0.01384 -1.68710e+00 | 39  0.00788 -1.42226e+00
 40 -0.02286  7.88871e-01 | 41 -0.02638 -1.70121e-01 | 42 -0.02266 -1.17774e+00
 43 -0.00388  6.81328e-02 | 44 -0.01044  5.59838e-01 | 45  0.00002 -2.74771e+00
 46 -0.03187 -2.97610e+00 | 47 -0.02556 -1.55670e+00 | 48 -0.02156  1.50184e-01
 49 -0.00208 -7.36507e-01 | 50 -0.00795 -9.85362e-01 | 51 -0.01261 -3.55694e-01
 52 -0.01171  7.60701e-02 | 53 -0.01185 -3.92403e-01 | 54 -0.00768 -7.65799e-01
 55 -0.01266  2.84663e-01 | 56 -0.00636 -4.39052e-01 | 57  0.00013  2.96234e-01
 58  0.00000  0.00000e+00 | 59 -0.77456 -1.45076e+02 | 60  0.19515  6.28906e+00
 61  0.10800  2.99218e+00 | 62  0.18388 -1.65174e+01 | 63  0.27963  1.15998e-01
 64  0.05533  3.17560e-01 | 65  0.15259  5.68463e+01 | 66  0.09238 -1.69920e+00
 67  0.15533 -8.91864e+01 | 68 -0.00599 -2.95626e-05 | 69 -0.18132 -1.08736e+01
 70  0.14543 -6.47903e+00 | 71  0.07512 -1.23392e+00 | 72  0.12623  9.27025e+00
 73  0.00000 -5.15437e-30 | 74  0.03067 -1.37721e+00 | 75 -0.06261 -6.04351e+00
 76 -0.23679 -1.67697e-04 | 77  0.09992  7.27898e+00 | 78  0.71592 -2.14593e-01
 79 -0.15004  1.50989e-01 | 80  0.09640  6.64830e-01 | 81 -0.65622 -3.46983e-01
Maximum number of function evaluations exceeded

 - final statistics:
81 variables; iteration 72; function evaluation 100
Function value 2.1806e+02; maximum gradient component mag -2.3497e+02
Exit code = 3;  converg criter 1.0000e+00
Var    Value     Gradient |Var    Value     Gradient |Var    Value     Gradient
  1  0.06209 -2.34970e+02 |  2 -0.00286 -7.20166e+01 |  3 -0.01791  5.93641e-01
  4 -0.01166  9.27916e-01 |  5 -0.01196  3.90037e-01 |  6 -0.01233 -6.67090e-01
  7 -0.00723 -6.42053e-01 |  8  0.00284 -1.09480e+00 |  9  0.00451  1.63620e+00
 10  0.01200 -2.43802e-01 | 11 -0.00958  4.86395e-01 | 12 -0.01514  4.75899e-01
 13 -0.00696  7.01224e-01 | 14 -0.01465  1.02833e+00 | 15 -0.02049 -8.83350e-01
 16  0.01166 -2.80458e+00 | 17  0.00733 -4.30352e+00 | 18  0.00324 -2.77826e+00
 19  0.02241 -9.03143e-01 | 20  0.00727 -9.63904e-01 | 21  0.01965 -1.93735e-01
 22  0.06926 -8.74113e-01 | 23  0.03610 -5.07598e-01 | 24  0.01965 -5.26701e-01
 25  0.03362 -1.29116e-01 | 26  0.01176 -1.52401e+00 | 27  0.04952  6.14211e-01
 28  0.02498  1.71591e+00 | 29  0.00118  2.25576e+00 | 30 -0.00731 -4.33721e-02
 31 -0.01449 -1.87105e-02 | 32 -0.01450 -1.10193e-01 | 33  0.00044  1.63990e+00
 34  0.01359  1.60087e+00 | 35  0.00816  6.97201e-02 | 36  0.00946  5.00570e-01
 37  0.00518  7.26936e-01 | 38  0.01498  1.02641e+00 | 39  0.00818  1.72077e-01
 40 -0.02474 -5.45725e-01 | 41 -0.02583  1.60459e+00 | 42 -0.02079  2.07952e+00
 43 -0.00493 -1.16639e+00 | 44 -0.01178 -9.34554e-01 | 45  0.00101 -8.20712e-01
 46 -0.03147 -1.28284e+00 | 47 -0.02611 -1.44510e+00 | 48 -0.02249 -2.76874e-01
 49 -0.00169  6.13309e-01 | 50 -0.00789  6.54309e-01 | 51 -0.01265  1.00794e+00
 52 -0.01228  9.53185e-01 | 53 -0.01130  1.84698e+00 | 54 -0.00734  1.50438e+00
 55 -0.01224  2.27063e+00 | 56 -0.00660 -6.12835e-01 | 57 -0.00142 -8.71384e-01
 58  0.00000  0.00000e+00 | 59 -0.76930 -8.81084e+01 | 60  0.19591  8.94595e+00
 61  0.10781  2.93729e+01 | 62  0.18417  4.41044e+00 | 63  0.18388  2.22144e-02
 64  0.05451 -2.54060e+00 | 65  0.15399  2.70088e+01 | 66  0.09063 -3.49646e+00
 67  0.15610 -4.36497e+01 | 68 -0.00594 -2.93371e-05 | 69 -0.18453 -7.54597e+00
 70  0.14578 -3.26395e-01 | 71  0.07506 -1.22820e-01 | 72  0.12606 -2.34008e+00
 73  0.00000 -1.70789e-30 | 74  0.03048 -2.40031e+00 | 75 -0.06234 -2.04214e+00
 76 -0.23659 -2.29805e-04 | 77  0.09967 -1.08322e+00 | 78  0.71459 -9.26894e-01
 79 -0.15044 -1.83333e+00 | 80  0.09668  5.45405e-01 | 81 -0.65591 -2.24227e-01

Initial statistics: 91 variables; iteration 0; function evaluation 0; phase 4
Function value 2.1805544e+02; maximum gradient component mag -2.3497e+02
Var    Value     Gradient |Var    Value     Gradient |Var    Value     Gradient
  1  0.06209 -2.34970e+02 |  2 -0.00286 -7.20166e+01 |  3  0.00000  1.83675e+01
  4  0.00000  2.12938e+01 |  5  0.00000  1.53147e+01 |  6  0.00000  9.18719e+00
  7  0.00000  1.13007e+01 |  8  0.00000  6.99138e+00 |  9  0.00000 -5.30621e+00
 10  0.00000 -3.18779e+00 | 11  0.00000 -6.30253e+00 | 12  0.00000  4.62616e+00
 13 -0.01791  5.29352e-01 | 14 -0.01166  8.63612e-01 | 15 -0.01196  3.25734e-01
 16 -0.01234 -7.31393e-01 | 17 -0.00723 -7.06365e-01 | 18  0.00284 -1.15912e+00
 19  0.00451  1.57189e+00 | 20  0.01200 -3.08106e-01 | 21 -0.00958  4.22087e-01
 22 -0.01514  4.11602e-01 | 23 -0.00696  6.36912e-01 | 24 -0.01465  9.64033e-01
 25 -0.02049 -9.47632e-01 | 26  0.01166 -2.86889e+00 | 27  0.00733 -4.36783e+00
 28  0.00324 -2.84258e+00 | 29  0.02241 -9.67418e-01 | 30  0.00727 -1.02822e+00
 31  0.01965 -2.58020e-01 | 32  0.06926 -9.38048e-01 | 33  0.03610 -5.71810e-01
 34  0.01965 -5.90985e-01 | 35  0.03362 -1.93341e-01 | 36  0.01176 -1.58831e+00
 37  0.04952  5.50090e-01 | 38  0.02498  1.65164e+00 | 39  0.00118  2.19144e+00
 40 -0.00731 -1.07683e-01 | 41 -0.01449 -8.30091e-02 | 42 -0.01450 -1.74491e-01
 43  0.00044  1.57558e+00 | 44  0.01359  1.53657e+00 | 45  0.00816  5.41018e-03
 46  0.00946  4.36262e-01 | 47  0.00517  6.62623e-01 | 48  0.01498  9.62113e-01
 49  0.00817  1.07767e-01 | 50 -0.02474 -6.09991e-01 | 51 -0.02583  1.54033e+00
 52 -0.02080  2.01524e+00 | 53 -0.00493 -1.23070e+00 | 54 -0.01178 -9.98858e-01
 55  0.00101 -8.85027e-01 | 56 -0.03147 -1.34708e+00 | 57 -0.02611 -1.50936e+00
 58 -0.02249 -3.41149e-01 | 59 -0.00169  5.48994e-01 | 60 -0.00789  5.89998e-01
 61 -0.01265  9.43636e-01 | 62 -0.01228  8.88882e-01 | 63 -0.01130  1.78267e+00
 64 -0.00734  1.44007e+00 | 65 -0.01224  2.20633e+00 | 66 -0.00660 -6.12835e-01
 67 -0.00142 -8.71384e-01 | 68  0.00000  0.00000e+00 | 69 -0.76930 -8.81084e+01
 70  0.19591  8.94595e+00 | 71  0.10781  2.93729e+01 | 72  0.18417  4.41044e+00
 73  0.18388  2.22144e-02 | 74  0.05451 -2.54060e+00 | 75  0.15399  2.70088e+01
 76  0.09063 -3.49646e+00 | 77  0.15610 -4.36497e+01 | 78 -0.00594 -2.93371e-05
 79 -0.18453 -7.54597e+00 | 80  0.14578 -3.26395e-01 | 81  0.07506 -1.22820e-01
 82  0.12606 -2.34008e+00 | 83  0.00000 -1.70789e-30 | 84  0.03048 -2.40031e+00
 85 -0.06234 -2.04214e+00 | 86 -0.23659 -2.29805e-04 | 87  0.09967 -1.08322e+00
 88  0.71459 -9.26894e-01 | 89 -0.15044 -1.83333e+00 | 90  0.09668  5.45405e-01
 91 -0.65591 -2.24227e-01 |

Intermediate statistics: 91 variables; iteration 20; function evaluation 28; phase 4
Function value 2.1742313e+02; maximum gradient component mag 5.3068e+01
Var    Value     Gradient |Var    Value     Gradient |Var    Value     Gradient
  1  0.06187  5.30682e+01 |  2 -0.00705 -4.22365e+00 |  3 -0.00983  1.03679e+01
  4 -0.01089  1.19975e+01 |  5 -0.00804  8.98708e+00 |  6 -0.00491  5.74802e+00
  7 -0.00617  6.93780e+00 |  8 -0.00421  4.65042e+00 |  9  0.00343 -1.74733e+00
 10  0.00189 -1.33932e-01 | 11  0.00442 -1.26185e+00 | 12 -0.00102  4.90025e+00
 13 -0.01598 -2.06347e+00 | 14 -0.01104 -3.20312e+00 | 15 -0.01301 -5.68992e+00
 16 -0.01418 -8.34506e+00 | 17 -0.00929 -9.27135e+00 | 18  0.00194 -9.09310e+00
 19  0.00339 -5.25918e+00 | 20  0.01199 -4.25113e+00 | 21 -0.00978 -3.16792e+00
 22 -0.01535 -3.76712e+00 | 23 -0.00696 -4.04546e+00 | 24 -0.01567 -3.52573e+00
 25 -0.02112 -4.62792e+00 | 26  0.01113 -6.26961e+00 | 27  0.00774 -7.08418e+00
 28  0.00331 -5.23476e+00 | 29  0.02246 -1.54782e+00 | 30  0.00885 -3.43163e-01
 31  0.02122  1.50609e+00 | 32  0.07116  5.51573e+00 | 33  0.03715  1.89289e+00
 34  0.02004 -4.93222e-01 | 35  0.03296 -4.62233e-01 | 36  0.01238 -1.15720e+00
 37  0.04929  5.46525e+00 | 38  0.02520  6.30785e+00 | 39  0.00083  4.96212e+00
 40 -0.00721  2.27528e+00 | 41 -0.01460  8.89070e-01 | 42 -0.01423  7.43340e-01
 43  0.00029  2.55879e+00 | 44  0.01325  2.90051e+00 | 45  0.00916  1.16038e+00
 46  0.01037  9.32496e-01 | 47  0.00633 -2.49254e-02 | 48  0.01515 -9.57359e-01
 49  0.00753 -3.14528e+00 | 50 -0.02482 -3.88495e+00 | 51 -0.02634 -1.87429e+00
 52 -0.02119 -8.87919e-01 | 53 -0.00453 -3.34587e+00 | 54 -0.01271 -5.99550e+00
 55 -0.00059 -7.92360e+00 | 56 -0.03160 -6.57087e+00 | 57 -0.02578 -5.74729e+00
 58 -0.02288 -4.37831e+00 | 59 -0.00268 -3.23581e+00 | 60 -0.00836 -2.32982e+00
 61 -0.01279 -1.30022e+00 | 62 -0.01201 -8.58456e-01 | 63 -0.01117 -4.61076e-01
 64 -0.00687 -1.36512e+00 | 65 -0.01256 -2.20763e+00 | 66 -0.00635 -3.85844e-01
 67 -0.00090 -4.74109e-01 | 68  0.00000  0.00000e+00 | 69 -0.76175 -1.10964e+01
 70  0.20154  1.11127e+01 | 71  0.10539  1.52406e+01 | 72  0.18496 -1.61060e+01
 73  0.18029  2.08405e-01 | 74  0.05841  1.57250e+00 | 75  0.16655 -5.43786e-01
 76  0.08398  3.30453e+00 | 77  0.16028  9.97100e+00 | 78 -0.00594 -2.93362e-05
 79 -0.18163 -1.72061e-01 | 80  0.14999  2.33099e+00 | 81  0.05790 -1.09183e-02
 82  0.12737 -3.22171e+00 | 83 -0.00000 -9.95620e-31 | 84  0.03110 -2.55078e+00
 85 -0.06198 -4.72455e+00 | 86 -0.23659 -3.71207e-04 | 87  0.09960 -4.44319e-01
 88  0.71401 -1.47901e+00 | 89 -0.14952 -2.82292e+00 | 90  0.09856  7.80509e+00
 91 -0.65491 -2.78221e+00 |
91 variables; iteration 40; function evaluation 51; phase 4
Function value 2.1724154e+02; maximum gradient component mag 6.4214e+01
Var    Value     Gradient |Var    Value     Gradient |Var    Value     Gradient
  1  0.06200  1.94798e+01 |  2 -0.00935  6.42142e+01 |  3 -0.01461  5.56730e+00
  4 -0.01697  5.56724e+00 |  5 -0.01195  4.44494e+00 |  6 -0.00725  2.45286e+00
  7 -0.00890  3.41871e+00 |  8 -0.00396  3.83251e+00 |  9  0.00520 -1.81495e+00
 10  0.00431 -8.50355e-02 | 11  0.00606 -2.59393e+00 | 12 -0.00241  1.00428e+00
 13 -0.01612 -6.26145e-01 | 14 -0.00960  7.35461e-01 | 15 -0.01164 -8.60296e-01
 16 -0.01351 -3.99995e+00 | 17 -0.00937 -6.08594e+00 | 18  0.00268 -6.09552e+00
 19  0.00376 -3.42246e+00 | 20  0.01192 -3.47093e+00 | 21 -0.00967 -1.11081e+00
 22 -0.01498 -3.02115e-01 | 23 -0.00604  8.28745e-02 | 24 -0.01546 -1.56082e+00
 25 -0.02070 -3.87447e+00 | 26  0.01067 -8.31379e+00 | 27  0.00851 -8.05811e+00
 28  0.00354 -6.21851e+00 | 29  0.02166 -4.79790e+00 | 30  0.00881 -2.13026e+00
 31  0.02043 -1.70379e+00 | 32  0.07033 -3.43028e+00 | 33  0.03633 -3.43950e+00
 34  0.01998 -3.48764e+00 | 35  0.03266 -4.04252e+00 | 36  0.01301 -3.10234e+00
 37  0.04904 -3.47823e+00 | 38  0.02457 -2.98042e+00 | 39  0.00032 -2.63517e+00
 40 -0.00729 -4.12748e+00 | 41 -0.01479 -4.34420e+00 | 42 -0.01431 -4.44840e+00
 43 -0.00011 -5.07431e+00 | 44  0.01258 -6.36765e+00 | 45  0.00843 -5.19448e+00
 46  0.00943 -2.50539e+00 | 47  0.00630  1.16842e+00 | 48  0.01577  3.26520e+00
 49  0.00801  1.60512e+00 | 50 -0.02532 -9.91780e-01 | 51 -0.02663  1.30308e+00
 52 -0.02090  4.32486e+00 | 53 -0.00436  3.90230e+00 | 54 -0.01214  2.07157e+00
 55  0.00005  8.46977e-02 | 56 -0.03193 -1.72410e+00 | 57 -0.02631 -1.15309e+00
 58 -0.02252  2.10541e+00 | 59 -0.00187  5.48249e+00 | 60 -0.00790  5.65714e+00
 61 -0.01268  5.13025e+00 | 62 -0.01191  4.10241e+00 | 63 -0.01174  2.63312e+00
 64 -0.00747  1.12758e+00 | 65 -0.01311  5.34658e-01 | 66 -0.00642 -4.25060e-01
 67 -0.00084 -4.28950e-01 | 68  0.00000  0.00000e+00 | 69 -0.75959  6.09643e+01
 70  0.20264  1.87920e+01 | 71  0.10455  4.36138e+01 | 72  0.18548 -6.25556e-01
 73  0.02588 -4.99046e-02 | 74  0.06108  1.64161e+00 | 75  0.16394 -2.38111e+01
 76  0.08514  1.42212e+01 | 77  0.15882  3.87016e+01 | 78 -0.00594 -2.92972e-05
 79 -0.18477  4.41003e+00 | 80  0.14910  1.20801e+00 | 81  0.04992 -1.28170e+00
 82  0.12688 -8.16943e+00 | 83  0.00000 -8.45033e-31 | 84  0.03157 -1.03086e+00
 85 -0.06398 -6.83227e+00 | 86 -0.23656 -2.51207e-04 | 87  0.09861  1.15547e+00
 88  0.72406 -6.54126e-01 | 89 -0.15253 -3.14809e+00 | 90  0.09777  2.21035e+00
 91 -0.65555 -1.45819e+00 |
91 variables; iteration 60; function evaluation 79; phase 4
Function value 2.1708889e+02; maximum gradient component mag -2.3428e+01
Var    Value     Gradient |Var    Value     Gradient |Var    Value     Gradient
  1  0.06208 -2.20126e+01 |  2 -0.01193 -4.33032e+00 |  3 -0.02029  7.15746e-01
  4 -0.02295  2.63839e-01 |  5 -0.01669  3.48085e-01 |  6 -0.01047 -3.47857e-01
  7 -0.01321 -3.28098e-01 |  8 -0.00840  6.33816e-02 |  9  0.00728 -5.98128e-01
 10  0.00482  4.72044e-01 | 11  0.00887 -3.41013e-01 | 12 -0.00467 -9.15060e-01
 13 -0.01500 -4.52535e-01 | 14 -0.01067 -5.23716e-01 | 15 -0.01175  3.31077e-01
 16 -0.01250  1.53692e-01 | 17 -0.00766 -3.62509e-01 | 18  0.00440 -4.06467e-01
 19  0.00339 -5.72077e-01 | 20  0.01283 -4.76367e-01 | 21 -0.01014 -6.16129e-01
 22 -0.01504 -3.44652e-01 | 23 -0.00687 -7.66457e-01 | 24 -0.01555 -6.50348e-02
 25 -0.02082 -2.69639e-01 | 26  0.01125 -9.19066e-01 | 27  0.00916 -6.30511e-01
 28  0.00395 -6.99314e-01 | 29  0.02145 -8.72330e-01 | 30  0.00850 -3.27634e-01
 31  0.02121  2.66170e-01 | 32  0.06957 -1.09012e+00 | 33  0.03643 -7.74199e-01
 34  0.02038 -2.22491e-02 | 35  0.03238 -8.86707e-03 | 36  0.01389  4.53240e-01
 37  0.04864  4.27743e-01 | 38  0.02449  1.55223e-01 | 39 -0.00068 -1.20053e-01
 40 -0.00709  3.54392e-01 | 41 -0.01461  4.13589e-01 | 42 -0.01369  7.23318e-01
 43 -0.00025  1.35805e-01 | 44  0.01271  3.94970e-03 | 45  0.00972  5.08633e-01
 46  0.00965 -4.64778e-02 | 47  0.00584  1.47029e-01 | 48  0.01459  1.94918e-01
 49  0.00768  5.40740e-02 | 50 -0.02476 -6.59894e-01 | 51 -0.02731 -4.07922e-01
 52 -0.02186  8.83275e-01 | 53 -0.00433  5.71067e-01 | 54 -0.01281 -4.71729e-01
 55 -0.00013 -2.29360e-01 | 56 -0.03023  6.18177e-01 | 57 -0.02517 -2.75819e-01
 58 -0.02356 -1.24289e+00 | 59 -0.00288 -4.07045e-03 | 60 -0.00833  7.21939e-01
 61 -0.01340  4.47822e-01 | 62 -0.01272  1.40705e-01 | 63 -0.01213  2.65275e-01
 64 -0.00707  5.41805e-01 | 65 -0.01302  2.50681e-01 | 66 -0.00588  4.26243e-02
 67 -0.00047 -1.45031e-01 | 68  0.00000  0.00000e+00 | 69 -0.75572 -4.29453e+00
 70  0.20116 -1.12949e+01 | 71  0.10516 -2.34276e+01 | 72  0.18499  6.55567e+00
 73  0.07210  4.42106e-02 | 74  0.06014  4.20679e-01 | 75  0.16981  4.94612e+00
 76  0.08150  5.09377e+00 | 77  0.16057 -3.58728e+00 | 78 -0.00589 -2.90570e-05
 79 -0.18338 -4.32583e-01 | 80  0.14991 -7.06948e-01 | 81  0.05291 -1.08418e-01
 82  0.12726  1.93743e+00 | 83 -0.00000 -7.91711e-31 | 84  0.03201 -2.47439e-01
 85 -0.06191 -1.02724e+00 | 86 -0.23642 -9.71028e-05 | 87  0.09977 -3.74548e-01
 88  0.71510  2.13223e-01 | 89 -0.14835  7.72104e-01 | 90  0.09807  1.19372e-02
 91 -0.65470 -1.15764e-01 |
91 variables; iteration 80; function evaluation 110; phase 4
Function value 2.1707298e+02; maximum gradient component mag -1.4796e+02
Var    Value     Gradient |Var    Value     Gradient |Var    Value     Gradient
  1  0.06207 -1.47963e+02 |  2 -0.01329 -6.62561e+01 |  3 -0.02158 -4.27542e-01
  4 -0.02366 -3.48172e-01 |  5 -0.01850 -1.18054e+00 |  6 -0.00974  4.85676e-01
  7 -0.01354 -4.15956e-01 |  8 -0.00922 -5.61128e-01 |  9  0.00823 -8.28715e-02
 10  0.00335 -8.20074e-01 | 11  0.00939  2.53812e-01 | 12 -0.00360  5.73308e-01
 13 -0.01517  3.35358e-01 | 14 -0.01010  6.69030e-01 | 15 -0.01237  1.30795e-01
 16 -0.01330 -2.18074e-01 | 17 -0.00669  1.14602e+00 | 18  0.00409  4.46401e-01
 19  0.00390  9.08258e-01 | 20  0.01248  3.16245e-01 | 21 -0.00926  1.06687e+00
 22 -0.01509  5.07403e-01 | 23 -0.00692 -6.58488e-03 | 24 -0.01536  5.11855e-01
 25 -0.02091 -1.53560e-01 | 26  0.01098 -7.41121e-01 | 27  0.00963  5.74164e-01
 28  0.00334 -4.57777e-01 | 29  0.02197  1.78157e-01 | 30  0.00899  2.40773e-01
 31  0.02002 -4.62453e-01 | 32  0.07006 -4.73113e-02 | 33  0.03683  4.61590e-01
 34  0.02007  1.39597e-01 | 35  0.03240 -3.75756e-01 | 36  0.01343 -2.27704e-01
 37  0.04884  1.00989e-01 | 38  0.02408 -3.72400e-02 | 39 -0.00009  5.75376e-01
 40 -0.00723  2.78218e-01 | 41 -0.01439  3.65507e-01 | 42 -0.01432 -2.21209e-01
 43  0.00024  7.13749e-01 | 44  0.01281  4.28871e-01 | 45  0.00903  9.59247e-02
 46  0.01052  5.55208e-01 | 47  0.00561 -2.71283e-01 | 48  0.01450 -2.76256e-01
 49  0.00747 -3.42336e-02 | 50 -0.02427  3.24207e-01 | 51 -0.02672  2.70186e-01
 52 -0.02288 -9.75281e-01 | 53 -0.00461 -7.43957e-01 | 54 -0.01236 -1.77879e-01
 55  0.00013  1.04608e-01 | 56 -0.03107 -1.93910e-01 | 57 -0.02555 -1.13622e-01
 58 -0.02144  1.80838e+00 | 59 -0.00362 -5.16483e-01 | 60 -0.00878 -4.81529e-01
 61 -0.01330 -1.78616e-01 | 62 -0.01280 -4.44822e-01 | 63 -0.01217 -8.81130e-02
 64 -0.00747  8.20876e-02 | 65 -0.01284  5.52210e-01 | 66 -0.00573  1.59881e-01
 67 -0.00000  2.07790e-01 | 68  0.00000  0.00000e+00 | 69 -0.75454 -6.32983e+01
 70  0.20243 -2.26236e+00 | 71  0.10468 -1.25545e+00 | 72  0.18531  6.82248e+00
 73  0.07668  2.95288e-03 | 74  0.05920 -8.79002e-01 | 75  0.16801  2.88247e+01
 76  0.08130 -8.90084e-01 | 77  0.15975 -4.43425e+01 | 78 -0.00572 -2.82478e-05
 79 -0.18211 -6.02225e+00 | 80  0.14941  1.06472e+00 | 81  0.05862 -1.23375e-02
 82  0.12692 -3.47731e+00 | 83  0.00000 -9.76962e-31 | 84  0.03220  3.75628e-01
 85 -0.06076  8.18278e-01 | 86 -0.23599 -3.62912e-05 | 87  0.10044  2.11104e-01
 88  0.71231 -5.33261e-02 | 89 -0.14862 -4.21072e-01 | 90  0.09819 -6.18428e-02
 91 -0.65439  1.82198e-01 |
91 variables; iteration 100; function evaluation 150; phase 4
Function value 2.1701895e+02; maximum gradient component mag -3.5990e+01
Var    Value     Gradient |Var    Value     Gradient |Var    Value     Gradient
  1  0.06206 -1.19603e+01 |  2 -0.01011 -3.45849e+01 |  3 -0.02172 -1.00586e-01
  4 -0.02369  1.64640e-01 |  5 -0.01886 -8.83685e-01 |  6 -0.00973  1.22979e+00
  7 -0.01372  2.29695e-01 |  8 -0.00976 -4.04948e-02 |  9  0.00910  1.83930e+00
 10  0.00368  5.80461e-01 | 11  0.00851  7.96903e-01 | 12 -0.00353  1.70351e+00
 13 -0.01529 -3.16968e-03 | 14 -0.00928  1.29590e+00 | 15 -0.01339 -8.93949e-01
 16 -0.01252  8.18960e-02 | 17 -0.00735  1.89650e-01 | 18  0.00445  3.77505e-01
 19  0.00366  5.17802e-01 | 20  0.01274  1.02948e+00 | 21 -0.00987  7.14844e-01
 22 -0.01515  5.87787e-01 | 23 -0.00625  7.92350e-01 | 24 -0.01599  5.94669e-01
 25 -0.02077  9.78893e-01 | 26  0.01138  1.61000e+00 | 27  0.00914  1.91971e+00
 28  0.00391  1.55663e+00 | 29  0.02195  1.82486e+00 | 30  0.00876  4.46917e-01
 31  0.01983 -1.26067e-01 | 32  0.07061  2.47445e+00 | 33  0.03681  1.31374e+00
 34  0.01920 -1.64180e-01 | 35  0.03312  7.02979e-01 | 36  0.01358 -1.92025e-01
 37  0.04835 -9.31036e-02 | 38  0.02431  2.71693e-01 | 39  0.00011  8.23408e-01
 40 -0.00763 -1.82368e-01 | 41 -0.01462 -4.86104e-02 | 42 -0.01357  2.40088e-01
 43 -0.00056 -3.46530e-01 | 44  0.01317  4.96866e-01 | 45  0.00928 -2.66427e-01
 46  0.01010 -1.04788e-01 | 47  0.00547 -5.43553e-01 | 48  0.01528  5.27257e-01
 49  0.00684 -6.48532e-01 | 50 -0.02385  3.33721e-01 | 51 -0.02678 -6.52130e-02
 52 -0.02244 -9.49907e-01 | 53 -0.00528 -1.74549e+00 | 54 -0.01173  2.89507e-01
 55  0.00036  2.50827e-01 | 56 -0.03213 -1.95030e+00 | 57 -0.02445  4.00296e-01
 58 -0.02229  4.35954e-01 | 59 -0.00261 -1.98460e-01 | 60 -0.00956 -2.03072e+00
 61 -0.01309 -8.93168e-01 | 62 -0.01251 -9.12952e-01 | 63 -0.01228 -1.21014e+00
 64 -0.00738 -1.26092e+00 | 65 -0.01346 -1.39456e+00 | 66 -0.00597 -1.72198e-02
 67 -0.00064 -2.71242e-01 | 68  0.00000  0.00000e+00 | 69 -0.75469 -3.59899e+01
 70  0.20335  5.79186e+00 | 71  0.10436  6.59968e+00 | 72  0.18542 -7.92032e+00
 73  0.08495 -2.35877e-02 | 74  0.05923 -3.31930e-01 | 75  0.17745  2.18021e+01
 76  0.07287  4.47430e+00 | 77  0.16299 -2.23605e+01 | 78 -0.00491 -2.42325e-05
 79 -0.17704 -2.65920e+00 | 80  0.15003  3.86232e+00 | 81  0.07104 -1.20139e-01
 82  0.12718 -6.59195e+00 | 83  0.00000 -1.55208e-30 | 84  0.03206  1.32144e+00
 85 -0.06032  1.43876e+00 | 86 -0.23411  5.65833e-05 | 87  0.10072  5.70560e-01
 88  0.71127 -1.92488e-01 | 89 -0.14882 -8.99839e-01 | 90  0.09732 -4.05260e-01
 91 -0.65688 -2.14917e+00 |
91 variables; iteration 120; function evaluation 173; phase 4
Function value 2.1698658e+02; maximum gradient component mag 1.8948e+01
Var    Value     Gradient |Var    Value     Gradient |Var    Value     Gradient
  1  0.06207  1.59615e+01 |  2 -0.01106  5.34611e+00 |  3 -0.02117  5.30905e-02
  4 -0.02338  6.28100e-02 |  5 -0.01722  1.17151e-01 |  6 -0.01047 -3.10508e-02
  7 -0.01315  8.75793e-02 |  8 -0.00874  1.36146e-01 |  9  0.00765 -6.47791e-02
 10  0.00402  9.33111e-02 | 11  0.00883  1.16502e-01 | 12 -0.00435  1.34355e-02
 13 -0.01495 -4.89876e-02 | 14 -0.01050 -1.39636e-01 | 15 -0.01215  4.15765e-02
 16 -0.01278 -1.18765e-01 | 17 -0.00749 -6.60200e-02 | 18  0.00430 -8.39377e-02
 19  0.00374 -6.49747e-03 | 20  0.01261 -2.79231e-02 | 21 -0.00997 -5.43437e-02
 22 -0.01526 -6.97603e-02 | 23 -0.00638 -1.11413e-01 | 24 -0.01582 -1.83449e-03
 25 -0.02104 -6.84279e-02 | 26  0.01146  2.43969e-02 | 27  0.00914  4.04416e-02
 28  0.00402  4.08807e-03 | 29  0.02151 -2.47392e-02 | 30  0.00871  4.07757e-03
 31  0.02082  6.50607e-02 | 32  0.06990 -4.33977e-02 | 33  0.03661 -4.71330e-02
 34  0.02013  4.94830e-02 | 35  0.03254 -5.96399e-02 | 36  0.01364 -5.10358e-02
 37  0.04864  1.54043e-02 | 38  0.02442 -4.21336e-02 | 39 -0.00057 -9.89017e-02
 40 -0.00724 -1.64993e-02 | 41 -0.01454 -5.23169e-02 | 42 -0.01393 -1.43232e-01
 43 -0.00009 -4.57480e-02 | 44  0.01265 -1.65814e-01 | 45  0.00970  2.37627e-02
 46  0.00984 -3.23353e-02 | 47  0.00591  1.31275e-02 | 48  0.01456  2.52609e-02
 49  0.00753  9.50300e-02 | 50 -0.02442 -8.20766e-04 | 51 -0.02704  3.79034e-03
 52 -0.02232  1.53478e-01 | 53 -0.00450  1.87543e-01 | 54 -0.01245  2.76453e-03
 55 -0.00010 -7.13540e-03 | 56 -0.03065  1.36431e-01 | 57 -0.02518 -1.04011e-01
 58 -0.02278 -7.54692e-02 | 59 -0.00305 -2.29371e-02 | 60 -0.00860  1.13245e-01
 61 -0.01343  3.26011e-02 | 62 -0.01263 -1.30143e-02 | 63 -0.01214  2.51767e-02
 64 -0.00725  4.91152e-04 | 65 -0.01299 -4.84093e-02 | 66 -0.00599 -2.25705e-02
 67 -0.00022  4.66796e-02 | 68  0.00000  0.00000e+00 | 69 -0.75200  5.07107e+00
 70  0.20198 -7.09761e-01 | 71  0.10490 -2.01799e+00 | 72  0.18511 -5.32292e-01
 73  0.09032  8.69643e-03 | 74  0.06008  3.49186e-01 | 75  0.18043  1.72858e+01
 76  0.06963  1.89477e+01 | 77  0.16376  2.91303e+00 | 78 -0.00080 -1.10199e-06
 79 -0.17610  6.57657e-01 | 80  0.14918  9.80943e-01 | 81  0.07220  2.81347e-01
 82  0.12690 -1.50451e+00 | 83  0.00000 -3.04159e-31 | 84  0.03201  2.44979e-01
 85 -0.06126 -1.61876e-01 | 86 -0.23777 -1.37356e-04 | 87  0.10014 -3.61538e-02
 88  0.71337  1.50510e-02 | 89 -0.14844  1.07129e-01 | 90  0.09823  2.17523e-02
 91 -0.65434  1.97207e-01 |
91 variables; iteration 140; function evaluation 194; phase 4
Function value 2.1698578e+02; maximum gradient component mag 1.6967e-01
Var    Value     Gradient |Var    Value     Gradient |Var    Value     Gradient
  1  0.06208 -3.07422e-02 |  2 -0.01119 -1.50080e-02 |  3 -0.02116 -7.03515e-05
  4 -0.02337 -7.52867e-05 |  5 -0.01727 -1.14755e-04 |  6 -0.01034 -1.14561e-04
  7 -0.01315 -9.60124e-05 |  8 -0.00879 -1.01774e-04 |  9  0.00786 -1.62697e-04
 10  0.00403 -2.71208e-04 | 11  0.00885 -1.56355e-04 | 12 -0.00424 -1.14446e-04
 13 -0.01494 -1.59319e-04 | 14 -0.01039 -4.04300e-05 | 15 -0.01223 -1.04232e-04
 16 -0.01268 -2.08947e-04 | 17 -0.00747 -1.50382e-04 | 18  0.00434 -1.90425e-04
 19  0.00368 -7.88832e-05 | 20  0.01267 -1.49941e-04 | 21 -0.00993 -1.56323e-04
 22 -0.01525 -5.41220e-05 | 23 -0.00638 -2.52987e-05 | 24 -0.01583  7.64615e-05
 25 -0.02096 -2.17953e-05 | 26  0.01145 -1.20490e-04 | 27  0.00907 -9.70971e-05
 28  0.00399 -8.68262e-05 | 29  0.02155  1.09877e-05 | 30  0.00868  4.55455e-05
 31  0.02067  2.95871e-05 | 32  0.06993  2.13574e-04 | 33  0.03662  1.45617e-04
 34  0.02004  2.32803e-04 | 35  0.03258  1.73313e-04 | 36  0.01365  1.89803e-04
 37  0.04861  4.44420e-04 | 38  0.02444  4.11262e-04 | 39 -0.00048  3.98925e-04
 40 -0.00725  4.00395e-04 | 41 -0.01456  4.38557e-04 | 42 -0.01389  3.19315e-04
 43 -0.00015  4.61478e-04 | 44  0.01275  3.69157e-04 | 45  0.00957  2.62543e-04
 46  0.00987  1.95560e-04 | 47  0.00586  8.70190e-05 | 48  0.01457  3.75663e-05
 49  0.00751 -1.11321e-04 | 50 -0.02439 -1.17114e-04 | 51 -0.02700 -1.29100e-04
 52 -0.02236 -1.44656e-04 | 53 -0.00454 -2.36394e-04 | 54 -0.01239 -2.47162e-04
 55 -0.00005 -3.33637e-04 | 56 -0.03079 -2.39762e-04 | 57 -0.02511 -2.17439e-04
 58 -0.02275 -1.08529e-04 | 59 -0.00300 -3.15239e-04 | 60 -0.00865 -2.57592e-04
 61 -0.01341 -2.18566e-04 | 62 -0.01260 -1.64471e-04 | 63 -0.01216 -1.29311e-04
 64 -0.00729 -1.02132e-04 | 65 -0.01302 -3.51398e-06 | 66 -0.00596  2.58700e-06
 67 -0.00028  5.46287e-05 | 68  0.00000  0.00000e+00 | 69 -0.75232 -1.46721e-02
 70  0.20199  6.49480e-02 | 71  0.10489  1.69666e-01 | 72  0.18514  1.35442e-03
 73  0.08851 -1.65318e-04 | 74  0.05980 -7.56765e-04 | 75  0.17893 -2.32801e-02
 76  0.07109 -3.14809e-02 | 77  0.16329 -9.77288e-03 | 78  0.00113  5.57338e-06
 79 -0.17583 -1.74045e-03 | 80  0.14913 -1.99567e-04 | 81  0.07222  6.44386e-06
 82  0.12692  1.87335e-04 | 83  0.00000 -1.17644e-30 | 84  0.03197 -6.15215e-05
 85 -0.06120  1.70118e-04 | 86 -0.23289  6.86156e-05 | 87  0.10019 -1.30233e-04
 88  0.71326  4.31746e-05 | 89 -0.14853  1.28206e-05 | 90  0.09812  2.44071e-04
 91 -0.65458 -3.60564e-05 |
91 variables; iteration 160; function evaluation 214; phase 4
Function value 2.1698578e+02; maximum gradient component mag -2.0309e+00
Var    Value     Gradient |Var    Value     Gradient |Var    Value     Gradient
  1  0.06208  5.73779e-01 |  2 -0.01119  2.08498e-01 |  3 -0.02116  1.82111e-03
  4 -0.02337  1.90765e-03 |  5 -0.01727  2.45789e-03 |  6 -0.01034  3.24286e-03
  7 -0.01315  2.67878e-03 |  8 -0.00879  2.72446e-03 |  9  0.00786  4.86969e-03
 10  0.00403  4.24555e-03 | 11  0.00885  4.83444e-03 | 12 -0.00424  4.81725e-03
 13 -0.01494  2.37530e-03 | 14 -0.01039  2.47372e-03 | 15 -0.01223  1.56631e-03
 16 -0.01268  2.08906e-03 | 17 -0.00747  1.52948e-03 | 18  0.00435  3.27513e-03
 19  0.00368  2.17199e-03 | 20  0.01267  3.86865e-03 | 21 -0.00993  2.93281e-03
 22 -0.01525  2.21062e-03 | 23 -0.00638  3.23530e-03 | 24 -0.01583  1.75729e-03
 25 -0.02096  2.30950e-03 | 26  0.01145  4.11965e-03 | 27  0.00907  3.66313e-03
 28  0.00399  2.63129e-03 | 29  0.02155  1.52573e-03 | 30  0.00868 -3.23247e-04
 31  0.02067 -7.62526e-04 | 32  0.06992  7.49549e-04 | 33  0.03662 -5.52120e-05
 34  0.02003 -9.47409e-04 | 35  0.03258 -5.95092e-04 | 36  0.01366 -1.40060e-03
 37  0.04861 -2.90849e-03 | 38  0.02444 -2.53694e-03 | 39 -0.00048 -2.43586e-03
 40 -0.00725 -2.39099e-03 | 41 -0.01457 -3.01713e-03 | 42 -0.01388 -2.00939e-03
 43 -0.00015 -3.94524e-03 | 44  0.01275 -2.79837e-03 | 45  0.00957 -3.03540e-03
 46  0.00987 -2.49493e-03 | 47  0.00586 -2.09432e-03 | 48  0.01457 -1.44091e-03
 49  0.00751 -7.17012e-04 | 50 -0.02439 -3.57689e-04 | 51 -0.02700 -1.02900e-04
 52 -0.02236 -3.68301e-04 | 53 -0.00454  1.20600e-04 | 54 -0.01239  3.87158e-04
 55 -0.00005  8.33613e-04 | 56 -0.03079 -7.90833e-04 | 57 -0.02511  1.80752e-04
 58 -0.02275 -5.44434e-04 | 59 -0.00300  4.70979e-04 | 60 -0.00865 -1.04162e-03
 61 -0.01341 -6.87438e-04 | 62 -0.01260 -8.93495e-04 | 63 -0.01216 -1.35953e-03
 64 -0.00729 -1.81944e-03 | 65 -0.01302 -2.48904e-03 | 66 -0.00596 -6.68746e-05
 67 -0.00028 -5.52369e-04 | 68  0.00000  0.00000e+00 | 69 -0.75232  2.03525e-01
 70  0.20199 -7.73704e-01 | 71  0.10483 -2.03093e+00 | 72  0.18514 -2.03811e-02
 73  0.06432  3.80819e-03 | 74  0.05979  1.77730e-02 | 75  0.17894  2.92215e-01
 76  0.07108  4.06579e-01 | 77  0.16329  1.33511e-01 | 78 -0.01697 -8.37577e-05
 79 -0.17583  2.35565e-02 | 80  0.14913 -6.55353e-04 | 81  0.07222 -9.56412e-04
 82  0.12692 -9.58360e-05 | 83  0.00000 -1.17943e-30 | 84  0.03197 -1.12707e-04
 85 -0.06120 -1.55724e-04 | 86 -0.23472 -9.68885e-06 | 87  0.10019  1.64656e-03
 88  0.71326 -2.25509e-04 | 89 -0.14853  9.46086e-05 | 90  0.09811 -2.26407e-03
 91 -0.65459 -5.78450e-04 |
91 variables; iteration 180; function evaluation 238; phase 4
Function value 2.1698577e+02; maximum gradient component mag -8.3267e-01
Var    Value     Gradient |Var    Value     Gradient |Var    Value     Gradient
  1  0.06208  5.35471e-02 |  2 -0.01119 -7.83842e-03 |  3 -0.02116  3.74273e-04
  4 -0.02337  4.94771e-04 |  5 -0.01727  5.94212e-04 |  6 -0.01034  6.33004e-04
  7 -0.01315  7.02552e-04 |  8 -0.00879  7.78926e-04 |  9  0.00786  8.71985e-04
 10  0.00403  9.92753e-04 | 11  0.00885  1.16670e-03 | 12 -0.00425  1.03291e-03
 13 -0.01494 -8.34357e-05 | 14 -0.01039  4.27520e-05 | 15 -0.01223  1.35722e-04
 16 -0.01268 -2.91724e-05 | 17 -0.00747 -7.63927e-06 | 18  0.00434 -2.07540e-05
 19  0.00368  1.13542e-04 | 20  0.01267  4.86918e-04 | 21 -0.00993  3.42012e-04
 22 -0.01525  2.98949e-04 | 23 -0.00638  3.96110e-04 | 24 -0.01583  4.31762e-04
 25 -0.02096  5.47475e-04 | 26  0.01145  1.58217e-03 | 27  0.00907  1.54513e-03
 28  0.00399  9.60249e-04 | 29  0.02155  9.14792e-04 | 30  0.00868  3.49986e-04
 31  0.02067  3.97085e-04 | 32  0.06993  1.30199e-03 | 33  0.03662  5.95271e-04
 34  0.02004  3.72936e-04 | 35  0.03258  5.65670e-04 | 36  0.01365  1.90386e-04
 37  0.04861  1.11353e-03 | 38  0.02444  7.66603e-04 | 39 -0.00048  4.50528e-04
 40 -0.00725  5.58740e-04 | 41 -0.01456  6.10666e-04 | 42 -0.01389  4.96731e-04
 43 -0.00015  5.68826e-04 | 44  0.01275  2.80601e-04 | 45  0.00957  3.05957e-05
 46  0.00987 -7.49423e-05 | 47  0.00586 -1.94810e-04 | 48  0.01457 -2.22756e-04
 49  0.00751 -3.91841e-04 | 50 -0.02439 -7.06136e-04 | 51 -0.02700 -7.35605e-04
 52 -0.02236 -6.55528e-04 | 53 -0.00454 -6.97857e-04 | 54 -0.01239 -8.96356e-04
 55 -0.00005 -8.79947e-04 | 56 -0.03079 -8.78133e-04 | 57 -0.02511 -1.00551e-03
 58 -0.02275 -1.08433e-03 | 59 -0.00300 -1.16160e-03 | 60 -0.00865 -1.07563e-03
 61 -0.01341 -1.08416e-03 | 62 -0.01260 -1.14943e-03 | 63 -0.01216 -1.21491e-03
 64 -0.00729 -1.22171e-03 | 65 -0.01302 -1.16886e-03 | 66 -0.00596 -1.44436e-05
 67 -0.00028  3.51810e-05 | 68  0.00000  0.00000e+00 | 69 -0.75232 -8.33700e-03
 70  0.20199 -3.17794e-01 | 71  0.10478 -8.32666e-01 | 72  0.18514 -8.30549e-03
 73  0.02564  8.55434e-04 | 74  0.05980  4.83606e-03 | 75  0.17893 -5.86272e-03
 76  0.07109 -1.02793e-02 | 77  0.16329 -5.24457e-03 | 78  0.01385  6.82212e-05
 79 -0.17583 -8.61745e-04 | 80  0.14913  7.22321e-05 | 81  0.07222  1.42397e-04
 82  0.12692  1.15968e-04 | 83  0.00000 -1.17602e-30 | 84  0.03197 -7.52576e-06
 85 -0.06120  1.08799e-04 | 86 -0.23454 -2.00841e-06 | 87  0.10019 -2.57864e-04
 88  0.71326  4.63726e-05 | 89 -0.14853  7.97954e-05 | 90  0.09812  2.35931e-04
 91 -0.65458  3.70617e-05 |
91 variables; iteration 200; function evaluation 261; phase 4
Function value 2.1698577e+02; maximum gradient component mag -1.1910e-01
Var    Value     Gradient |Var    Value     Gradient |Var    Value     Gradient
  1  0.06208  1.58420e-02 |  2 -0.01119  5.36071e-03 |  3 -0.02116  3.71738e-05
  4 -0.02337  3.78326e-05 |  5 -0.01727  5.13285e-05 |  6 -0.01034  7.37429e-05
  7 -0.01315  6.12677e-05 |  8 -0.00879  6.62619e-05 |  9  0.00786  1.04324e-04
 10  0.00403  8.93882e-05 | 11  0.00885  1.08377e-04 | 12 -0.00424  1.25274e-04
 13 -0.01494  2.80069e-05 | 14 -0.01039  3.37797e-05 | 15 -0.01223  5.69712e-06
 16 -0.01268  1.81537e-05 | 17 -0.00747  1.55245e-05 | 18  0.00434  5.43307e-05
 19  0.00368  5.31080e-05 | 20  0.01267  8.66999e-05 | 21 -0.00993  5.69676e-05
 22 -0.01525  3.18117e-05 | 23 -0.00638  4.36175e-05 | 24 -0.01583  2.56093e-05
 25 -0.02096  4.49277e-05 | 26  0.01145  1.03407e-04 | 27  0.00907  1.10591e-04
 28  0.00399  8.33370e-05 | 29  0.02155  6.50581e-05 | 30  0.00868  1.14693e-05
 31  0.02067 -9.34908e-06 | 32  0.06993  7.60885e-05 | 33  0.03662  3.93378e-05
 34  0.02004  1.20744e-05 | 35  0.03258  2.46191e-05 | 36  0.01365 -1.02551e-05
 37  0.04861  2.07460e-05 | 38  0.02444  1.76295e-05 | 39 -0.00048  1.75593e-05
 40 -0.00725  1.15191e-05 | 41 -0.01456 -1.43913e-05 | 42 -0.01389 -1.17604e-05
 43 -0.00015 -3.15929e-05 | 44  0.01275  1.87592e-06 | 45  0.00957 -1.83594e-05
 46  0.00987 -2.69375e-05 | 47  0.00586 -4.14459e-05 | 48  0.01457 -3.24723e-05
 49  0.00751 -1.98417e-05 | 50 -0.02439 -1.41353e-05 | 51 -0.02700 -1.81988e-05
 52 -0.02236 -4.49336e-05 | 53 -0.00454 -4.26372e-05 | 54 -0.01239 -3.80921e-05
 55 -0.00005 -3.49203e-05 | 56 -0.03079 -6.13135e-05 | 57 -0.02511 -3.57938e-05
 58 -0.02275 -4.13177e-05 | 59 -0.00300 -4.96797e-05 | 60 -0.00865 -7.93967e-05
 61 -0.01341 -7.59998e-05 | 62 -0.01260 -6.55752e-05 | 63 -0.01216 -6.48213e-05
 64 -0.00729 -7.53343e-05 | 65 -0.01302 -8.04550e-05 | 66 -0.00596 -5.70755e-07
 67 -0.00028 -7.37850e-06 | 68  0.00000  0.00000e+00 | 69 -0.75232  5.24779e-03
 70  0.20199 -4.58751e-02 | 71  0.10477 -1.19100e-01 | 72  0.18514 -3.58550e-04
 73  0.00318  9.07103e-05 | 74  0.05980  3.99261e-04 | 75  0.17893  9.09689e-03
 76  0.07109  1.20763e-02 | 77  0.16329  3.30977e-03 | 78 -0.00089 -4.40421e-06
 79 -0.17583  6.25014e-04 | 80  0.14913  1.33446e-04 | 81  0.07222 -1.38132e-06
 82  0.12692 -2.61197e-04 | 83  0.00000 -1.17646e-30 | 84  0.03197  3.08241e-05
 85 -0.06120  1.74899e-05 | 86 -0.23447  8.56720e-07 | 87  0.10019  9.70522e-06
 88  0.71326 -6.11000e-06 | 89 -0.14853 -2.45289e-06 | 90  0.09812 -2.15270e-05
 91 -0.65458 -1.78078e-05 |
  ic > imax  in fminim is answer attained ?
Var    Value     Gradient |Var    Value     Gradient |Var    Value     Gradient
  1  0.06208 -5.26281e-05 |  2 -0.01119  1.40466e-05 |  3 -0.02116 -2.60888e-07
  4 -0.02337 -3.98819e-07 |  5 -0.01727 -2.24771e-07 |  6 -0.01034  3.35641e-07
  7 -0.01315 -6.20794e-08 |  8 -0.00879 -1.91604e-07 |  9  0.00786  1.06142e-06
 10  0.00403  1.95706e-07 | 11  0.00885  3.04398e-07 | 12 -0.00424  8.64230e-07
 13 -0.01494  2.16619e-06 | 14 -0.01039  1.72311e-06 | 15 -0.01223  7.33613e-07
 16 -0.01268  1.63503e-06 | 17 -0.00747  1.34780e-06 | 18  0.00434  2.46475e-06
 19  0.00368  1.71260e-06 | 20  0.01267  1.66741e-06 | 21 -0.00993  1.45803e-06
 22 -0.01525  9.72900e-07 | 23 -0.00638  1.03304e-06 | 24 -0.01583 -2.31408e-07
 25 -0.02096 -7.36605e-08 | 26  0.01145 -1.78204e-06 | 27  0.00907 -1.85601e-06
 28  0.00399 -9.63500e-07 | 29  0.02155 -1.64473e-06 | 30  0.00868 -1.03405e-06
 31  0.02067 -1.82176e-06 | 32  0.06993 -3.26804e-06 | 33  0.03662 -1.66322e-06
 34  0.02004 -1.84408e-06 | 35  0.03258 -2.31793e-06 | 36  0.01365 -1.96310e-06
 37  0.04861 -5.21105e-06 | 38  0.02444 -4.03053e-06 | 39 -0.00048 -2.82815e-06
 40 -0.00725 -3.16668e-06 | 41 -0.01456 -3.52971e-06 | 42 -0.01389 -3.11216e-06
 43 -0.00015 -4.04858e-06 | 44  0.01275 -2.59661e-06 | 45  0.00957 -2.04833e-06
 46  0.00987 -1.46506e-06 | 47  0.00586 -7.81856e-07 | 48  0.01457 -2.92478e-07
 49  0.00751  1.01057e-06 | 50 -0.02439  2.09852e-06 | 51 -0.02700  2.17765e-06
 52 -0.02236  1.34333e-06 | 53 -0.00454  2.03226e-06 | 54 -0.01239  2.96049e-06
 55 -0.00005  3.20775e-06 | 56 -0.03079  2.22232e-06 | 57 -0.02511  3.10634e-06
 58 -0.02275  3.22482e-06 | 59 -0.00300  3.68681e-06 | 60 -0.00865  2.52088e-06
 61 -0.01341  2.26365e-06 | 62 -0.01260  2.52104e-06 | 63 -0.01216  2.57121e-06
 64 -0.00729  2.08861e-06 | 65 -0.01302  1.71935e-06 | 66 -0.00596  3.18403e-08
 67 -0.00028 -2.63714e-07 | 68  0.00000  0.00000e+00 | 69 -0.75232  1.46800e-05
 70  0.20199 -4.51808e-04 | 71  0.10477 -1.15688e-03 | 72  0.18514  1.16927e-05
 73 -0.00007  6.94445e-07 | 74  0.05980  2.52200e-07 | 75  0.17893  1.65767e-05
 76  0.07109  2.15902e-05 | 77  0.16329  1.82693e-06 | 78 -0.00000 -3.19956e-09
 79 -0.17583  1.87977e-06 | 80  0.14913  4.79102e-06 | 81  0.07222 -2.36242e-07
 82  0.12692 -1.06770e-05 | 83  0.00000 -1.17646e-30 | 84  0.03197  7.98587e-07
 85 -0.06120 -4.67423e-07 | 86 -0.23449  2.70592e-08 | 87  0.10019  2.01677e-06
 88  0.71326 -2.73269e-07 | 89 -0.14853 -2.60457e-07 | 90  0.09812 -2.33002e-06
 91 -0.65458 -4.29636e-08 |
Function minimizer not making progress ... is minimum attained?
Minimprove criterion = 0.0000e+00

 - final statistics:
91 variables; iteration 217; function evaluation 307
Function value 2.1699e+02; maximum gradient component mag -1.1569e-03
Exit code = 1;  converg criter 1.0000e-04
Var    Value     Gradient |Var    Value     Gradient |Var    Value     Gradient
  1  0.06208 -5.26281e-05 |  2 -0.01119  1.40466e-05 |  3 -0.02116 -2.60888e-07
  4 -0.02337 -3.98819e-07 |  5 -0.01727 -2.24771e-07 |  6 -0.01034  3.35641e-07
  7 -0.01315 -6.20794e-08 |  8 -0.00879 -1.91604e-07 |  9  0.00786  1.06142e-06
 10  0.00403  1.95706e-07 | 11  0.00885  3.04398e-07 | 12 -0.00424  8.64230e-07
 13 -0.01494  2.16619e-06 | 14 -0.01039  1.72311e-06 | 15 -0.01223  7.33613e-07
 16 -0.01268  1.63503e-06 | 17 -0.00747  1.34780e-06 | 18  0.00434  2.46475e-06
 19  0.00368  1.71260e-06 | 20  0.01267  1.66741e-06 | 21 -0.00993  1.45803e-06
 22 -0.01525  9.72900e-07 | 23 -0.00638  1.03304e-06 | 24 -0.01583 -2.31408e-07
 25 -0.02096 -7.36605e-08 | 26  0.01145 -1.78204e-06 | 27  0.00907 -1.85601e-06
 28  0.00399 -9.63500e-07 | 29  0.02155 -1.64473e-06 | 30  0.00868 -1.03405e-06
 31  0.02067 -1.82176e-06 | 32  0.06993 -3.26804e-06 | 33  0.03662 -1.66322e-06
 34  0.02004 -1.84408e-06 | 35  0.03258 -2.31793e-06 | 36  0.01365 -1.96310e-06
 37  0.04861 -5.21105e-06 | 38  0.02444 -4.03053e-06 | 39 -0.00048 -2.82815e-06
 40 -0.00725 -3.16668e-06 | 41 -0.01456 -3.52971e-06 | 42 -0.01389 -3.11216e-06
 43 -0.00015 -4.04858e-06 | 44  0.01275 -2.59661e-06 | 45  0.00957 -2.04833e-06
 46  0.00987 -1.46506e-06 | 47  0.00586 -7.81856e-07 | 48  0.01457 -2.92478e-07
 49  0.00751  1.01057e-06 | 50 -0.02439  2.09852e-06 | 51 -0.02700  2.17765e-06
 52 -0.02236  1.34333e-06 | 53 -0.00454  2.03226e-06 | 54 -0.01239  2.96049e-06
 55 -0.00005  3.20775e-06 | 56 -0.03079  2.22232e-06 | 57 -0.02511  3.10634e-06
 58 -0.02275  3.22482e-06 | 59 -0.00300  3.68681e-06 | 60 -0.00865  2.52088e-06
 61 -0.01341  2.26365e-06 | 62 -0.01260  2.52104e-06 | 63 -0.01216  2.57121e-06
 64 -0.00729  2.08861e-06 | 65 -0.01302  1.71935e-06 | 66 -0.00596  3.18403e-08
 67 -0.00028 -2.63714e-07 | 68  0.00000  0.00000e+00 | 69 -0.75232  1.46800e-05
 70  0.20199 -4.51808e-04 | 71  0.10477 -1.15688e-03 | 72  0.18514  1.16927e-05
 73 -0.00007  6.94445e-07 | 74  0.05980  2.52200e-07 | 75  0.17893  1.65767e-05
 76  0.07109  2.15902e-05 | 77  0.16329  1.82693e-06 | 78 -0.00000 -3.19956e-09
 79 -0.17583  1.87977e-06 | 80  0.14913  4.79102e-06 | 81  0.07222 -2.36242e-07
 82  0.12692 -1.06770e-05 | 83  0.00000 -1.17646e-30 | 84  0.03197  7.98587e-07
 85 -0.06120 -4.67423e-07 | 86 -0.23449  2.70592e-08 | 87  0.10019  2.01677e-06
 88  0.71326 -2.73269e-07 | 89 -0.14853 -2.60457e-07 | 90  0.09812 -2.33002e-06
 91 -0.65458 -4.29636e-08 |
size of file gradfil1.tmp = 0
size of file gradfil2.tmp = 0
size of file varssave.tmp = 0
size of file cmpdiff.tmp = 0
